#Console Printf about side
#       Code Memory this...
#       WriteTime about (s)35
#
#Endl
[20:45:23] [NewConsole/Info] [Client Run/Thread] 加载启动
[20:45:24] [NewConsole/Info] [Client Run/Thread] [Memory] 成功创建分配
[20:45:24] [NewConsole/Warn] [Client Run/Thread] [Menory] About creat memory
name LoadSmPro
Bytes(MB) 1024
[20:45:24] [NewConsole/Info] [Client Run/Thread] [Memory] 正在解析数据...请稍后
[20:45:24] [NewConsole/Info] [Client Run/Thread] [LC] 标签解析完毕，正在传递给内存中...
[20:45:25] [NewConsole/Info] [Client Run/Thread] 成功
[20:45:29] [NewConsole/Warn] [Client Run/Thread] 创建From大小为 x:800 y:600
[20:45:29] [NewConsole/Warn] [Client Run/Thread] 使用这个语言在加载时或完毕时 zh-cn
[20:45:29] [NewConsole/Warn] [Client Run/Thread] 是否放大在加载窗体True
[20:45:30] [NewConsole/Warn] [Client Run/Thread]  [MakeArg] path mo to extr/mo
[20:45:30] [NewConsole/Warn] [Client Run/Thread]  [MakeArg] path sr to extr/sr
[20:45:30] [NewConsole/Warn] [Client Run/Thread]  [MakeArg] path cmd to extr/cmd
[20:45:30] [NewConsole/Warn] [Client Run/Thread]  [MakeArg] path cw to extr/cw
[20:45:30] [NewConsole/Warn] [Client Run/Thread]  [MakeArg] path client/HPC to extr/client/HPC
[20:45:30] [NewConsole/Warn] [Client Run/Thread]  [MakeArg] path server/SPC to extr/server/SPC
[20:45:30] [NewConsole/Warn] [Client Run/Thread]  [MakeArg] path cw to extr/cw
[20:45:31] [NewConsole/Info] [Client Run/Thread] load[
[20:45:31] [NewConsole/Info] [Client Run/Thread] [System plug-in unit] The package extr/mo is sucess load to return 0 at load
[20:45:31] [NewConsole/Info] [Client Run/Thread] [System plug-in unit] The package extr/sr is sucess load to return 0 at load
[20:45:31] [NewConsole/Info] [Client Run/Thread] [System plug-in unit] The package extr/cmd is sucess load to return 0 at load
[20:45:31] [NewConsole/Info] [Client Run/Thread] [System plug-in unit] The package extr/cw is sucess load to return 0 at load
[20:45:31] [NewConsole/Info] [Client Run/Thread] [System plug-in unit] The package extr/client/HPC is sucess load to return 0 at load
[20:45:31] [NewConsole/Info] [Client Run/Thread] [System plug-in unit] The package extr/server/SPC is sucess load to return 0 at load
[20:45:31] [NewConsole/Info] [Client Run/Thread] [System plug-in unit] The package SystemCmdExtr/Shell is sucess load to return 0 at load
[20:45:31] [NewConsole/Info] [Client Run/Thread] ] * load
[20:45:31] [NewConsole/Info] [Client Run/Thread] load[
[20:45:31] [NewConsole/Info] [Client Run/Thread] [System plug-in unit] The package SystemCmdExtr/Helper is sucess load to return 0 at load
[20:45:31] [NewConsole/Info] [Client Run/Thread] [System plug-in unit] The package SystemCmdExtr/LoadRun is sucess load to return 0 at load
[20:45:31] [NewConsole/Info] [Client Run/Thread] [System plug-in unit] The package extr/cw is sucess load to return 0 at load
[20:45:31] [NewConsole/Info] [Client Run/Thread] ] * load
[20:45:31] [NewConsole/Info] [Client Run/Thread] 启动窗体，加载程序
[20:45:32] [NewConsole/Info] [Client Run/Thread] loading[
[20:45:33] [NewConsole/Info] [Client Run/Thread] [System plug-in unit] The package extr/mo is sucess load to return 0 at loading
[20:45:33] [NewConsole/Info] [Client Run/Thread] [System plug-in unit] The package extr/sr is sucess load to return 0 at loading
[20:45:33] [NewConsole/Info] [Client Run/Thread] [System plug-in unit] The package extr/cmd is sucess load to return 0 at loading
[20:45:33] [NewConsole/Info] [Client Run/Thread] [System plug-in unit] The package extr/cw is sucess load to return 0 at loading
[20:45:33] [NewConsole/Info] [Client Run/Thread] [System plug-in unit] The package extr/client/HPC is sucess load to return 0 at loading
[20:45:33] [NewConsole/Info] [Client Run/Thread] [System plug-in unit] The package extr/server/SPC is sucess load to return 0 at loading
[20:45:33] [NewConsole/Info] [Client Run/Thread] [System plug-in unit] The package SystemCmdExtr/Shell is sucess load to return 0 at loading
[20:45:33] [NewConsole/Info] [Client Run/Thread] ] * loading
[20:45:35] [NewConsole/Info] [/Thread] [System plug-in unit] The package extr/cmd is sucess load to return 0 at getcmd
[20:45:35] [NewConsole/Info] [/Thread] [System plug-in unit] The package extr/cw is sucess load to return 0 at getcmd
[20:45:35] [NewConsole/Info] [/Thread] [System plug-in unit] The package extr/client/HPC is sucess load to return 0 at getcmd
[20:45:35] [NewConsole/Info] [/Thread] [System plug-in unit] The package extr/server/SPC is sucess load to return 0 at getcmd
[20:45:35] [NewConsole/Info] [/Thread] [System plug-in unit] The package SystemCmdExtr/Shell is sucess load to return 0 at getcmd
[20:45:35] [NewConsole/Info] [/Thread] [System plug-in unit] The package extr/cmd is sucess load to return 0 at runload

[20:45:48] [NewConsole/Info] [/Thread] [System plug-in unit] The package extr/cmd is sucess load to return 0 at run




[20:46:36] [NewConsole/Info] [/Thread] [System plug-in unit] The package extr/cmd is sucess load to return 0 at run


[20:47:9] [NewConsole/Info] [Main Window System/Thread] close[
[20:47:9] [NewConsole/Info] [Main Window System/Thread] [System plug-in unit] The package extr/mo is sucess load to return 0 at close
[20:47:9] [NewConsole/Info] [Main Window System/Thread] [System plug-in unit] The package extr/sr is sucess load to return 0 at close
[20:47:9] [NewConsole/Info] [Main Window System/Thread] [System plug-in unit] The package extr/cmd is sucess load to return 0 at close
[20:47:9] [NewConsole/Info] [Main Window System/Thread] [System plug-in unit] The package extr/cw is sucess load to return 0 at close
[20:47:9] [NewConsole/Info] [Main Window System/Thread] [System plug-in unit] The package extr/client/HPC is sucess load to return 0 at close
[20:47:9] [NewConsole/Info] [Main Window System/Thread] [System plug-in unit] The package extr/server/SPC is sucess load to return 0 at close
[20:47:9] [NewConsole/Info] [Main Window System/Thread] [System plug-in unit] The package SystemCmdExtr/Shell is sucess load to return 0 at close
[20:47:9] [NewConsole/Info] [Main Window System/Thread] ] * close

[20:48:8] [NewConsole/Info] [Client Run/Thread] 加载启动
[20:48:9] [NewConsole/Info] [Client Run/Thread] [Memory] 成功创建分配
[20:48:9] [NewConsole/Warn] [Client Run/Thread] [Menory] About creat memory
name LoadSmPro
Bytes(MB) 1024
[20:48:9] [NewConsole/Info] [Client Run/Thread] [Memory] 正在解析数据...请稍后
[20:48:9] [NewConsole/Info] [Client Run/Thread] [LC] 标签解析完毕，正在传递给内存中...
[20:48:9] [NewConsole/Info] [Client Run/Thread] 成功
[20:48:12] [NewConsole/Warn] [Client Run/Thread] 创建From大小为 x:800 y:600
[20:48:12] [NewConsole/Warn] [Client Run/Thread] 使用这个语言在加载时或完毕时 zh-cn
[20:48:12] [NewConsole/Warn] [Client Run/Thread] 是否放大在加载窗体True
[20:48:12] [NewConsole/Warn] [Client Run/Thread]  [MakeArg] path mo to extr/mo
[20:48:12] [NewConsole/Warn] [Client Run/Thread]  [MakeArg] path sr to extr/sr
[20:48:12] [NewConsole/Warn] [Client Run/Thread]  [MakeArg] path cmd to extr/cmd
[20:48:12] [NewConsole/Warn] [Client Run/Thread]  [MakeArg] path cw to extr/cw
[20:48:12] [NewConsole/Warn] [Client Run/Thread]  [MakeArg] path client/HPC to extr/client/HPC
[20:48:12] [NewConsole/Warn] [Client Run/Thread]  [MakeArg] path server/SPC to extr/server/SPC
[20:48:12] [NewConsole/Warn] [Client Run/Thread]  [MakeArg] path cw to extr/cw
[20:48:13] [NewConsole/Info] [Client Run/Thread] load[
[20:48:13] [NewConsole/Info] [Client Run/Thread] [System plug-in unit] The package extr/mo is sucess load to return 0 at load
[20:48:13] [NewConsole/Info] [Client Run/Thread] [System plug-in unit] The package extr/sr is sucess load to return 0 at load
[20:48:13] [NewConsole/Info] [Client Run/Thread] [System plug-in unit] The package extr/cmd is sucess load to return 0 at load
[20:48:13] [NewConsole/Info] [Client Run/Thread] [System plug-in unit] The package extr/cw is sucess load to return 0 at load
[20:48:13] [NewConsole/Info] [Client Run/Thread] [System plug-in unit] The package extr/client/HPC is sucess load to return 0 at load
[20:48:13] [NewConsole/Info] [Client Run/Thread] [System plug-in unit] The package extr/server/SPC is sucess load to return 0 at load
[20:48:13] [NewConsole/Info] [Client Run/Thread] [System plug-in unit] The package SystemCmdExtr/Shell is sucess load to return 0 at load
[20:48:13] [NewConsole/Info] [Client Run/Thread] ] * load
[20:48:13] [NewConsole/Info] [Client Run/Thread] load[
[20:48:13] [NewConsole/Info] [Client Run/Thread] [System plug-in unit] The package SystemCmdExtr/Helper is sucess load to return 0 at load
[20:48:13] [NewConsole/Info] [Client Run/Thread] [System plug-in unit] The package SystemCmdExtr/LoadRun is sucess load to return 0 at load
[20:48:13] [NewConsole/Info] [Client Run/Thread] [System plug-in unit] The package extr/cw is sucess load to return 0 at load
[20:48:13] [NewConsole/Info] [Client Run/Thread] ] * load
[20:48:13] [NewConsole/Info] [Client Run/Thread] 启动窗体，加载程序
[20:48:14] [NewConsole/Info] [Client Run/Thread] loading[
[20:48:14] [NewConsole/Info] [Client Run/Thread] [System plug-in unit] The package extr/mo is sucess load to return 0 at loading
[20:48:14] [NewConsole/Info] [Client Run/Thread] [System plug-in unit] The package extr/sr is sucess load to return 0 at loading
[20:48:14] [NewConsole/Info] [Client Run/Thread] [System plug-in unit] The package extr/cmd is sucess load to return 0 at loading
[20:48:14] [NewConsole/Info] [Client Run/Thread] [System plug-in unit] The package extr/cw is sucess load to return 0 at loading
[20:48:14] [NewConsole/Info] [Client Run/Thread] [System plug-in unit] The package extr/client/HPC is sucess load to return 0 at loading
[20:48:14] [NewConsole/Info] [Client Run/Thread] [System plug-in unit] The package extr/server/SPC is sucess load to return 0 at loading
[20:48:14] [NewConsole/Info] [Client Run/Thread] [System plug-in unit] The package SystemCmdExtr/Shell is sucess load to return 0 at loading
[20:48:14] [NewConsole/Info] [Client Run/Thread] ] * loading
[20:48:15] [NewConsole/Info] [/Thread] [System plug-in unit] The package extr/cmd is sucess load to return 0 at getcmd
[20:48:15] [NewConsole/Info] [/Thread] [System plug-in unit] The package extr/cw is sucess load to return 0 at getcmd
[20:48:15] [NewConsole/Info] [/Thread] [System plug-in unit] The package extr/client/HPC is sucess load to return 0 at getcmd
[20:48:15] [NewConsole/Info] [/Thread] [System plug-in unit] The package extr/server/SPC is sucess load to return 0 at getcmd
[20:48:15] [NewConsole/Info] [/Thread] [System plug-in unit] The package SystemCmdExtr/Shell is sucess load to return 0 at getcmd
[20:48:15] [NewConsole/Info] [/Thread] [System plug-in unit] The package extr/cmd is sucess load to return 0 at runload

[20:48:28] [NewConsole/Info] [/Thread] [System plug-in unit] The package extr/cmd is sucess load to return 0 at run






[20:49:40] [NewConsole/Info] [Main Window System/Thread] close[
[20:49:40] [NewConsole/Info] [Main Window System/Thread] [System plug-in unit] The package extr/mo is sucess load to return 0 at close
[20:49:40] [NewConsole/Info] [Main Window System/Thread] [System plug-in unit] The package extr/sr is sucess load to return 0 at close
[20:49:40] [NewConsole/Info] [Main Window System/Thread] [System plug-in unit] The package extr/cmd is sucess load to return 0 at close
[20:49:40] [NewConsole/Info] [Main Window System/Thread] [System plug-in unit] The package extr/cw is sucess load to return 0 at close
[20:49:40] [NewConsole/Info] [Main Window System/Thread] [System plug-in unit] The package extr/client/HPC is sucess load to return 0 at close
[20:49:40] [NewConsole/Info] [Main Window System/Thread] [System plug-in unit] The package extr/server/SPC is sucess load to return 0 at close
[20:49:40] [NewConsole/Info] [Main Window System/Thread] [System plug-in unit] The package SystemCmdExtr/Shell is sucess load to return 0 at close
[20:49:40] [NewConsole/Info] [Main Window System/Thread] ] * close

[20:51:14] [NewConsole/Info] [Client Run/Thread] 加载启动
[20:51:14] [NewConsole/Info] [Client Run/Thread] [Memory] 成功创建分配
[20:51:14] [NewConsole/Warn] [Client Run/Thread] [Menory] About creat memory
name LoadSmPro
Bytes(MB) 1024
[20:51:14] [NewConsole/Info] [Client Run/Thread] [Memory] 正在解析数据...请稍后
[20:51:14] [NewConsole/Info] [Client Run/Thread] [LC] 标签解析完毕，正在传递给内存中...
[20:51:14] [NewConsole/Info] [Client Run/Thread] 成功
[20:51:18] [NewConsole/Warn] [Client Run/Thread] 创建From大小为 x:800 y:600
[20:51:18] [NewConsole/Warn] [Client Run/Thread] 使用这个语言在加载时或完毕时 zh-cn
[20:51:18] [NewConsole/Warn] [Client Run/Thread] 是否放大在加载窗体True
[20:51:18] [NewConsole/Warn] [Client Run/Thread]  [MakeArg] path mo to extr/mo
[20:51:18] [NewConsole/Warn] [Client Run/Thread]  [MakeArg] path sr to extr/sr
[20:51:18] [NewConsole/Warn] [Client Run/Thread]  [MakeArg] path cmd to extr/cmd
[20:51:18] [NewConsole/Warn] [Client Run/Thread]  [MakeArg] path cw to extr/cw
[20:51:18] [NewConsole/Warn] [Client Run/Thread]  [MakeArg] path client/HPC to extr/client/HPC
[20:51:18] [NewConsole/Warn] [Client Run/Thread]  [MakeArg] path server/SPC to extr/server/SPC
[20:51:18] [NewConsole/Warn] [Client Run/Thread]  [MakeArg] path cw to extr/cw
[20:51:19] [NewConsole/Info] [Client Run/Thread] load[
[20:51:19] [NewConsole/Info] [Client Run/Thread] [System plug-in unit] The package extr/mo is sucess load to return 0 at load
[20:51:19] [NewConsole/Info] [Client Run/Thread] [System plug-in unit] The package extr/sr is sucess load to return 0 at load
[20:51:19] [NewConsole/Info] [Client Run/Thread] [System plug-in unit] The package extr/cmd is sucess load to return 0 at load
[20:51:19] [NewConsole/Info] [Client Run/Thread] [System plug-in unit] The package extr/cw is sucess load to return 0 at load
[20:51:19] [NewConsole/Info] [Client Run/Thread] [System plug-in unit] The package extr/client/HPC is sucess load to return 0 at load
[20:51:19] [NewConsole/Info] [Client Run/Thread] [System plug-in unit] The package extr/server/SPC is sucess load to return 0 at load
[20:51:19] [NewConsole/Info] [Client Run/Thread] [System plug-in unit] The package SystemCmdExtr/Shell is sucess load to return 0 at load
[20:51:19] [NewConsole/Info] [Client Run/Thread] ] * load
[20:51:19] [NewConsole/Info] [Client Run/Thread] load[
[20:51:19] [NewConsole/Info] [Client Run/Thread] [System plug-in unit] The package SystemCmdExtr/Helper is sucess load to return 0 at load
[20:51:19] [NewConsole/Info] [Client Run/Thread] [System plug-in unit] The package SystemCmdExtr/LoadRun is sucess load to return 0 at load
[20:51:19] [NewConsole/Info] [Client Run/Thread] [System plug-in unit] The package extr/cw is sucess load to return 0 at load
[20:51:19] [NewConsole/Info] [Client Run/Thread] ] * load
[20:51:19] [NewConsole/Info] [Client Run/Thread] 启动窗体，加载程序
[20:51:20] [NewConsole/Info] [Client Run/Thread] loading[
[20:51:20] [NewConsole/Info] [Client Run/Thread] [System plug-in unit] The package extr/mo is sucess load to return 0 at loading
[20:51:20] [NewConsole/Info] [Client Run/Thread] [System plug-in unit] The package extr/sr is sucess load to return 0 at loading
[20:51:20] [NewConsole/Info] [Client Run/Thread] [System plug-in unit] The package extr/cmd is sucess load to return 0 at loading
[20:51:20] [NewConsole/Info] [Client Run/Thread] [System plug-in unit] The package extr/cw is sucess load to return 0 at loading
[20:51:20] [NewConsole/Info] [Client Run/Thread] [System plug-in unit] The package extr/client/HPC is sucess load to return 0 at loading
[20:51:20] [NewConsole/Info] [Client Run/Thread] [System plug-in unit] The package extr/server/SPC is sucess load to return 0 at loading
[20:51:20] [NewConsole/Info] [Client Run/Thread] [System plug-in unit] The package SystemCmdExtr/Shell is sucess load to return 0 at loading
[20:51:20] [NewConsole/Info] [Client Run/Thread] ] * loading
[20:51:21] [NewConsole/Info] [/Thread] [System plug-in unit] The package extr/cmd is sucess load to return 0 at getcmd
[20:51:21] [NewConsole/Info] [/Thread] [System plug-in unit] The package extr/cw is sucess load to return 0 at getcmd
[20:51:21] [NewConsole/Info] [/Thread] [System plug-in unit] The package extr/client/HPC is sucess load to return 0 at getcmd
[20:51:21] [NewConsole/Info] [/Thread] [System plug-in unit] The package extr/server/SPC is sucess load to return 0 at getcmd
[20:51:21] [NewConsole/Info] [/Thread] [System plug-in unit] The package SystemCmdExtr/Shell is sucess load to return 0 at getcmd
[20:51:21] [NewConsole/Info] [/Thread] [System plug-in unit] The package extr/cmd is sucess load to return 0 at runload

[20:51:29] [NewConsole/Info] [/Thread] [System plug-in unit] The package extr/cmd is sucess load to return 0 at run

[20:51:44] [NewConsole/Info] [Main Window System/Thread] close[
[20:51:44] [NewConsole/Info] [Main Window System/Thread] [System plug-in unit] The package extr/mo is sucess load to return 0 at close
[20:51:44] [NewConsole/Info] [Main Window System/Thread] [System plug-in unit] The package extr/sr is sucess load to return 0 at close
[20:51:44] [NewConsole/Info] [Main Window System/Thread] [System plug-in unit] The package extr/cmd is sucess load to return 0 at close
[20:51:44] [NewConsole/Info] [Main Window System/Thread] [System plug-in unit] The package extr/cw is sucess load to return 0 at close
[20:51:44] [NewConsole/Info] [Main Window System/Thread] [System plug-in unit] The package extr/client/HPC is sucess load to return 0 at close
[20:51:44] [NewConsole/Info] [Main Window System/Thread] [System plug-in unit] The package extr/server/SPC is sucess load to return 0 at close
[20:51:44] [NewConsole/Info] [Main Window System/Thread] [System plug-in unit] The package SystemCmdExtr/Shell is sucess load to return 0 at close
[20:51:44] [NewConsole/Info] [Main Window System/Thread] ] * close

[20:52:42] [NewConsole/Info] [Client Run/Thread] 加载启动
[20:52:42] [NewConsole/Info] [Client Run/Thread] [Memory] 成功创建分配
[20:52:42] [NewConsole/Warn] [Client Run/Thread] [Menory] About creat memory
name LoadSmPro
Bytes(MB) 1024
[20:52:42] [NewConsole/Info] [Client Run/Thread] [Memory] 正在解析数据...请稍后
[20:52:42] [NewConsole/Info] [Client Run/Thread] [LC] 标签解析完毕，正在传递给内存中...
[20:52:42] [NewConsole/Info] [Client Run/Thread] 成功
[20:52:45] [NewConsole/Warn] [Client Run/Thread] 创建From大小为 x:800 y:600
[20:52:45] [NewConsole/Warn] [Client Run/Thread] 使用这个语言在加载时或完毕时 zh-cn
[20:52:45] [NewConsole/Warn] [Client Run/Thread] 是否放大在加载窗体True
[20:52:46] [NewConsole/Warn] [Client Run/Thread]  [MakeArg] path mo to extr/mo
[20:52:46] [NewConsole/Warn] [Client Run/Thread]  [MakeArg] path sr to extr/sr
[20:52:46] [NewConsole/Warn] [Client Run/Thread]  [MakeArg] path cmd to extr/cmd
[20:52:46] [NewConsole/Warn] [Client Run/Thread]  [MakeArg] path cw to extr/cw
[20:52:46] [NewConsole/Warn] [Client Run/Thread]  [MakeArg] path client/HPC to extr/client/HPC
[20:52:46] [NewConsole/Warn] [Client Run/Thread]  [MakeArg] path server/SPC to extr/server/SPC
[20:52:46] [NewConsole/Warn] [Client Run/Thread]  [MakeArg] path cw to extr/cw
[20:52:47] [NewConsole/Info] [Client Run/Thread] load[
[20:52:47] [NewConsole/Info] [Client Run/Thread] [System plug-in unit] The package extr/mo is sucess load to return 0 at load
[20:52:47] [NewConsole/Info] [Client Run/Thread] [System plug-in unit] The package extr/sr is sucess load to return 0 at load
[20:52:47] [NewConsole/Info] [Client Run/Thread] [System plug-in unit] The package extr/cmd is sucess load to return 0 at load
[20:52:47] [NewConsole/Info] [Client Run/Thread] [System plug-in unit] The package extr/cw is sucess load to return 0 at load
[20:52:47] [NewConsole/Info] [Client Run/Thread] [System plug-in unit] The package extr/client/HPC is sucess load to return 0 at load
[20:52:47] [NewConsole/Info] [Client Run/Thread] [System plug-in unit] The package extr/server/SPC is sucess load to return 0 at load
[20:52:47] [NewConsole/Info] [Client Run/Thread] [System plug-in unit] The package SystemCmdExtr/Shell is sucess load to return 0 at load
[20:52:47] [NewConsole/Info] [Client Run/Thread] ] * load
[20:52:47] [NewConsole/Info] [Client Run/Thread] load[
[20:52:47] [NewConsole/Info] [Client Run/Thread] [System plug-in unit] The package SystemCmdExtr/Helper is sucess load to return 0 at load
[20:52:47] [NewConsole/Info] [Client Run/Thread] [System plug-in unit] The package SystemCmdExtr/LoadRun is sucess load to return 0 at load
[20:52:47] [NewConsole/Info] [Client Run/Thread] [System plug-in unit] The package extr/cw is sucess load to return 0 at load
[20:52:47] [NewConsole/Info] [Client Run/Thread] ] * load
[20:52:47] [NewConsole/Info] [Client Run/Thread] 启动窗体，加载程序
[20:52:47] [NewConsole/Info] [Client Run/Thread] loading[
[20:52:47] [NewConsole/Info] [Client Run/Thread] [System plug-in unit] The package extr/mo is sucess load to return 0 at loading
[20:52:47] [NewConsole/Info] [Client Run/Thread] [System plug-in unit] The package extr/sr is sucess load to return 0 at loading
[20:52:47] [NewConsole/Info] [Client Run/Thread] [System plug-in unit] The package extr/cmd is sucess load to return 0 at loading
[20:52:47] [NewConsole/Info] [Client Run/Thread] [System plug-in unit] The package extr/cw is sucess load to return 0 at loading
[20:52:47] [NewConsole/Info] [Client Run/Thread] [System plug-in unit] The package extr/client/HPC is sucess load to return 0 at loading
[20:52:47] [NewConsole/Info] [Client Run/Thread] [System plug-in unit] The package extr/server/SPC is sucess load to return 0 at loading
[20:52:47] [NewConsole/Info] [Client Run/Thread] [System plug-in unit] The package SystemCmdExtr/Shell is sucess load to return 0 at loading
[20:52:47] [NewConsole/Info] [Client Run/Thread] ] * loading
[20:52:49] [NewConsole/Info] [/Thread] [System plug-in unit] The package extr/cmd is sucess load to return 0 at getcmd
[20:52:49] [NewConsole/Info] [/Thread] [System plug-in unit] The package extr/cw is sucess load to return 0 at getcmd
[20:52:49] [NewConsole/Info] [/Thread] [System plug-in unit] The package extr/client/HPC is sucess load to return 0 at getcmd
[20:52:49] [NewConsole/Info] [/Thread] [System plug-in unit] The package extr/server/SPC is sucess load to return 0 at getcmd
[20:52:49] [NewConsole/Info] [/Thread] [System plug-in unit] The package SystemCmdExtr/Shell is sucess load to return 0 at getcmd
[20:52:49] [NewConsole/Info] [/Thread] [System plug-in unit] The package extr/cmd is sucess load to return 0 at runload

[20:52:57] [NewConsole/Info] [/Thread] [System plug-in unit] The package extr/cmd is sucess load to return 0 at run

[20:53:17] [NewConsole/Info] [Main Window System/Thread] close[
[20:53:17] [NewConsole/Info] [Main Window System/Thread] [System plug-in unit] The package extr/mo is sucess load to return 0 at close
[20:53:17] [NewConsole/Info] [Main Window System/Thread] [System plug-in unit] The package extr/sr is sucess load to return 0 at close
[20:53:17] [NewConsole/Info] [Main Window System/Thread] [System plug-in unit] The package extr/cmd is sucess load to return 0 at close
[20:53:17] [NewConsole/Info] [Main Window System/Thread] [System plug-in unit] The package extr/cw is sucess load to return 0 at close
[20:53:17] [NewConsole/Info] [Main Window System/Thread] [System plug-in unit] The package extr/client/HPC is sucess load to return 0 at close
[20:53:17] [NewConsole/Info] [Main Window System/Thread] [System plug-in unit] The package extr/server/SPC is sucess load to return 0 at close
[20:53:17] [NewConsole/Info] [Main Window System/Thread] [System plug-in unit] The package SystemCmdExtr/Shell is sucess load to return 0 at close
[20:53:17] [NewConsole/Info] [Main Window System/Thread] ] * close

[20:54:36] [NewConsole/Info] [Client Run/Thread] 加载启动
[20:54:36] [NewConsole/Info] [Client Run/Thread] [Memory] 成功创建分配
[20:54:36] [NewConsole/Warn] [Client Run/Thread] [Menory] About creat memory
name LoadSmPro
Bytes(MB) 1024
[20:54:36] [NewConsole/Info] [Client Run/Thread] [Memory] 正在解析数据...请稍后
[20:54:36] [NewConsole/Info] [Client Run/Thread] [LC] 标签解析完毕，正在传递给内存中...
[20:54:37] [NewConsole/Info] [Client Run/Thread] 成功
[20:54:40] [NewConsole/Warn] [Client Run/Thread] 创建From大小为 x:800 y:600
[20:54:40] [NewConsole/Warn] [Client Run/Thread] 使用这个语言在加载时或完毕时 zh-cn
[20:54:40] [NewConsole/Warn] [Client Run/Thread] 是否放大在加载窗体True
[20:54:40] [NewConsole/Warn] [Client Run/Thread]  [MakeArg] path mo to extr/mo
[20:54:40] [NewConsole/Warn] [Client Run/Thread]  [MakeArg] path sr to extr/sr
[20:54:40] [NewConsole/Warn] [Client Run/Thread]  [MakeArg] path cmd to extr/cmd
[20:54:40] [NewConsole/Warn] [Client Run/Thread]  [MakeArg] path cw to extr/cw
[20:54:40] [NewConsole/Warn] [Client Run/Thread]  [MakeArg] path client/HPC to extr/client/HPC
[20:54:40] [NewConsole/Warn] [Client Run/Thread]  [MakeArg] path server/SPC to extr/server/SPC
[20:54:40] [NewConsole/Warn] [Client Run/Thread]  [MakeArg] path cw to extr/cw
[20:54:41] [NewConsole/Info] [Client Run/Thread] load[
[20:54:41] [NewConsole/Info] [Client Run/Thread] [System plug-in unit] The package extr/mo is sucess load to return 0 at load
[20:54:41] [NewConsole/Info] [Client Run/Thread] [System plug-in unit] The package extr/sr is sucess load to return 0 at load
[20:54:41] [NewConsole/Info] [Client Run/Thread] [System plug-in unit] The package extr/cmd is sucess load to return 0 at load
[20:54:41] [NewConsole/Info] [Client Run/Thread] [System plug-in unit] The package extr/cw is sucess load to return 0 at load
[20:54:41] [NewConsole/Info] [Client Run/Thread] [System plug-in unit] The package extr/client/HPC is sucess load to return 0 at load
[20:54:41] [NewConsole/Info] [Client Run/Thread] [System plug-in unit] The package extr/server/SPC is sucess load to return 0 at load
[20:54:41] [NewConsole/Info] [Client Run/Thread] [System plug-in unit] The package SystemCmdExtr/Shell is sucess load to return 0 at load
[20:54:41] [NewConsole/Info] [Client Run/Thread] ] * load
[20:54:41] [NewConsole/Info] [Client Run/Thread] load[
[20:54:41] [NewConsole/Info] [Client Run/Thread] [System plug-in unit] The package SystemCmdExtr/Helper is sucess load to return 0 at load
[20:54:41] [NewConsole/Info] [Client Run/Thread] [System plug-in unit] The package SystemCmdExtr/LoadRun is sucess load to return 0 at load
[20:54:41] [NewConsole/Info] [Client Run/Thread] [System plug-in unit] The package extr/cw is sucess load to return 0 at load
[20:54:41] [NewConsole/Info] [Client Run/Thread] ] * load
[20:54:41] [NewConsole/Info] [Client Run/Thread] 启动窗体，加载程序
[20:54:42] [NewConsole/Info] [Client Run/Thread] loading[
[20:54:42] [NewConsole/Info] [Client Run/Thread] [System plug-in unit] The package extr/mo is sucess load to return 0 at loading
[20:54:42] [NewConsole/Info] [Client Run/Thread] [System plug-in unit] The package extr/sr is sucess load to return 0 at loading
[20:54:42] [NewConsole/Info] [Client Run/Thread] [System plug-in unit] The package extr/cmd is sucess load to return 0 at loading
[20:54:42] [NewConsole/Info] [Client Run/Thread] [System plug-in unit] The package extr/cw is sucess load to return 0 at loading
[20:54:42] [NewConsole/Info] [Client Run/Thread] [System plug-in unit] The package extr/client/HPC is sucess load to return 0 at loading
[20:54:42] [NewConsole/Info] [Client Run/Thread] [System plug-in unit] The package extr/server/SPC is sucess load to return 0 at loading
[20:54:42] [NewConsole/Info] [Client Run/Thread] [System plug-in unit] The package SystemCmdExtr/Shell is sucess load to return 0 at loading
[20:54:42] [NewConsole/Info] [Client Run/Thread] ] * loading
[20:54:43] [NewConsole/Info] [/Thread] [System plug-in unit] The package extr/cmd is sucess load to return 0 at getcmd
[20:54:43] [NewConsole/Info] [/Thread] [System plug-in unit] The package extr/cw is sucess load to return 0 at getcmd
[20:54:43] [NewConsole/Info] [/Thread] [System plug-in unit] The package extr/client/HPC is sucess load to return 0 at getcmd
[20:54:43] [NewConsole/Info] [/Thread] [System plug-in unit] The package extr/server/SPC is sucess load to return 0 at getcmd
[20:54:43] [NewConsole/Info] [/Thread] [System plug-in unit] The package SystemCmdExtr/Shell is sucess load to return 0 at getcmd
[20:54:43] [NewConsole/Info] [/Thread] [System plug-in unit] The package extr/cmd is sucess load to return 0 at runload

[20:54:51] [NewConsole/Info] [/Thread] [System plug-in unit] The package extr/cmd is sucess load to return 0 at run


[20:55:14] [NewConsole/Info] [Main Window System/Thread] close[
[20:55:14] [NewConsole/Info] [Main Window System/Thread] [System plug-in unit] The package extr/mo is sucess load to return 0 at close
[20:55:14] [NewConsole/Info] [Main Window System/Thread] [System plug-in unit] The package extr/sr is sucess load to return 0 at close
[20:55:14] [NewConsole/Info] [Main Window System/Thread] [System plug-in unit] The package extr/cmd is sucess load to return 0 at close
[20:55:14] [NewConsole/Info] [Main Window System/Thread] [System plug-in unit] The package extr/cw is sucess load to return 0 at close
[20:55:14] [NewConsole/Info] [Main Window System/Thread] [System plug-in unit] The package extr/client/HPC is sucess load to return 0 at close
[20:55:14] [NewConsole/Info] [Main Window System/Thread] [System plug-in unit] The package extr/server/SPC is sucess load to return 0 at close
[20:55:14] [NewConsole/Info] [Main Window System/Thread] [System plug-in unit] The package SystemCmdExtr/Shell is sucess load to return 0 at close
[20:55:14] [NewConsole/Info] [Main Window System/Thread] ] * close

[20:57:30] [NewConsole/Info] [Client Run/Thread] 加载启动
[20:57:30] [NewConsole/Info] [Client Run/Thread] [Memory] 成功创建分配
[20:57:30] [NewConsole/Warn] [Client Run/Thread] [Menory] About creat memory
name LoadSmPro
Bytes(MB) 1024
[20:57:30] [NewConsole/Info] [Client Run/Thread] [Memory] 正在解析数据...请稍后
[20:57:30] [NewConsole/Info] [Client Run/Thread] [LC] 标签解析完毕，正在传递给内存中...
[20:57:30] [NewConsole/Info] [Client Run/Thread] 成功
[20:57:34] [NewConsole/Warn] [Client Run/Thread] 创建From大小为 x:800 y:600
[20:57:34] [NewConsole/Warn] [Client Run/Thread] 使用这个语言在加载时或完毕时 zh-cn
[20:57:34] [NewConsole/Warn] [Client Run/Thread] 是否放大在加载窗体True
[20:57:34] [NewConsole/Warn] [Client Run/Thread]  [MakeArg] path mo to extr/mo
[20:57:34] [NewConsole/Warn] [Client Run/Thread]  [MakeArg] path sr to extr/sr
[20:57:34] [NewConsole/Warn] [Client Run/Thread]  [MakeArg] path cmd to extr/cmd
[20:57:34] [NewConsole/Warn] [Client Run/Thread]  [MakeArg] path cw to extr/cw
[20:57:34] [NewConsole/Warn] [Client Run/Thread]  [MakeArg] path client/HPC to extr/client/HPC
[20:57:34] [NewConsole/Warn] [Client Run/Thread]  [MakeArg] path server/SPC to extr/server/SPC
[20:57:34] [NewConsole/Warn] [Client Run/Thread]  [MakeArg] path cw to extr/cw
[20:57:35] [NewConsole/Info] [Client Run/Thread] load[
[20:57:35] [NewConsole/Info] [Client Run/Thread] [System plug-in unit] The package extr/mo is sucess load to return 0 at load
[20:57:35] [NewConsole/Info] [Client Run/Thread] [System plug-in unit] The package extr/sr is sucess load to return 0 at load
[20:57:35] [NewConsole/Info] [Client Run/Thread] [System plug-in unit] The package extr/cmd is sucess load to return 0 at load
[20:57:35] [NewConsole/Info] [Client Run/Thread] [System plug-in unit] The package extr/cw is sucess load to return 0 at load
[20:57:35] [NewConsole/Info] [Client Run/Thread] [System plug-in unit] The package extr/client/HPC is sucess load to return 0 at load
[20:57:35] [NewConsole/Info] [Client Run/Thread] [System plug-in unit] The package extr/server/SPC is sucess load to return 0 at load
[20:57:35] [NewConsole/Info] [Client Run/Thread] [System plug-in unit] The package SystemCmdExtr/Shell is sucess load to return 0 at load
[20:57:35] [NewConsole/Info] [Client Run/Thread] ] * load
[20:57:35] [NewConsole/Info] [Client Run/Thread] load[
[20:57:35] [NewConsole/Info] [Client Run/Thread] [System plug-in unit] The package SystemCmdExtr/Helper is sucess load to return 0 at load
[20:57:35] [NewConsole/Info] [Client Run/Thread] [System plug-in unit] The package SystemCmdExtr/LoadRun is sucess load to return 0 at load
[20:57:35] [NewConsole/Info] [Client Run/Thread] [System plug-in unit] The package extr/cw is sucess load to return 0 at load
[20:57:35] [NewConsole/Info] [Client Run/Thread] ] * load
[20:57:35] [NewConsole/Info] [Client Run/Thread] 启动窗体，加载程序
[20:57:35] [NewConsole/Info] [Client Run/Thread] loading[
[20:57:35] [NewConsole/Info] [Client Run/Thread] [System plug-in unit] The package extr/mo is sucess load to return 0 at loading
[20:57:35] [NewConsole/Info] [Client Run/Thread] [System plug-in unit] The package extr/sr is sucess load to return 0 at loading
[20:57:36] [NewConsole/Info] [Client Run/Thread] [System plug-in unit] The package extr/cmd is sucess load to return 0 at loading
[20:57:36] [NewConsole/Info] [Client Run/Thread] [System plug-in unit] The package extr/cw is sucess load to return 0 at loading
[20:57:36] [NewConsole/Info] [Client Run/Thread] [System plug-in unit] The package extr/client/HPC is sucess load to return 0 at loading
[20:57:36] [NewConsole/Info] [Client Run/Thread] [System plug-in unit] The package extr/server/SPC is sucess load to return 0 at loading
[20:57:36] [NewConsole/Info] [Client Run/Thread] [System plug-in unit] The package SystemCmdExtr/Shell is sucess load to return 0 at loading
[20:57:36] [NewConsole/Info] [Client Run/Thread] ] * loading
[20:57:37] [NewConsole/Info] [/Thread] [System plug-in unit] The package extr/cmd is sucess load to return 0 at getcmd
[20:57:37] [NewConsole/Info] [/Thread] [System plug-in unit] The package extr/cw is sucess load to return 0 at getcmd
[20:57:37] [NewConsole/Info] [/Thread] [System plug-in unit] The package extr/client/HPC is sucess load to return 0 at getcmd
[20:57:37] [NewConsole/Info] [/Thread] [System plug-in unit] The package extr/server/SPC is sucess load to return 0 at getcmd
[20:57:37] [NewConsole/Info] [/Thread] [System plug-in unit] The package SystemCmdExtr/Shell is sucess load to return 0 at getcmd
[20:57:37] [NewConsole/Info] [/Thread] [System plug-in unit] The package extr/cmd is sucess load to return 0 at runload


[20:57:55] [NewConsole/Info] [/Thread] [System plug-in unit] The package extr/cmd is sucess load to return 0 at run

[20:58:10] [NewConsole/Info] [Main Window System/Thread] close[
[20:58:10] [NewConsole/Info] [Main Window System/Thread] [System plug-in unit] The package extr/mo is sucess load to return 0 at close
[20:58:10] [NewConsole/Info] [Main Window System/Thread] [System plug-in unit] The package extr/sr is sucess load to return 0 at close
[20:58:10] [NewConsole/Info] [Main Window System/Thread] [System plug-in unit] The package extr/cmd is sucess load to return 0 at close
[20:58:10] [NewConsole/Info] [Main Window System/Thread] [System plug-in unit] The package extr/cw is sucess load to return 0 at close
[20:58:10] [NewConsole/Info] [Main Window System/Thread] [System plug-in unit] The package extr/client/HPC is sucess load to return 0 at close
[20:58:10] [NewConsole/Info] [Main Window System/Thread] [System plug-in unit] The package extr/server/SPC is sucess load to return 0 at close
[20:58:10] [NewConsole/Info] [Main Window System/Thread] [System plug-in unit] The package SystemCmdExtr/Shell is sucess load to return 0 at close
[20:58:10] [NewConsole/Info] [Main Window System/Thread] ] * close

