#Console Printf about side
#       Code Memory this...
#       WriteTime about (s)18
#
#Endl
[20:0:6] [NewConsole/Info] [Client Run/Thread] 加载启动
[20:0:6] [NewConsole/Info] [Client Run/Thread] [Memory] 成功创建分配
[20:0:6] [NewConsole/Warn] [Client Run/Thread] [Menory] About creat memory
name LoadSmPro
Bytes(MB) 1024
[20:0:6] [NewConsole/Info] [Client Run/Thread] [Memory] 正在解析数据...请稍后
[20:0:6] [NewConsole/Info] [Client Run/Thread] [LC] 标签解析完毕，正在传递给内存中...
[20:0:6] [NewConsole/Info] [Client Run/Thread] 成功
[20:0:9] [NewConsole/Warn] [Client Run/Thread] 创建From大小为 x:800 y:600
[20:0:9] [NewConsole/Warn] [Client Run/Thread] 使用这个语言在加载时或完毕时 zh-cn
[20:0:9] [NewConsole/Warn] [Client Run/Thread] 是否放大在加载窗体True
[20:0:9] [NewConsole/Warn] [Client Run/Thread]  [MakeArg] path mo to extr/mo
[20:0:9] [NewConsole/Warn] [Client Run/Thread]  [MakeArg] path sr to extr/sr
[20:0:9] [NewConsole/Warn] [Client Run/Thread]  [MakeArg] path cmd to extr/cmd
[20:0:9] [NewConsole/Warn] [Client Run/Thread]  [MakeArg] path cw to extr/cw
[20:0:9] [NewConsole/Warn] [Client Run/Thread]  [MakeArg] path client/HPC to extr/client/HPC
[20:0:9] [NewConsole/Warn] [Client Run/Thread]  [MakeArg] path server/SPC to extr/server/SPC
[20:0:9] [NewConsole/Warn] [Client Run/Thread]  [MakeArg] path cw to extr/cw
[20:0:10] [NewConsole/Info] [Client Run/Thread] load[
[20:0:10] [NewConsole/Info] [Client Run/Thread] [System plug-in unit] The package extr/mo is sucess load to return 0 at load
[20:0:10] [NewConsole/Info] [Client Run/Thread] [System plug-in unit] The package extr/sr is sucess load to return 0 at load
[20:0:10] [NewConsole/Info] [Client Run/Thread] [System plug-in unit] The package extr/cmd is sucess load to return 0 at load
[20:0:10] [NewConsole/Info] [Client Run/Thread] [System plug-in unit] The package extr/cw is sucess load to return 0 at load
[20:0:10] [NewConsole/Info] [Client Run/Thread] [System plug-in unit] The package extr/client/HPC is sucess load to return 0 at load
[20:0:11] [NewConsole/Info] [Client Run/Thread] [System plug-in unit] The package extr/server/SPC is sucess load to return 0 at load
[20:0:11] [NewConsole/Info] [Client Run/Thread] [System plug-in unit] The package SystemCmdExtr/Shell is sucess load to return 0 at load
[20:0:11] [NewConsole/Info] [Client Run/Thread] ] * load
[20:0:11] [NewConsole/Info] [Client Run/Thread] load[
[20:0:11] [NewConsole/Info] [Client Run/Thread] [System plug-in unit] The package SystemCmdExtr/Helper is sucess load to return 0 at load
[20:0:11] [NewConsole/Info] [Client Run/Thread] [System plug-in unit] The package SystemCmdExtr/LoadRun is sucess load to return 0 at load
[20:0:11] [NewConsole/Info] [Client Run/Thread] [System plug-in unit] The package extr/cw is sucess load to return 0 at load
[20:0:11] [NewConsole/Info] [Client Run/Thread] ] * load
[20:0:11] [NewConsole/Info] [Client Run/Thread] 启动窗体，加载程序
[20:0:11] [NewConsole/Info] [Client Run/Thread] loading[
[20:0:11] [NewConsole/Info] [Client Run/Thread] [System plug-in unit] The package extr/mo is sucess load to return 0 at loading
[20:0:11] [NewConsole/Info] [Client Run/Thread] [System plug-in unit] The package extr/cmd is sucess load to return 0 at getcmd
[20:0:11] [NewConsole/Info] [Client Run/Thread] [System plug-in unit] The package extr/cw is sucess load to return 0 at getcmd
[20:0:11] [NewConsole/Info] [Client Run/Thread] [System plug-in unit] The package extr/client/HPC is sucess load to return 0 at getcmd
[20:0:11] [NewConsole/Info] [Client Run/Thread] [System plug-in unit] The package extr/server/SPC is sucess load to return 0 at getcmd
[20:0:11] [NewConsole/Info] [Client Run/Thread] [System plug-in unit] The package SystemCmdExtr/Shell is sucess load to return 0 at getcmd
[20:0:11] [NewConsole/Info] [Client Run/Thread] [System plug-in unit] The package extr/cmd is sucess load to return 0 at runload
[20:0:11] [NewConsole/Info] [Client Run/Thread] [System plug-in unit] The package extr/sr is sucess load to return 0 at loading
[20:0:11] [NewConsole/Info] [Client Run/Thread] [System plug-in unit] The package extr/cmd is sucess load to return 0 at loading
[20:0:11] [NewConsole/Info] [Client Run/Thread] [System plug-in unit] The package extr/cw is sucess load to return 0 at loading
[20:0:11] [NewConsole/Info] [Client Run/Thread] [System plug-in unit] The package extr/client/HPC is sucess load to return 0 at loading
[20:0:11] [NewConsole/Info] [Client Run/Thread] [System plug-in unit] The package extr/server/SPC is sucess load to return 0 at loading
[20:0:11] [NewConsole/Info] [Client Run/Thread] [System plug-in unit] The package SystemCmdExtr/Shell is sucess load to return 0 at loading
[20:0:11] [NewConsole/Info] [Client Run/Thread] ] * loading
[20:0:23] [NewConsole/Info] [/Thread] [System plug-in unit] The package extr/cmd is sucess load to return 0 at run




[20:1:15] [NewConsole/Info] [Main Window System/Thread] close[
[20:1:15] [NewConsole/Info] [Main Window System/Thread] [System plug-in unit] The package extr/mo is sucess load to return 0 at close
[20:1:15] [NewConsole/Info] [Main Window System/Thread] [System plug-in unit] The package extr/sr is sucess load to return 0 at close
[20:1:15] [NewConsole/Info] [Main Window System/Thread] [System plug-in unit] The package extr/cmd is sucess load to return 0 at close
[20:1:15] [NewConsole/Info] [Main Window System/Thread] [System plug-in unit] The package extr/cw is sucess load to return 0 at close
[20:1:15] [NewConsole/Info] [Main Window System/Thread] [System plug-in unit] The package extr/client/HPC is sucess load to return 0 at close
[20:1:15] [NewConsole/Info] [Main Window System/Thread] [System plug-in unit] The package extr/server/SPC is sucess load to return 0 at close
[20:1:15] [NewConsole/Info] [Main Window System/Thread] [System plug-in unit] The package SystemCmdExtr/Shell is sucess load to return 0 at close
[20:1:15] [NewConsole/Info] [Main Window System/Thread] ] * close

[20:1:34] [NewConsole/Info] [Client Run/Thread] 加载启动
[20:1:34] [NewConsole/Info] [Client Run/Thread] [Memory] 成功创建分配
[20:1:34] [NewConsole/Warn] [Client Run/Thread] [Menory] About creat memory
name LoadSmPro
Bytes(MB) 1024
[20:1:34] [NewConsole/Info] [Client Run/Thread] [Memory] 正在解析数据...请稍后
[20:1:34] [NewConsole/Info] [Client Run/Thread] [LC] 标签解析完毕，正在传递给内存中...
[20:1:34] [NewConsole/Info] [Client Run/Thread] 成功
[20:1:38] [NewConsole/Warn] [Client Run/Thread] 创建From大小为 x:800 y:600
[20:1:38] [NewConsole/Warn] [Client Run/Thread] 使用这个语言在加载时或完毕时 zh-cn
[20:1:38] [NewConsole/Warn] [Client Run/Thread] 是否放大在加载窗体True
[20:1:38] [NewConsole/Warn] [Client Run/Thread]  [MakeArg] path mo to extr/mo
[20:1:38] [NewConsole/Warn] [Client Run/Thread]  [MakeArg] path sr to extr/sr
[20:1:38] [NewConsole/Warn] [Client Run/Thread]  [MakeArg] path cmd to extr/cmd
[20:1:38] [NewConsole/Warn] [Client Run/Thread]  [MakeArg] path cw to extr/cw
[20:1:38] [NewConsole/Warn] [Client Run/Thread]  [MakeArg] path client/HPC to extr/client/HPC
[20:1:38] [NewConsole/Warn] [Client Run/Thread]  [MakeArg] path server/SPC to extr/server/SPC
[20:1:38] [NewConsole/Warn] [Client Run/Thread]  [MakeArg] path cw to extr/cw
[20:1:39] [NewConsole/Info] [Client Run/Thread] load[
[20:1:39] [NewConsole/Info] [Client Run/Thread] [System plug-in unit] The package extr/mo is sucess load to return 0 at load
[20:1:39] [NewConsole/Info] [Client Run/Thread] [System plug-in unit] The package extr/sr is sucess load to return 0 at load
[20:1:39] [NewConsole/Info] [Client Run/Thread] [System plug-in unit] The package extr/cmd is sucess load to return 0 at load
[20:1:39] [NewConsole/Info] [Client Run/Thread] [System plug-in unit] The package extr/cw is sucess load to return 0 at load
[20:1:39] [NewConsole/Info] [Client Run/Thread] [System plug-in unit] The package extr/client/HPC is sucess load to return 0 at load
[20:1:39] [NewConsole/Info] [Client Run/Thread] [System plug-in unit] The package extr/server/SPC is sucess load to return 0 at load
[20:1:39] [NewConsole/Info] [Client Run/Thread] [System plug-in unit] The package SystemCmdExtr/Shell is sucess load to return 0 at load
[20:1:39] [NewConsole/Info] [Client Run/Thread] ] * load
[20:1:39] [NewConsole/Info] [Client Run/Thread] load[
[20:1:39] [NewConsole/Info] [Client Run/Thread] [System plug-in unit] The package SystemCmdExtr/Helper is sucess load to return 0 at load
[20:1:39] [NewConsole/Info] [Client Run/Thread] [System plug-in unit] The package SystemCmdExtr/LoadRun is sucess load to return 0 at load
[20:1:39] [NewConsole/Info] [Client Run/Thread] [System plug-in unit] The package extr/cw is sucess load to return 0 at load
[20:1:39] [NewConsole/Info] [Client Run/Thread] ] * load
[20:1:39] [NewConsole/Info] [Client Run/Thread] 启动窗体，加载程序
[20:1:40] [NewConsole/Info] [Client Run/Thread] loading[
[20:1:40] [NewConsole/Info] [Client Run/Thread] [System plug-in unit] The package extr/mo is sucess load to return 0 at loading
[20:1:40] [NewConsole/Info] [Client Run/Thread] [System plug-in unit] The package extr/cmd is sucess load to return 0 at getcmd
[20:1:40] [NewConsole/Info] [Client Run/Thread] [System plug-in unit] The package extr/cw is sucess load to return 0 at getcmd
[20:1:40] [NewConsole/Info] [Client Run/Thread] [System plug-in unit] The package extr/client/HPC is sucess load to return 0 at getcmd
[20:1:40] [NewConsole/Info] [Client Run/Thread] [System plug-in unit] The package extr/server/SPC is sucess load to return 0 at getcmd
[20:1:40] [NewConsole/Info] [Client Run/Thread] [System plug-in unit] The package SystemCmdExtr/Shell is sucess load to return 0 at getcmd
[20:1:40] [NewConsole/Info] [Client Run/Thread] [System plug-in unit] The package extr/cmd is sucess load to return 0 at runload
[20:1:40] [NewConsole/Info] [Client Run/Thread] [System plug-in unit] The package extr/sr is sucess load to return 0 at loading
[20:1:40] [NewConsole/Info] [Client Run/Thread] [System plug-in unit] The package extr/cmd is sucess load to return 0 at loading
[20:1:40] [NewConsole/Info] [Client Run/Thread] [System plug-in unit] The package extr/cw is sucess load to return 0 at loading
[20:1:40] [NewConsole/Info] [Client Run/Thread] [System plug-in unit] The package extr/client/HPC is sucess load to return 0 at loading
[20:1:40] [NewConsole/Info] [Client Run/Thread] [System plug-in unit] The package extr/server/SPC is sucess load to return 0 at loading
[20:1:40] [NewConsole/Info] [Client Run/Thread] [System plug-in unit] The package SystemCmdExtr/Shell is sucess load to return 0 at loading
[20:1:40] [NewConsole/Info] [Client Run/Thread] ] * loading

[20:1:54] [NewConsole/Info] [/Thread] [System plug-in unit] The package extr/cmd is sucess load to return 0 at run









[20:3:46] [NewConsole/Info] [Main Window System/Thread] close[
[20:3:46] [NewConsole/Info] [Main Window System/Thread] [System plug-in unit] The package extr/mo is sucess load to return 0 at close
[20:3:46] [NewConsole/Info] [Main Window System/Thread] [System plug-in unit] The package extr/sr is sucess load to return 0 at close
[20:3:46] [NewConsole/Info] [Main Window System/Thread] [System plug-in unit] The package extr/cmd is sucess load to return 0 at close
[20:3:46] [NewConsole/Info] [Main Window System/Thread] [System plug-in unit] The package extr/cw is sucess load to return 0 at close
[20:3:46] [NewConsole/Info] [Main Window System/Thread] [System plug-in unit] The package extr/client/HPC is sucess load to return 0 at close
[20:3:46] [NewConsole/Info] [Main Window System/Thread] [System plug-in unit] The package extr/server/SPC is sucess load to return 0 at close
[20:3:46] [NewConsole/Info] [Main Window System/Thread] [System plug-in unit] The package SystemCmdExtr/Shell is sucess load to return 0 at close
[20:3:46] [NewConsole/Info] [Main Window System/Thread] ] * close

[20:5:19] [NewConsole/Info] [Client Run/Thread] 加载启动
[20:5:20] [NewConsole/Info] [Client Run/Thread] [Memory] 成功创建分配
[20:5:20] [NewConsole/Warn] [Client Run/Thread] [Menory] About creat memory
name LoadSmPro
Bytes(MB) 1024
[20:5:20] [NewConsole/Info] [Client Run/Thread] [Memory] 正在解析数据...请稍后
[20:5:20] [NewConsole/Info] [Client Run/Thread] [LC] 标签解析完毕，正在传递给内存中...
[20:5:20] [NewConsole/Info] [Client Run/Thread] 成功
[20:5:23] [NewConsole/Warn] [Client Run/Thread] 创建From大小为 x:800 y:600
[20:5:23] [NewConsole/Warn] [Client Run/Thread] 使用这个语言在加载时或完毕时 zh-cn
[20:5:23] [NewConsole/Warn] [Client Run/Thread] 是否放大在加载窗体True
[20:5:23] [NewConsole/Warn] [Client Run/Thread]  [MakeArg] path mo to extr/mo
[20:5:23] [NewConsole/Warn] [Client Run/Thread]  [MakeArg] path sr to extr/sr
[20:5:23] [NewConsole/Warn] [Client Run/Thread]  [MakeArg] path cmd to extr/cmd
[20:5:23] [NewConsole/Warn] [Client Run/Thread]  [MakeArg] path cw to extr/cw
[20:5:23] [NewConsole/Warn] [Client Run/Thread]  [MakeArg] path client/HPC to extr/client/HPC
[20:5:23] [NewConsole/Warn] [Client Run/Thread]  [MakeArg] path server/SPC to extr/server/SPC
[20:5:23] [NewConsole/Warn] [Client Run/Thread]  [MakeArg] path cw to extr/cw
[20:5:25] [NewConsole/Info] [Client Run/Thread] load[
[20:5:25] [NewConsole/Info] [Client Run/Thread] [System plug-in unit] The package extr/mo is sucess load to return 0 at load
[20:5:25] [NewConsole/Info] [Client Run/Thread] [System plug-in unit] The package extr/sr is sucess load to return 0 at load
[20:5:25] [NewConsole/Info] [Client Run/Thread] [System plug-in unit] The package extr/cmd is sucess load to return 0 at load
[20:5:25] [NewConsole/Info] [Client Run/Thread] [System plug-in unit] The package extr/cw is sucess load to return 0 at load
[20:5:25] [NewConsole/Info] [Client Run/Thread] [System plug-in unit] The package extr/client/HPC is sucess load to return 0 at load
[20:5:25] [NewConsole/Info] [Client Run/Thread] [System plug-in unit] The package extr/server/SPC is sucess load to return 0 at load
[20:5:25] [NewConsole/Info] [Client Run/Thread] [System plug-in unit] The package SystemCmdExtr/Shell is sucess load to return 0 at load
[20:5:25] [NewConsole/Info] [Client Run/Thread] ] * load
[20:5:25] [NewConsole/Info] [Client Run/Thread] load[
[20:5:25] [NewConsole/Info] [Client Run/Thread] [System plug-in unit] The package SystemCmdExtr/Helper is sucess load to return 0 at load
[20:5:25] [NewConsole/Info] [Client Run/Thread] [System plug-in unit] The package SystemCmdExtr/LoadRun is sucess load to return 0 at load
[20:5:25] [NewConsole/Info] [Client Run/Thread] [System plug-in unit] The package extr/cw is sucess load to return 0 at load
[20:5:25] [NewConsole/Info] [Client Run/Thread] ] * load
[20:5:25] [NewConsole/Info] [Client Run/Thread] 启动窗体，加载程序
[20:5:25] [NewConsole/Info] [Client Run/Thread] loading[
[20:5:25] [NewConsole/Info] [Client Run/Thread] [System plug-in unit] The package extr/mo is sucess load to return 0 at loading
[20:5:25] [NewConsole/Info] [Client Run/Thread] [System plug-in unit] The package extr/cmd is sucess load to return 0 at getcmd
[20:5:25] [NewConsole/Info] [Client Run/Thread] [System plug-in unit] The package extr/cw is sucess load to return 0 at getcmd
[20:5:25] [NewConsole/Info] [Client Run/Thread] [System plug-in unit] The package extr/client/HPC is sucess load to return 0 at getcmd
[20:5:25] [NewConsole/Info] [Client Run/Thread] [System plug-in unit] The package extr/server/SPC is sucess load to return 0 at getcmd
[20:5:25] [NewConsole/Info] [Client Run/Thread] [System plug-in unit] The package SystemCmdExtr/Shell is sucess load to return 0 at getcmd
[20:5:25] [NewConsole/Info] [Client Run/Thread] [System plug-in unit] The package extr/cmd is sucess load to return 0 at runload
[20:5:26] [NewConsole/Info] [Client Run/Thread] [System plug-in unit] The package extr/sr is sucess load to return 0 at loading
[20:5:26] [NewConsole/Info] [Client Run/Thread] [System plug-in unit] The package extr/cmd is sucess load to return 0 at loading
[20:5:26] [NewConsole/Info] [Client Run/Thread] [System plug-in unit] The package extr/cw is sucess load to return 0 at loading
[20:5:26] [NewConsole/Info] [Client Run/Thread] [System plug-in unit] The package extr/client/HPC is sucess load to return 0 at loading
[20:5:26] [NewConsole/Info] [Client Run/Thread] [System plug-in unit] The package extr/server/SPC is sucess load to return 0 at loading
[20:5:26] [NewConsole/Info] [Client Run/Thread] [System plug-in unit] The package SystemCmdExtr/Shell is sucess load to return 0 at loading
[20:5:26] [NewConsole/Info] [Client Run/Thread] ] * loading

[20:5:35] [NewConsole/Info] [/Thread] [System plug-in unit] The package extr/cmd is sucess load to return 0 at run


[20:10:10] [NewConsole/Info] [Client Run/Thread] 加载启动
[20:10:11] [NewConsole/Info] [Client Run/Thread] [Memory] 成功创建分配
[20:10:11] [NewConsole/Warn] [Client Run/Thread] [Menory] About creat memory
name LoadSmPro
Bytes(MB) 1024
[20:10:11] [NewConsole/Info] [Client Run/Thread] [Memory] 正在解析数据...请稍后
[20:10:11] [NewConsole/Info] [Client Run/Thread] [LC] 标签解析完毕，正在传递给内存中...
[20:10:11] [NewConsole/Info] [Client Run/Thread] 成功
[20:10:14] [NewConsole/Warn] [Client Run/Thread] 创建From大小为 x:800 y:600
[20:10:14] [NewConsole/Warn] [Client Run/Thread] 使用这个语言在加载时或完毕时 zh-cn
[20:10:14] [NewConsole/Warn] [Client Run/Thread] 是否放大在加载窗体True
[20:10:14] [NewConsole/Warn] [Client Run/Thread]  [MakeArg] path mo to extr/mo
[20:10:14] [NewConsole/Warn] [Client Run/Thread]  [MakeArg] path sr to extr/sr
[20:10:14] [NewConsole/Warn] [Client Run/Thread]  [MakeArg] path cmd to extr/cmd
[20:10:14] [NewConsole/Warn] [Client Run/Thread]  [MakeArg] path cw to extr/cw
[20:10:14] [NewConsole/Warn] [Client Run/Thread]  [MakeArg] path client/HPC to extr/client/HPC
[20:10:14] [NewConsole/Warn] [Client Run/Thread]  [MakeArg] path server/SPC to extr/server/SPC
[20:10:14] [NewConsole/Warn] [Client Run/Thread]  [MakeArg] path cw to extr/cw
[20:10:15] [NewConsole/Info] [Client Run/Thread] load[
[20:10:15] [NewConsole/Info] [Client Run/Thread] [System plug-in unit] The package extr/mo is sucess load to return 0 at load
[20:10:15] [NewConsole/Info] [Client Run/Thread] [System plug-in unit] The package extr/sr is sucess load to return 0 at load
[20:10:15] [NewConsole/Info] [Client Run/Thread] [System plug-in unit] The package extr/cmd is sucess load to return 0 at load
[20:10:15] [NewConsole/Info] [Client Run/Thread] [System plug-in unit] The package extr/cw is sucess load to return 0 at load
[20:10:15] [NewConsole/Info] [Client Run/Thread] [System plug-in unit] The package extr/client/HPC is sucess load to return 0 at load
[20:10:15] [NewConsole/Info] [Client Run/Thread] [System plug-in unit] The package extr/server/SPC is sucess load to return 0 at load
[20:10:15] [NewConsole/Info] [Client Run/Thread] [System plug-in unit] The package SystemCmdExtr/Shell is sucess load to return 0 at load
[20:10:15] [NewConsole/Info] [Client Run/Thread] ] * load
[20:10:15] [NewConsole/Info] [Client Run/Thread] load[
[20:10:15] [NewConsole/Info] [Client Run/Thread] [System plug-in unit] The package SystemCmdExtr/Helper is sucess load to return 0 at load
[20:10:15] [NewConsole/Info] [Client Run/Thread] [System plug-in unit] The package SystemCmdExtr/LoadRun is sucess load to return 0 at load
[20:10:15] [NewConsole/Info] [Client Run/Thread] [System plug-in unit] The package extr/cw is sucess load to return 0 at load
[20:10:15] [NewConsole/Info] [Client Run/Thread] ] * load
[20:10:15] [NewConsole/Info] [Client Run/Thread] 启动窗体，加载程序
[20:10:16] [NewConsole/Info] [Client Run/Thread] loading[
[20:10:16] [NewConsole/Info] [Client Run/Thread] [System plug-in unit] The package extr/mo is sucess load to return 0 at loading
[20:10:16] [NewConsole/Info] [Client Run/Thread] [System plug-in unit] The package extr/cmd is sucess load to return 0 at getcmd
[20:10:16] [NewConsole/Info] [Client Run/Thread] [System plug-in unit] The package extr/cw is sucess load to return 0 at getcmd
[20:10:16] [NewConsole/Info] [Client Run/Thread] [System plug-in unit] The package extr/client/HPC is sucess load to return 0 at getcmd
[20:10:16] [NewConsole/Info] [Client Run/Thread] [System plug-in unit] The package extr/server/SPC is sucess load to return 0 at getcmd
[20:10:16] [NewConsole/Info] [Client Run/Thread] [System plug-in unit] The package SystemCmdExtr/Shell is sucess load to return 0 at getcmd
[20:10:16] [NewConsole/Info] [Client Run/Thread] [System plug-in unit] The package extr/cmd is sucess load to return 0 at runload
[20:10:16] [NewConsole/Info] [Client Run/Thread] [System plug-in unit] The package extr/sr is sucess load to return 0 at loading
[20:10:16] [NewConsole/Info] [Client Run/Thread] [System plug-in unit] The package extr/cmd is sucess load to return 0 at loading
[20:10:16] [NewConsole/Info] [Client Run/Thread] [System plug-in unit] The package extr/cw is sucess load to return 0 at loading
[20:10:16] [NewConsole/Info] [Client Run/Thread] [System plug-in unit] The package extr/client/HPC is sucess load to return 0 at loading
[20:10:16] [NewConsole/Info] [Client Run/Thread] [System plug-in unit] The package extr/server/SPC is sucess load to return 0 at loading
[20:10:16] [NewConsole/Info] [Client Run/Thread] [System plug-in unit] The package SystemCmdExtr/Shell is sucess load to return 0 at loading
[20:10:16] [NewConsole/Info] [Client Run/Thread] ] * loading

[20:10:27] [NewConsole/Info] [/Thread] [System plug-in unit] The package extr/cmd is sucess load to return 0 at run


[20:13:50] [NewConsole/Info] [Client Run/Thread] 加载启动
[20:13:50] [NewConsole/Info] [Client Run/Thread] [Memory] 成功创建分配
[20:13:50] [NewConsole/Warn] [Client Run/Thread] [Menory] About creat memory
name LoadSmPro
Bytes(MB) 1024
[20:13:50] [NewConsole/Info] [Client Run/Thread] [Memory] 正在解析数据...请稍后
[20:13:50] [NewConsole/Info] [Client Run/Thread] [LC] 标签解析完毕，正在传递给内存中...
[20:13:50] [NewConsole/Info] [Client Run/Thread] 成功
[20:13:54] [NewConsole/Warn] [Client Run/Thread] 创建From大小为 x:800 y:600
[20:13:54] [NewConsole/Warn] [Client Run/Thread] 使用这个语言在加载时或完毕时 zh-cn
[20:13:54] [NewConsole/Warn] [Client Run/Thread] 是否放大在加载窗体True
[20:13:54] [NewConsole/Warn] [Client Run/Thread]  [MakeArg] path mo to extr/mo
[20:13:54] [NewConsole/Warn] [Client Run/Thread]  [MakeArg] path sr to extr/sr
[20:13:54] [NewConsole/Warn] [Client Run/Thread]  [MakeArg] path cmd to extr/cmd
[20:13:54] [NewConsole/Warn] [Client Run/Thread]  [MakeArg] path cw to extr/cw
[20:13:54] [NewConsole/Warn] [Client Run/Thread]  [MakeArg] path client/HPC to extr/client/HPC
[20:13:54] [NewConsole/Warn] [Client Run/Thread]  [MakeArg] path server/SPC to extr/server/SPC
[20:13:54] [NewConsole/Warn] [Client Run/Thread]  [MakeArg] path cw to extr/cw
[20:13:55] [NewConsole/Info] [Client Run/Thread] load[
[20:13:55] [NewConsole/Info] [Client Run/Thread] [System plug-in unit] The package extr/mo is sucess load to return 0 at load
[20:13:55] [NewConsole/Info] [Client Run/Thread] [System plug-in unit] The package extr/sr is sucess load to return 0 at load
[20:13:55] [NewConsole/Info] [Client Run/Thread] [System plug-in unit] The package extr/cmd is sucess load to return 0 at load
[20:13:55] [NewConsole/Info] [Client Run/Thread] [System plug-in unit] The package extr/cw is sucess load to return 0 at load
[20:13:55] [NewConsole/Info] [Client Run/Thread] [System plug-in unit] The package extr/client/HPC is sucess load to return 0 at load
[20:13:55] [NewConsole/Info] [Client Run/Thread] [System plug-in unit] The package extr/server/SPC is sucess load to return 0 at load
[20:13:55] [NewConsole/Info] [Client Run/Thread] [System plug-in unit] The package SystemCmdExtr/Shell is sucess load to return 0 at load
[20:13:55] [NewConsole/Info] [Client Run/Thread] ] * load
[20:13:55] [NewConsole/Info] [Client Run/Thread] load[
[20:13:55] [NewConsole/Info] [Client Run/Thread] [System plug-in unit] The package SystemCmdExtr/Helper is sucess load to return 0 at load
[20:13:55] [NewConsole/Info] [Client Run/Thread] [System plug-in unit] The package SystemCmdExtr/LoadRun is sucess load to return 0 at load
[20:13:55] [NewConsole/Info] [Client Run/Thread] [System plug-in unit] The package extr/cw is sucess load to return 0 at load
[20:13:55] [NewConsole/Info] [Client Run/Thread] ] * load
[20:13:55] [NewConsole/Info] [Client Run/Thread] 启动窗体，加载程序
[20:13:56] [NewConsole/Info] [Client Run/Thread] loading[
[20:13:56] [NewConsole/Info] [Client Run/Thread] [System plug-in unit] The package extr/mo is sucess load to return 0 at loading
[20:13:56] [NewConsole/Info] [Client Run/Thread] [System plug-in unit] The package extr/cmd is sucess load to return 0 at getcmd
[20:13:56] [NewConsole/Info] [Client Run/Thread] [System plug-in unit] The package extr/cw is sucess load to return 0 at getcmd
[20:13:56] [NewConsole/Info] [Client Run/Thread] [System plug-in unit] The package extr/client/HPC is sucess load to return 0 at getcmd
[20:13:56] [NewConsole/Info] [Client Run/Thread] [System plug-in unit] The package extr/server/SPC is sucess load to return 0 at getcmd
[20:13:56] [NewConsole/Info] [Client Run/Thread] [System plug-in unit] The package SystemCmdExtr/Shell is sucess load to return 0 at getcmd
[20:13:56] [NewConsole/Info] [Client Run/Thread] [System plug-in unit] The package extr/cmd is sucess load to return 0 at runload
[20:13:56] [NewConsole/Info] [Client Run/Thread] [System plug-in unit] The package extr/sr is sucess load to return 0 at loading
[20:13:56] [NewConsole/Info] [Client Run/Thread] [System plug-in unit] The package extr/cmd is sucess load to return 0 at loading
[20:13:56] [NewConsole/Info] [Client Run/Thread] [System plug-in unit] The package extr/cw is sucess load to return 0 at loading
[20:13:56] [NewConsole/Info] [Client Run/Thread] [System plug-in unit] The package extr/client/HPC is sucess load to return 0 at loading
[20:13:56] [NewConsole/Info] [Client Run/Thread] [System plug-in unit] The package extr/server/SPC is sucess load to return 0 at loading
[20:13:56] [NewConsole/Info] [Client Run/Thread] [System plug-in unit] The package SystemCmdExtr/Shell is sucess load to return 0 at loading
[20:13:56] [NewConsole/Info] [Client Run/Thread] ] * loading

[20:14:6] [NewConsole/Info] [/Thread] [System plug-in unit] The package extr/cmd is sucess load to return 0 at run


[20:30:35] [NewConsole/Info] [Client Run/Thread] 加载启动
[20:30:36] [NewConsole/Info] [Client Run/Thread] [Memory] 成功创建分配
[20:30:36] [NewConsole/Warn] [Client Run/Thread] [Menory] About creat memory
name LoadSmPro
Bytes(MB) 1024
[20:30:36] [NewConsole/Info] [Client Run/Thread] [Memory] 正在解析数据...请稍后
[20:30:36] [NewConsole/Info] [Client Run/Thread] [LC] 标签解析完毕，正在传递给内存中...
[20:30:36] [NewConsole/Info] [Client Run/Thread] 成功
[20:30:39] [NewConsole/Warn] [Client Run/Thread] 创建From大小为 x:800 y:600
[20:30:39] [NewConsole/Warn] [Client Run/Thread] 使用这个语言在加载时或完毕时 zh-cn
[20:30:39] [NewConsole/Warn] [Client Run/Thread] 是否放大在加载窗体True
[20:30:39] [NewConsole/Warn] [Client Run/Thread]  [MakeArg] path mo to extr/mo
[20:30:39] [NewConsole/Warn] [Client Run/Thread]  [MakeArg] path sr to extr/sr
[20:30:39] [NewConsole/Warn] [Client Run/Thread]  [MakeArg] path cmd to extr/cmd
[20:30:39] [NewConsole/Warn] [Client Run/Thread]  [MakeArg] path cw to extr/cw
[20:30:39] [NewConsole/Warn] [Client Run/Thread]  [MakeArg] path client/HPC to extr/client/HPC
[20:30:39] [NewConsole/Warn] [Client Run/Thread]  [MakeArg] path server/SPC to extr/server/SPC
[20:30:39] [NewConsole/Warn] [Client Run/Thread]  [MakeArg] path cw to extr/cw
[20:30:40] [NewConsole/Info] [Client Run/Thread] load[
[20:30:41] [NewConsole/Info] [Client Run/Thread] [System plug-in unit] The package extr/mo is sucess load to return 0 at load
[20:30:41] [NewConsole/Info] [Client Run/Thread] [System plug-in unit] The package extr/sr is sucess load to return 0 at load
[20:30:41] [NewConsole/Info] [Client Run/Thread] [System plug-in unit] The package extr/cmd is sucess load to return 0 at load
[20:30:41] [NewConsole/Info] [Client Run/Thread] [System plug-in unit] The package extr/cw is sucess load to return 0 at load
[20:30:41] [NewConsole/Info] [Client Run/Thread] [System plug-in unit] The package extr/client/HPC is sucess load to return 0 at load
[20:30:41] [NewConsole/Info] [Client Run/Thread] [System plug-in unit] The package extr/server/SPC is sucess load to return 0 at load
[20:30:41] [NewConsole/Info] [Client Run/Thread] [System plug-in unit] The package SystemCmdExtr/Shell is sucess load to return 0 at load
[20:30:41] [NewConsole/Info] [Client Run/Thread] ] * load
[20:30:41] [NewConsole/Info] [Client Run/Thread] load[
[20:30:41] [NewConsole/Info] [Client Run/Thread] [System plug-in unit] The package SystemCmdExtr/Helper is sucess load to return 0 at load
[20:30:41] [NewConsole/Info] [Client Run/Thread] [System plug-in unit] The package SystemCmdExtr/LoadRun is sucess load to return 0 at load
[20:30:41] [NewConsole/Info] [Client Run/Thread] [System plug-in unit] The package extr/cw is sucess load to return 0 at load
[20:30:41] [NewConsole/Info] [Client Run/Thread] ] * load
[20:30:41] [NewConsole/Info] [Client Run/Thread] 启动窗体，加载程序
[20:30:42] [NewConsole/Info] [Client Run/Thread] loading[
[20:30:42] [NewConsole/Info] [Client Run/Thread] [System plug-in unit] The package extr/mo is sucess load to return 0 at loading
[20:30:42] [NewConsole/Info] [Client Run/Thread] [System plug-in unit] The package extr/cmd is sucess load to return 0 at getcmd
[20:30:42] [NewConsole/Info] [Client Run/Thread] [System plug-in unit] The package extr/cw is sucess load to return 0 at getcmd
[20:30:42] [NewConsole/Info] [Client Run/Thread] [System plug-in unit] The package extr/client/HPC is sucess load to return 0 at getcmd
[20:30:42] [NewConsole/Info] [Client Run/Thread] [System plug-in unit] The package extr/server/SPC is sucess load to return 0 at getcmd
[20:30:42] [NewConsole/Info] [Client Run/Thread] [System plug-in unit] The package SystemCmdExtr/Shell is sucess load to return 0 at getcmd
[20:30:42] [NewConsole/Info] [Client Run/Thread] [System plug-in unit] The package extr/cmd is sucess load to return 0 at runload
[20:30:43] [NewConsole/Info] [Client Run/Thread] [System plug-in unit] The package extr/sr is sucess load to return 0 at loading
[20:30:43] [NewConsole/Info] [Client Run/Thread] [System plug-in unit] The package extr/cmd is sucess load to return 0 at loading
[20:30:43] [NewConsole/Info] [Client Run/Thread] [System plug-in unit] The package extr/cw is sucess load to return 0 at loading
[20:30:43] [NewConsole/Info] [Client Run/Thread] [System plug-in unit] The package extr/client/HPC is sucess load to return 0 at loading
[20:30:43] [NewConsole/Info] [Client Run/Thread] [System plug-in unit] The package extr/server/SPC is sucess load to return 0 at loading
[20:30:43] [NewConsole/Info] [Client Run/Thread] [System plug-in unit] The package SystemCmdExtr/Shell is sucess load to return 0 at loading
[20:30:43] [NewConsole/Info] [Client Run/Thread] ] * loading














[20:33:26] [NewConsole/Info] [/Thread] [System plug-in unit] The package extr/cmd is sucess load to return 0 at run





[20:34:30] [NewConsole/Info] [Main Window System/Thread] close[
[20:34:30] [NewConsole/Info] [Main Window System/Thread] [System plug-in unit] The package extr/mo is sucess load to return 0 at close
[20:34:30] [NewConsole/Info] [Main Window System/Thread] [System plug-in unit] The package extr/sr is sucess load to return 0 at close
[20:34:30] [NewConsole/Info] [Main Window System/Thread] [System plug-in unit] The package extr/cmd is sucess load to return 0 at close
[20:34:30] [NewConsole/Info] [Main Window System/Thread] [System plug-in unit] The package extr/cw is sucess load to return 0 at close
[20:34:30] [NewConsole/Info] [Main Window System/Thread] [System plug-in unit] The package extr/client/HPC is sucess load to return 0 at close
[20:34:30] [NewConsole/Info] [Main Window System/Thread] [System plug-in unit] The package extr/server/SPC is sucess load to return 0 at close
[20:34:30] [NewConsole/Info] [Main Window System/Thread] [System plug-in unit] The package SystemCmdExtr/Shell is sucess load to return 0 at close
[20:34:30] [NewConsole/Info] [Main Window System/Thread] ] * close

[20:44:56] [NewConsole/Info] [Client Run/Thread] 加载启动
[20:44:56] [NewConsole/Info] [Client Run/Thread] [Memory] 成功创建分配
[20:44:56] [NewConsole/Warn] [Client Run/Thread] [Menory] About creat memory
name LoadSmPro
Bytes(MB) 1024
[20:44:56] [NewConsole/Info] [Client Run/Thread] [Memory] 正在解析数据...请稍后
[20:44:56] [NewConsole/Info] [Client Run/Thread] [LC] 标签解析完毕，正在传递给内存中...
[20:44:56] [NewConsole/Info] [Client Run/Thread] 成功
[20:45:0] [NewConsole/Warn] [Client Run/Thread] 创建From大小为 x:800 y:600
[20:45:0] [NewConsole/Warn] [Client Run/Thread] 使用这个语言在加载时或完毕时 zh-cn
[20:45:0] [NewConsole/Warn] [Client Run/Thread] 是否放大在加载窗体True
[20:45:0] [NewConsole/Warn] [Client Run/Thread]  [MakeArg] path mo to extr/mo
[20:45:0] [NewConsole/Warn] [Client Run/Thread]  [MakeArg] path sr to extr/sr
[20:45:0] [NewConsole/Warn] [Client Run/Thread]  [MakeArg] path cmd to extr/cmd
[20:45:0] [NewConsole/Warn] [Client Run/Thread]  [MakeArg] path cw to extr/cw
[20:45:0] [NewConsole/Warn] [Client Run/Thread]  [MakeArg] path client/HPC to extr/client/HPC
[20:45:0] [NewConsole/Warn] [Client Run/Thread]  [MakeArg] path server/SPC to extr/server/SPC
[20:45:0] [NewConsole/Warn] [Client Run/Thread]  [MakeArg] path cw to extr/cw
[20:45:1] [NewConsole/Info] [Client Run/Thread] load[
[20:45:1] [NewConsole/Info] [Client Run/Thread] [System plug-in unit] The package extr/mo is sucess load to return 0 at load
[20:45:1] [NewConsole/Info] [Client Run/Thread] [System plug-in unit] The package extr/sr is sucess load to return 0 at load
[20:45:1] [NewConsole/Info] [Client Run/Thread] [System plug-in unit] The package extr/cmd is sucess load to return 0 at load
[20:45:1] [NewConsole/Info] [Client Run/Thread] [System plug-in unit] The package extr/cw is sucess load to return 0 at load
[20:45:1] [NewConsole/Info] [Client Run/Thread] [System plug-in unit] The package extr/client/HPC is sucess load to return 0 at load
[20:45:1] [NewConsole/Info] [Client Run/Thread] [System plug-in unit] The package extr/server/SPC is sucess load to return 0 at load
[20:45:1] [NewConsole/Info] [Client Run/Thread] [System plug-in unit] The package SystemCmdExtr/Shell is sucess load to return 0 at load
[20:45:1] [NewConsole/Info] [Client Run/Thread] ] * load
[20:45:1] [NewConsole/Info] [Client Run/Thread] load[
[20:45:1] [NewConsole/Info] [Client Run/Thread] [System plug-in unit] The package SystemCmdExtr/Helper is sucess load to return 0 at load
[20:45:1] [NewConsole/Info] [Client Run/Thread] [System plug-in unit] The package SystemCmdExtr/LoadRun is sucess load to return 0 at load
[20:45:1] [NewConsole/Info] [Client Run/Thread] [System plug-in unit] The package extr/cw is sucess load to return 0 at load
[20:45:1] [NewConsole/Info] [Client Run/Thread] ] * load
[20:45:1] [NewConsole/Info] [Client Run/Thread] 启动窗体，加载程序
[20:45:2] [NewConsole/Info] [Client Run/Thread] loading[
[20:45:2] [NewConsole/Info] [Client Run/Thread] [System plug-in unit] The package extr/mo is sucess load to return 0 at loading
[20:45:2] [NewConsole/Info] [Client Run/Thread] [System plug-in unit] The package extr/cmd is sucess load to return 0 at getcmd
[20:45:2] [NewConsole/Info] [Client Run/Thread] [System plug-in unit] The package extr/cw is sucess load to return 0 at getcmd
[20:45:2] [NewConsole/Info] [Client Run/Thread] [System plug-in unit] The package extr/client/HPC is sucess load to return 0 at getcmd
[20:45:2] [NewConsole/Info] [Client Run/Thread] [System plug-in unit] The package extr/server/SPC is sucess load to return 0 at getcmd
[20:45:2] [NewConsole/Info] [Client Run/Thread] [System plug-in unit] The package SystemCmdExtr/Shell is sucess load to return 0 at getcmd
[20:45:2] [NewConsole/Info] [Client Run/Thread] [System plug-in unit] The package extr/cmd is sucess load to return 0 at runload
[20:45:2] [NewConsole/Info] [Client Run/Thread] [System plug-in unit] The package extr/sr is sucess load to return 0 at loading
[20:45:2] [NewConsole/Info] [Client Run/Thread] [System plug-in unit] The package extr/cmd is sucess load to return 0 at loading
[20:45:2] [NewConsole/Info] [Client Run/Thread] [System plug-in unit] The package extr/cw is sucess load to return 0 at loading
[20:45:2] [NewConsole/Info] [Client Run/Thread] [System plug-in unit] The package extr/client/HPC is sucess load to return 0 at loading
[20:45:2] [NewConsole/Info] [Client Run/Thread] [System plug-in unit] The package extr/server/SPC is sucess load to return 0 at loading
[20:45:2] [NewConsole/Info] [Client Run/Thread] [System plug-in unit] The package SystemCmdExtr/Shell is sucess load to return 0 at loading
[20:45:2] [NewConsole/Info] [Client Run/Thread] ] * loading

[20:45:15] [NewConsole/Info] [/Thread] [System plug-in unit] The package extr/cmd is sucess load to return 0 at run






[20:46:23] [NewConsole/Info] [Main Window System/Thread] close[
[20:46:23] [NewConsole/Info] [Main Window System/Thread] [System plug-in unit] The package extr/mo is sucess load to return 0 at close
[20:46:23] [NewConsole/Info] [Main Window System/Thread] [System plug-in unit] The package extr/sr is sucess load to return 0 at close
[20:46:23] [NewConsole/Info] [Main Window System/Thread] [System plug-in unit] The package extr/cmd is sucess load to return 0 at close
[20:46:23] [NewConsole/Info] [Main Window System/Thread] [System plug-in unit] The package extr/cw is sucess load to return 0 at close
[20:46:23] [NewConsole/Info] [Main Window System/Thread] [System plug-in unit] The package extr/client/HPC is sucess load to return 0 at close
[20:46:23] [NewConsole/Info] [Main Window System/Thread] [System plug-in unit] The package extr/server/SPC is sucess load to return 0 at close
[20:46:23] [NewConsole/Info] [Main Window System/Thread] [System plug-in unit] The package SystemCmdExtr/Shell is sucess load to return 0 at close
[20:46:23] [NewConsole/Info] [Main Window System/Thread] ] * close

[20:47:37] [NewConsole/Info] [Client Run/Thread] 加载启动
[20:47:37] [NewConsole/Info] [Client Run/Thread] [Memory] 成功创建分配
[20:47:37] [NewConsole/Warn] [Client Run/Thread] [Menory] About creat memory
name LoadSmPro
Bytes(MB) 1024
[20:47:37] [NewConsole/Info] [Client Run/Thread] [Memory] 正在解析数据...请稍后
[20:47:37] [NewConsole/Info] [Client Run/Thread] [LC] 标签解析完毕，正在传递给内存中...
[20:47:37] [NewConsole/Info] [Client Run/Thread] 成功
[20:47:41] [NewConsole/Warn] [Client Run/Thread] 创建From大小为 x:800 y:600
[20:47:41] [NewConsole/Warn] [Client Run/Thread] 使用这个语言在加载时或完毕时 zh-cn
[20:47:41] [NewConsole/Warn] [Client Run/Thread] 是否放大在加载窗体True
[20:47:41] [NewConsole/Warn] [Client Run/Thread]  [MakeArg] path mo to extr/mo
[20:47:41] [NewConsole/Warn] [Client Run/Thread]  [MakeArg] path sr to extr/sr
[20:47:41] [NewConsole/Warn] [Client Run/Thread]  [MakeArg] path cmd to extr/cmd
[20:47:41] [NewConsole/Warn] [Client Run/Thread]  [MakeArg] path cw to extr/cw
[20:47:41] [NewConsole/Warn] [Client Run/Thread]  [MakeArg] path client/HPC to extr/client/HPC
[20:47:41] [NewConsole/Warn] [Client Run/Thread]  [MakeArg] path server/SPC to extr/server/SPC
[20:47:41] [NewConsole/Warn] [Client Run/Thread]  [MakeArg] path cw to extr/cw
[20:47:42] [NewConsole/Info] [Client Run/Thread] load[
[20:47:42] [NewConsole/Info] [Client Run/Thread] [System plug-in unit] The package extr/mo is sucess load to return 0 at load
[20:47:42] [NewConsole/Info] [Client Run/Thread] [System plug-in unit] The package extr/sr is sucess load to return 0 at load
[20:47:42] [NewConsole/Info] [Client Run/Thread] [System plug-in unit] The package extr/cmd is sucess load to return 0 at load
[20:47:42] [NewConsole/Info] [Client Run/Thread] [System plug-in unit] The package extr/cw is sucess load to return 0 at load
[20:47:42] [NewConsole/Info] [Client Run/Thread] [System plug-in unit] The package extr/client/HPC is sucess load to return 0 at load
[20:47:42] [NewConsole/Info] [Client Run/Thread] [System plug-in unit] The package extr/server/SPC is sucess load to return 0 at load
[20:47:42] [NewConsole/Info] [Client Run/Thread] [System plug-in unit] The package SystemCmdExtr/Shell is sucess load to return 0 at load
[20:47:42] [NewConsole/Info] [Client Run/Thread] ] * load
[20:47:42] [NewConsole/Info] [Client Run/Thread] load[
[20:47:42] [NewConsole/Info] [Client Run/Thread] [System plug-in unit] The package SystemCmdExtr/Helper is sucess load to return 0 at load
[20:47:42] [NewConsole/Info] [Client Run/Thread] [System plug-in unit] The package SystemCmdExtr/LoadRun is sucess load to return 0 at load
[20:47:42] [NewConsole/Info] [Client Run/Thread] [System plug-in unit] The package extr/cw is sucess load to return 0 at load
[20:47:42] [NewConsole/Info] [Client Run/Thread] ] * load
[20:47:42] [NewConsole/Info] [Client Run/Thread] 启动窗体，加载程序
[20:47:43] [NewConsole/Info] [Client Run/Thread] loading[
[20:47:43] [NewConsole/Info] [Client Run/Thread] [System plug-in unit] The package extr/mo is sucess load to return 0 at loading
[20:47:43] [NewConsole/Info] [Client Run/Thread] [System plug-in unit] The package extr/cmd is sucess load to return 0 at getcmd
[20:47:43] [NewConsole/Info] [Client Run/Thread] [System plug-in unit] The package extr/cw is sucess load to return 0 at getcmd
[20:47:43] [NewConsole/Info] [Client Run/Thread] [System plug-in unit] The package extr/client/HPC is sucess load to return 0 at getcmd
[20:47:43] [NewConsole/Info] [Client Run/Thread] [System plug-in unit] The package extr/server/SPC is sucess load to return 0 at getcmd
[20:47:43] [NewConsole/Info] [Client Run/Thread] [System plug-in unit] The package SystemCmdExtr/Shell is sucess load to return 0 at getcmd
[20:47:43] [NewConsole/Info] [Client Run/Thread] [System plug-in unit] The package extr/cmd is sucess load to return 0 at runload
[20:47:43] [NewConsole/Info] [Client Run/Thread] [System plug-in unit] The package extr/sr is sucess load to return 0 at loading
[20:47:43] [NewConsole/Info] [Client Run/Thread] [System plug-in unit] The package extr/cmd is sucess load to return 0 at loading
[20:47:43] [NewConsole/Info] [Client Run/Thread] [System plug-in unit] The package extr/cw is sucess load to return 0 at loading
[20:47:43] [NewConsole/Info] [Client Run/Thread] [System plug-in unit] The package extr/client/HPC is sucess load to return 0 at loading
[20:47:43] [NewConsole/Info] [Client Run/Thread] [System plug-in unit] The package extr/server/SPC is sucess load to return 0 at loading
[20:47:43] [NewConsole/Info] [Client Run/Thread] [System plug-in unit] The package SystemCmdExtr/Shell is sucess load to return 0 at loading
[20:47:43] [NewConsole/Info] [Client Run/Thread] ] * loading

[20:47:53] [NewConsole/Info] [/Thread] [System plug-in unit] The package extr/cmd is sucess load to return 0 at run





[20:48:56] [NewConsole/Info] [Main Window System/Thread] close[
[20:48:56] [NewConsole/Info] [Main Window System/Thread] [System plug-in unit] The package extr/mo is sucess load to return 0 at close
[20:48:56] [NewConsole/Info] [Main Window System/Thread] [System plug-in unit] The package extr/sr is sucess load to return 0 at close
[20:48:56] [NewConsole/Info] [Main Window System/Thread] [System plug-in unit] The package extr/cmd is sucess load to return 0 at close
[20:48:56] [NewConsole/Info] [Main Window System/Thread] [System plug-in unit] The package extr/cw is sucess load to return 0 at close
[20:48:56] [NewConsole/Info] [Main Window System/Thread] [System plug-in unit] The package extr/client/HPC is sucess load to return 0 at close
[20:48:56] [NewConsole/Info] [Main Window System/Thread] [System plug-in unit] The package extr/server/SPC is sucess load to return 0 at close
[20:48:56] [NewConsole/Info] [Main Window System/Thread] [System plug-in unit] The package SystemCmdExtr/Shell is sucess load to return 0 at close
[20:48:56] [NewConsole/Info] [Main Window System/Thread] ] * close

[20:49:14] [NewConsole/Info] [Client Run/Thread] 加载启动
[20:49:14] [NewConsole/Info] [Client Run/Thread] [Memory] 成功创建分配
[20:49:14] [NewConsole/Warn] [Client Run/Thread] [Menory] About creat memory
name LoadSmPro
Bytes(MB) 1024
[20:49:14] [NewConsole/Info] [Client Run/Thread] [Memory] 正在解析数据...请稍后
[20:49:14] [NewConsole/Info] [Client Run/Thread] [LC] 标签解析完毕，正在传递给内存中...
[20:49:14] [NewConsole/Info] [Client Run/Thread] 成功
[20:49:17] [NewConsole/Warn] [Client Run/Thread] 创建From大小为 x:800 y:600
[20:49:17] [NewConsole/Warn] [Client Run/Thread] 使用这个语言在加载时或完毕时 zh-cn
[20:49:17] [NewConsole/Warn] [Client Run/Thread] 是否放大在加载窗体True
[20:49:17] [NewConsole/Warn] [Client Run/Thread]  [MakeArg] path mo to extr/mo
[20:49:17] [NewConsole/Warn] [Client Run/Thread]  [MakeArg] path sr to extr/sr
[20:49:17] [NewConsole/Warn] [Client Run/Thread]  [MakeArg] path cmd to extr/cmd
[20:49:17] [NewConsole/Warn] [Client Run/Thread]  [MakeArg] path cw to extr/cw
[20:49:17] [NewConsole/Warn] [Client Run/Thread]  [MakeArg] path client/HPC to extr/client/HPC
[20:49:17] [NewConsole/Warn] [Client Run/Thread]  [MakeArg] path server/SPC to extr/server/SPC
[20:49:17] [NewConsole/Warn] [Client Run/Thread]  [MakeArg] path cw to extr/cw
[20:49:18] [NewConsole/Info] [Client Run/Thread] load[
[20:49:18] [NewConsole/Info] [Client Run/Thread] [System plug-in unit] The package extr/mo is sucess load to return 0 at load
[20:49:19] [NewConsole/Info] [Client Run/Thread] [System plug-in unit] The package extr/sr is sucess load to return 0 at load
[20:49:19] [NewConsole/Info] [Client Run/Thread] [System plug-in unit] The package extr/cmd is sucess load to return 0 at load
[20:49:19] [NewConsole/Info] [Client Run/Thread] [System plug-in unit] The package extr/cw is sucess load to return 0 at load
[20:49:19] [NewConsole/Info] [Client Run/Thread] [System plug-in unit] The package extr/client/HPC is sucess load to return 0 at load
[20:49:19] [NewConsole/Info] [Client Run/Thread] [System plug-in unit] The package extr/server/SPC is sucess load to return 0 at load
[20:49:19] [NewConsole/Info] [Client Run/Thread] [System plug-in unit] The package SystemCmdExtr/Shell is sucess load to return 0 at load
[20:49:19] [NewConsole/Info] [Client Run/Thread] ] * load
[20:49:19] [NewConsole/Info] [Client Run/Thread] load[
[20:49:19] [NewConsole/Info] [Client Run/Thread] [System plug-in unit] The package SystemCmdExtr/Helper is sucess load to return 0 at load
[20:49:19] [NewConsole/Info] [Client Run/Thread] [System plug-in unit] The package SystemCmdExtr/LoadRun is sucess load to return 0 at load
[20:49:19] [NewConsole/Info] [Client Run/Thread] [System plug-in unit] The package extr/cw is sucess load to return 0 at load
[20:49:19] [NewConsole/Info] [Client Run/Thread] ] * load
[20:49:19] [NewConsole/Info] [Client Run/Thread] 启动窗体，加载程序
[20:49:19] [NewConsole/Info] [Client Run/Thread] loading[
[20:49:19] [NewConsole/Info] [Client Run/Thread] [System plug-in unit] The package extr/mo is sucess load to return 0 at loading
[20:49:19] [NewConsole/Info] [Client Run/Thread] [System plug-in unit] The package extr/cmd is sucess load to return 0 at getcmd
[20:49:19] [NewConsole/Info] [Client Run/Thread] [System plug-in unit] The package extr/cw is sucess load to return 0 at getcmd
[20:49:19] [NewConsole/Info] [Client Run/Thread] [System plug-in unit] The package extr/client/HPC is sucess load to return 0 at getcmd
[20:49:19] [NewConsole/Info] [Client Run/Thread] [System plug-in unit] The package extr/server/SPC is sucess load to return 0 at getcmd
[20:49:19] [NewConsole/Info] [Client Run/Thread] [System plug-in unit] The package SystemCmdExtr/Shell is sucess load to return 0 at getcmd
[20:49:19] [NewConsole/Info] [Client Run/Thread] [System plug-in unit] The package extr/cmd is sucess load to return 0 at runload
[20:49:20] [NewConsole/Info] [Client Run/Thread] [System plug-in unit] The package extr/sr is sucess load to return 0 at loading
[20:49:20] [NewConsole/Info] [Client Run/Thread] [System plug-in unit] The package extr/cmd is sucess load to return 0 at loading
[20:49:20] [NewConsole/Info] [Client Run/Thread] [System plug-in unit] The package extr/cw is sucess load to return 0 at loading
[20:49:20] [NewConsole/Info] [Client Run/Thread] [System plug-in unit] The package extr/client/HPC is sucess load to return 0 at loading
[20:49:20] [NewConsole/Info] [Client Run/Thread] [System plug-in unit] The package extr/server/SPC is sucess load to return 0 at loading
[20:49:20] [NewConsole/Info] [Client Run/Thread] [System plug-in unit] The package SystemCmdExtr/Shell is sucess load to return 0 at loading
[20:49:20] [NewConsole/Info] [Client Run/Thread] ] * loading



[20:49:51] [NewConsole/Info] [/Thread] [System plug-in unit] The package extr/cmd is sucess load to return 0 at run











[20:52:7] [NewConsole/Info] [Main Window System/Thread] close[
[20:52:7] [NewConsole/Info] [Main Window System/Thread] [System plug-in unit] The package extr/mo is sucess load to return 0 at close
[20:52:7] [NewConsole/Info] [Main Window System/Thread] [System plug-in unit] The package extr/sr is sucess load to return 0 at close
[20:52:7] [NewConsole/Info] [Main Window System/Thread] [System plug-in unit] The package extr/cmd is sucess load to return 0 at close
[20:52:7] [NewConsole/Info] [Main Window System/Thread] [System plug-in unit] The package extr/cw is sucess load to return 0 at close
[20:52:7] [NewConsole/Info] [Main Window System/Thread] [System plug-in unit] The package extr/client/HPC is sucess load to return 0 at close
[20:52:7] [NewConsole/Info] [Main Window System/Thread] [System plug-in unit] The package extr/server/SPC is sucess load to return 0 at close
[20:52:7] [NewConsole/Info] [Main Window System/Thread] [System plug-in unit] The package SystemCmdExtr/Shell is sucess load to return 0 at close
[20:52:7] [NewConsole/Info] [Main Window System/Thread] ] * close

[20:52:18] [NewConsole/Info] [Client Run/Thread] 加载启动
[20:52:19] [NewConsole/Info] [Client Run/Thread] [Memory] 成功创建分配
[20:52:19] [NewConsole/Warn] [Client Run/Thread] [Menory] About creat memory
name LoadSmPro
Bytes(MB) 1024
[20:52:19] [NewConsole/Info] [Client Run/Thread] [Memory] 正在解析数据...请稍后
[20:52:19] [NewConsole/Info] [Client Run/Thread] [LC] 标签解析完毕，正在传递给内存中...
[20:52:19] [NewConsole/Info] [Client Run/Thread] 成功
[20:52:22] [NewConsole/Warn] [Client Run/Thread] 创建From大小为 x:800 y:600
[20:52:22] [NewConsole/Warn] [Client Run/Thread] 使用这个语言在加载时或完毕时 zh-cn
[20:52:22] [NewConsole/Warn] [Client Run/Thread] 是否放大在加载窗体True
[20:52:22] [NewConsole/Warn] [Client Run/Thread]  [MakeArg] path mo to extr/mo
[20:52:22] [NewConsole/Warn] [Client Run/Thread]  [MakeArg] path sr to extr/sr
[20:52:22] [NewConsole/Warn] [Client Run/Thread]  [MakeArg] path cmd to extr/cmd
[20:52:22] [NewConsole/Warn] [Client Run/Thread]  [MakeArg] path cw to extr/cw
[20:52:22] [NewConsole/Warn] [Client Run/Thread]  [MakeArg] path client/HPC to extr/client/HPC
[20:52:22] [NewConsole/Warn] [Client Run/Thread]  [MakeArg] path server/SPC to extr/server/SPC
[20:52:22] [NewConsole/Warn] [Client Run/Thread]  [MakeArg] path cw to extr/cw
[20:52:23] [NewConsole/Info] [Client Run/Thread] load[
[20:52:23] [NewConsole/Info] [Client Run/Thread] [System plug-in unit] The package extr/mo is sucess load to return 0 at load
[20:52:24] [NewConsole/Info] [Client Run/Thread] [System plug-in unit] The package extr/sr is sucess load to return 0 at load
[20:52:24] [NewConsole/Info] [Client Run/Thread] [System plug-in unit] The package extr/cmd is sucess load to return 0 at load
[20:52:24] [NewConsole/Info] [Client Run/Thread] [System plug-in unit] The package extr/cw is sucess load to return 0 at load
[20:52:24] [NewConsole/Info] [Client Run/Thread] [System plug-in unit] The package extr/client/HPC is sucess load to return 0 at load
[20:52:24] [NewConsole/Info] [Client Run/Thread] [System plug-in unit] The package extr/server/SPC is sucess load to return 0 at load
[20:52:24] [NewConsole/Info] [Client Run/Thread] [System plug-in unit] The package SystemCmdExtr/Shell is sucess load to return 0 at load
[20:52:24] [NewConsole/Info] [Client Run/Thread] ] * load
[20:52:24] [NewConsole/Info] [Client Run/Thread] load[
[20:52:24] [NewConsole/Info] [Client Run/Thread] [System plug-in unit] The package SystemCmdExtr/Helper is sucess load to return 0 at load
[20:52:24] [NewConsole/Info] [Client Run/Thread] [System plug-in unit] The package SystemCmdExtr/LoadRun is sucess load to return 0 at load
[20:52:24] [NewConsole/Info] [Client Run/Thread] [System plug-in unit] The package extr/cw is sucess load to return 0 at load
[20:52:24] [NewConsole/Info] [Client Run/Thread] ] * load
[20:52:24] [NewConsole/Info] [Client Run/Thread] 启动窗体，加载程序
[20:52:24] [NewConsole/Info] [Client Run/Thread] loading[
[20:52:24] [NewConsole/Info] [Client Run/Thread] [System plug-in unit] The package extr/mo is sucess load to return 0 at loading
[20:52:24] [NewConsole/Info] [Client Run/Thread] [System plug-in unit] The package extr/cmd is sucess load to return 0 at getcmd
[20:52:24] [NewConsole/Info] [Client Run/Thread] [System plug-in unit] The package extr/cw is sucess load to return 0 at getcmd
[20:52:24] [NewConsole/Info] [Client Run/Thread] [System plug-in unit] The package extr/client/HPC is sucess load to return 0 at getcmd
[20:52:24] [NewConsole/Info] [Client Run/Thread] [System plug-in unit] The package extr/server/SPC is sucess load to return 0 at getcmd
[20:52:24] [NewConsole/Info] [Client Run/Thread] [System plug-in unit] The package SystemCmdExtr/Shell is sucess load to return 0 at getcmd
[20:52:24] [NewConsole/Info] [Client Run/Thread] [System plug-in unit] The package extr/cmd is sucess load to return 0 at runload
[20:52:25] [NewConsole/Info] [Client Run/Thread] [System plug-in unit] The package extr/sr is sucess load to return 0 at loading
[20:52:25] [NewConsole/Info] [Client Run/Thread] [System plug-in unit] The package extr/cmd is sucess load to return 0 at loading
[20:52:25] [NewConsole/Info] [Client Run/Thread] [System plug-in unit] The package extr/cw is sucess load to return 0 at loading
[20:52:25] [NewConsole/Info] [Client Run/Thread] [System plug-in unit] The package extr/client/HPC is sucess load to return 0 at loading
[20:52:25] [NewConsole/Info] [Client Run/Thread] [System plug-in unit] The package extr/server/SPC is sucess load to return 0 at loading
[20:52:25] [NewConsole/Info] [Client Run/Thread] [System plug-in unit] The package SystemCmdExtr/Shell is sucess load to return 0 at loading
[20:52:25] [NewConsole/Info] [Client Run/Thread] ] * loading









[20:54:16] [NewConsole/Info] [/Thread] [System plug-in unit] The package extr/cmd is sucess load to return 0 at run






















[20:58:33] [NewConsole/Info] [Main Window System/Thread] close[
[20:58:33] [NewConsole/Info] [Main Window System/Thread] [System plug-in unit] The package extr/mo is sucess load to return 0 at close
[20:58:33] [NewConsole/Info] [Main Window System/Thread] [System plug-in unit] The package extr/sr is sucess load to return 0 at close
[20:58:33] [NewConsole/Info] [Main Window System/Thread] [System plug-in unit] The package extr/cmd is sucess load to return 0 at close
[20:58:33] [NewConsole/Info] [Main Window System/Thread] [System plug-in unit] The package extr/cw is sucess load to return 0 at close
[20:58:33] [NewConsole/Info] [Main Window System/Thread] [System plug-in unit] The package extr/client/HPC is sucess load to return 0 at close
[20:58:33] [NewConsole/Info] [Main Window System/Thread] [System plug-in unit] The package extr/server/SPC is sucess load to return 0 at close
[20:58:33] [NewConsole/Info] [Main Window System/Thread] [System plug-in unit] The package SystemCmdExtr/Shell is sucess load to return 0 at close
[20:58:33] [NewConsole/Info] [Main Window System/Thread] ] * close

