#Console Printf about side
#       Code Memory this...
#       WriteTime about (s)16
#
#Endl
[23:25:4] [NewConsole/Info] [Client Run/Thread] 加载启动
[23:25:5] [NewConsole/Info] [Client Run/Thread] [Memory] 成功创建分配
[23:25:5] [NewConsole/Warn] [Client Run/Thread] [Menory] About creat memory
name LoadSmPro
Bytes(MB) 1024
[23:25:5] [NewConsole/Info] [Client Run/Thread] [Memory] 正在解析数据...请稍后
[23:25:5] [NewConsole/Info] [Client Run/Thread] [LC] 标签解析完毕，正在传递给内存中...
[23:25:5] [NewConsole/Info] [Client Run/Thread] 成功
[23:25:8] [NewConsole/Warn] [Client Run/Thread] 创建From大小为 x:800 y:600
[23:25:8] [NewConsole/Warn] [Client Run/Thread] 使用这个语言在加载时或完毕时 zh-cn
[23:25:8] [NewConsole/Warn] [Client Run/Thread] 是否放大在加载窗体True
[23:25:8] [NewConsole/Warn] [Client Run/Thread]  [MakeArg] path mo to extr/mo
[23:25:8] [NewConsole/Warn] [Client Run/Thread]  [MakeArg] path sr to extr/sr
[23:25:8] [NewConsole/Warn] [Client Run/Thread]  [MakeArg] path cmd to extr/cmd
[23:25:8] [NewConsole/Warn] [Client Run/Thread]  [MakeArg] path cw to extr/cw
[23:25:8] [NewConsole/Warn] [Client Run/Thread]  [MakeArg] path client/HPC to extr/client/HPC
[23:25:8] [NewConsole/Warn] [Client Run/Thread]  [MakeArg] path server/SPC to extr/server/SPC
[23:25:8] [NewConsole/Warn] [Client Run/Thread]  [MakeArg] path cw to extr/cw
[23:25:9] [NewConsole/Info] [Client Run/Thread] load[
[23:25:9] [NewConsole/Info] [Client Run/Thread] [System plug-in unit] The package extr/mo is sucess load to return 0 at load
[23:25:9] [NewConsole/Info] [Client Run/Thread] [System plug-in unit] The package extr/sr is sucess load to return 0 at load
[23:25:9] [NewConsole/Info] [Client Run/Thread] [System plug-in unit] The package extr/cmd is sucess load to return 0 at load
[23:25:10] [NewConsole/Info] [Client Run/Thread] [System plug-in unit] The package extr/cw is sucess load to return 0 at load
[23:25:10] [NewConsole/Info] [Client Run/Thread] [System plug-in unit] The package extr/client/HPC is sucess load to return 0 at load
[23:25:10] [NewConsole/Info] [Client Run/Thread] [System plug-in unit] The package extr/server/SPC is sucess load to return 0 at load
[23:25:10] [NewConsole/Info] [Client Run/Thread] [System plug-in unit] The package SystemCmdExtr/Shell is sucess load to return 0 at load
[23:25:10] [NewConsole/Info] [Client Run/Thread] ] * load
[23:25:10] [NewConsole/Info] [Client Run/Thread] load[
[23:25:10] [NewConsole/Info] [Client Run/Thread] [System plug-in unit] The package SystemCmdExtr/Helper is sucess load to return 0 at load
[23:25:10] [NewConsole/Info] [Client Run/Thread] [System plug-in unit] The package SystemCmdExtr/LoadRun is sucess load to return 0 at load
[23:25:10] [NewConsole/Info] [Client Run/Thread] [System plug-in unit] The package extr/cw is sucess load to return 0 at load
[23:25:10] [NewConsole/Info] [Client Run/Thread] ] * load
[23:25:10] [NewConsole/Info] [Client Run/Thread] 启动窗体，加载程序
[23:25:10] [NewConsole/Info] [Client Run/Thread] loading[
[23:25:10] [NewConsole/Info] [Client Run/Thread] [System plug-in unit] The package extr/mo is sucess load to return 0 at loading
[23:25:10] [NewConsole/Info] [Client Run/Thread] [System plug-in unit] The package extr/sr is sucess load to return 0 at loading
[23:25:10] [NewConsole/Info] [Client Run/Thread] [System plug-in unit] The package extr/cmd is sucess load to return 0 at loading
[23:25:10] [NewConsole/Info] [Client Run/Thread] [System plug-in unit] The package extr/cw is sucess load to return 0 at loading
[23:25:10] [NewConsole/Info] [Client Run/Thread] [System plug-in unit] The package extr/client/HPC is sucess load to return 0 at loading
[23:25:10] [NewConsole/Info] [Client Run/Thread] [System plug-in unit] The package extr/server/SPC is sucess load to return 0 at loading
[23:25:10] [NewConsole/Info] [Client Run/Thread] [System plug-in unit] The package SystemCmdExtr/Shell is sucess load to return 0 at loading
[23:25:10] [NewConsole/Info] [Client Run/Thread] ] * loading
[23:25:11] [NewConsole/Info] [/Thread] [System plug-in unit] The package extr/cmd is sucess load to return 0 at getcmd
[23:25:11] [NewConsole/Info] [/Thread] [System plug-in unit] The package extr/cw is sucess load to return 0 at getcmd
[23:25:11] [NewConsole/Info] [/Thread] [System plug-in unit] The package extr/client/HPC is sucess load to return 0 at getcmd
[23:25:11] [NewConsole/Info] [/Thread] [System plug-in unit] The package extr/server/SPC is sucess load to return 0 at getcmd
[23:25:11] [NewConsole/Info] [/Thread] [System plug-in unit] The package SystemCmdExtr/Shell is sucess load to return 0 at getcmd
[23:25:11] [NewConsole/Info] [/Thread] [System plug-in unit] The package extr/cmd is sucess load to return 0 at runload
[23:25:19] [NewConsole/Info] [/Thread] [System plug-in unit] The package extr/cmd is sucess load to return 0 at run

[23:26:57] [NewConsole/Info] [Client Run/Thread] 加载启动
[23:26:58] [NewConsole/Info] [Client Run/Thread] [Memory] 成功创建分配
[23:26:58] [NewConsole/Warn] [Client Run/Thread] [Menory] About creat memory
name LoadSmPro
Bytes(MB) 1024
[23:26:58] [NewConsole/Info] [Client Run/Thread] [Memory] 正在解析数据...请稍后
[23:26:58] [NewConsole/Info] [Client Run/Thread] [LC] 标签解析完毕，正在传递给内存中...
[23:26:58] [NewConsole/Info] [Client Run/Thread] 成功
[23:27:1] [NewConsole/Warn] [Client Run/Thread] 创建From大小为 x:800 y:600
[23:27:1] [NewConsole/Warn] [Client Run/Thread] 使用这个语言在加载时或完毕时 zh-cn
[23:27:1] [NewConsole/Warn] [Client Run/Thread] 是否放大在加载窗体True
[23:27:1] [NewConsole/Warn] [Client Run/Thread]  [MakeArg] path mo to extr/mo
[23:27:1] [NewConsole/Warn] [Client Run/Thread]  [MakeArg] path sr to extr/sr
[23:27:1] [NewConsole/Warn] [Client Run/Thread]  [MakeArg] path cmd to extr/cmd
[23:27:1] [NewConsole/Warn] [Client Run/Thread]  [MakeArg] path cw to extr/cw
[23:27:1] [NewConsole/Warn] [Client Run/Thread]  [MakeArg] path client/HPC to extr/client/HPC
[23:27:1] [NewConsole/Warn] [Client Run/Thread]  [MakeArg] path server/SPC to extr/server/SPC
[23:27:1] [NewConsole/Warn] [Client Run/Thread]  [MakeArg] path cw to extr/cw
[23:27:2] [NewConsole/Info] [Client Run/Thread] load[
[23:27:2] [NewConsole/Info] [Client Run/Thread] [System plug-in unit] The package extr/mo is sucess load to return 0 at load
[23:27:2] [NewConsole/Info] [Client Run/Thread] [System plug-in unit] The package extr/sr is sucess load to return 0 at load
[23:27:2] [NewConsole/Info] [Client Run/Thread] [System plug-in unit] The package extr/cmd is sucess load to return 0 at load
[23:27:2] [NewConsole/Info] [Client Run/Thread] [System plug-in unit] The package extr/cw is sucess load to return 0 at load
[23:27:2] [NewConsole/Info] [Client Run/Thread] [System plug-in unit] The package extr/client/HPC is sucess load to return 0 at load
[23:27:2] [NewConsole/Info] [Client Run/Thread] [System plug-in unit] The package extr/server/SPC is sucess load to return 0 at load
[23:27:2] [NewConsole/Info] [Client Run/Thread] [System plug-in unit] The package SystemCmdExtr/Shell is sucess load to return 0 at load
[23:27:2] [NewConsole/Info] [Client Run/Thread] ] * load
[23:27:2] [NewConsole/Info] [Client Run/Thread] load[
[23:27:2] [NewConsole/Info] [Client Run/Thread] [System plug-in unit] The package SystemCmdExtr/Helper is sucess load to return 0 at load
[23:27:2] [NewConsole/Info] [Client Run/Thread] [System plug-in unit] The package SystemCmdExtr/LoadRun is sucess load to return 0 at load
[23:27:2] [NewConsole/Info] [Client Run/Thread] [System plug-in unit] The package extr/cw is sucess load to return 0 at load
[23:27:2] [NewConsole/Info] [Client Run/Thread] ] * load
[23:27:2] [NewConsole/Info] [Client Run/Thread] 启动窗体，加载程序
[23:27:3] [NewConsole/Info] [Client Run/Thread] loading[
[23:27:3] [NewConsole/Info] [Client Run/Thread] [System plug-in unit] The package extr/mo is sucess load to return 0 at loading
[23:27:3] [NewConsole/Info] [Client Run/Thread] [System plug-in unit] The package extr/sr is sucess load to return 0 at loading
[23:27:3] [NewConsole/Info] [Client Run/Thread] [System plug-in unit] The package extr/cmd is sucess load to return 0 at loading
[23:27:3] [NewConsole/Info] [Client Run/Thread] [System plug-in unit] The package extr/cw is sucess load to return 0 at loading
[23:27:3] [NewConsole/Info] [Client Run/Thread] [System plug-in unit] The package extr/client/HPC is sucess load to return 0 at loading
[23:27:3] [NewConsole/Info] [Client Run/Thread] [System plug-in unit] The package extr/server/SPC is sucess load to return 0 at loading
[23:27:3] [NewConsole/Info] [Client Run/Thread] [System plug-in unit] The package SystemCmdExtr/Shell is sucess load to return 0 at loading
[23:27:3] [NewConsole/Info] [Client Run/Thread] ] * loading
[23:27:4] [NewConsole/Info] [/Thread] [System plug-in unit] The package extr/cmd is sucess load to return 0 at getcmd
[23:27:4] [NewConsole/Info] [/Thread] [System plug-in unit] The package extr/cw is sucess load to return 0 at getcmd
[23:27:4] [NewConsole/Info] [/Thread] [System plug-in unit] The package extr/client/HPC is sucess load to return 0 at getcmd
[23:27:4] [NewConsole/Info] [/Thread] [System plug-in unit] The package extr/server/SPC is sucess load to return 0 at getcmd
[23:27:4] [NewConsole/Info] [/Thread] [System plug-in unit] The package SystemCmdExtr/Shell is sucess load to return 0 at getcmd
[23:27:4] [NewConsole/Info] [/Thread] [System plug-in unit] The package extr/cmd is sucess load to return 0 at runload


[23:27:33] [NewConsole/Info] [/Thread] [System plug-in unit] The package extr/cmd is sucess load to return 0 at run

[23:29:14] [NewConsole/Info] [Client Run/Thread] 加载启动
[23:29:14] [NewConsole/Info] [Client Run/Thread] [Memory] 成功创建分配
[23:29:14] [NewConsole/Warn] [Client Run/Thread] [Menory] About creat memory
name LoadSmPro
Bytes(MB) 1024
[23:29:14] [NewConsole/Info] [Client Run/Thread] [Memory] 正在解析数据...请稍后
[23:29:14] [NewConsole/Info] [Client Run/Thread] [LC] 标签解析完毕，正在传递给内存中...
[23:29:14] [NewConsole/Info] [Client Run/Thread] 成功
[23:29:17] [NewConsole/Warn] [Client Run/Thread] 创建From大小为 x:800 y:600
[23:29:17] [NewConsole/Warn] [Client Run/Thread] 使用这个语言在加载时或完毕时 zh-cn
[23:29:17] [NewConsole/Warn] [Client Run/Thread] 是否放大在加载窗体True
[23:29:17] [NewConsole/Warn] [Client Run/Thread]  [MakeArg] path mo to extr/mo
[23:29:17] [NewConsole/Warn] [Client Run/Thread]  [MakeArg] path sr to extr/sr
[23:29:17] [NewConsole/Warn] [Client Run/Thread]  [MakeArg] path cmd to extr/cmd
[23:29:17] [NewConsole/Warn] [Client Run/Thread]  [MakeArg] path cw to extr/cw
[23:29:17] [NewConsole/Warn] [Client Run/Thread]  [MakeArg] path client/HPC to extr/client/HPC
[23:29:17] [NewConsole/Warn] [Client Run/Thread]  [MakeArg] path server/SPC to extr/server/SPC
[23:29:17] [NewConsole/Warn] [Client Run/Thread]  [MakeArg] path cw to extr/cw
[23:29:18] [NewConsole/Info] [Client Run/Thread] load[
[23:29:18] [NewConsole/Info] [Client Run/Thread] [System plug-in unit] The package extr/mo is sucess load to return 0 at load
[23:29:18] [NewConsole/Info] [Client Run/Thread] [System plug-in unit] The package extr/sr is sucess load to return 0 at load
[23:29:18] [NewConsole/Info] [Client Run/Thread] [System plug-in unit] The package extr/cmd is sucess load to return 0 at load
[23:29:19] [NewConsole/Info] [Client Run/Thread] [System plug-in unit] The package extr/cw is sucess load to return 0 at load
[23:29:19] [NewConsole/Info] [Client Run/Thread] [System plug-in unit] The package extr/client/HPC is sucess load to return 0 at load
[23:29:19] [NewConsole/Info] [Client Run/Thread] [System plug-in unit] The package extr/server/SPC is sucess load to return 0 at load
[23:29:19] [NewConsole/Info] [Client Run/Thread] [System plug-in unit] The package SystemCmdExtr/Shell is sucess load to return 0 at load
[23:29:19] [NewConsole/Info] [Client Run/Thread] ] * load
[23:29:19] [NewConsole/Info] [Client Run/Thread] load[
[23:29:19] [NewConsole/Info] [Client Run/Thread] [System plug-in unit] The package SystemCmdExtr/Helper is sucess load to return 0 at load
[23:29:19] [NewConsole/Info] [Client Run/Thread] [System plug-in unit] The package SystemCmdExtr/LoadRun is sucess load to return 0 at load
[23:29:19] [NewConsole/Info] [Client Run/Thread] [System plug-in unit] The package extr/cw is sucess load to return 0 at load
[23:29:19] [NewConsole/Info] [Client Run/Thread] ] * load
[23:29:19] [NewConsole/Info] [Client Run/Thread] 启动窗体，加载程序
[23:29:19] [NewConsole/Info] [Client Run/Thread] loading[
[23:29:19] [NewConsole/Info] [Client Run/Thread] [System plug-in unit] The package extr/mo is sucess load to return 0 at loading
[23:29:19] [NewConsole/Info] [Client Run/Thread] [System plug-in unit] The package extr/sr is sucess load to return 0 at loading
[23:29:19] [NewConsole/Info] [Client Run/Thread] [System plug-in unit] The package extr/cmd is sucess load to return 0 at loading
[23:29:19] [NewConsole/Info] [Client Run/Thread] [System plug-in unit] The package extr/cw is sucess load to return 0 at loading
[23:29:19] [NewConsole/Info] [Client Run/Thread] [System plug-in unit] The package extr/client/HPC is sucess load to return 0 at loading
[23:29:19] [NewConsole/Info] [Client Run/Thread] [System plug-in unit] The package extr/server/SPC is sucess load to return 0 at loading
[23:29:19] [NewConsole/Info] [Client Run/Thread] [System plug-in unit] The package SystemCmdExtr/Shell is sucess load to return 0 at loading
[23:29:19] [NewConsole/Info] [Client Run/Thread] ] * loading
[23:29:21] [NewConsole/Info] [/Thread] [System plug-in unit] The package extr/cmd is sucess load to return 0 at getcmd
[23:29:21] [NewConsole/Info] [/Thread] [System plug-in unit] The package extr/cw is sucess load to return 0 at getcmd
[23:29:21] [NewConsole/Info] [/Thread] [System plug-in unit] The package extr/client/HPC is sucess load to return 0 at getcmd
[23:29:21] [NewConsole/Info] [/Thread] [System plug-in unit] The package extr/server/SPC is sucess load to return 0 at getcmd
[23:29:21] [NewConsole/Info] [/Thread] [System plug-in unit] The package SystemCmdExtr/Shell is sucess load to return 0 at getcmd
[23:29:21] [NewConsole/Info] [/Thread] [System plug-in unit] The package extr/cmd is sucess load to return 0 at runload

[23:29:29] [NewConsole/Info] [/Thread] [System plug-in unit] The package extr/cmd is sucess load to return 0 at run



[23:37:36] [NewConsole/Info] [Client Run/Thread] 加载启动
[23:37:37] [NewConsole/Info] [Client Run/Thread] [Memory] 成功创建分配
[23:37:37] [NewConsole/Warn] [Client Run/Thread] [Menory] About creat memory
name LoadSmPro
Bytes(MB) 1024
[23:37:37] [NewConsole/Info] [Client Run/Thread] [Memory] 正在解析数据...请稍后
[23:37:37] [NewConsole/Info] [Client Run/Thread] [LC] 标签解析完毕，正在传递给内存中...
[23:37:37] [NewConsole/Info] [Client Run/Thread] 成功
[23:37:40] [NewConsole/Warn] [Client Run/Thread] 创建From大小为 x:800 y:600
[23:37:40] [NewConsole/Warn] [Client Run/Thread] 使用这个语言在加载时或完毕时 zh-cn
[23:37:40] [NewConsole/Warn] [Client Run/Thread] 是否放大在加载窗体True
[23:37:40] [NewConsole/Warn] [Client Run/Thread]  [MakeArg] path mo to extr/mo
[23:37:40] [NewConsole/Warn] [Client Run/Thread]  [MakeArg] path sr to extr/sr
[23:37:40] [NewConsole/Warn] [Client Run/Thread]  [MakeArg] path cmd to extr/cmd
[23:37:40] [NewConsole/Warn] [Client Run/Thread]  [MakeArg] path cw to extr/cw
[23:37:40] [NewConsole/Warn] [Client Run/Thread]  [MakeArg] path client/HPC to extr/client/HPC
[23:37:40] [NewConsole/Warn] [Client Run/Thread]  [MakeArg] path server/SPC to extr/server/SPC
[23:37:40] [NewConsole/Warn] [Client Run/Thread]  [MakeArg] path cw to extr/cw
[23:37:41] [NewConsole/Info] [Client Run/Thread] load[
[23:37:41] [NewConsole/Info] [Client Run/Thread] [System plug-in unit] The package extr/mo is sucess load to return 0 at load
[23:37:41] [NewConsole/Info] [Client Run/Thread] [System plug-in unit] The package extr/sr is sucess load to return 0 at load
[23:37:41] [NewConsole/Info] [Client Run/Thread] [System plug-in unit] The package extr/cmd is sucess load to return 0 at load
[23:37:41] [NewConsole/Info] [Client Run/Thread] [System plug-in unit] The package extr/cw is sucess load to return 0 at load
[23:37:41] [NewConsole/Info] [Client Run/Thread] [System plug-in unit] The package extr/client/HPC is sucess load to return 0 at load
[23:37:41] [NewConsole/Info] [Client Run/Thread] [System plug-in unit] The package extr/server/SPC is sucess load to return 0 at load
[23:37:41] [NewConsole/Info] [Client Run/Thread] [System plug-in unit] The package SystemCmdExtr/Shell is sucess load to return 0 at load
[23:37:41] [NewConsole/Info] [Client Run/Thread] ] * load
[23:37:41] [NewConsole/Info] [Client Run/Thread] load[
[23:37:41] [NewConsole/Info] [Client Run/Thread] [System plug-in unit] The package SystemCmdExtr/Helper is sucess load to return 0 at load
[23:37:41] [NewConsole/Info] [Client Run/Thread] [System plug-in unit] The package SystemCmdExtr/LoadRun is sucess load to return 0 at load
[23:37:42] [NewConsole/Info] [Client Run/Thread] [System plug-in unit] The package extr/cw is sucess load to return 0 at load
[23:37:42] [NewConsole/Info] [Client Run/Thread] ] * load
[23:37:42] [NewConsole/Info] [Client Run/Thread] 启动窗体，加载程序
[23:37:42] [NewConsole/Info] [Client Run/Thread] loading[
[23:37:42] [NewConsole/Info] [Client Run/Thread] [System plug-in unit] The package extr/mo is sucess load to return 0 at loading
[23:37:42] [NewConsole/Info] [Client Run/Thread] [System plug-in unit] The package extr/sr is sucess load to return 0 at loading
[23:37:42] [NewConsole/Info] [Client Run/Thread] [System plug-in unit] The package extr/cmd is sucess load to return 0 at loading
[23:37:42] [NewConsole/Info] [Client Run/Thread] [System plug-in unit] The package extr/cw is sucess load to return 0 at loading
[23:37:42] [NewConsole/Info] [Client Run/Thread] [System plug-in unit] The package extr/client/HPC is sucess load to return 0 at loading
[23:37:42] [NewConsole/Info] [Client Run/Thread] [System plug-in unit] The package extr/server/SPC is sucess load to return 0 at loading
[23:37:42] [NewConsole/Info] [Client Run/Thread] [System plug-in unit] The package SystemCmdExtr/Shell is sucess load to return 0 at loading
[23:37:42] [NewConsole/Info] [Client Run/Thread] ] * loading
[23:37:43] [NewConsole/Info] [/Thread] [System plug-in unit] The package extr/cmd is sucess load to return 0 at getcmd
[23:37:43] [NewConsole/Info] [/Thread] [System plug-in unit] The package extr/cw is sucess load to return 0 at getcmd
[23:37:43] [NewConsole/Info] [/Thread] [System plug-in unit] The package extr/client/HPC is sucess load to return 0 at getcmd
[23:37:43] [NewConsole/Info] [/Thread] [System plug-in unit] The package extr/server/SPC is sucess load to return 0 at getcmd
[23:37:43] [NewConsole/Info] [/Thread] [System plug-in unit] The package SystemCmdExtr/Shell is sucess load to return 0 at getcmd
[23:37:43] [NewConsole/Info] [/Thread] [System plug-in unit] The package extr/cmd is sucess load to return 0 at runload

[23:37:52] [NewConsole/Info] [/Thread] [System plug-in unit] The package extr/cmd is sucess load to return 0 at run


[23:38:13] [NewConsole/Info] [Main Window System/Thread] close[
[23:38:13] [NewConsole/Info] [Main Window System/Thread] [System plug-in unit] The package extr/mo is sucess load to return 0 at close
[23:38:13] [NewConsole/Info] [Main Window System/Thread] [System plug-in unit] The package extr/sr is sucess load to return 0 at close
[23:38:13] [NewConsole/Info] [Main Window System/Thread] [System plug-in unit] The package extr/cmd is sucess load to return 0 at close
[23:38:13] [NewConsole/Info] [Main Window System/Thread] [System plug-in unit] The package extr/cw is sucess load to return 0 at close
[23:38:13] [NewConsole/Info] [Main Window System/Thread] [System plug-in unit] The package extr/client/HPC is sucess load to return 0 at close
[23:38:13] [NewConsole/Info] [Main Window System/Thread] [System plug-in unit] The package extr/server/SPC is sucess load to return 0 at close
[23:38:13] [NewConsole/Info] [Main Window System/Thread] [System plug-in unit] The package SystemCmdExtr/Shell is sucess load to return 0 at close
[23:38:13] [NewConsole/Info] [Main Window System/Thread] ] * close

[23:49:20] [NewConsole/Info] [Client Run/Thread] 加载启动
[23:49:21] [NewConsole/Info] [Client Run/Thread] [Memory] 成功创建分配
[23:49:21] [NewConsole/Warn] [Client Run/Thread] [Menory] About creat memory
name LoadSmPro
Bytes(MB) 1024
[23:49:21] [NewConsole/Info] [Client Run/Thread] [Memory] 正在解析数据...请稍后
[23:49:21] [NewConsole/Info] [Client Run/Thread] [LC] 标签解析完毕，正在传递给内存中...
[23:49:21] [NewConsole/Info] [Client Run/Thread] 成功
[23:49:24] [NewConsole/Warn] [Client Run/Thread] 创建From大小为 x:800 y:600
[23:49:24] [NewConsole/Warn] [Client Run/Thread] 使用这个语言在加载时或完毕时 zh-cn
[23:49:24] [NewConsole/Warn] [Client Run/Thread] 是否放大在加载窗体True
[23:49:24] [NewConsole/Warn] [Client Run/Thread]  [MakeArg] path mo to extr/mo
[23:49:24] [NewConsole/Warn] [Client Run/Thread]  [MakeArg] path sr to extr/sr
[23:49:24] [NewConsole/Warn] [Client Run/Thread]  [MakeArg] path cmd to extr/cmd
[23:49:24] [NewConsole/Warn] [Client Run/Thread]  [MakeArg] path cw to extr/cw
[23:49:24] [NewConsole/Warn] [Client Run/Thread]  [MakeArg] path client/HPC to extr/client/HPC
[23:49:24] [NewConsole/Warn] [Client Run/Thread]  [MakeArg] path server/SPC to extr/server/SPC
[23:49:24] [NewConsole/Warn] [Client Run/Thread]  [MakeArg] path cw to extr/cw
[23:49:26] [NewConsole/Info] [Client Run/Thread] load[
[23:49:26] [NewConsole/Info] [Client Run/Thread] [System plug-in unit] The package extr/mo is sucess load to return 0 at load
[23:49:26] [NewConsole/Info] [Client Run/Thread] [System plug-in unit] The package extr/sr is sucess load to return 0 at load
[23:49:26] [NewConsole/Info] [Client Run/Thread] [System plug-in unit] The package extr/cmd is sucess load to return 0 at load
[23:49:26] [NewConsole/Info] [Client Run/Thread] [System plug-in unit] The package extr/cw is sucess load to return 0 at load
[23:49:26] [NewConsole/Info] [Client Run/Thread] [System plug-in unit] The package extr/client/HPC is sucess load to return 0 at load
[23:49:26] [NewConsole/Info] [Client Run/Thread] [System plug-in unit] The package extr/server/SPC is sucess load to return 0 at load
[23:49:26] [NewConsole/Info] [Client Run/Thread] [System plug-in unit] The package SystemCmdExtr/Shell is sucess load to return 0 at load
[23:49:26] [NewConsole/Info] [Client Run/Thread] ] * load
[23:49:26] [NewConsole/Info] [Client Run/Thread] load[
[23:49:26] [NewConsole/Info] [Client Run/Thread] [System plug-in unit] The package SystemCmdExtr/Helper is sucess load to return 0 at load
[23:49:26] [NewConsole/Info] [Client Run/Thread] [System plug-in unit] The package SystemCmdExtr/LoadRun is sucess load to return 0 at load
[23:49:26] [NewConsole/Info] [Client Run/Thread] [System plug-in unit] The package extr/cw is sucess load to return 0 at load
[23:49:26] [NewConsole/Info] [Client Run/Thread] ] * load
[23:49:26] [NewConsole/Info] [Client Run/Thread] 启动窗体，加载程序
[23:49:26] [NewConsole/Info] [Client Run/Thread] loading[
[23:49:26] [NewConsole/Info] [Client Run/Thread] [System plug-in unit] The package extr/mo is sucess load to return 0 at loading
[23:49:26] [NewConsole/Info] [Client Run/Thread] [System plug-in unit] The package extr/sr is sucess load to return 0 at loading
[23:49:26] [NewConsole/Info] [Client Run/Thread] [System plug-in unit] The package extr/cmd is sucess load to return 0 at loading
[23:49:26] [NewConsole/Info] [Client Run/Thread] [System plug-in unit] The package extr/cw is sucess load to return 0 at loading
[23:49:26] [NewConsole/Info] [Client Run/Thread] [System plug-in unit] The package extr/client/HPC is sucess load to return 0 at loading
[23:49:26] [NewConsole/Info] [Client Run/Thread] [System plug-in unit] The package extr/server/SPC is sucess load to return 0 at loading
[23:49:26] [NewConsole/Info] [Client Run/Thread] [System plug-in unit] The package SystemCmdExtr/Shell is sucess load to return 0 at loading
[23:49:26] [NewConsole/Info] [Client Run/Thread] ] * loading
[23:49:28] [NewConsole/Info] [/Thread] [System plug-in unit] The package extr/cmd is sucess load to return 0 at getcmd
[23:49:28] [NewConsole/Info] [/Thread] [System plug-in unit] The package extr/cw is sucess load to return 0 at getcmd
[23:49:28] [NewConsole/Info] [/Thread] [System plug-in unit] The package extr/client/HPC is sucess load to return 0 at getcmd
[23:49:28] [NewConsole/Info] [/Thread] [System plug-in unit] The package extr/server/SPC is sucess load to return 0 at getcmd
[23:49:28] [NewConsole/Info] [/Thread] [System plug-in unit] The package SystemCmdExtr/Shell is sucess load to return 0 at getcmd
[23:49:28] [NewConsole/Info] [/Thread] [System plug-in unit] The package extr/cmd is sucess load to return 0 at runload

[23:49:36] [NewConsole/Info] [/Thread] [System plug-in unit] The package extr/cmd is sucess load to return 0 at run


[23:50:6] [NewConsole/Info] [Main Window System/Thread] close[
[23:50:6] [NewConsole/Info] [Main Window System/Thread] [System plug-in unit] The package extr/mo is sucess load to return 0 at close
[23:50:6] [NewConsole/Info] [Main Window System/Thread] [System plug-in unit] The package extr/sr is sucess load to return 0 at close
[23:50:6] [NewConsole/Info] [Main Window System/Thread] [System plug-in unit] The package extr/cmd is sucess load to return 0 at close
[23:50:6] [NewConsole/Info] [Main Window System/Thread] [System plug-in unit] The package extr/cw is sucess load to return 0 at close
[23:50:6] [NewConsole/Info] [Main Window System/Thread] [System plug-in unit] The package extr/client/HPC is sucess load to return 0 at close
[23:50:6] [NewConsole/Info] [Main Window System/Thread] [System plug-in unit] The package extr/server/SPC is sucess load to return 0 at close
[23:50:6] [NewConsole/Info] [Main Window System/Thread] [System plug-in unit] The package SystemCmdExtr/Shell is sucess load to return 0 at close
[23:50:6] [NewConsole/Info] [Main Window System/Thread] ] * close

[23:59:27] [NewConsole/Info] [Client Run/Thread] 加载启动
[23:59:27] [NewConsole/Info] [Client Run/Thread] [Memory] 成功创建分配
[23:59:27] [NewConsole/Warn] [Client Run/Thread] [Menory] About creat memory
name LoadSmPro
Bytes(MB) 1024
[23:59:27] [NewConsole/Info] [Client Run/Thread] [Memory] 正在解析数据...请稍后
[23:59:27] [NewConsole/Info] [Client Run/Thread] [LC] 标签解析完毕，正在传递给内存中...
[23:59:27] [NewConsole/Info] [Client Run/Thread] 成功
[23:59:31] [NewConsole/Warn] [Client Run/Thread] 创建From大小为 x:800 y:600
[23:59:31] [NewConsole/Warn] [Client Run/Thread] 使用这个语言在加载时或完毕时 zh-cn
[23:59:31] [NewConsole/Warn] [Client Run/Thread] 是否放大在加载窗体True
[23:59:31] [NewConsole/Warn] [Client Run/Thread]  [MakeArg] path mo to extr/mo
[23:59:31] [NewConsole/Warn] [Client Run/Thread]  [MakeArg] path sr to extr/sr
[23:59:31] [NewConsole/Warn] [Client Run/Thread]  [MakeArg] path cmd to extr/cmd
[23:59:31] [NewConsole/Warn] [Client Run/Thread]  [MakeArg] path cw to extr/cw
[23:59:31] [NewConsole/Warn] [Client Run/Thread]  [MakeArg] path client/HPC to extr/client/HPC
[23:59:31] [NewConsole/Warn] [Client Run/Thread]  [MakeArg] path server/SPC to extr/server/SPC
[23:59:31] [NewConsole/Warn] [Client Run/Thread]  [MakeArg] path cw to extr/cw
[23:59:32] [NewConsole/Info] [Client Run/Thread] load[
[23:59:32] [NewConsole/Info] [Client Run/Thread] [System plug-in unit] The package extr/mo is sucess load to return 0 at load
[23:59:32] [NewConsole/Info] [Client Run/Thread] [System plug-in unit] The package extr/sr is sucess load to return 0 at load
[23:59:32] [NewConsole/Info] [Client Run/Thread] [System plug-in unit] The package extr/cmd is sucess load to return 0 at load
[23:59:32] [NewConsole/Info] [Client Run/Thread] [System plug-in unit] The package extr/cw is sucess load to return 0 at load
[23:59:32] [NewConsole/Info] [Client Run/Thread] [System plug-in unit] The package extr/client/HPC is sucess load to return 0 at load
[23:59:32] [NewConsole/Info] [Client Run/Thread] [System plug-in unit] The package extr/server/SPC is sucess load to return 0 at load
[23:59:32] [NewConsole/Info] [Client Run/Thread] [System plug-in unit] The package SystemCmdExtr/Shell is sucess load to return 0 at load
[23:59:32] [NewConsole/Info] [Client Run/Thread] ] * load
[23:59:32] [NewConsole/Info] [Client Run/Thread] load[
[23:59:32] [NewConsole/Info] [Client Run/Thread] [System plug-in unit] The package SystemCmdExtr/Helper is sucess load to return 0 at load
[23:59:32] [NewConsole/Info] [Client Run/Thread] [System plug-in unit] The package SystemCmdExtr/LoadRun is sucess load to return 0 at load
[23:59:32] [NewConsole/Info] [Client Run/Thread] [System plug-in unit] The package extr/cw is sucess load to return 0 at load
[23:59:32] [NewConsole/Info] [Client Run/Thread] ] * load
[23:59:32] [NewConsole/Info] [Client Run/Thread] 启动窗体，加载程序
[23:59:33] [NewConsole/Info] [Client Run/Thread] loading[
[23:59:33] [NewConsole/Info] [Client Run/Thread] [System plug-in unit] The package extr/mo is sucess load to return 0 at loading
[23:59:33] [NewConsole/Info] [Client Run/Thread] [System plug-in unit] The package extr/sr is sucess load to return 0 at loading
[23:59:33] [NewConsole/Info] [Client Run/Thread] [System plug-in unit] The package extr/cmd is sucess load to return 0 at loading
[23:59:33] [NewConsole/Info] [Client Run/Thread] [System plug-in unit] The package extr/cw is sucess load to return 0 at loading
[23:59:33] [NewConsole/Info] [Client Run/Thread] [System plug-in unit] The package extr/client/HPC is sucess load to return 0 at loading
[23:59:33] [NewConsole/Info] [Client Run/Thread] [System plug-in unit] The package extr/server/SPC is sucess load to return 0 at loading
[23:59:33] [NewConsole/Info] [Client Run/Thread] [System plug-in unit] The package SystemCmdExtr/Shell is sucess load to return 0 at loading
[23:59:33] [NewConsole/Info] [Client Run/Thread] ] * loading
[23:59:34] [NewConsole/Info] [/Thread] [System plug-in unit] The package extr/cmd is sucess load to return 0 at getcmd
[23:59:34] [NewConsole/Info] [/Thread] [System plug-in unit] The package extr/cw is sucess load to return 0 at getcmd
[23:59:34] [NewConsole/Info] [/Thread] [System plug-in unit] The package extr/client/HPC is sucess load to return 0 at getcmd
[23:59:34] [NewConsole/Info] [/Thread] [System plug-in unit] The package extr/server/SPC is sucess load to return 0 at getcmd
[23:59:34] [NewConsole/Info] [/Thread] [System plug-in unit] The package SystemCmdExtr/Shell is sucess load to return 0 at getcmd
[23:59:34] [NewConsole/Info] [/Thread] [System plug-in unit] The package extr/cmd is sucess load to return 0 at runload

[23:59:44] [NewConsole/Info] [/Thread] [System plug-in unit] The package extr/cmd is sucess load to return 0 at run





























[0:5:29] [NewConsole/Info] [Main Window System/Thread] close[
[0:5:29] [NewConsole/Info] [Main Window System/Thread] [System plug-in unit] The package extr/mo is sucess load to return 0 at close
[0:5:29] [NewConsole/Info] [Main Window System/Thread] [System plug-in unit] The package extr/sr is sucess load to return 0 at close
[0:5:29] [NewConsole/Info] [Main Window System/Thread] [System plug-in unit] The package extr/cmd is sucess load to return 0 at close
[0:5:29] [NewConsole/Info] [Main Window System/Thread] [System plug-in unit] The package extr/cw is sucess load to return 0 at close
[0:5:29] [NewConsole/Info] [Main Window System/Thread] [System plug-in unit] The package extr/client/HPC is sucess load to return 0 at close
[0:5:29] [NewConsole/Info] [Main Window System/Thread] [System plug-in unit] The package extr/server/SPC is sucess load to return 0 at close
[0:5:29] [NewConsole/Info] [Main Window System/Thread] [System plug-in unit] The package SystemCmdExtr/Shell is sucess load to return 0 at close
[0:5:29] [NewConsole/Info] [Main Window System/Thread] ] * close

