#Console Printf about side
#       Code Memory this...
#       WriteTime about (s)42
#
#Endl
[22:5:30] [ServerNewConsole/Info] [Client Run/Thread] 加载启动
[22:5:38] [ServerNewConsole/Info] [Client Run/Thread] [Memory] 成功创建分配
[22:5:38] [ServerNewConsole/Warn] [Client Run/Thread] [Menory] About creat memory
name LoadSmPro
Bytes(MB) 1024
[22:5:38] [ServerNewConsole/Info] [Client Run/Thread] [Memory] 正在解析数据...请稍后
[22:5:38] [ServerNewConsole/Info] [Client Run/Thread] [LC] 标签解析完毕，正在传递给内存中...
[22:5:38] [ServerNewConsole/Info] [Client Run/Thread] 成功
[22:5:39] [ServerNewConsole/Warn] [Client Run/Thread] [Sever] Sever Start
[22:5:41] [ServerNewConsole/Warn] [Client Run/Thread] 使用这个语言在加载时或完毕时 zh-cn
[22:5:41] [ServerNewConsole/Warn] [Client Run/Thread]  [MakeArg] path cmd to extr/cmd
[22:5:41] [ServerNewConsole/Warn] [Client Run/Thread]  [MakeArg] path runcmd to extr/runcmd
[22:5:41] [ServerNewConsole/Warn] [Client Run/Thread]  [MakeArg] path server/SPC to extr/server/SPC
[22:5:42] [ServerNewConsole/Info] [Client Run/Thread] load[
[22:5:43] [ServerNewConsole/Info] [Client Run/Thread] [System plug-in unit] The package extr/cmd is sucess load to return 0 at load
[22:5:43] [ServerNewConsole/Info] [Client Run/Thread] [System plug-in unit] The package extr/runcmd is sucess load to return 0 at load
[22:5:44] [ServerNewConsole/Info] [Client Run/Thread] [System plug-in unit] The package extr/server/SPC is sucess load to return 0 at load
[22:5:44] [ServerNewConsole/Info] [Client Run/Thread] ] * load
[22:5:44] [ServerNewConsole/Info] [Client Run/Thread] load[
[22:5:44] [ServerNewConsole/Info] [Client Run/Thread] [System plug-in unit] The package SystemCmdExtr/Helper is sucess load to return 0 at load
[22:5:44] [ServerNewConsole/Info] [Client Run/Thread] [System plug-in unit] The package SystemCmdExtr/LoadRun is sucess load to return 0 at load
[22:5:44] [ServerNewConsole/Info] [Client Run/Thread] ] * load
[22:5:44] [ServerNewConsole/Info] [Client Run/Thread] 启动窗体，加载程序
[22:5:45] [ServerNewConsole/Info] [Client Run/Thread] sever-loading[
[22:5:45] [ServerNewConsole/Info] [Client Run/Thread] [System plug-in unit] The package extr/cmd is sucess load to return 0 at getcmd
[22:5:45] [ServerNewConsole/Info] [Client Run/Thread] [System plug-in unit] The package extr/runcmd is sucess load to return 0 at getcmd
[22:5:45] [ServerNewConsole/Info] [Client Run/Thread] [System plug-in unit] The package extr/server/SPC is sucess load to return 0 at getcmd
[22:5:45] [ServerNewConsole/Info] [Client Run/Thread] [System plug-in unit] The package extr/cmd is sucess load to return 0 at sever-loading
[22:5:45] [ServerNewConsole/Info] [Client Run/Thread] [System plug-in unit] The package extr/runcmd is sucess load to return 0 at sever-loading
[22:5:46] [ServerNewConsole/Info] [Client Run/Thread] [System plug-in unit] The package extr/server/SPC is sucess load to return 0 at sever-loading
[22:5:46] [ServerNewConsole/Info] [Client Run/Thread] ] * sever-loading


































































[22:18:58] [ServerNewConsole/Info] [/Thread] [System plug-in unit] The package extr/cmd is sucess load to return 0 at run

[22:19:11] [ServerNewConsole/Info] [/Thread] [System plug-in unit] The package extr/cmd is sucess load to return 0 at run

[22:19:29] [ServerNewConsole/Info] [/Thread] [System plug-in unit] The package extr/cmd is sucess load to return 0 at run


[22:19:50] [ServerNewConsole/Info] [/Thread] [System plug-in unit] The package extr/cmd is sucess load to return 0 at run

[22:20:2] [ServerNewConsole/Info] [/Thread] [System plug-in unit] The package extr/cmd is sucess load to return 0 at run

[22:20:14] [ServerNewConsole/Info] [/Thread] [System plug-in unit] The package extr/cmd is sucess load to return 0 at run



[22:20:44] [ServerNewConsole/Info] [/Thread] [System plug-in unit] The package extr/cmd is sucess load to return 0 at run
[22:20:50] [ServerNewConsole/Info] [/Thread] [System plug-in unit] The package extr/cmd is sucess load to return 0 at run
[22:20:53] [ServerNewConsole/Info] [/Thread] [System plug-in unit] The package extr/cmd is sucess load to return 0 at run

