#Console Printf about side
#       Code Memory this...
#       WriteTime about (s)16
#
#Endl
[20:20:4] [ServerNewConsole/Info] [Client Run/Thread] 加载启动
[20:20:4] [ServerNewConsole/Info] [Client Run/Thread] [Memory] 成功创建分配
[20:20:4] [ServerNewConsole/Warn] [Client Run/Thread] [Menory] About creat memory
name LoadSmPro
Bytes(MB) 1024
[20:20:4] [ServerNewConsole/Info] [Client Run/Thread] [Memory] 正在解析数据...请稍后
[20:20:4] [ServerNewConsole/Info] [Client Run/Thread] [LC] 标签解析完毕，正在传递给内存中...
[20:20:4] [ServerNewConsole/Info] [Client Run/Thread] 成功
[20:20:5] [ServerNewConsole/Warn] [Client Run/Thread] [Sever] Sever Start
[20:20:7] [ServerNewConsole/Warn] [Client Run/Thread] 使用这个语言在加载时或完毕时 zh-cn
[20:20:7] [ServerNewConsole/Warn] [Client Run/Thread]  [MakeArg] path cmd to extr/cmd
[20:20:7] [ServerNewConsole/Warn] [Client Run/Thread]  [MakeArg] path runcmd to extr/runcmd
[20:20:7] [ServerNewConsole/Warn] [Client Run/Thread]  [MakeArg] path server/SPC to extr/server/SPC
[20:20:8] [ServerNewConsole/Info] [Client Run/Thread] load[
[20:20:8] [ServerNewConsole/Info] [Client Run/Thread] [System plug-in unit] The package extr/cmd is sucess load to return 0 at load
[20:20:8] [ServerNewConsole/Info] [Client Run/Thread] [System plug-in unit] The package extr/runcmd is sucess load to return 0 at load
[20:20:8] [ServerNewConsole/Info] [Client Run/Thread] [System plug-in unit] The package extr/server/SPC is sucess load to return 0 at load
[20:20:8] [ServerNewConsole/Info] [Client Run/Thread] ] * load
[20:20:8] [ServerNewConsole/Info] [Client Run/Thread] load[
[20:20:8] [ServerNewConsole/Info] [Client Run/Thread] [System plug-in unit] The package SystemCmdExtr/Helper is sucess load to return 0 at load
[20:20:8] [ServerNewConsole/Info] [Client Run/Thread] [System plug-in unit] The package SystemCmdExtr/LoadRun is sucess load to return 0 at load
[20:20:8] [ServerNewConsole/Info] [Client Run/Thread] ] * load
[20:20:8] [ServerNewConsole/Info] [Client Run/Thread] 启动窗体，加载程序
[20:20:9] [ServerNewConsole/Info] [Client Run/Thread] sever-loading[
[20:20:9] [ServerNewConsole/Info] [Client Run/Thread] ] * sever-loading
