#Console Printf about side
#       Code Memory this...
#       WriteTime about (s)25
#
#Endl
[1:1:13] [ServerNewConsole/Info] [Client Run/Thread] 加载启动
[1:1:13] [ServerNewConsole/Info] [Client Run/Thread] [Memory] 成功创建分配
[1:1:13] [ServerNewConsole/Warn] [Client Run/Thread] [Menory] About creat memory
name LoadSmPro
Bytes(MB) 1024
[1:1:13] [ServerNewConsole/Info] [Client Run/Thread] [Memory] 正在解析数据...请稍后
[1:1:13] [ServerNewConsole/Info] [Client Run/Thread] [LC] 标签解析完毕，正在传递给内存中...
[1:1:13] [ServerNewConsole/Info] [Client Run/Thread] 成功
[1:1:14] [ServerNewConsole/Warn] [Client Run/Thread] [Sever] Sever Start
[1:1:16] [ServerNewConsole/Warn] [Client Run/Thread] 使用这个语言在加载时或完毕时 zh-cn
[1:1:16] [ServerNewConsole/Warn] [Client Run/Thread]  [MakeArg] path cmd to extr/cmd
[1:1:16] [ServerNewConsole/Warn] [Client Run/Thread]  [MakeArg] path runcmd to extr/runcmd
[1:1:16] [ServerNewConsole/Warn] [Client Run/Thread]  [MakeArg] path server/SPC to extr/server/SPC
[1:1:17] [ServerNewConsole/Info] [Client Run/Thread] load[
[1:1:17] [ServerNewConsole/Info] [Client Run/Thread] [System plug-in unit] The package extr/cmd is sucess load to return 0 at load
[1:1:17] [ServerNewConsole/Info] [Client Run/Thread] [System plug-in unit] The package extr/runcmd is sucess load to return 0 at load
[1:1:17] [ServerNewConsole/Info] [Client Run/Thread] [System plug-in unit] The package extr/server/SPC is sucess load to return 0 at load
[1:1:17] [ServerNewConsole/Info] [Client Run/Thread] ] * load
[1:1:17] [ServerNewConsole/Info] [Client Run/Thread] load[
[1:1:18] [ServerNewConsole/Info] [Client Run/Thread] [System plug-in unit] The package SystemCmdExtr/Helper is sucess load to return 0 at load
[1:1:18] [ServerNewConsole/Info] [Client Run/Thread] [System plug-in unit] The package SystemCmdExtr/LoadRun is sucess load to return 0 at load
[1:1:18] [ServerNewConsole/Info] [Client Run/Thread] ] * load
[1:1:18] [ServerNewConsole/Info] [Client Run/Thread] 启动窗体，加载程序
[1:1:18] [ServerNewConsole/Info] [Client Run/Thread] sever-loading[
[1:1:18] [ServerNewConsole/Info] [Client Run/Thread] ] * sever-loading
[1:1:52] [ServerNewConsole/Info] [Client Run/Thread] 加载启动
[1:1:52] [ServerNewConsole/Info] [Client Run/Thread] [Memory] 成功创建分配
[1:1:52] [ServerNewConsole/Warn] [Client Run/Thread] [Menory] About creat memory
name LoadSmPro
Bytes(MB) 1024
[1:1:52] [ServerNewConsole/Info] [Client Run/Thread] [Memory] 正在解析数据...请稍后
[1:1:52] [ServerNewConsole/Info] [Client Run/Thread] [LC] 标签解析完毕，正在传递给内存中...
[1:1:52] [ServerNewConsole/Info] [Client Run/Thread] 成功
[1:1:53] [ServerNewConsole/Warn] [Client Run/Thread] [Sever] Sever Start
[1:1:55] [ServerNewConsole/Warn] [Client Run/Thread] 使用这个语言在加载时或完毕时 zh-cn
[1:1:55] [ServerNewConsole/Warn] [Client Run/Thread]  [MakeArg] path cmd to extr/cmd
[1:1:55] [ServerNewConsole/Warn] [Client Run/Thread]  [MakeArg] path runcmd to extr/runcmd
[1:1:55] [ServerNewConsole/Warn] [Client Run/Thread]  [MakeArg] path server/SPC to extr/server/SPC
[1:1:56] [ServerNewConsole/Info] [Client Run/Thread] load[
[1:1:57] [ServerNewConsole/Info] [Client Run/Thread] [System plug-in unit] The package extr/cmd is sucess load to return 0 at load
[1:1:57] [ServerNewConsole/Info] [Client Run/Thread] [System plug-in unit] The package extr/runcmd is sucess load to return 0 at load
[1:1:57] [ServerNewConsole/Info] [Client Run/Thread] [System plug-in unit] The package extr/server/SPC is sucess load to return 0 at load
[1:1:57] [ServerNewConsole/Info] [Client Run/Thread] ] * load
[1:1:57] [ServerNewConsole/Info] [Client Run/Thread] load[
[1:1:57] [ServerNewConsole/Info] [Client Run/Thread] [System plug-in unit] The package SystemCmdExtr/Helper is sucess load to return 0 at load
[1:1:57] [ServerNewConsole/Info] [Client Run/Thread] [System plug-in unit] The package SystemCmdExtr/LoadRun is sucess load to return 0 at load
[1:1:57] [ServerNewConsole/Info] [Client Run/Thread] ] * load
[1:1:57] [ServerNewConsole/Info] [Client Run/Thread] 启动窗体，加载程序
[1:1:57] [ServerNewConsole/Info] [Client Run/Thread] sever-loading[
[1:1:57] [ServerNewConsole/Info] [Client Run/Thread] ] * sever-loading


[1:2:24] [ServerNewConsole/Warn] [/Thread] 正在运行Close插件方法
[1:2:24] [ServerNewConsole/Info] [/Thread] close[
[1:2:24] [ServerNewConsole/Info] [/Thread] ] * close
[1:2:24] [ServerNewConsole/Warn] [/Thread] Close Object

[1:3:44] [ServerNewConsole/Info] [Client Run/Thread] 加载启动
[1:3:44] [ServerNewConsole/Info] [Client Run/Thread] [Memory] 成功创建分配
[1:3:44] [ServerNewConsole/Warn] [Client Run/Thread] [Menory] About creat memory
name LoadSmPro
Bytes(MB) 1024
[1:3:44] [ServerNewConsole/Info] [Client Run/Thread] [Memory] 正在解析数据...请稍后
[1:3:44] [ServerNewConsole/Info] [Client Run/Thread] [LC] 标签解析完毕，正在传递给内存中...
[1:3:44] [ServerNewConsole/Info] [Client Run/Thread] 成功
[1:3:45] [ServerNewConsole/Warn] [Client Run/Thread] [Sever] Sever Start
[1:3:48] [ServerNewConsole/Warn] [Client Run/Thread] 使用这个语言在加载时或完毕时 zh-cn
[1:3:48] [ServerNewConsole/Warn] [Client Run/Thread]  [MakeArg] path cmd to extr/cmd
[1:3:48] [ServerNewConsole/Warn] [Client Run/Thread]  [MakeArg] path runcmd to extr/runcmd
[1:3:48] [ServerNewConsole/Warn] [Client Run/Thread]  [MakeArg] path server/SPC to extr/server/SPC
[1:3:49] [ServerNewConsole/Info] [Client Run/Thread] load[
[1:3:49] [ServerNewConsole/Info] [Client Run/Thread] [System plug-in unit] The package extr/cmd is sucess load to return 0 at load
[1:3:49] [ServerNewConsole/Info] [Client Run/Thread] [System plug-in unit] The package extr/runcmd is sucess load to return 0 at load
[1:3:49] [ServerNewConsole/Info] [Client Run/Thread] [System plug-in unit] The package extr/server/SPC is sucess load to return 0 at load
[1:3:49] [ServerNewConsole/Info] [Client Run/Thread] ] * load
[1:3:49] [ServerNewConsole/Info] [Client Run/Thread] load[
[1:3:49] [ServerNewConsole/Info] [Client Run/Thread] [System plug-in unit] The package SystemCmdExtr/Helper is sucess load to return 0 at load
[1:3:49] [ServerNewConsole/Info] [Client Run/Thread] [System plug-in unit] The package SystemCmdExtr/LoadRun is sucess load to return 0 at load
[1:3:49] [ServerNewConsole/Info] [Client Run/Thread] ] * load
[1:3:49] [ServerNewConsole/Info] [Client Run/Thread] 启动窗体，加载程序
[1:3:49] [ServerNewConsole/Info] [Client Run/Thread] sever-loading[
[1:3:49] [ServerNewConsole/Info] [Client Run/Thread] ] * sever-loading


[1:4:14] [ServerNewConsole/Warn] [/Thread] 正在运行Close插件方法
[1:4:14] [ServerNewConsole/Info] [/Thread] close[
[1:4:14] [ServerNewConsole/Info] [/Thread] ] * close
[1:4:14] [ServerNewConsole/Warn] [/Thread] Close Object

[1:5:23] [ServerNewConsole/Info] [Client Run/Thread] 加载启动
[1:5:24] [ServerNewConsole/Info] [Client Run/Thread] [Memory] 成功创建分配
[1:5:24] [ServerNewConsole/Warn] [Client Run/Thread] [Menory] About creat memory
name LoadSmPro
Bytes(MB) 1024
[1:5:24] [ServerNewConsole/Info] [Client Run/Thread] [Memory] 正在解析数据...请稍后
[1:5:24] [ServerNewConsole/Info] [Client Run/Thread] [LC] 标签解析完毕，正在传递给内存中...
[1:5:24] [ServerNewConsole/Info] [Client Run/Thread] 成功
[1:5:25] [ServerNewConsole/Warn] [Client Run/Thread] [Sever] Sever Start
[1:5:27] [ServerNewConsole/Warn] [Client Run/Thread] 使用这个语言在加载时或完毕时 zh-cn
[1:5:27] [ServerNewConsole/Warn] [Client Run/Thread]  [MakeArg] path cmd to extr/cmd
[1:5:27] [ServerNewConsole/Warn] [Client Run/Thread]  [MakeArg] path runcmd to extr/runcmd
[1:5:27] [ServerNewConsole/Warn] [Client Run/Thread]  [MakeArg] path server/SPC to extr/server/SPC
[1:5:28] [ServerNewConsole/Info] [Client Run/Thread] load[
[1:5:28] [ServerNewConsole/Info] [Client Run/Thread] [System plug-in unit] The package extr/cmd is sucess load to return 0 at load
[1:5:28] [ServerNewConsole/Info] [Client Run/Thread] [System plug-in unit] The package extr/runcmd is sucess load to return 0 at load
[1:5:28] [ServerNewConsole/Info] [Client Run/Thread] [System plug-in unit] The package extr/server/SPC is sucess load to return 0 at load
[1:5:28] [ServerNewConsole/Info] [Client Run/Thread] ] * load
[1:5:28] [ServerNewConsole/Info] [Client Run/Thread] load[
[1:5:28] [ServerNewConsole/Info] [Client Run/Thread] [System plug-in unit] The package SystemCmdExtr/Helper is sucess load to return 0 at load
[1:5:28] [ServerNewConsole/Info] [Client Run/Thread] [System plug-in unit] The package SystemCmdExtr/LoadRun is sucess load to return 0 at load
[1:5:28] [ServerNewConsole/Info] [Client Run/Thread] ] * load
[1:5:28] [ServerNewConsole/Info] [Client Run/Thread] 启动窗体，加载程序
[1:5:29] [ServerNewConsole/Info] [Client Run/Thread] sever-loading[
[1:5:29] [ServerNewConsole/Info] [Client Run/Thread] ] * sever-loading



[1:6:4] [ServerNewConsole/Warn] [/Thread] 正在运行Close插件方法
[1:6:4] [ServerNewConsole/Info] [/Thread] close[
[1:6:4] [ServerNewConsole/Info] [/Thread] ] * close
[1:6:4] [ServerNewConsole/Warn] [/Thread] Close Object

[1:10:20] [ServerNewConsole/Info] [Client Run/Thread] 加载启动
[1:10:20] [ServerNewConsole/Info] [Client Run/Thread] [Memory] 成功创建分配
[1:10:20] [ServerNewConsole/Warn] [Client Run/Thread] [Menory] About creat memory
name LoadSmPro
Bytes(MB) 1024
[1:10:20] [ServerNewConsole/Info] [Client Run/Thread] [Memory] 正在解析数据...请稍后
[1:10:20] [ServerNewConsole/Info] [Client Run/Thread] [LC] 标签解析完毕，正在传递给内存中...
[1:10:20] [ServerNewConsole/Info] [Client Run/Thread] 成功
[1:10:21] [ServerNewConsole/Warn] [Client Run/Thread] [Sever] Sever Start
[1:10:23] [ServerNewConsole/Warn] [Client Run/Thread] 使用这个语言在加载时或完毕时 zh-cn
[1:10:23] [ServerNewConsole/Warn] [Client Run/Thread]  [MakeArg] path cmd to extr/cmd
[1:10:23] [ServerNewConsole/Warn] [Client Run/Thread]  [MakeArg] path runcmd to extr/runcmd
[1:10:23] [ServerNewConsole/Warn] [Client Run/Thread]  [MakeArg] path server/SPC to extr/server/SPC
[1:10:24] [ServerNewConsole/Info] [Client Run/Thread] load[
[1:10:24] [ServerNewConsole/Info] [Client Run/Thread] [System plug-in unit] The package extr/cmd is sucess load to return 0 at load
[1:10:24] [ServerNewConsole/Info] [Client Run/Thread] [System plug-in unit] The package extr/runcmd is sucess load to return 0 at load
[1:10:24] [ServerNewConsole/Info] [Client Run/Thread] [System plug-in unit] The package extr/server/SPC is sucess load to return 0 at load
[1:10:24] [ServerNewConsole/Info] [Client Run/Thread] ] * load
[1:10:24] [ServerNewConsole/Info] [Client Run/Thread] load[
[1:10:24] [ServerNewConsole/Info] [Client Run/Thread] [System plug-in unit] The package SystemCmdExtr/Helper is sucess load to return 0 at load
[1:10:24] [ServerNewConsole/Info] [Client Run/Thread] [System plug-in unit] The package SystemCmdExtr/LoadRun is sucess load to return 0 at load
[1:10:24] [ServerNewConsole/Info] [Client Run/Thread] ] * load
[1:10:24] [ServerNewConsole/Info] [Client Run/Thread] 启动窗体，加载程序
[1:10:25] [ServerNewConsole/Info] [Client Run/Thread] sever-loading[
[1:10:25] [ServerNewConsole/Info] [Client Run/Thread] ] * sever-loading








[1:12:1] [ServerNewConsole/Warn] [/Thread] 正在运行Close插件方法
[1:12:1] [ServerNewConsole/Info] [/Thread] close[
[1:12:1] [ServerNewConsole/Info] [/Thread] ] * close
[1:12:1] [ServerNewConsole/Warn] [/Thread] Close Object

[1:19:19] [ServerNewConsole/Info] [Client Run/Thread] 加载启动
[1:19:19] [ServerNewConsole/Info] [Client Run/Thread] [Memory] 成功创建分配
[1:19:19] [ServerNewConsole/Warn] [Client Run/Thread] [Menory] About creat memory
name LoadSmPro
Bytes(MB) 1024
[1:19:19] [ServerNewConsole/Info] [Client Run/Thread] [Memory] 正在解析数据...请稍后
[1:19:19] [ServerNewConsole/Info] [Client Run/Thread] [LC] 标签解析完毕，正在传递给内存中...
[1:19:19] [ServerNewConsole/Info] [Client Run/Thread] 成功
[1:19:20] [ServerNewConsole/Warn] [Client Run/Thread] [Sever] Sever Start
[1:19:22] [ServerNewConsole/Warn] [Client Run/Thread] 使用这个语言在加载时或完毕时 zh-cn
[1:19:22] [ServerNewConsole/Warn] [Client Run/Thread]  [MakeArg] path cmd to extr/cmd
[1:19:22] [ServerNewConsole/Warn] [Client Run/Thread]  [MakeArg] path runcmd to extr/runcmd
[1:19:22] [ServerNewConsole/Warn] [Client Run/Thread]  [MakeArg] path server/SPC to extr/server/SPC
[1:19:23] [ServerNewConsole/Info] [Client Run/Thread] load[
[1:19:23] [ServerNewConsole/Info] [Client Run/Thread] [System plug-in unit] The package extr/cmd is sucess load to return 0 at load
[1:19:23] [ServerNewConsole/Info] [Client Run/Thread] [System plug-in unit] The package extr/runcmd is sucess load to return 0 at load
[1:19:23] [ServerNewConsole/Info] [Client Run/Thread] [System plug-in unit] The package extr/server/SPC is sucess load to return 0 at load
[1:19:23] [ServerNewConsole/Info] [Client Run/Thread] ] * load
[1:19:23] [ServerNewConsole/Info] [Client Run/Thread] load[
[1:19:23] [ServerNewConsole/Info] [Client Run/Thread] [System plug-in unit] The package SystemCmdExtr/Helper is sucess load to return 0 at load
[1:19:23] [ServerNewConsole/Info] [Client Run/Thread] [System plug-in unit] The package SystemCmdExtr/LoadRun is sucess load to return 0 at load
[1:19:23] [ServerNewConsole/Info] [Client Run/Thread] ] * load
[1:19:23] [ServerNewConsole/Info] [Client Run/Thread] 启动窗体，加载程序
[1:19:24] [ServerNewConsole/Info] [Client Run/Thread] sever-loading[
[1:19:24] [ServerNewConsole/Info] [Client Run/Thread] ] * sever-loading

[1:19:33] [ServerNewConsole/Warn] [/Thread] 正在运行Close插件方法
[1:19:33] [ServerNewConsole/Info] [/Thread] close[
[1:19:33] [ServerNewConsole/Info] [/Thread] ] * close
[1:19:33] [ServerNewConsole/Warn] [/Thread] Close Object

[1:20:13] [ServerNewConsole/Info] [Client Run/Thread] 加载启动
[1:20:14] [ServerNewConsole/Info] [Client Run/Thread] [Memory] 成功创建分配
[1:20:14] [ServerNewConsole/Warn] [Client Run/Thread] [Menory] About creat memory
name LoadSmPro
Bytes(MB) 1024
[1:20:14] [ServerNewConsole/Info] [Client Run/Thread] [Memory] 正在解析数据...请稍后
[1:20:14] [ServerNewConsole/Info] [Client Run/Thread] [LC] 标签解析完毕，正在传递给内存中...
[1:20:14] [ServerNewConsole/Info] [Client Run/Thread] 成功
[1:20:15] [ServerNewConsole/Warn] [Client Run/Thread] [Sever] Sever Start
[1:20:17] [ServerNewConsole/Warn] [Client Run/Thread] 使用这个语言在加载时或完毕时 zh-cn
[1:20:17] [ServerNewConsole/Warn] [Client Run/Thread]  [MakeArg] path cmd to extr/cmd
[1:20:17] [ServerNewConsole/Warn] [Client Run/Thread]  [MakeArg] path runcmd to extr/runcmd
[1:20:17] [ServerNewConsole/Warn] [Client Run/Thread]  [MakeArg] path server/SPC to extr/server/SPC
[1:20:18] [ServerNewConsole/Info] [Client Run/Thread] load[
[1:20:18] [ServerNewConsole/Info] [Client Run/Thread] [System plug-in unit] The package extr/cmd is sucess load to return 0 at load
[1:20:18] [ServerNewConsole/Info] [Client Run/Thread] [System plug-in unit] The package extr/runcmd is sucess load to return 0 at load
[1:20:18] [ServerNewConsole/Info] [Client Run/Thread] [System plug-in unit] The package extr/server/SPC is sucess load to return 0 at load
[1:20:18] [ServerNewConsole/Info] [Client Run/Thread] ] * load
[1:20:18] [ServerNewConsole/Info] [Client Run/Thread] load[
[1:20:18] [ServerNewConsole/Info] [Client Run/Thread] [System plug-in unit] The package SystemCmdExtr/Helper is sucess load to return 0 at load
[1:20:18] [ServerNewConsole/Info] [Client Run/Thread] [System plug-in unit] The package SystemCmdExtr/LoadRun is sucess load to return 0 at load
[1:20:18] [ServerNewConsole/Info] [Client Run/Thread] ] * load
[1:20:18] [ServerNewConsole/Info] [Client Run/Thread] 启动窗体，加载程序
[1:20:18] [ServerNewConsole/Info] [Client Run/Thread] sever-loading[
[1:20:19] [ServerNewConsole/Info] [Client Run/Thread] ] * sever-loading


[1:45:11] [ServerNewConsole/Info] [Client Run/Thread] 加载启动
[1:45:11] [ServerNewConsole/Info] [Client Run/Thread] [Memory] 成功创建分配
[1:45:11] [ServerNewConsole/Warn] [Client Run/Thread] [Menory] About creat memory
name LoadSmPro
Bytes(MB) 1024
[1:45:11] [ServerNewConsole/Info] [Client Run/Thread] [Memory] 正在解析数据...请稍后
[1:45:11] [ServerNewConsole/Info] [Client Run/Thread] [LC] 标签解析完毕，正在传递给内存中...
[1:45:11] [ServerNewConsole/Info] [Client Run/Thread] 成功
[1:45:12] [ServerNewConsole/Warn] [Client Run/Thread] [Sever] Sever Start
[1:45:14] [ServerNewConsole/Warn] [Client Run/Thread] 使用这个语言在加载时或完毕时 zh-cn
[1:45:14] [ServerNewConsole/Warn] [Client Run/Thread]  [MakeArg] path cmd to extr/cmd
[1:45:14] [ServerNewConsole/Warn] [Client Run/Thread]  [MakeArg] path runcmd to extr/runcmd
[1:45:14] [ServerNewConsole/Warn] [Client Run/Thread]  [MakeArg] path server/SPC to extr/server/SPC
[1:45:15] [ServerNewConsole/Info] [Client Run/Thread] load[
[1:45:15] [ServerNewConsole/Info] [Client Run/Thread] [System plug-in unit] The package extr/cmd is sucess load to return 0 at load
[1:45:15] [ServerNewConsole/Info] [Client Run/Thread] [System plug-in unit] The package extr/runcmd is sucess load to return 0 at load
[1:45:15] [ServerNewConsole/Info] [Client Run/Thread] [System plug-in unit] The package extr/server/SPC is sucess load to return 0 at load
[1:45:15] [ServerNewConsole/Info] [Client Run/Thread] ] * load
[1:45:15] [ServerNewConsole/Info] [Client Run/Thread] load[
[1:45:15] [ServerNewConsole/Info] [Client Run/Thread] [System plug-in unit] The package SystemCmdExtr/Helper is sucess load to return 0 at load
[1:45:15] [ServerNewConsole/Info] [Client Run/Thread] [System plug-in unit] The package SystemCmdExtr/LoadRun is sucess load to return 0 at load
[1:45:15] [ServerNewConsole/Info] [Client Run/Thread] ] * load
[1:45:15] [ServerNewConsole/Info] [Client Run/Thread] 启动窗体，加载程序
[1:45:16] [ServerNewConsole/Info] [Client Run/Thread] sever-loading[
[1:45:16] [ServerNewConsole/Info] [Client Run/Thread] ] * sever-loading













