#Console Printf about side
#       Code Memory this...
#       WriteTime about (s)58
#
#Endl
[22:0:46] [NewConsole/Info] [Client Run/Thread] 加载启动
[22:0:46] [NewConsole/Info] [Client Run/Thread] [Memory] 成功创建分配
[22:0:46] [NewConsole/Warn] [Client Run/Thread] [Menory] About creat memory
name LoadSmPro
Bytes(MB) 1024
[22:0:46] [NewConsole/Info] [Client Run/Thread] [Memory] 正在解析数据...请稍后
[22:0:46] [NewConsole/Info] [Client Run/Thread] [LC] 标签解析完毕，正在传递给内存中...
[22:0:46] [NewConsole/Info] [Client Run/Thread] 成功
[22:0:55] [NewConsole/Warn] [Client Run/Thread] 创建From大小为 x:800 y:600
[22:0:55] [NewConsole/Warn] [Client Run/Thread] 使用这个语言在加载时或完毕时 zh-cn
[22:0:55] [NewConsole/Warn] [Client Run/Thread] 是否放大在加载窗体True
[22:0:55] [NewConsole/Warn] [Client Run/Thread]  [MakeArg] path mo to extr/mo
[22:0:55] [NewConsole/Warn] [Client Run/Thread]  [MakeArg] path sr to extr/sr
[22:0:55] [NewConsole/Warn] [Client Run/Thread]  [MakeArg] path cmd to extr/cmd
[22:0:55] [NewConsole/Warn] [Client Run/Thread]  [MakeArg] path cw to extr/cw
[22:0:55] [NewConsole/Warn] [Client Run/Thread]  [MakeArg] path client/HPC to extr/client/HPC
[22:0:55] [NewConsole/Warn] [Client Run/Thread]  [MakeArg] path server/SPC to extr/server/SPC
[22:0:55] [NewConsole/Warn] [Client Run/Thread]  [MakeArg] path cw to extr/cw
[22:0:56] [NewConsole/Info] [Client Run/Thread] load[
[22:0:56] [NewConsole/Info] [Client Run/Thread] [System plug-in unit] The package extr/mo is sucess load to return 0 at load
[22:0:57] [NewConsole/Info] [Client Run/Thread] [System plug-in unit] The package extr/sr is sucess load to return 0 at load
[22:0:57] [NewConsole/Info] [Client Run/Thread] [System plug-in unit] The package extr/cmd is sucess load to return 0 at load
[22:0:57] [NewConsole/Info] [Client Run/Thread] [System plug-in unit] The package extr/cw is sucess load to return 0 at load
[22:0:57] [NewConsole/Info] [Client Run/Thread] [System plug-in unit] The package extr/client/HPC is sucess load to return 0 at load
[22:0:57] [NewConsole/Info] [Client Run/Thread] [System plug-in unit] The package extr/server/SPC is sucess load to return 0 at load
[22:0:57] [NewConsole/Info] [Client Run/Thread] [System plug-in unit] The package SystemCmdExtr/Shell is sucess load to return 0 at load
[22:0:57] [NewConsole/Info] [Client Run/Thread] ] * load
[22:0:57] [NewConsole/Info] [Client Run/Thread] load[
[22:0:57] [NewConsole/Info] [Client Run/Thread] [System plug-in unit] The package SystemCmdExtr/Helper is sucess load to return 0 at load
[22:0:57] [NewConsole/Info] [Client Run/Thread] [System plug-in unit] The package SystemCmdExtr/LoadRun is sucess load to return 0 at load
[22:0:57] [NewConsole/Info] [Client Run/Thread] [System plug-in unit] The package extr/cw is sucess load to return 0 at load
[22:0:57] [NewConsole/Info] [Client Run/Thread] ] * load
[22:0:57] [NewConsole/Info] [Client Run/Thread] 启动窗体，加载程序
[22:0:58] [NewConsole/Info] [Client Run/Thread] loading[
[22:0:58] [NewConsole/Info] [Client Run/Thread] [System plug-in unit] The package extr/mo is sucess load to return 0 at loading
[22:1:0] [NewConsole/Info] [Client Run/Thread] [System plug-in unit] The package extr/cmd is sucess load to return 0 at getcmd
[22:1:0] [NewConsole/Info] [Client Run/Thread] [System plug-in unit] The package extr/cw is sucess load to return 0 at getcmd
[22:1:0] [NewConsole/Info] [Client Run/Thread] [System plug-in unit] The package extr/client/HPC is sucess load to return 0 at getcmd
[22:1:0] [NewConsole/Info] [Client Run/Thread] [System plug-in unit] The package extr/server/SPC is sucess load to return 0 at getcmd
[22:1:0] [NewConsole/Info] [Client Run/Thread] [System plug-in unit] The package SystemCmdExtr/Shell is sucess load to return 0 at getcmd
[22:1:0] [NewConsole/Info] [Client Run/Thread] [System plug-in unit] The package extr/cmd is sucess load to return 0 at runload
[22:1:1] [NewConsole/Info] [Client Run/Thread] [System plug-in unit] The package extr/sr is sucess load to return 0 at loading
[22:1:1] [NewConsole/Info] [Client Run/Thread] [System plug-in unit] The package extr/cmd is sucess load to return 0 at loading
[22:1:1] [NewConsole/Info] [Client Run/Thread] [System plug-in unit] The package extr/cw is sucess load to return 0 at loading
[22:1:1] [NewConsole/Info] [Client Run/Thread] [System plug-in unit] The package extr/client/HPC is sucess load to return 0 at loading
[22:1:1] [NewConsole/Info] [Client Run/Thread] [System plug-in unit] The package extr/server/SPC is sucess load to return 0 at loading
[22:1:1] [NewConsole/Info] [Client Run/Thread] [System plug-in unit] The package SystemCmdExtr/Shell is sucess load to return 0 at loading
[22:1:1] [NewConsole/Info] [Client Run/Thread] ] * loading

[22:1:13] [NewConsole/Info] [/Thread] [System plug-in unit] The package extr/cmd is sucess load to return 0 at run










[22:3:21] [NewConsole/Info] [Main Window System/Thread] close[
[22:3:21] [NewConsole/Info] [Main Window System/Thread] [System plug-in unit] The package extr/mo is sucess load to return 0 at close
[22:3:21] [NewConsole/Info] [Main Window System/Thread] [System plug-in unit] The package extr/sr is sucess load to return 0 at close
[22:3:21] [NewConsole/Info] [Main Window System/Thread] [System plug-in unit] The package extr/cmd is sucess load to return 0 at close
[22:3:21] [NewConsole/Info] [Main Window System/Thread] [System plug-in unit] The package extr/cw is sucess load to return 0 at close
[22:3:21] [NewConsole/Info] [Main Window System/Thread] [System plug-in unit] The package extr/client/HPC is sucess load to return 0 at close
[22:3:21] [NewConsole/Info] [Main Window System/Thread] [System plug-in unit] The package extr/server/SPC is sucess load to return 0 at close
[22:3:21] [NewConsole/Info] [Main Window System/Thread] [System plug-in unit] The package SystemCmdExtr/Shell is sucess load to return 0 at close
[22:3:21] [NewConsole/Info] [Main Window System/Thread] ] * close

[22:4:35] [NewConsole/Info] [Client Run/Thread] 加载启动
[22:4:36] [NewConsole/Info] [Client Run/Thread] [Memory] 成功创建分配
[22:4:36] [NewConsole/Warn] [Client Run/Thread] [Menory] About creat memory
name LoadSmPro
Bytes(MB) 1024
[22:4:36] [NewConsole/Info] [Client Run/Thread] [Memory] 正在解析数据...请稍后
[22:4:36] [NewConsole/Info] [Client Run/Thread] [LC] 标签解析完毕，正在传递给内存中...
[22:4:36] [NewConsole/Info] [Client Run/Thread] 成功
[22:4:39] [NewConsole/Warn] [Client Run/Thread] 创建From大小为 x:800 y:600
[22:4:39] [NewConsole/Warn] [Client Run/Thread] 使用这个语言在加载时或完毕时 zh-cn
[22:4:39] [NewConsole/Warn] [Client Run/Thread] 是否放大在加载窗体True
[22:4:39] [NewConsole/Warn] [Client Run/Thread]  [MakeArg] path mo to extr/mo
[22:4:39] [NewConsole/Warn] [Client Run/Thread]  [MakeArg] path sr to extr/sr
[22:4:39] [NewConsole/Warn] [Client Run/Thread]  [MakeArg] path cmd to extr/cmd
[22:4:39] [NewConsole/Warn] [Client Run/Thread]  [MakeArg] path cw to extr/cw
[22:4:39] [NewConsole/Warn] [Client Run/Thread]  [MakeArg] path client/HPC to extr/client/HPC
[22:4:39] [NewConsole/Warn] [Client Run/Thread]  [MakeArg] path server/SPC to extr/server/SPC
[22:4:39] [NewConsole/Warn] [Client Run/Thread]  [MakeArg] path cw to extr/cw
[22:4:40] [NewConsole/Info] [Client Run/Thread] load[
[22:4:40] [NewConsole/Info] [Client Run/Thread] [System plug-in unit] The package extr/mo is sucess load to return 0 at load
[22:4:40] [NewConsole/Info] [Client Run/Thread] [System plug-in unit] The package extr/sr is sucess load to return 0 at load
[22:4:40] [NewConsole/Info] [Client Run/Thread] [System plug-in unit] The package extr/cmd is sucess load to return 0 at load
[22:4:41] [NewConsole/Info] [Client Run/Thread] [System plug-in unit] The package extr/cw is sucess load to return 0 at load
[22:4:41] [NewConsole/Info] [Client Run/Thread] [System plug-in unit] The package extr/client/HPC is sucess load to return 0 at load
[22:4:41] [NewConsole/Info] [Client Run/Thread] [System plug-in unit] The package extr/server/SPC is sucess load to return 0 at load
[22:4:41] [NewConsole/Info] [Client Run/Thread] [System plug-in unit] The package SystemCmdExtr/Shell is sucess load to return 0 at load
[22:4:41] [NewConsole/Info] [Client Run/Thread] ] * load
[22:4:41] [NewConsole/Info] [Client Run/Thread] load[
[22:4:41] [NewConsole/Info] [Client Run/Thread] [System plug-in unit] The package SystemCmdExtr/Helper is sucess load to return 0 at load
[22:4:41] [NewConsole/Info] [Client Run/Thread] [System plug-in unit] The package SystemCmdExtr/LoadRun is sucess load to return 0 at load
[22:4:41] [NewConsole/Info] [Client Run/Thread] [System plug-in unit] The package extr/cw is sucess load to return 0 at load
[22:4:41] [NewConsole/Info] [Client Run/Thread] ] * load
[22:4:41] [NewConsole/Info] [Client Run/Thread] 启动窗体，加载程序
[22:4:41] [NewConsole/Info] [Client Run/Thread] loading[
[22:4:41] [NewConsole/Info] [Client Run/Thread] [System plug-in unit] The package extr/mo is sucess load to return 0 at loading
[22:4:41] [NewConsole/Info] [Client Run/Thread] [System plug-in unit] The package extr/cmd is sucess load to return 0 at getcmd
[22:4:41] [NewConsole/Info] [Client Run/Thread] [System plug-in unit] The package extr/cw is sucess load to return 0 at getcmd
[22:4:41] [NewConsole/Info] [Client Run/Thread] [System plug-in unit] The package extr/client/HPC is sucess load to return 0 at getcmd
[22:4:41] [NewConsole/Info] [Client Run/Thread] [System plug-in unit] The package extr/server/SPC is sucess load to return 0 at getcmd
[22:4:41] [NewConsole/Info] [Client Run/Thread] [System plug-in unit] The package SystemCmdExtr/Shell is sucess load to return 0 at getcmd
[22:4:41] [NewConsole/Info] [Client Run/Thread] [System plug-in unit] The package extr/cmd is sucess load to return 0 at runload
[22:4:41] [NewConsole/Info] [Client Run/Thread] [System plug-in unit] The package extr/sr is sucess load to return 0 at loading
[22:4:41] [NewConsole/Info] [Client Run/Thread] [System plug-in unit] The package extr/cmd is sucess load to return 0 at loading
[22:4:41] [NewConsole/Info] [Client Run/Thread] [System plug-in unit] The package extr/cw is sucess load to return 0 at loading
[22:4:41] [NewConsole/Info] [Client Run/Thread] [System plug-in unit] The package extr/client/HPC is sucess load to return 0 at loading
[22:4:42] [NewConsole/Info] [Client Run/Thread] [System plug-in unit] The package extr/server/SPC is sucess load to return 0 at loading
[22:4:42] [NewConsole/Info] [Client Run/Thread] [System plug-in unit] The package SystemCmdExtr/Shell is sucess load to return 0 at loading
[22:4:42] [NewConsole/Info] [Client Run/Thread] ] * loading


[22:5:1] [NewConsole/Info] [/Thread] [System plug-in unit] The package extr/cmd is sucess load to return 0 at run























[22:9:40] [NewConsole/Info] [Main Window System/Thread] close[
[22:9:40] [NewConsole/Info] [Main Window System/Thread] [System plug-in unit] The package extr/mo is sucess load to return 0 at close
[22:9:40] [NewConsole/Info] [Main Window System/Thread] [System plug-in unit] The package extr/sr is sucess load to return 0 at close
[22:9:40] [NewConsole/Info] [Main Window System/Thread] [System plug-in unit] The package extr/cmd is sucess load to return 0 at close
[22:9:40] [NewConsole/Info] [Main Window System/Thread] [System plug-in unit] The package extr/cw is sucess load to return 0 at close
[22:9:40] [NewConsole/Info] [Main Window System/Thread] [System plug-in unit] The package extr/client/HPC is sucess load to return 0 at close
[22:9:40] [NewConsole/Info] [Main Window System/Thread] [System plug-in unit] The package extr/server/SPC is sucess load to return 0 at close
[22:9:40] [NewConsole/Info] [Main Window System/Thread] [System plug-in unit] The package SystemCmdExtr/Shell is sucess load to return 0 at close
[22:9:40] [NewConsole/Info] [Main Window System/Thread] ] * close

[22:10:19] [NewConsole/Info] [Client Run/Thread] 加载启动
[22:10:19] [NewConsole/Info] [Client Run/Thread] [Memory] 成功创建分配
[22:10:19] [NewConsole/Warn] [Client Run/Thread] [Menory] About creat memory
name LoadSmPro
Bytes(MB) 1024
[22:10:19] [NewConsole/Info] [Client Run/Thread] [Memory] 正在解析数据...请稍后
[22:10:19] [NewConsole/Info] [Client Run/Thread] [LC] 标签解析完毕，正在传递给内存中...
[22:10:20] [NewConsole/Info] [Client Run/Thread] 成功
[22:10:23] [NewConsole/Warn] [Client Run/Thread] 创建From大小为 x:800 y:600
[22:10:23] [NewConsole/Warn] [Client Run/Thread] 使用这个语言在加载时或完毕时 zh-cn
[22:10:23] [NewConsole/Warn] [Client Run/Thread] 是否放大在加载窗体True
[22:10:23] [NewConsole/Warn] [Client Run/Thread]  [MakeArg] path mo to extr/mo
[22:10:23] [NewConsole/Warn] [Client Run/Thread]  [MakeArg] path sr to extr/sr
[22:10:23] [NewConsole/Warn] [Client Run/Thread]  [MakeArg] path cmd to extr/cmd
[22:10:23] [NewConsole/Warn] [Client Run/Thread]  [MakeArg] path cw to extr/cw
[22:10:23] [NewConsole/Warn] [Client Run/Thread]  [MakeArg] path client/HPC to extr/client/HPC
[22:10:23] [NewConsole/Warn] [Client Run/Thread]  [MakeArg] path server/SPC to extr/server/SPC
[22:10:23] [NewConsole/Warn] [Client Run/Thread]  [MakeArg] path cw to extr/cw
[22:10:24] [NewConsole/Info] [Client Run/Thread] load[
[22:10:24] [NewConsole/Info] [Client Run/Thread] [System plug-in unit] The package extr/mo is sucess load to return 0 at load
[22:10:24] [NewConsole/Info] [Client Run/Thread] [System plug-in unit] The package extr/sr is sucess load to return 0 at load
[22:10:24] [NewConsole/Info] [Client Run/Thread] [System plug-in unit] The package extr/cmd is sucess load to return 0 at load
[22:10:24] [NewConsole/Info] [Client Run/Thread] [System plug-in unit] The package extr/cw is sucess load to return 0 at load
[22:10:25] [NewConsole/Info] [Client Run/Thread] [System plug-in unit] The package extr/client/HPC is sucess load to return 0 at load
[22:10:25] [NewConsole/Info] [Client Run/Thread] [System plug-in unit] The package extr/server/SPC is sucess load to return 0 at load
[22:10:25] [NewConsole/Info] [Client Run/Thread] [System plug-in unit] The package SystemCmdExtr/Shell is sucess load to return 0 at load
[22:10:25] [NewConsole/Info] [Client Run/Thread] ] * load
[22:10:25] [NewConsole/Info] [Client Run/Thread] load[
[22:10:25] [NewConsole/Info] [Client Run/Thread] [System plug-in unit] The package SystemCmdExtr/Helper is sucess load to return 0 at load
[22:10:25] [NewConsole/Info] [Client Run/Thread] [System plug-in unit] The package SystemCmdExtr/LoadRun is sucess load to return 0 at load
[22:10:25] [NewConsole/Info] [Client Run/Thread] [System plug-in unit] The package extr/cw is sucess load to return 0 at load
[22:10:25] [NewConsole/Info] [Client Run/Thread] ] * load
[22:10:25] [NewConsole/Info] [Client Run/Thread] 启动窗体，加载程序
[22:10:25] [NewConsole/Info] [Client Run/Thread] loading[
[22:10:25] [NewConsole/Info] [Client Run/Thread] [System plug-in unit] The package extr/mo is sucess load to return 0 at loading
[22:10:25] [NewConsole/Info] [Client Run/Thread] [System plug-in unit] The package extr/cmd is sucess load to return 0 at getcmd
[22:10:25] [NewConsole/Info] [Client Run/Thread] [System plug-in unit] The package extr/cw is sucess load to return 0 at getcmd
[22:10:25] [NewConsole/Info] [Client Run/Thread] [System plug-in unit] The package extr/client/HPC is sucess load to return 0 at getcmd
[22:10:25] [NewConsole/Info] [Client Run/Thread] [System plug-in unit] The package extr/server/SPC is sucess load to return 0 at getcmd
[22:10:25] [NewConsole/Info] [Client Run/Thread] [System plug-in unit] The package SystemCmdExtr/Shell is sucess load to return 0 at getcmd
[22:10:25] [NewConsole/Info] [Client Run/Thread] [System plug-in unit] The package extr/cmd is sucess load to return 0 at runload
[22:10:25] [NewConsole/Info] [Client Run/Thread] [System plug-in unit] The package extr/sr is sucess load to return 0 at loading
[22:10:25] [NewConsole/Info] [Client Run/Thread] [System plug-in unit] The package extr/cmd is sucess load to return 0 at loading
[22:10:25] [NewConsole/Info] [Client Run/Thread] [System plug-in unit] The package extr/cw is sucess load to return 0 at loading
[22:10:25] [NewConsole/Info] [Client Run/Thread] [System plug-in unit] The package extr/client/HPC is sucess load to return 0 at loading
[22:10:25] [NewConsole/Info] [Client Run/Thread] [System plug-in unit] The package extr/server/SPC is sucess load to return 0 at loading
[22:10:25] [NewConsole/Info] [Client Run/Thread] [System plug-in unit] The package SystemCmdExtr/Shell is sucess load to return 0 at loading
[22:10:26] [NewConsole/Info] [Client Run/Thread] ] * loading


[22:10:50] [NewConsole/Info] [/Thread] [System plug-in unit] The package extr/cmd is sucess load to return 0 at run











[22:13:5] [NewConsole/Info] [Main Window System/Thread] close[
[22:13:5] [NewConsole/Info] [Main Window System/Thread] [System plug-in unit] The package extr/mo is sucess load to return 0 at close
[22:13:5] [NewConsole/Info] [Main Window System/Thread] [System plug-in unit] The package extr/sr is sucess load to return 0 at close
[22:13:5] [NewConsole/Info] [Main Window System/Thread] [System plug-in unit] The package extr/cmd is sucess load to return 0 at close
[22:13:5] [NewConsole/Info] [Main Window System/Thread] [System plug-in unit] The package extr/cw is sucess load to return 0 at close
[22:13:5] [NewConsole/Info] [Main Window System/Thread] [System plug-in unit] The package extr/client/HPC is sucess load to return 0 at close
[22:13:5] [NewConsole/Info] [Main Window System/Thread] [System plug-in unit] The package extr/server/SPC is sucess load to return 0 at close
[22:13:5] [NewConsole/Info] [Main Window System/Thread] [System plug-in unit] The package SystemCmdExtr/Shell is sucess load to return 0 at close
[22:13:5] [NewConsole/Info] [Main Window System/Thread] ] * close

[22:13:33] [NewConsole/Info] [Client Run/Thread] 加载启动
[22:13:33] [NewConsole/Info] [Client Run/Thread] [Memory] 成功创建分配
[22:13:33] [NewConsole/Warn] [Client Run/Thread] [Menory] About creat memory
name LoadSmPro
Bytes(MB) 1024
[22:13:33] [NewConsole/Info] [Client Run/Thread] [Memory] 正在解析数据...请稍后
[22:13:33] [NewConsole/Info] [Client Run/Thread] [LC] 标签解析完毕，正在传递给内存中...
[22:13:33] [NewConsole/Info] [Client Run/Thread] 成功
[22:13:36] [NewConsole/Warn] [Client Run/Thread] 创建From大小为 x:800 y:600
[22:13:36] [NewConsole/Warn] [Client Run/Thread] 使用这个语言在加载时或完毕时 zh-cn
[22:13:36] [NewConsole/Warn] [Client Run/Thread] 是否放大在加载窗体True
[22:13:36] [NewConsole/Warn] [Client Run/Thread]  [MakeArg] path mo to extr/mo
[22:13:36] [NewConsole/Warn] [Client Run/Thread]  [MakeArg] path sr to extr/sr
[22:13:36] [NewConsole/Warn] [Client Run/Thread]  [MakeArg] path cmd to extr/cmd
[22:13:36] [NewConsole/Warn] [Client Run/Thread]  [MakeArg] path cw to extr/cw
[22:13:36] [NewConsole/Warn] [Client Run/Thread]  [MakeArg] path client/HPC to extr/client/HPC
[22:13:36] [NewConsole/Warn] [Client Run/Thread]  [MakeArg] path server/SPC to extr/server/SPC
[22:13:36] [NewConsole/Warn] [Client Run/Thread]  [MakeArg] path cw to extr/cw
[22:13:37] [NewConsole/Info] [Client Run/Thread] load[
[22:13:37] [NewConsole/Info] [Client Run/Thread] [System plug-in unit] The package extr/mo is sucess load to return 0 at load
[22:13:37] [NewConsole/Info] [Client Run/Thread] [System plug-in unit] The package extr/sr is sucess load to return 0 at load
[22:13:37] [NewConsole/Info] [Client Run/Thread] [System plug-in unit] The package extr/cmd is sucess load to return 0 at load
[22:13:37] [NewConsole/Info] [Client Run/Thread] [System plug-in unit] The package extr/cw is sucess load to return 0 at load
[22:13:37] [NewConsole/Info] [Client Run/Thread] [System plug-in unit] The package extr/client/HPC is sucess load to return 0 at load
[22:13:37] [NewConsole/Info] [Client Run/Thread] [System plug-in unit] The package extr/server/SPC is sucess load to return 0 at load
[22:13:37] [NewConsole/Info] [Client Run/Thread] [System plug-in unit] The package SystemCmdExtr/Shell is sucess load to return 0 at load
[22:13:37] [NewConsole/Info] [Client Run/Thread] ] * load
[22:13:37] [NewConsole/Info] [Client Run/Thread] load[
[22:13:37] [NewConsole/Info] [Client Run/Thread] [System plug-in unit] The package SystemCmdExtr/Helper is sucess load to return 0 at load
[22:13:37] [NewConsole/Info] [Client Run/Thread] [System plug-in unit] The package SystemCmdExtr/LoadRun is sucess load to return 0 at load
[22:13:37] [NewConsole/Info] [Client Run/Thread] [System plug-in unit] The package extr/cw is sucess load to return 0 at load
[22:13:37] [NewConsole/Info] [Client Run/Thread] ] * load
[22:13:38] [NewConsole/Info] [Client Run/Thread] 启动窗体，加载程序
[22:13:38] [NewConsole/Info] [Client Run/Thread] loading[
[22:13:38] [NewConsole/Info] [Client Run/Thread] [System plug-in unit] The package extr/mo is sucess load to return 0 at loading
[22:13:38] [NewConsole/Info] [Client Run/Thread] [System plug-in unit] The package extr/cmd is sucess load to return 0 at getcmd
[22:13:38] [NewConsole/Info] [Client Run/Thread] [System plug-in unit] The package extr/cw is sucess load to return 0 at getcmd
[22:13:38] [NewConsole/Info] [Client Run/Thread] [System plug-in unit] The package extr/client/HPC is sucess load to return 0 at getcmd
[22:13:38] [NewConsole/Info] [Client Run/Thread] [System plug-in unit] The package extr/server/SPC is sucess load to return 0 at getcmd
[22:13:38] [NewConsole/Info] [Client Run/Thread] [System plug-in unit] The package SystemCmdExtr/Shell is sucess load to return 0 at getcmd
[22:13:38] [NewConsole/Info] [Client Run/Thread] [System plug-in unit] The package extr/cmd is sucess load to return 0 at runload
[22:13:38] [NewConsole/Info] [Client Run/Thread] [System plug-in unit] The package extr/sr is sucess load to return 0 at loading
[22:13:38] [NewConsole/Info] [Client Run/Thread] [System plug-in unit] The package extr/cmd is sucess load to return 0 at loading
[22:13:38] [NewConsole/Info] [Client Run/Thread] [System plug-in unit] The package extr/cw is sucess load to return 0 at loading
[22:13:38] [NewConsole/Info] [Client Run/Thread] [System plug-in unit] The package extr/client/HPC is sucess load to return 0 at loading
[22:13:38] [NewConsole/Info] [Client Run/Thread] [System plug-in unit] The package extr/server/SPC is sucess load to return 0 at loading
[22:13:38] [NewConsole/Info] [Client Run/Thread] [System plug-in unit] The package SystemCmdExtr/Shell is sucess load to return 0 at loading
[22:13:38] [NewConsole/Info] [Client Run/Thread] ] * loading


[22:14:2] [NewConsole/Info] [/Thread] [System plug-in unit] The package extr/cmd is sucess load to return 0 at run





[22:15:6] [NewConsole/Info] [Main Window System/Thread] close[
[22:15:6] [NewConsole/Info] [Main Window System/Thread] [System plug-in unit] The package extr/mo is sucess load to return 0 at close
[22:15:6] [NewConsole/Info] [Main Window System/Thread] [System plug-in unit] The package extr/sr is sucess load to return 0 at close
[22:15:6] [NewConsole/Info] [Main Window System/Thread] [System plug-in unit] The package extr/cmd is sucess load to return 0 at close
[22:15:6] [NewConsole/Info] [Main Window System/Thread] [System plug-in unit] The package extr/cw is sucess load to return 0 at close
[22:15:6] [NewConsole/Info] [Main Window System/Thread] [System plug-in unit] The package extr/client/HPC is sucess load to return 0 at close
[22:15:6] [NewConsole/Info] [Main Window System/Thread] [System plug-in unit] The package extr/server/SPC is sucess load to return 0 at close
[22:15:6] [NewConsole/Info] [Main Window System/Thread] [System plug-in unit] The package SystemCmdExtr/Shell is sucess load to return 0 at close
[22:15:6] [NewConsole/Info] [Main Window System/Thread] ] * close

[22:20:25] [NewConsole/Info] [Client Run/Thread] 加载启动
[22:20:28] [NewConsole/Info] [Client Run/Thread] [Memory] 成功创建分配
[22:20:28] [NewConsole/Warn] [Client Run/Thread] [Menory] About creat memory
name LoadSmPro
Bytes(MB) 1024
[22:20:28] [NewConsole/Info] [Client Run/Thread] [Memory] 正在解析数据...请稍后
[22:20:28] [NewConsole/Info] [Client Run/Thread] [LC] 标签解析完毕，正在传递给内存中...
[22:20:28] [NewConsole/Info] [Client Run/Thread] 成功
[22:20:36] [NewConsole/Warn] [Client Run/Thread] 创建From大小为 x:800 y:600
[22:20:36] [NewConsole/Warn] [Client Run/Thread] 使用这个语言在加载时或完毕时 zh-cn
[22:20:37] [NewConsole/Warn] [Client Run/Thread] 是否放大在加载窗体True

[22:20:37] [NewConsole/Warn] [Client Run/Thread]  [MakeArg] path mo to extr/mo
[22:20:37] [NewConsole/Warn] [Client Run/Thread]  [MakeArg] path sr to extr/sr
[22:20:37] [NewConsole/Warn] [Client Run/Thread]  [MakeArg] path cmd to extr/cmd
[22:20:37] [NewConsole/Warn] [Client Run/Thread]  [MakeArg] path cw to extr/cw
[22:20:37] [NewConsole/Warn] [Client Run/Thread]  [MakeArg] path client/HPC to extr/client/HPC
[22:20:37] [NewConsole/Warn] [Client Run/Thread]  [MakeArg] path server/SPC to extr/server/SPC
[22:20:37] [NewConsole/Warn] [Client Run/Thread]  [MakeArg] path cw to extr/cw
[22:20:39] [NewConsole/Info] [Client Run/Thread] load[
[22:20:39] [NewConsole/Info] [Client Run/Thread] [System plug-in unit] The package extr/mo is sucess load to return 0 at load
[22:20:39] [NewConsole/Info] [Client Run/Thread] [System plug-in unit] The package extr/sr is sucess load to return 0 at load
[22:20:39] [NewConsole/Info] [Client Run/Thread] [System plug-in unit] The package extr/cmd is sucess load to return 0 at load
[22:20:39] [NewConsole/Info] [Client Run/Thread] [System plug-in unit] The package extr/cw is sucess load to return 0 at load
[22:20:40] [NewConsole/Info] [Client Run/Thread] [System plug-in unit] The package extr/client/HPC is sucess load to return 0 at load
[22:20:40] [NewConsole/Info] [Client Run/Thread] [System plug-in unit] The package extr/server/SPC is sucess load to return 0 at load
[22:20:40] [NewConsole/Info] [Client Run/Thread] [System plug-in unit] The package SystemCmdExtr/Shell is sucess load to return 0 at load
[22:20:40] [NewConsole/Info] [Client Run/Thread] ] * load
[22:20:40] [NewConsole/Info] [Client Run/Thread] load[
[22:20:40] [NewConsole/Info] [Client Run/Thread] [System plug-in unit] The package SystemCmdExtr/Helper is sucess load to return 0 at load
[22:20:40] [NewConsole/Info] [Client Run/Thread] [System plug-in unit] The package SystemCmdExtr/LoadRun is sucess load to return 0 at load
[22:20:40] [NewConsole/Info] [Client Run/Thread] [System plug-in unit] The package extr/cw is sucess load to return 0 at load
[22:20:40] [NewConsole/Info] [Client Run/Thread] ] * load
[22:20:40] [NewConsole/Info] [Client Run/Thread] 启动窗体，加载程序
[22:20:40] [NewConsole/Info] [Client Run/Thread] loading[
[22:20:41] [NewConsole/Info] [Client Run/Thread] [System plug-in unit] The package extr/mo is sucess load to return 0 at loading
[22:20:42] [NewConsole/Info] [Client Run/Thread] [System plug-in unit] The package extr/cmd is sucess load to return 0 at getcmd
[22:20:42] [NewConsole/Info] [Client Run/Thread] [System plug-in unit] The package extr/cw is sucess load to return 0 at getcmd
[22:20:42] [NewConsole/Info] [Client Run/Thread] [System plug-in unit] The package extr/client/HPC is sucess load to return 0 at getcmd
[22:20:42] [NewConsole/Info] [Client Run/Thread] [System plug-in unit] The package extr/server/SPC is sucess load to return 0 at getcmd
[22:20:42] [NewConsole/Info] [Client Run/Thread] [System plug-in unit] The package SystemCmdExtr/Shell is sucess load to return 0 at getcmd
[22:20:42] [NewConsole/Info] [Client Run/Thread] [System plug-in unit] The package extr/cmd is sucess load to return 0 at runload
[22:20:43] [NewConsole/Info] [Client Run/Thread] [System plug-in unit] The package extr/sr is sucess load to return 0 at loading
[22:20:43] [NewConsole/Info] [Client Run/Thread] [System plug-in unit] The package extr/cmd is sucess load to return 0 at loading
[22:20:43] [NewConsole/Info] [Client Run/Thread] [System plug-in unit] The package extr/cw is sucess load to return 0 at loading
[22:20:43] [NewConsole/Info] [Client Run/Thread] [System plug-in unit] The package extr/client/HPC is sucess load to return 0 at loading
[22:20:43] [NewConsole/Info] [Client Run/Thread] [System plug-in unit] The package extr/server/SPC is sucess load to return 0 at loading
[22:20:43] [NewConsole/Info] [Client Run/Thread] [System plug-in unit] The package SystemCmdExtr/Shell is sucess load to return 0 at loading
[22:20:43] [NewConsole/Info] [Client Run/Thread] ] * loading



[22:21:16] [NewConsole/Info] [/Thread] [System plug-in unit] The package extr/cmd is sucess load to return 0 at run

[22:21:32] [NewConsole/Info] [Client Run/Thread] 加载启动
[22:21:34] [NewConsole/Info] [Client Run/Thread] [Memory] 成功创建分配
[22:21:34] [NewConsole/Warn] [Client Run/Thread] [Menory] About creat memory
name LoadSmPro
Bytes(MB) 1024
[22:21:34] [NewConsole/Info] [Client Run/Thread] [Memory] 正在解析数据...请稍后
[22:21:34] [NewConsole/Info] [Client Run/Thread] [LC] 标签解析完毕，正在传递给内存中...
[22:21:34] [NewConsole/Info] [Client Run/Thread] 成功
[22:21:38] [NewConsole/Warn] [Client Run/Thread] 创建From大小为 x:800 y:600
[22:21:38] [NewConsole/Warn] [Client Run/Thread] 使用这个语言在加载时或完毕时 zh-cn
[22:21:38] [NewConsole/Warn] [Client Run/Thread] 是否放大在加载窗体True
[22:21:38] [NewConsole/Warn] [Client Run/Thread]  [MakeArg] path mo to extr/mo
[22:21:38] [NewConsole/Warn] [Client Run/Thread]  [MakeArg] path sr to extr/sr
[22:21:38] [NewConsole/Warn] [Client Run/Thread]  [MakeArg] path cmd to extr/cmd
[22:21:38] [NewConsole/Warn] [Client Run/Thread]  [MakeArg] path cw to extr/cw
[22:21:38] [NewConsole/Warn] [Client Run/Thread]  [MakeArg] path client/HPC to extr/client/HPC
[22:21:38] [NewConsole/Warn] [Client Run/Thread]  [MakeArg] path server/SPC to extr/server/SPC
[22:21:38] [NewConsole/Warn] [Client Run/Thread]  [MakeArg] path cw to extr/cw
[22:21:39] [NewConsole/Info] [Client Run/Thread] load[
[22:21:39] [NewConsole/Info] [Client Run/Thread] [System plug-in unit] The package extr/mo is sucess load to return 0 at load
[22:21:39] [NewConsole/Info] [Client Run/Thread] [System plug-in unit] The package extr/sr is sucess load to return 0 at load
[22:21:39] [NewConsole/Info] [Client Run/Thread] [System plug-in unit] The package extr/cmd is sucess load to return 0 at load
[22:21:39] [NewConsole/Info] [Client Run/Thread] [System plug-in unit] The package extr/cw is sucess load to return 0 at load
[22:21:39] [NewConsole/Info] [Client Run/Thread] [System plug-in unit] The package extr/client/HPC is sucess load to return 0 at load
[22:21:39] [NewConsole/Info] [Client Run/Thread] [System plug-in unit] The package extr/server/SPC is sucess load to return 0 at load
[22:21:39] [NewConsole/Info] [Client Run/Thread] [System plug-in unit] The package SystemCmdExtr/Shell is sucess load to return 0 at load
[22:21:39] [NewConsole/Info] [Client Run/Thread] ] * load
[22:21:39] [NewConsole/Info] [Client Run/Thread] load[
[22:21:39] [NewConsole/Info] [Client Run/Thread] [System plug-in unit] The package SystemCmdExtr/Helper is sucess load to return 0 at load
[22:21:39] [NewConsole/Info] [Client Run/Thread] [System plug-in unit] The package SystemCmdExtr/LoadRun is sucess load to return 0 at load
[22:21:39] [NewConsole/Info] [Client Run/Thread] [System plug-in unit] The package extr/cw is sucess load to return 0 at load
[22:21:39] [NewConsole/Info] [Client Run/Thread] ] * load
[22:21:39] [NewConsole/Info] [Client Run/Thread] 启动窗体，加载程序
[22:21:40] [NewConsole/Info] [Client Run/Thread] loading[
[22:21:40] [NewConsole/Info] [Client Run/Thread] [System plug-in unit] The package extr/mo is sucess load to return 0 at loading
[22:21:40] [NewConsole/Info] [Client Run/Thread] [System plug-in unit] The package extr/cmd is sucess load to return 0 at getcmd
[22:21:40] [NewConsole/Info] [Client Run/Thread] [System plug-in unit] The package extr/cw is sucess load to return 0 at getcmd
[22:21:40] [NewConsole/Info] [Client Run/Thread] [System plug-in unit] The package extr/client/HPC is sucess load to return 0 at getcmd
[22:21:40] [NewConsole/Info] [Client Run/Thread] [System plug-in unit] The package extr/server/SPC is sucess load to return 0 at getcmd
[22:21:40] [NewConsole/Info] [Client Run/Thread] [System plug-in unit] The package SystemCmdExtr/Shell is sucess load to return 0 at getcmd
[22:21:40] [NewConsole/Info] [Client Run/Thread] [System plug-in unit] The package extr/cmd is sucess load to return 0 at runload
[22:21:40] [NewConsole/Info] [Client Run/Thread] [System plug-in unit] The package extr/sr is sucess load to return 0 at loading
[22:21:40] [NewConsole/Info] [Client Run/Thread] [System plug-in unit] The package extr/cmd is sucess load to return 0 at loading
[22:21:40] [NewConsole/Info] [Client Run/Thread] [System plug-in unit] The package extr/cw is sucess load to return 0 at loading
[22:21:40] [NewConsole/Info] [Client Run/Thread] [System plug-in unit] The package extr/client/HPC is sucess load to return 0 at loading
[22:21:41] [NewConsole/Info] [Client Run/Thread] [System plug-in unit] The package extr/server/SPC is sucess load to return 0 at loading
[22:21:41] [NewConsole/Info] [Client Run/Thread] [System plug-in unit] The package SystemCmdExtr/Shell is sucess load to return 0 at loading
[22:21:41] [NewConsole/Info] [Client Run/Thread] ] * loading









[22:23:30] [NewConsole/Info] [/Thread] [System plug-in unit] The package extr/cmd is sucess load to return 0 at run


[22:23:49] [NewConsole/Info] [/Thread] [System plug-in unit] The package extr/cmd is sucess load to return 0 at run

[22:23:57] [NewConsole/Info] [/Thread] [System plug-in unit] The package extr/cmd is sucess load to return 0 at run
[22:24:7] [NewConsole/Info] [/Thread] [System plug-in unit] The package extr/cmd is sucess load to return 0 at run


[22:24:29] [NewConsole/Info] [/Thread] [System plug-in unit] The package extr/cmd is sucess load to return 0 at run


[22:24:45] [NewConsole/Info] [/Thread] [System plug-in unit] The package extr/cmd is sucess load to return 0 at run


[22:25:11] [NewConsole/Info] [/Thread] [System plug-in unit] The package extr/cmd is sucess load to return 0 at run


[22:25:33] [NewConsole/Info] [/Thread] [System plug-in unit] The package extr/cmd is sucess load to return 0 at run

[22:25:45] [NewConsole/Info] [/Thread] [System plug-in unit] The package extr/cmd is sucess load to return 0 at run



















[22:29:37] [NewConsole/Info] [/Thread] [System plug-in unit] The package extr/cmd is sucess load to return 0 at run

[22:29:47] [NewConsole/Info] [/Thread] [System plug-in unit] The package extr/cmd is sucess load to return 0 at run


[22:30:12] [NewConsole/Info] [/Thread] [System plug-in unit] The package extr/cmd is sucess load to return 0 at run


[22:30:35] [NewConsole/Info] [/Thread] [System plug-in unit] The package extr/cmd is sucess load to return 0 at run

[22:30:47] [NewConsole/Info] [/Thread] [System plug-in unit] The package extr/cmd is sucess load to return 0 at run
[22:30:47] [NewConsole/Info] [/Thread] [System plug-in unit] The package extr/cmd is sucess load to return 0 at run






















































































[22:48:3] [NewConsole/Info] [/Thread] [System plug-in unit] The package extr/cmd is sucess load to return 0 at run

[22:48:18] [NewConsole/Info] [/Thread] [System plug-in unit] The package extr/cmd is sucess load to return 0 at run

[22:48:32] [NewConsole/Info] [/Thread] [System plug-in unit] The package extr/cmd is sucess load to return 0 at run

[22:48:35] [NewConsole/Info] [/Thread] [System plug-in unit] The package extr/cmd is sucess load to return 0 at run
[22:48:38] [NewConsole/Info] [Main Window System/Thread] close[
[22:48:38] [NewConsole/Info] [Main Window System/Thread] [System plug-in unit] The package extr/mo is sucess load to return 0 at close
[22:48:38] [NewConsole/Info] [Main Window System/Thread] [System plug-in unit] The package extr/sr is sucess load to return 0 at close
[22:48:38] [NewConsole/Info] [Main Window System/Thread] [System plug-in unit] The package extr/cmd is sucess load to return 0 at close
[22:48:38] [NewConsole/Info] [Main Window System/Thread] [System plug-in unit] The package extr/cw is sucess load to return 0 at close
[22:48:38] [NewConsole/Info] [Main Window System/Thread] [System plug-in unit] The package extr/client/HPC is sucess load to return 0 at close
[22:48:38] [NewConsole/Info] [Main Window System/Thread] [System plug-in unit] The package extr/server/SPC is sucess load to return 0 at close
[22:48:38] [NewConsole/Info] [Main Window System/Thread] [System plug-in unit] The package SystemCmdExtr/Shell is sucess load to return 0 at close
[22:48:38] [NewConsole/Info] [Main Window System/Thread] ] * close

