#Console Printf about side
#       Code Memory this...
#       WriteTime about (s)11
#
#Endl
[17:4:3] [ServerNewConsole/Info] [Client Run/Thread] 加载启动
[17:4:3] [ServerNewConsole/Info] [Client Run/Thread] [Memory] 成功创建分配
[17:4:3] [ServerNewConsole/Warn] [Client Run/Thread] [Menory] About creat memory
name LoadSmPro
Bytes(MB) 1024
[17:4:3] [ServerNewConsole/Info] [Client Run/Thread] [Memory] 正在解析数据...请稍后
[17:4:3] [ServerNewConsole/Info] [Client Run/Thread] [LC] 标签解析完毕，正在传递给内存中...
[17:4:3] [ServerNewConsole/Info] [Client Run/Thread] 成功
[17:4:4] [ServerNewConsole/Warn] [Client Run/Thread] [Sever] Sever Start
[17:4:6] [ServerNewConsole/Warn] [Client Run/Thread] 使用这个语言在加载时或完毕时 zh-cn
[17:4:6] [ServerNewConsole/Warn] [Client Run/Thread]  [MakeArg] path cmd to extr/cmd
[17:4:6] [ServerNewConsole/Warn] [Client Run/Thread]  [MakeArg] path runcmd to extr/runcmd
[17:4:7] [ServerNewConsole/Info] [Client Run/Thread] load[
[17:4:7] [ServerNewConsole/Info] [Client Run/Thread] [System plug-in unit] The package extr/cmd is sucess load to return 0 at load
[17:4:7] [ServerNewConsole/Info] [Client Run/Thread] [System plug-in unit] The package extr/runcmd is sucess load to return 0 at load
[17:4:7] [ServerNewConsole/Info] [Client Run/Thread] ] * load
[17:4:7] [ServerNewConsole/Info] [Client Run/Thread] load[
[17:4:7] [ServerNewConsole/Info] [Client Run/Thread] [System plug-in unit] The package SystemCmdExtr/Helper is sucess load to return 0 at load
[17:4:7] [ServerNewConsole/Info] [Client Run/Thread] [System plug-in unit] The package SystemCmdExtr/LoadRun is sucess load to return 0 at load
[17:4:7] [ServerNewConsole/Info] [Client Run/Thread] ] * load
[17:4:7] [ServerNewConsole/Info] [Client Run/Thread] 启动窗体，加载程序
[17:4:8] [ServerNewConsole/Info] [Client Run/Thread] sever-loading[
[17:4:8] [ServerNewConsole/Info] [Client Run/Thread] [System plug-in unit] The package extr/cmd is sucess load to return 0 at getcmd
[17:4:8] [ServerNewConsole/Info] [Client Run/Thread] [System plug-in unit] The package extr/runcmd is sucess load to return 0 at getcmd
[17:4:8] [ServerNewConsole/Info] [Client Run/Thread] [System plug-in unit] The package extr/cmd is sucess load to return 0 at sever-loading
[17:4:8] [ServerNewConsole/Info] [Client Run/Thread] [System plug-in unit] The package extr/runcmd is sucess load to return 0 at sever-loading
[17:4:8] [ServerNewConsole/Info] [Client Run/Thread] ] * sever-loading
[17:4:11] [ServerNewConsole/Warn] [/Thread] 正在运行Close插件方法
[17:4:11] [ServerNewConsole/Info] [/Thread] close[
[17:4:11] [ServerNewConsole/Info] [/Thread] [System plug-in unit] The package extr/cmd is sucess load to return 0 at close
[17:4:11] [ServerNewConsole/Info] [/Thread] [System plug-in unit] The package extr/runcmd is sucess load to return 0 at close
[17:4:11] [ServerNewConsole/Info] [/Thread] ] * close
[17:4:11] [ServerNewConsole/Warn] [/Thread] Close Object
[17:4:45] [ServerNewConsole/Info] [Client Run/Thread] 加载启动
[17:4:45] [ServerNewConsole/Info] [Client Run/Thread] [Memory] 成功创建分配
[17:4:45] [ServerNewConsole/Warn] [Client Run/Thread] [Menory] About creat memory
name LoadSmPro
Bytes(MB) 1024
[17:4:45] [ServerNewConsole/Info] [Client Run/Thread] [Memory] 正在解析数据...请稍后
[17:4:45] [ServerNewConsole/Info] [Client Run/Thread] [LC] 标签解析完毕，正在传递给内存中...
[17:4:45] [ServerNewConsole/Info] [Client Run/Thread] 成功
[17:4:46] [ServerNewConsole/Warn] [Client Run/Thread] [Sever] Sever Start
[17:4:48] [ServerNewConsole/Warn] [Client Run/Thread] 使用这个语言在加载时或完毕时 zh-cn
[17:4:48] [ServerNewConsole/Warn] [Client Run/Thread]  [MakeArg] path cmd to extr/cmd
[17:4:48] [ServerNewConsole/Warn] [Client Run/Thread]  [MakeArg] path runcmd to extr/runcmd
[17:4:49] [ServerNewConsole/Info] [Client Run/Thread] load[
[17:4:49] [ServerNewConsole/Info] [Client Run/Thread] [System plug-in unit] The package extr/cmd is sucess load to return 0 at load
[17:4:49] [ServerNewConsole/Info] [Client Run/Thread] [System plug-in unit] The package extr/runcmd is sucess load to return 0 at load
[17:4:49] [ServerNewConsole/Info] [Client Run/Thread] ] * load
[17:4:49] [ServerNewConsole/Info] [Client Run/Thread] load[
[17:4:49] [ServerNewConsole/Info] [Client Run/Thread] [System plug-in unit] The package SystemCmdExtr/Helper is sucess load to return 0 at load
[17:4:49] [ServerNewConsole/Info] [Client Run/Thread] [System plug-in unit] The package SystemCmdExtr/LoadRun is sucess load to return 0 at load
[17:4:49] [ServerNewConsole/Info] [Client Run/Thread] ] * load
[17:4:49] [ServerNewConsole/Info] [Client Run/Thread] 启动窗体，加载程序
[17:4:50] [ServerNewConsole/Info] [Client Run/Thread] sever-loading[
[17:4:50] [ServerNewConsole/Info] [Client Run/Thread] [System plug-in unit] The package extr/cmd is sucess load to return 0 at getcmd
[17:4:50] [ServerNewConsole/Info] [Client Run/Thread] [System plug-in unit] The package extr/runcmd is sucess load to return 0 at getcmd
[17:4:50] [ServerNewConsole/Info] [Client Run/Thread] [System plug-in unit] The package extr/cmd is sucess load to return 0 at sever-loading
[17:4:50] [ServerNewConsole/Info] [Client Run/Thread] [System plug-in unit] The package extr/runcmd is sucess load to return 0 at sever-loading
[17:4:50] [ServerNewConsole/Info] [Client Run/Thread] ] * sever-loading
[17:4:53] [ServerNewConsole/Info] [/Thread] [System plug-in unit] The package extr/cmd is sucess load to return 0 at run

[17:5:4] [ServerNewConsole/Info] [/Thread] [System plug-in unit] The package extr/cmd is sucess load to return 0 at run
[17:5:7] [ServerNewConsole/Info] [/Thread] [System plug-in unit] The package extr/cmd is sucess load to return 0 at run

[17:5:9] [ServerNewConsole/Warn] [/Thread] 正在运行Close插件方法
[17:5:9] [ServerNewConsole/Info] [/Thread] close[
[17:5:9] [ServerNewConsole/Info] [/Thread] [System plug-in unit] The package extr/cmd is sucess load to return 0 at close
[17:5:9] [ServerNewConsole/Info] [/Thread] [System plug-in unit] The package extr/runcmd is sucess load to return 0 at close
[17:5:9] [ServerNewConsole/Info] [/Thread] ] * close
[17:5:9] [ServerNewConsole/Warn] [/Thread] Close Object

[17:15:32] [ServerNewConsole/Info] [Client Run/Thread] 加载启动
[17:15:33] [ServerNewConsole/Info] [Client Run/Thread] [Memory] 成功创建分配
[17:15:33] [ServerNewConsole/Warn] [Client Run/Thread] [Menory] About creat memory
name LoadSmPro
Bytes(MB) 1024
[17:15:33] [ServerNewConsole/Info] [Client Run/Thread] [Memory] 正在解析数据...请稍后
[17:15:33] [ServerNewConsole/Info] [Client Run/Thread] [LC] 标签解析完毕，正在传递给内存中...
[17:15:33] [ServerNewConsole/Info] [Client Run/Thread] 成功
[17:15:34] [ServerNewConsole/Warn] [Client Run/Thread] [Sever] Sever Start
[17:15:36] [ServerNewConsole/Warn] [Client Run/Thread] 使用这个语言在加载时或完毕时 zh-cn
[17:15:36] [ServerNewConsole/Warn] [Client Run/Thread]  [MakeArg] path cmd to extr/cmd
[17:15:36] [ServerNewConsole/Warn] [Client Run/Thread]  [MakeArg] path runcmd to extr/runcmd
[17:15:36] [ServerNewConsole/Warn] [Client Run/Thread]  [MakeArg] path server/SPC to extr/server/SPC
[17:15:37] [ServerNewConsole/Info] [Client Run/Thread] load[
[17:15:37] [ServerNewConsole/Info] [Client Run/Thread] [System plug-in unit] The package extr/cmd is sucess load to return 0 at load
[17:15:37] [ServerNewConsole/Info] [Client Run/Thread] [System plug-in unit] The package extr/runcmd is sucess load to return 0 at load
[17:15:37] [ServerNewConsole/Info] [Client Run/Thread] [System plug-in unit] The package extr/server/SPC is sucess load to return 0 at load
[17:15:37] [ServerNewConsole/Info] [Client Run/Thread] ] * load
[17:15:37] [ServerNewConsole/Info] [Client Run/Thread] load[
[17:15:37] [ServerNewConsole/Info] [Client Run/Thread] [System plug-in unit] The package SystemCmdExtr/Helper is sucess load to return 0 at load
[17:15:37] [ServerNewConsole/Info] [Client Run/Thread] [System plug-in unit] The package SystemCmdExtr/LoadRun is sucess load to return 0 at load
[17:15:37] [ServerNewConsole/Info] [Client Run/Thread] ] * load
[17:15:37] [ServerNewConsole/Info] [Client Run/Thread] 启动窗体，加载程序
[17:15:38] [ServerNewConsole/Info] [Client Run/Thread] sever-loading[
[17:15:38] [ServerNewConsole/Info] [Client Run/Thread] [System plug-in unit] The package extr/cmd is sucess load to return 0 at getcmd
[17:15:38] [ServerNewConsole/Info] [Client Run/Thread] [System plug-in unit] The package extr/runcmd is sucess load to return 0 at getcmd
[17:15:38] [ServerNewConsole/Info] [Client Run/Thread] [System plug-in unit] The package extr/server/SPC is sucess load to return 0 at getcmd
[17:15:38] [ServerNewConsole/Info] [Client Run/Thread] [System plug-in unit] The package extr/cmd is sucess load to return 0 at sever-loading
[17:15:38] [ServerNewConsole/Info] [Client Run/Thread] [System plug-in unit] The package extr/runcmd is sucess load to return 0 at sever-loading
[17:15:38] [ServerNewConsole/Info] [Client Run/Thread] [System plug-in unit] The package extr/server/SPC is sucess load to return 0 at sever-loading
[17:15:38] [ServerNewConsole/Info] [Client Run/Thread] ] * sever-loading

[17:15:45] [ServerNewConsole/Info] [/Thread] [System plug-in unit] The package extr/cmd is sucess load to return 0 at run
[17:15:55] [ServerNewConsole/Info] [/Thread] [System plug-in unit] The package extr/cmd is sucess load to return 0 at run




[17:16:42] [ServerNewConsole/Info] [/Thread] [System plug-in unit] The package extr/cmd is sucess load to return 0 at run




[17:17:24] [ServerNewConsole/Info] [/Thread] [System plug-in unit] The package extr/cmd is sucess load to return 0 at run




[17:18:11] [ServerNewConsole/Info] [/Thread] [System plug-in unit] The package extr/cmd is sucess load to return 0 at run















[17:21:13] [ServerNewConsole/Warn] [/Thread] 正在运行Close插件方法
[17:21:13] [ServerNewConsole/Info] [/Thread] close[
[17:21:13] [ServerNewConsole/Info] [/Thread] [System plug-in unit] The package extr/cmd is sucess load to return 0 at close
[17:21:13] [ServerNewConsole/Info] [/Thread] [System plug-in unit] The package extr/runcmd is sucess load to return 0 at close
[17:21:13] [ServerNewConsole/Info] [/Thread] [System plug-in unit] The package extr/server/SPC is sucess load to return 0 at close
[17:21:13] [ServerNewConsole/Info] [/Thread] ] * close
[17:21:13] [ServerNewConsole/Warn] [/Thread] Close Object

[17:22:20] [ServerNewConsole/Info] [Client Run/Thread] 加载启动
[17:22:21] [ServerNewConsole/Info] [Client Run/Thread] [Memory] 成功创建分配
[17:22:21] [ServerNewConsole/Warn] [Client Run/Thread] [Menory] About creat memory
name LoadSmPro
Bytes(MB) 1024
[17:22:21] [ServerNewConsole/Info] [Client Run/Thread] [Memory] 正在解析数据...请稍后
[17:22:21] [ServerNewConsole/Info] [Client Run/Thread] [LC] 标签解析完毕，正在传递给内存中...
[17:22:21] [ServerNewConsole/Info] [Client Run/Thread] 成功
[17:22:22] [ServerNewConsole/Warn] [Client Run/Thread] [Sever] Sever Start
[17:22:24] [ServerNewConsole/Warn] [Client Run/Thread] 使用这个语言在加载时或完毕时 zh-cn
[17:22:25] [ServerNewConsole/Warn] [Client Run/Thread]  [MakeArg] path cmd to extr/cmd
[17:22:25] [ServerNewConsole/Warn] [Client Run/Thread]  [MakeArg] path runcmd to extr/runcmd
[17:22:25] [ServerNewConsole/Warn] [Client Run/Thread]  [MakeArg] path server/SPC to extr/server/SPC
[17:22:26] [ServerNewConsole/Info] [Client Run/Thread] load[
[17:22:27] [ServerNewConsole/Info] [Client Run/Thread] [System plug-in unit] The package extr/cmd is sucess load to return 0 at load
[17:22:27] [ServerNewConsole/Info] [Client Run/Thread] [System plug-in unit] The package extr/runcmd is sucess load to return 0 at load
[17:22:28] [ServerNewConsole/Info] [Client Run/Thread] [System plug-in unit] The package extr/server/SPC is sucess load to return 0 at load
[17:22:28] [ServerNewConsole/Info] [Client Run/Thread] ] * load
[17:22:28] [ServerNewConsole/Info] [Client Run/Thread] load[
[17:22:29] [ServerNewConsole/Info] [Client Run/Thread] [System plug-in unit] The package SystemCmdExtr/Helper is sucess load to return 0 at load
[17:22:29] [ServerNewConsole/Info] [Client Run/Thread] [System plug-in unit] The package SystemCmdExtr/LoadRun is sucess load to return 0 at load
[17:22:29] [ServerNewConsole/Info] [Client Run/Thread] ] * load
[17:22:29] [ServerNewConsole/Info] [Client Run/Thread] 启动窗体，加载程序
[17:22:29] [ServerNewConsole/Info] [Client Run/Thread] sever-loading[
[17:22:29] [ServerNewConsole/Info] [Client Run/Thread] [System plug-in unit] The package extr/cmd is sucess load to return 0 at getcmd
[17:22:29] [ServerNewConsole/Info] [Client Run/Thread] [System plug-in unit] The package extr/runcmd is sucess load to return 0 at getcmd
[17:22:29] [ServerNewConsole/Info] [Client Run/Thread] [System plug-in unit] The package extr/server/SPC is sucess load to return 0 at getcmd
[17:22:29] [ServerNewConsole/Info] [Client Run/Thread] [System plug-in unit] The package extr/cmd is sucess load to return 0 at sever-loading
[17:22:29] [ServerNewConsole/Info] [Client Run/Thread] [System plug-in unit] The package extr/runcmd is sucess load to return 0 at sever-loading
[17:22:30] [ServerNewConsole/Info] [Client Run/Thread] [System plug-in unit] The package extr/server/SPC is sucess load to return 0 at sever-loading
[17:22:30] [ServerNewConsole/Info] [Client Run/Thread] ] * sever-loading

[17:25:51] [ServerNewConsole/Info] [Client Run/Thread] 加载启动
[17:25:52] [ServerNewConsole/Info] [Client Run/Thread] [Memory] 成功创建分配
[17:25:52] [ServerNewConsole/Warn] [Client Run/Thread] [Menory] About creat memory
name LoadSmPro
Bytes(MB) 1024
[17:25:52] [ServerNewConsole/Info] [Client Run/Thread] [Memory] 正在解析数据...请稍后
[17:25:52] [ServerNewConsole/Info] [Client Run/Thread] [LC] 标签解析完毕，正在传递给内存中...
[17:25:52] [ServerNewConsole/Info] [Client Run/Thread] 成功
[17:25:53] [ServerNewConsole/Warn] [Client Run/Thread] [Sever] Sever Start
[17:25:55] [ServerNewConsole/Warn] [Client Run/Thread] 使用这个语言在加载时或完毕时 zh-cn
[17:25:55] [ServerNewConsole/Warn] [Client Run/Thread]  [MakeArg] path cmd to extr/cmd
[17:25:55] [ServerNewConsole/Warn] [Client Run/Thread]  [MakeArg] path runcmd to extr/runcmd
[17:25:55] [ServerNewConsole/Warn] [Client Run/Thread]  [MakeArg] path server/SPC to extr/server/SPC
[17:25:56] [ServerNewConsole/Info] [Client Run/Thread] load[
[17:25:56] [ServerNewConsole/Info] [Client Run/Thread] [System plug-in unit] The package extr/cmd is sucess load to return 0 at load
[17:25:56] [ServerNewConsole/Info] [Client Run/Thread] [System plug-in unit] The package extr/runcmd is sucess load to return 0 at load
[17:25:56] [ServerNewConsole/Info] [Client Run/Thread] [System plug-in unit] The package extr/server/SPC is sucess load to return 0 at load
[17:25:56] [ServerNewConsole/Info] [Client Run/Thread] ] * load
[17:25:56] [ServerNewConsole/Info] [Client Run/Thread] load[
[17:25:57] [ServerNewConsole/Info] [Client Run/Thread] [System plug-in unit] The package SystemCmdExtr/Helper is sucess load to return 0 at load
[17:25:57] [ServerNewConsole/Info] [Client Run/Thread] [System plug-in unit] The package SystemCmdExtr/LoadRun is sucess load to return 0 at load
[17:25:57] [ServerNewConsole/Info] [Client Run/Thread] ] * load
[17:25:57] [ServerNewConsole/Info] [Client Run/Thread] 启动窗体，加载程序
[17:25:57] [ServerNewConsole/Info] [Client Run/Thread] sever-loading[
[17:25:57] [ServerNewConsole/Info] [Client Run/Thread] [System plug-in unit] The package extr/cmd is sucess load to return 0 at getcmd
[17:25:57] [ServerNewConsole/Info] [Client Run/Thread] [System plug-in unit] The package extr/runcmd is sucess load to return 0 at getcmd
[17:25:57] [ServerNewConsole/Info] [Client Run/Thread] [System plug-in unit] The package extr/server/SPC is sucess load to return 0 at getcmd
[17:25:57] [ServerNewConsole/Info] [Client Run/Thread] [System plug-in unit] The package extr/cmd is sucess load to return 0 at sever-loading
[17:25:57] [ServerNewConsole/Info] [Client Run/Thread] [System plug-in unit] The package extr/runcmd is sucess load to return 0 at sever-loading
[17:25:58] [ServerNewConsole/Info] [Client Run/Thread] [System plug-in unit] The package extr/server/SPC is sucess load to return 0 at sever-loading
[17:25:58] [ServerNewConsole/Info] [Client Run/Thread] ] * sever-loading


[17:27:33] [ServerNewConsole/Info] [Client Run/Thread] 加载启动
[17:27:34] [ServerNewConsole/Info] [Client Run/Thread] [Memory] 成功创建分配
[17:27:34] [ServerNewConsole/Warn] [Client Run/Thread] [Menory] About creat memory
name LoadSmPro
Bytes(MB) 1024
[17:27:34] [ServerNewConsole/Info] [Client Run/Thread] [Memory] 正在解析数据...请稍后
[17:27:34] [ServerNewConsole/Info] [Client Run/Thread] [LC] 标签解析完毕，正在传递给内存中...
[17:27:34] [ServerNewConsole/Info] [Client Run/Thread] 成功
[17:27:35] [ServerNewConsole/Warn] [Client Run/Thread] [Sever] Sever Start
[17:27:37] [ServerNewConsole/Warn] [Client Run/Thread] 使用这个语言在加载时或完毕时 zh-cn
[17:27:37] [ServerNewConsole/Warn] [Client Run/Thread]  [MakeArg] path cmd to extr/cmd
[17:27:37] [ServerNewConsole/Warn] [Client Run/Thread]  [MakeArg] path runcmd to extr/runcmd
[17:27:37] [ServerNewConsole/Warn] [Client Run/Thread]  [MakeArg] path server/SPC to extr/server/SPC
[17:27:38] [ServerNewConsole/Info] [Client Run/Thread] load[
[17:27:38] [ServerNewConsole/Info] [Client Run/Thread] [System plug-in unit] The package extr/cmd is sucess load to return 0 at load
[17:27:38] [ServerNewConsole/Info] [Client Run/Thread] [System plug-in unit] The package extr/runcmd is sucess load to return 0 at load
[17:27:38] [ServerNewConsole/Info] [Client Run/Thread] [System plug-in unit] The package extr/server/SPC is sucess load to return 0 at load
[17:27:38] [ServerNewConsole/Info] [Client Run/Thread] ] * load
[17:27:38] [ServerNewConsole/Info] [Client Run/Thread] load[
[17:27:38] [ServerNewConsole/Info] [Client Run/Thread] [System plug-in unit] The package SystemCmdExtr/Helper is sucess load to return 0 at load
[17:27:38] [ServerNewConsole/Info] [Client Run/Thread] [System plug-in unit] The package SystemCmdExtr/LoadRun is sucess load to return 0 at load
[17:27:38] [ServerNewConsole/Info] [Client Run/Thread] ] * load
[17:27:38] [ServerNewConsole/Info] [Client Run/Thread] 启动窗体，加载程序
[17:27:39] [ServerNewConsole/Info] [Client Run/Thread] sever-loading[
[17:27:39] [ServerNewConsole/Info] [Client Run/Thread] [System plug-in unit] The package extr/cmd is sucess load to return 0 at getcmd
[17:27:39] [ServerNewConsole/Info] [Client Run/Thread] [System plug-in unit] The package extr/runcmd is sucess load to return 0 at getcmd
[17:27:39] [ServerNewConsole/Info] [Client Run/Thread] [System plug-in unit] The package extr/server/SPC is sucess load to return 0 at getcmd
[17:27:39] [ServerNewConsole/Info] [Client Run/Thread] [System plug-in unit] The package extr/cmd is sucess load to return 0 at sever-loading
[17:27:39] [ServerNewConsole/Info] [Client Run/Thread] [System plug-in unit] The package extr/runcmd is sucess load to return 0 at sever-loading
[17:27:39] [ServerNewConsole/Info] [Client Run/Thread] [System plug-in unit] The package extr/server/SPC is sucess load to return 0 at sever-loading
[17:27:39] [ServerNewConsole/Info] [Client Run/Thread] ] * sever-loading




[17:28:28] [ServerNewConsole/Info] [/Thread] [System plug-in unit] The package extr/cmd is sucess load to return 0 at run

[17:28:35] [ServerNewConsole/Info] [/Thread] [System plug-in unit] The package extr/cmd is sucess load to return 0 at run
[17:28:39] [ServerNewConsole/Warn] [/Thread] 正在运行Close插件方法
[17:28:39] [ServerNewConsole/Info] [/Thread] close[
[17:28:39] [ServerNewConsole/Info] [/Thread] [System plug-in unit] The package extr/cmd is sucess load to return 0 at close
[17:28:39] [ServerNewConsole/Info] [/Thread] [System plug-in unit] The package extr/runcmd is sucess load to return 0 at close
[17:28:39] [ServerNewConsole/Info] [/Thread] [System plug-in unit] The package extr/server/SPC is sucess load to return 0 at close
[17:28:39] [ServerNewConsole/Info] [/Thread] ] * close
[17:28:39] [ServerNewConsole/Warn] [/Thread] Close Object

