#Console Printf about side
#       Code Memory this...
#       WriteTime about (s)37
#
#Endl
[12:16:25] [ServerNewConsole/Info] [Client Run/Thread] 加载启动
[12:16:26] [ServerNewConsole/Info] [Client Run/Thread] [Memory] 成功创建分配
[12:16:26] [ServerNewConsole/Warn] [Client Run/Thread] [Menory] About creat memory
name LoadSmPro
Bytes(MB) 1024
[12:16:26] [ServerNewConsole/Info] [Client Run/Thread] [Memory] 正在解析数据...请稍后
[12:16:26] [ServerNewConsole/Info] [Client Run/Thread] [LC] 标签解析完毕，正在传递给内存中...
[12:16:26] [ServerNewConsole/Info] [Client Run/Thread] 成功
[12:16:27] [ServerNewConsole/Warn] [Client Run/Thread] [Sever] Sever Start
[12:16:29] [ServerNewConsole/Warn] [Client Run/Thread] 使用这个语言在加载时或完毕时 zh-cn
[12:16:29] [ServerNewConsole/Warn] [Client Run/Thread]  [MakeArg] path cmd to extr/cmd
[12:16:29] [ServerNewConsole/Warn] [Client Run/Thread]  [MakeArg] path runcmd to extr/runcmd
[12:16:29] [ServerNewConsole/Warn] [Client Run/Thread]  [MakeArg] path server/SPC to extr/server/SPC
[12:16:30] [ServerNewConsole/Info] [Client Run/Thread] load[
[12:16:30] [ServerNewConsole/Info] [Client Run/Thread] [System plug-in unit] The package extr/cmd is sucess load to return 0 at load
[12:16:30] [ServerNewConsole/Info] [Client Run/Thread] [System plug-in unit] The package extr/runcmd is sucess load to return 0 at load
[12:16:30] [ServerNewConsole/Info] [Client Run/Thread] [System plug-in unit] The package extr/server/SPC is sucess load to return 0 at load
[12:16:30] [ServerNewConsole/Info] [Client Run/Thread] ] * load
[12:16:30] [ServerNewConsole/Info] [Client Run/Thread] load[
[12:16:30] [ServerNewConsole/Info] [Client Run/Thread] [System plug-in unit] The package SystemCmdExtr/Helper is sucess load to return 0 at load
[12:16:30] [ServerNewConsole/Info] [Client Run/Thread] [System plug-in unit] The package SystemCmdExtr/LoadRun is sucess load to return 0 at load
[12:16:30] [ServerNewConsole/Info] [Client Run/Thread] ] * load
[12:16:30] [ServerNewConsole/Info] [Client Run/Thread] 启动窗体，加载程序
[12:16:30] [ServerNewConsole/Info] [Client Run/Thread] sever-loading[
[12:16:30] [ServerNewConsole/Info] [Client Run/Thread] ] * sever-loading
[12:18:43] [ServerNewConsole/Info] [Client Run/Thread] 加载启动
[12:18:43] [ServerNewConsole/Info] [Client Run/Thread] [Memory] 成功创建分配
[12:18:43] [ServerNewConsole/Warn] [Client Run/Thread] [Menory] About creat memory
name LoadSmPro
Bytes(MB) 1024
[12:18:43] [ServerNewConsole/Info] [Client Run/Thread] [Memory] 正在解析数据...请稍后
[12:18:43] [ServerNewConsole/Info] [Client Run/Thread] [LC] 标签解析完毕，正在传递给内存中...
[12:18:43] [ServerNewConsole/Info] [Client Run/Thread] 成功
[12:18:44] [ServerNewConsole/Warn] [Client Run/Thread] [Sever] Sever Start
[12:18:46] [ServerNewConsole/Warn] [Client Run/Thread] 使用这个语言在加载时或完毕时 zh-cn
[12:18:46] [ServerNewConsole/Warn] [Client Run/Thread]  [MakeArg] path cmd to extr/cmd
[12:18:46] [ServerNewConsole/Warn] [Client Run/Thread]  [MakeArg] path runcmd to extr/runcmd
[12:18:46] [ServerNewConsole/Warn] [Client Run/Thread]  [MakeArg] path server/SPC to extr/server/SPC
[12:18:47] [ServerNewConsole/Info] [Client Run/Thread] load[
[12:18:47] [ServerNewConsole/Info] [Client Run/Thread] [System plug-in unit] The package extr/cmd is sucess load to return 0 at load
[12:18:47] [ServerNewConsole/Info] [Client Run/Thread] [System plug-in unit] The package extr/runcmd is sucess load to return 0 at load
[12:18:47] [ServerNewConsole/Info] [Client Run/Thread] [System plug-in unit] The package extr/server/SPC is sucess load to return 0 at load
[12:18:47] [ServerNewConsole/Info] [Client Run/Thread] ] * load
[12:18:47] [ServerNewConsole/Info] [Client Run/Thread] load[
[12:18:47] [ServerNewConsole/Info] [Client Run/Thread] [System plug-in unit] The package SystemCmdExtr/Helper is sucess load to return 0 at load
[12:18:47] [ServerNewConsole/Info] [Client Run/Thread] [System plug-in unit] The package SystemCmdExtr/LoadRun is sucess load to return 0 at load
[12:18:47] [ServerNewConsole/Info] [Client Run/Thread] ] * load
[12:18:47] [ServerNewConsole/Info] [Client Run/Thread] 启动窗体，加载程序
[12:18:48] [ServerNewConsole/Info] [Client Run/Thread] sever-loading[
[12:18:48] [ServerNewConsole/Info] [Client Run/Thread] ] * sever-loading

[12:20:4] [ServerNewConsole/Info] [Client Run/Thread] 加载启动
[12:20:4] [ServerNewConsole/Info] [Client Run/Thread] [Memory] 成功创建分配
[12:20:4] [ServerNewConsole/Warn] [Client Run/Thread] [Menory] About creat memory
name LoadSmPro
Bytes(MB) 1024
[12:20:4] [ServerNewConsole/Info] [Client Run/Thread] [Memory] 正在解析数据...请稍后
[12:20:4] [ServerNewConsole/Info] [Client Run/Thread] [LC] 标签解析完毕，正在传递给内存中...
[12:20:4] [ServerNewConsole/Info] [Client Run/Thread] 成功
[12:20:5] [ServerNewConsole/Warn] [Client Run/Thread] [Sever] Sever Start
[12:20:7] [ServerNewConsole/Warn] [Client Run/Thread] 使用这个语言在加载时或完毕时 zh-cn
[12:20:7] [ServerNewConsole/Warn] [Client Run/Thread]  [MakeArg] path cmd to extr/cmd
[12:20:7] [ServerNewConsole/Warn] [Client Run/Thread]  [MakeArg] path runcmd to extr/runcmd
[12:20:7] [ServerNewConsole/Warn] [Client Run/Thread]  [MakeArg] path server/SPC to extr/server/SPC
[12:20:8] [ServerNewConsole/Info] [Client Run/Thread] load[
[12:20:8] [ServerNewConsole/Info] [Client Run/Thread] [System plug-in unit] The package extr/cmd is sucess load to return 0 at load
[12:20:8] [ServerNewConsole/Info] [Client Run/Thread] [System plug-in unit] The package extr/runcmd is sucess load to return 0 at load
[12:20:8] [ServerNewConsole/Info] [Client Run/Thread] [System plug-in unit] The package extr/server/SPC is sucess load to return 0 at load
[12:20:8] [ServerNewConsole/Info] [Client Run/Thread] ] * load
[12:20:8] [ServerNewConsole/Info] [Client Run/Thread] load[
[12:20:8] [ServerNewConsole/Info] [Client Run/Thread] [System plug-in unit] The package SystemCmdExtr/Helper is sucess load to return 0 at load
[12:20:8] [ServerNewConsole/Info] [Client Run/Thread] [System plug-in unit] The package SystemCmdExtr/LoadRun is sucess load to return 0 at load
[12:20:8] [ServerNewConsole/Info] [Client Run/Thread] ] * load
[12:20:8] [ServerNewConsole/Info] [Client Run/Thread] 启动窗体，加载程序
[12:20:9] [ServerNewConsole/Info] [Client Run/Thread] sever-loading[
[12:20:9] [ServerNewConsole/Info] [Client Run/Thread] ] * sever-loading


[12:21:25] [ServerNewConsole/Info] [Client Run/Thread] 加载启动
[12:21:26] [ServerNewConsole/Info] [Client Run/Thread] [Memory] 成功创建分配
[12:21:26] [ServerNewConsole/Warn] [Client Run/Thread] [Menory] About creat memory
name LoadSmPro
Bytes(MB) 1024
[12:21:26] [ServerNewConsole/Info] [Client Run/Thread] [Memory] 正在解析数据...请稍后
[12:21:26] [ServerNewConsole/Info] [Client Run/Thread] [LC] 标签解析完毕，正在传递给内存中...
[12:21:26] [ServerNewConsole/Info] [Client Run/Thread] 成功
[12:21:27] [ServerNewConsole/Warn] [Client Run/Thread] [Sever] Sever Start
[12:21:29] [ServerNewConsole/Warn] [Client Run/Thread] 使用这个语言在加载时或完毕时 zh-cn
[12:21:29] [ServerNewConsole/Warn] [Client Run/Thread]  [MakeArg] path cmd to extr/cmd
[12:21:29] [ServerNewConsole/Warn] [Client Run/Thread]  [MakeArg] path runcmd to extr/runcmd
[12:21:29] [ServerNewConsole/Warn] [Client Run/Thread]  [MakeArg] path server/SPC to extr/server/SPC
[12:21:30] [ServerNewConsole/Info] [Client Run/Thread] load[
[12:21:30] [ServerNewConsole/Info] [Client Run/Thread] [System plug-in unit] The package extr/cmd is sucess load to return 0 at load
[12:21:30] [ServerNewConsole/Info] [Client Run/Thread] [System plug-in unit] The package extr/runcmd is sucess load to return 0 at load
[12:21:30] [ServerNewConsole/Info] [Client Run/Thread] [System plug-in unit] The package extr/server/SPC is sucess load to return 0 at load
[12:21:30] [ServerNewConsole/Info] [Client Run/Thread] ] * load
[12:21:30] [ServerNewConsole/Info] [Client Run/Thread] load[
[12:21:30] [ServerNewConsole/Info] [Client Run/Thread] [System plug-in unit] The package SystemCmdExtr/Helper is sucess load to return 0 at load
[12:21:30] [ServerNewConsole/Info] [Client Run/Thread] [System plug-in unit] The package SystemCmdExtr/LoadRun is sucess load to return 0 at load
[12:21:30] [ServerNewConsole/Info] [Client Run/Thread] ] * load
[12:21:30] [ServerNewConsole/Info] [Client Run/Thread] 启动窗体，加载程序
[12:21:30] [ServerNewConsole/Info] [Client Run/Thread] sever-loading[
[12:21:30] [ServerNewConsole/Info] [Client Run/Thread] ] * sever-loading

[12:23:2] [ServerNewConsole/Info] [Client Run/Thread] 加载启动
[12:23:3] [ServerNewConsole/Info] [Client Run/Thread] [Memory] 成功创建分配
[12:23:3] [ServerNewConsole/Warn] [Client Run/Thread] [Menory] About creat memory
name LoadSmPro
Bytes(MB) 1024
[12:23:3] [ServerNewConsole/Info] [Client Run/Thread] [Memory] 正在解析数据...请稍后
[12:23:3] [ServerNewConsole/Info] [Client Run/Thread] [LC] 标签解析完毕，正在传递给内存中...
[12:23:3] [ServerNewConsole/Info] [Client Run/Thread] 成功
[12:23:4] [ServerNewConsole/Warn] [Client Run/Thread] [Sever] Sever Start
[12:23:6] [ServerNewConsole/Warn] [Client Run/Thread] 使用这个语言在加载时或完毕时 zh-cn
[12:23:6] [ServerNewConsole/Warn] [Client Run/Thread]  [MakeArg] path cmd to extr/cmd
[12:23:6] [ServerNewConsole/Warn] [Client Run/Thread]  [MakeArg] path runcmd to extr/runcmd
[12:23:6] [ServerNewConsole/Warn] [Client Run/Thread]  [MakeArg] path server/SPC to extr/server/SPC
[12:23:7] [ServerNewConsole/Info] [Client Run/Thread] load[
[12:23:7] [ServerNewConsole/Info] [Client Run/Thread] [System plug-in unit] The package extr/cmd is sucess load to return 0 at load
[12:23:7] [ServerNewConsole/Info] [Client Run/Thread] [System plug-in unit] The package extr/runcmd is sucess load to return 0 at load
[12:23:7] [ServerNewConsole/Info] [Client Run/Thread] [System plug-in unit] The package extr/server/SPC is sucess load to return 0 at load
[12:23:7] [ServerNewConsole/Info] [Client Run/Thread] ] * load
[12:23:7] [ServerNewConsole/Info] [Client Run/Thread] load[
[12:23:7] [ServerNewConsole/Info] [Client Run/Thread] [System plug-in unit] The package SystemCmdExtr/Helper is sucess load to return 0 at load
[12:23:7] [ServerNewConsole/Info] [Client Run/Thread] [System plug-in unit] The package SystemCmdExtr/LoadRun is sucess load to return 0 at load
[12:23:7] [ServerNewConsole/Info] [Client Run/Thread] ] * load
[12:23:7] [ServerNewConsole/Info] [Client Run/Thread] 启动窗体，加载程序
[12:23:7] [ServerNewConsole/Info] [Client Run/Thread] sever-loading[
[12:23:8] [ServerNewConsole/Info] [Client Run/Thread] ] * sever-loading




[12:24:29] [ServerNewConsole/Info] [Client Run/Thread] 加载启动
[12:24:30] [ServerNewConsole/Info] [Client Run/Thread] [Memory] 成功创建分配
[12:24:30] [ServerNewConsole/Warn] [Client Run/Thread] [Menory] About creat memory
name LoadSmPro
Bytes(MB) 1024
[12:24:30] [ServerNewConsole/Info] [Client Run/Thread] [Memory] 正在解析数据...请稍后
[12:24:30] [ServerNewConsole/Info] [Client Run/Thread] [LC] 标签解析完毕，正在传递给内存中...
[12:24:30] [ServerNewConsole/Info] [Client Run/Thread] 成功
[12:24:31] [ServerNewConsole/Warn] [Client Run/Thread] [Sever] Sever Start
[12:24:33] [ServerNewConsole/Warn] [Client Run/Thread] 使用这个语言在加载时或完毕时 zh-cn
[12:24:33] [ServerNewConsole/Warn] [Client Run/Thread]  [MakeArg] path cmd to extr/cmd
[12:24:33] [ServerNewConsole/Warn] [Client Run/Thread]  [MakeArg] path runcmd to extr/runcmd
[12:24:33] [ServerNewConsole/Warn] [Client Run/Thread]  [MakeArg] path server/SPC to extr/server/SPC
[12:24:34] [ServerNewConsole/Info] [Client Run/Thread] load[
[12:24:34] [ServerNewConsole/Info] [Client Run/Thread] [System plug-in unit] The package extr/cmd is sucess load to return 0 at load
[12:24:34] [ServerNewConsole/Info] [Client Run/Thread] [System plug-in unit] The package extr/runcmd is sucess load to return 0 at load
[12:24:34] [ServerNewConsole/Info] [Client Run/Thread] [System plug-in unit] The package extr/server/SPC is sucess load to return 0 at load
[12:24:34] [ServerNewConsole/Info] [Client Run/Thread] ] * load
[12:24:34] [ServerNewConsole/Info] [Client Run/Thread] load[
[12:24:34] [ServerNewConsole/Info] [Client Run/Thread] [System plug-in unit] The package SystemCmdExtr/Helper is sucess load to return 0 at load
[12:24:34] [ServerNewConsole/Info] [Client Run/Thread] [System plug-in unit] The package SystemCmdExtr/LoadRun is sucess load to return 0 at load
[12:24:34] [ServerNewConsole/Info] [Client Run/Thread] ] * load
[12:24:34] [ServerNewConsole/Info] [Client Run/Thread] 启动窗体，加载程序
[12:24:35] [ServerNewConsole/Info] [Client Run/Thread] sever-loading[
[12:24:35] [ServerNewConsole/Info] [Client Run/Thread] ] * sever-loading

[12:25:12] [ServerNewConsole/Info] [Client Run/Thread] 加载启动
[12:25:12] [ServerNewConsole/Info] [Client Run/Thread] [Memory] 成功创建分配
[12:25:12] [ServerNewConsole/Warn] [Client Run/Thread] [Menory] About creat memory
name LoadSmPro
Bytes(MB) 1024
[12:25:12] [ServerNewConsole/Info] [Client Run/Thread] [Memory] 正在解析数据...请稍后
[12:25:12] [ServerNewConsole/Info] [Client Run/Thread] [LC] 标签解析完毕，正在传递给内存中...
[12:25:13] [ServerNewConsole/Info] [Client Run/Thread] 成功
[12:25:14] [ServerNewConsole/Warn] [Client Run/Thread] [Sever] Sever Start
[12:25:16] [ServerNewConsole/Warn] [Client Run/Thread] 使用这个语言在加载时或完毕时 zh-cn
[12:25:16] [ServerNewConsole/Warn] [Client Run/Thread]  [MakeArg] path cmd to extr/cmd
[12:25:16] [ServerNewConsole/Warn] [Client Run/Thread]  [MakeArg] path runcmd to extr/runcmd
[12:25:16] [ServerNewConsole/Warn] [Client Run/Thread]  [MakeArg] path server/SPC to extr/server/SPC
[12:25:17] [ServerNewConsole/Info] [Client Run/Thread] load[
[12:25:17] [ServerNewConsole/Info] [Client Run/Thread] [System plug-in unit] The package extr/cmd is sucess load to return 0 at load
[12:25:17] [ServerNewConsole/Info] [Client Run/Thread] [System plug-in unit] The package extr/runcmd is sucess load to return 0 at load
[12:25:17] [ServerNewConsole/Info] [Client Run/Thread] [System plug-in unit] The package extr/server/SPC is sucess load to return 0 at load
[12:25:17] [ServerNewConsole/Info] [Client Run/Thread] ] * load
[12:25:17] [ServerNewConsole/Info] [Client Run/Thread] load[
[12:25:17] [ServerNewConsole/Info] [Client Run/Thread] [System plug-in unit] The package SystemCmdExtr/Helper is sucess load to return 0 at load
[12:25:17] [ServerNewConsole/Info] [Client Run/Thread] [System plug-in unit] The package SystemCmdExtr/LoadRun is sucess load to return 0 at load
[12:25:17] [ServerNewConsole/Info] [Client Run/Thread] ] * load
[12:25:17] [ServerNewConsole/Info] [Client Run/Thread] 启动窗体，加载程序
[12:25:17] [ServerNewConsole/Info] [Client Run/Thread] sever-loading[
[12:25:17] [ServerNewConsole/Info] [Client Run/Thread] ] * sever-loading



[12:31:23] [ServerNewConsole/Info] [Client Run/Thread] 加载启动
[12:31:23] [ServerNewConsole/Info] [Client Run/Thread] [Memory] 成功创建分配
[12:31:23] [ServerNewConsole/Warn] [Client Run/Thread] [Menory] About creat memory
name LoadSmPro
Bytes(MB) 1024
[12:31:23] [ServerNewConsole/Info] [Client Run/Thread] [Memory] 正在解析数据...请稍后
[12:31:23] [ServerNewConsole/Info] [Client Run/Thread] [LC] 标签解析完毕，正在传递给内存中...
[12:31:23] [ServerNewConsole/Info] [Client Run/Thread] 成功
[12:31:24] [ServerNewConsole/Warn] [Client Run/Thread] [Sever] Sever Start
[12:31:27] [ServerNewConsole/Warn] [Client Run/Thread] 使用这个语言在加载时或完毕时 zh-cn
[12:31:27] [ServerNewConsole/Warn] [Client Run/Thread]  [MakeArg] path cmd to extr/cmd
[12:31:27] [ServerNewConsole/Warn] [Client Run/Thread]  [MakeArg] path runcmd to extr/runcmd
[12:31:27] [ServerNewConsole/Warn] [Client Run/Thread]  [MakeArg] path server/SPC to extr/server/SPC
[12:31:28] [ServerNewConsole/Info] [Client Run/Thread] load[
[12:31:28] [ServerNewConsole/Info] [Client Run/Thread] [System plug-in unit] The package extr/cmd is sucess load to return 0 at load
[12:31:28] [ServerNewConsole/Info] [Client Run/Thread] [System plug-in unit] The package extr/runcmd is sucess load to return 0 at load
[12:31:28] [ServerNewConsole/Info] [Client Run/Thread] [System plug-in unit] The package extr/server/SPC is sucess load to return 0 at load
[12:31:28] [ServerNewConsole/Info] [Client Run/Thread] ] * load
[12:31:28] [ServerNewConsole/Info] [Client Run/Thread] load[
[12:31:28] [ServerNewConsole/Info] [Client Run/Thread] [System plug-in unit] The package SystemCmdExtr/Helper is sucess load to return 0 at load
[12:31:28] [ServerNewConsole/Info] [Client Run/Thread] [System plug-in unit] The package SystemCmdExtr/LoadRun is sucess load to return 0 at load
[12:31:28] [ServerNewConsole/Info] [Client Run/Thread] ] * load
[12:31:28] [ServerNewConsole/Info] [Client Run/Thread] 启动窗体，加载程序
[12:31:28] [ServerNewConsole/Info] [Client Run/Thread] sever-loading[
[12:31:28] [ServerNewConsole/Info] [Client Run/Thread] ] * sever-loading


[12:33:0] [ServerNewConsole/Info] [Client Run/Thread] 加载启动
[12:33:1] [ServerNewConsole/Info] [Client Run/Thread] [Memory] 成功创建分配
[12:33:1] [ServerNewConsole/Warn] [Client Run/Thread] [Menory] About creat memory
name LoadSmPro
Bytes(MB) 1024
[12:33:1] [ServerNewConsole/Info] [Client Run/Thread] [Memory] 正在解析数据...请稍后
[12:33:1] [ServerNewConsole/Info] [Client Run/Thread] [LC] 标签解析完毕，正在传递给内存中...
[12:33:1] [ServerNewConsole/Info] [Client Run/Thread] 成功
[12:33:2] [ServerNewConsole/Warn] [Client Run/Thread] [Sever] Sever Start
[12:33:4] [ServerNewConsole/Warn] [Client Run/Thread] 使用这个语言在加载时或完毕时 zh-cn
[12:33:4] [ServerNewConsole/Warn] [Client Run/Thread]  [MakeArg] path cmd to extr/cmd
[12:33:4] [ServerNewConsole/Warn] [Client Run/Thread]  [MakeArg] path runcmd to extr/runcmd
[12:33:4] [ServerNewConsole/Warn] [Client Run/Thread]  [MakeArg] path server/SPC to extr/server/SPC
[12:33:5] [ServerNewConsole/Info] [Client Run/Thread] load[
[12:33:5] [ServerNewConsole/Info] [Client Run/Thread] [System plug-in unit] The package extr/cmd is sucess load to return 0 at load
[12:33:5] [ServerNewConsole/Info] [Client Run/Thread] [System plug-in unit] The package extr/runcmd is sucess load to return 0 at load
[12:33:5] [ServerNewConsole/Info] [Client Run/Thread] [System plug-in unit] The package extr/server/SPC is sucess load to return 0 at load
[12:33:5] [ServerNewConsole/Info] [Client Run/Thread] ] * load
[12:33:5] [ServerNewConsole/Info] [Client Run/Thread] load[
[12:33:5] [ServerNewConsole/Info] [Client Run/Thread] [System plug-in unit] The package SystemCmdExtr/Helper is sucess load to return 0 at load
[12:33:5] [ServerNewConsole/Info] [Client Run/Thread] [System plug-in unit] The package SystemCmdExtr/LoadRun is sucess load to return 0 at load
[12:33:5] [ServerNewConsole/Info] [Client Run/Thread] ] * load
[12:33:5] [ServerNewConsole/Info] [Client Run/Thread] 启动窗体，加载程序
[12:33:6] [ServerNewConsole/Info] [Client Run/Thread] sever-loading[
[12:33:6] [ServerNewConsole/Info] [Client Run/Thread] ] * sever-loading


[12:34:8] [ServerNewConsole/Info] [Client Run/Thread] 加载启动
[12:34:8] [ServerNewConsole/Info] [Client Run/Thread] [Memory] 成功创建分配
[12:34:8] [ServerNewConsole/Warn] [Client Run/Thread] [Menory] About creat memory
name LoadSmPro
Bytes(MB) 1024
[12:34:8] [ServerNewConsole/Info] [Client Run/Thread] [Memory] 正在解析数据...请稍后
[12:34:8] [ServerNewConsole/Info] [Client Run/Thread] [LC] 标签解析完毕，正在传递给内存中...
[12:34:8] [ServerNewConsole/Info] [Client Run/Thread] 成功
[12:34:9] [ServerNewConsole/Warn] [Client Run/Thread] [Sever] Sever Start
[12:34:11] [ServerNewConsole/Warn] [Client Run/Thread] 使用这个语言在加载时或完毕时 zh-cn
[12:34:11] [ServerNewConsole/Warn] [Client Run/Thread]  [MakeArg] path cmd to extr/cmd
[12:34:11] [ServerNewConsole/Warn] [Client Run/Thread]  [MakeArg] path runcmd to extr/runcmd
[12:34:11] [ServerNewConsole/Warn] [Client Run/Thread]  [MakeArg] path server/SPC to extr/server/SPC
[12:34:12] [ServerNewConsole/Info] [Client Run/Thread] load[
[12:34:12] [ServerNewConsole/Info] [Client Run/Thread] [System plug-in unit] The package extr/cmd is sucess load to return 0 at load
[12:34:12] [ServerNewConsole/Info] [Client Run/Thread] [System plug-in unit] The package extr/runcmd is sucess load to return 0 at load
[12:34:12] [ServerNewConsole/Info] [Client Run/Thread] [System plug-in unit] The package extr/server/SPC is sucess load to return 0 at load
[12:34:12] [ServerNewConsole/Info] [Client Run/Thread] ] * load
[12:34:12] [ServerNewConsole/Info] [Client Run/Thread] load[
[12:34:12] [ServerNewConsole/Info] [Client Run/Thread] [System plug-in unit] The package SystemCmdExtr/Helper is sucess load to return 0 at load
[12:34:12] [ServerNewConsole/Info] [Client Run/Thread] [System plug-in unit] The package SystemCmdExtr/LoadRun is sucess load to return 0 at load
[12:34:12] [ServerNewConsole/Info] [Client Run/Thread] ] * load
[12:34:12] [ServerNewConsole/Info] [Client Run/Thread] 启动窗体，加载程序
[12:34:13] [ServerNewConsole/Info] [Client Run/Thread] sever-loading[
[12:34:13] [ServerNewConsole/Info] [Client Run/Thread] ] * sever-loading

[12:37:0] [ServerNewConsole/Info] [Client Run/Thread] 加载启动
[12:37:1] [ServerNewConsole/Info] [Client Run/Thread] [Memory] 成功创建分配
[12:37:1] [ServerNewConsole/Warn] [Client Run/Thread] [Menory] About creat memory
name LoadSmPro
Bytes(MB) 1024
[12:37:1] [ServerNewConsole/Info] [Client Run/Thread] [Memory] 正在解析数据...请稍后
[12:37:1] [ServerNewConsole/Info] [Client Run/Thread] [LC] 标签解析完毕，正在传递给内存中...
[12:37:1] [ServerNewConsole/Info] [Client Run/Thread] 成功
[12:37:2] [ServerNewConsole/Warn] [Client Run/Thread] [Sever] Sever Start
[12:37:4] [ServerNewConsole/Warn] [Client Run/Thread] 使用这个语言在加载时或完毕时 zh-cn
[12:37:4] [ServerNewConsole/Warn] [Client Run/Thread]  [MakeArg] path cmd to extr/cmd
[12:37:4] [ServerNewConsole/Warn] [Client Run/Thread]  [MakeArg] path runcmd to extr/runcmd
[12:37:4] [ServerNewConsole/Warn] [Client Run/Thread]  [MakeArg] path server/SPC to extr/server/SPC
[12:37:5] [ServerNewConsole/Info] [Client Run/Thread] load[
[12:37:5] [ServerNewConsole/Info] [Client Run/Thread] [System plug-in unit] The package extr/cmd is sucess load to return 0 at load
[12:37:5] [ServerNewConsole/Info] [Client Run/Thread] [System plug-in unit] The package extr/runcmd is sucess load to return 0 at load
[12:37:5] [ServerNewConsole/Info] [Client Run/Thread] [System plug-in unit] The package extr/server/SPC is sucess load to return 0 at load
[12:37:5] [ServerNewConsole/Info] [Client Run/Thread] ] * load
[12:37:5] [ServerNewConsole/Info] [Client Run/Thread] load[
[12:37:5] [ServerNewConsole/Info] [Client Run/Thread] [System plug-in unit] The package SystemCmdExtr/Helper is sucess load to return 0 at load
[12:37:5] [ServerNewConsole/Info] [Client Run/Thread] [System plug-in unit] The package SystemCmdExtr/LoadRun is sucess load to return 0 at load
[12:37:5] [ServerNewConsole/Info] [Client Run/Thread] ] * load
[12:37:5] [ServerNewConsole/Info] [Client Run/Thread] 启动窗体，加载程序
[12:37:5] [ServerNewConsole/Info] [Client Run/Thread] sever-loading[
[12:37:5] [ServerNewConsole/Info] [Client Run/Thread] ] * sever-loading

[12:37:51] [ServerNewConsole/Info] [Client Run/Thread] 加载启动
[12:37:52] [ServerNewConsole/Info] [Client Run/Thread] [Memory] 成功创建分配
[12:37:52] [ServerNewConsole/Warn] [Client Run/Thread] [Menory] About creat memory
name LoadSmPro
Bytes(MB) 1024
[12:37:52] [ServerNewConsole/Info] [Client Run/Thread] [Memory] 正在解析数据...请稍后
[12:37:52] [ServerNewConsole/Info] [Client Run/Thread] [LC] 标签解析完毕，正在传递给内存中...
[12:37:52] [ServerNewConsole/Info] [Client Run/Thread] 成功
[12:37:53] [ServerNewConsole/Warn] [Client Run/Thread] [Sever] Sever Start
[12:37:55] [ServerNewConsole/Warn] [Client Run/Thread] 使用这个语言在加载时或完毕时 zh-cn
[12:37:55] [ServerNewConsole/Warn] [Client Run/Thread]  [MakeArg] path cmd to extr/cmd
[12:37:55] [ServerNewConsole/Warn] [Client Run/Thread]  [MakeArg] path runcmd to extr/runcmd
[12:37:55] [ServerNewConsole/Warn] [Client Run/Thread]  [MakeArg] path server/SPC to extr/server/SPC
[12:37:56] [ServerNewConsole/Info] [Client Run/Thread] load[
[12:37:56] [ServerNewConsole/Info] [Client Run/Thread] [System plug-in unit] The package extr/cmd is sucess load to return 0 at load
[12:37:56] [ServerNewConsole/Info] [Client Run/Thread] [System plug-in unit] The package extr/runcmd is sucess load to return 0 at load
[12:37:56] [ServerNewConsole/Info] [Client Run/Thread] [System plug-in unit] The package extr/server/SPC is sucess load to return 0 at load
[12:37:56] [ServerNewConsole/Info] [Client Run/Thread] ] * load
[12:37:56] [ServerNewConsole/Info] [Client Run/Thread] load[
[12:37:56] [ServerNewConsole/Info] [Client Run/Thread] [System plug-in unit] The package SystemCmdExtr/Helper is sucess load to return 0 at load
[12:37:56] [ServerNewConsole/Info] [Client Run/Thread] [System plug-in unit] The package SystemCmdExtr/LoadRun is sucess load to return 0 at load
[12:37:56] [ServerNewConsole/Info] [Client Run/Thread] ] * load
[12:37:56] [ServerNewConsole/Info] [Client Run/Thread] 启动窗体，加载程序
[12:37:56] [ServerNewConsole/Info] [Client Run/Thread] sever-loading[
[12:37:56] [ServerNewConsole/Info] [Client Run/Thread] ] * sever-loading

[12:38:34] [ServerNewConsole/Info] [Client Run/Thread] 加载启动
[12:38:34] [ServerNewConsole/Info] [Client Run/Thread] [Memory] 成功创建分配
[12:38:34] [ServerNewConsole/Warn] [Client Run/Thread] [Menory] About creat memory
name LoadSmPro
Bytes(MB) 1024
[12:38:34] [ServerNewConsole/Info] [Client Run/Thread] [Memory] 正在解析数据...请稍后
[12:38:34] [ServerNewConsole/Info] [Client Run/Thread] [LC] 标签解析完毕，正在传递给内存中...
[12:38:34] [ServerNewConsole/Info] [Client Run/Thread] 成功
[12:38:35] [ServerNewConsole/Warn] [Client Run/Thread] [Sever] Sever Start
[12:38:37] [ServerNewConsole/Warn] [Client Run/Thread] 使用这个语言在加载时或完毕时 zh-cn
[12:38:37] [ServerNewConsole/Warn] [Client Run/Thread]  [MakeArg] path cmd to extr/cmd
[12:38:37] [ServerNewConsole/Warn] [Client Run/Thread]  [MakeArg] path runcmd to extr/runcmd
[12:38:37] [ServerNewConsole/Warn] [Client Run/Thread]  [MakeArg] path server/SPC to extr/server/SPC
[12:38:38] [ServerNewConsole/Info] [Client Run/Thread] load[
[12:38:38] [ServerNewConsole/Info] [Client Run/Thread] [System plug-in unit] The package extr/cmd is sucess load to return 0 at load
[12:38:38] [ServerNewConsole/Info] [Client Run/Thread] [System plug-in unit] The package extr/runcmd is sucess load to return 0 at load
[12:38:38] [ServerNewConsole/Info] [Client Run/Thread] [System plug-in unit] The package extr/server/SPC is sucess load to return 0 at load
[12:38:38] [ServerNewConsole/Info] [Client Run/Thread] ] * load
[12:38:38] [ServerNewConsole/Info] [Client Run/Thread] load[
[12:38:38] [ServerNewConsole/Info] [Client Run/Thread] [System plug-in unit] The package SystemCmdExtr/Helper is sucess load to return 0 at load
[12:38:38] [ServerNewConsole/Info] [Client Run/Thread] [System plug-in unit] The package SystemCmdExtr/LoadRun is sucess load to return 0 at load
[12:38:38] [ServerNewConsole/Info] [Client Run/Thread] ] * load
[12:38:38] [ServerNewConsole/Info] [Client Run/Thread] 启动窗体，加载程序
[12:38:39] [ServerNewConsole/Info] [Client Run/Thread] sever-loading[
[12:38:39] [ServerNewConsole/Info] [Client Run/Thread] ] * sever-loading

[12:40:48] [ServerNewConsole/Info] [Client Run/Thread] 加载启动
[12:40:48] [ServerNewConsole/Info] [Client Run/Thread] [Memory] 成功创建分配
[12:40:48] [ServerNewConsole/Warn] [Client Run/Thread] [Menory] About creat memory
name LoadSmPro
Bytes(MB) 1024
[12:40:48] [ServerNewConsole/Info] [Client Run/Thread] [Memory] 正在解析数据...请稍后
[12:40:48] [ServerNewConsole/Info] [Client Run/Thread] [LC] 标签解析完毕，正在传递给内存中...
[12:40:48] [ServerNewConsole/Info] [Client Run/Thread] 成功
[12:40:49] [ServerNewConsole/Warn] [Client Run/Thread] [Sever] Sever Start
[12:40:51] [ServerNewConsole/Warn] [Client Run/Thread] 使用这个语言在加载时或完毕时 zh-cn
[12:40:51] [ServerNewConsole/Warn] [Client Run/Thread]  [MakeArg] path cmd to extr/cmd
[12:40:51] [ServerNewConsole/Warn] [Client Run/Thread]  [MakeArg] path runcmd to extr/runcmd
[12:40:51] [ServerNewConsole/Warn] [Client Run/Thread]  [MakeArg] path server/SPC to extr/server/SPC
[12:40:52] [ServerNewConsole/Info] [Client Run/Thread] load[
[12:40:52] [ServerNewConsole/Info] [Client Run/Thread] [System plug-in unit] The package extr/cmd is sucess load to return 0 at load
[12:40:52] [ServerNewConsole/Info] [Client Run/Thread] [System plug-in unit] The package extr/runcmd is sucess load to return 0 at load
[12:40:52] [ServerNewConsole/Info] [Client Run/Thread] [System plug-in unit] The package extr/server/SPC is sucess load to return 0 at load
[12:40:52] [ServerNewConsole/Info] [Client Run/Thread] ] * load
[12:40:52] [ServerNewConsole/Info] [Client Run/Thread] load[
[12:40:52] [ServerNewConsole/Info] [Client Run/Thread] [System plug-in unit] The package SystemCmdExtr/Helper is sucess load to return 0 at load
[12:40:52] [ServerNewConsole/Info] [Client Run/Thread] [System plug-in unit] The package SystemCmdExtr/LoadRun is sucess load to return 0 at load
[12:40:52] [ServerNewConsole/Info] [Client Run/Thread] ] * load
[12:40:52] [ServerNewConsole/Info] [Client Run/Thread] 启动窗体，加载程序
[12:40:53] [ServerNewConsole/Info] [Client Run/Thread] sever-loading[
[12:40:53] [ServerNewConsole/Info] [Client Run/Thread] ] * sever-loading









[12:42:42] [ServerNewConsole/Info] [Client Run/Thread] 加载启动
[12:42:42] [ServerNewConsole/Info] [Client Run/Thread] [Memory] 成功创建分配
[12:42:42] [ServerNewConsole/Warn] [Client Run/Thread] [Menory] About creat memory
name LoadSmPro
Bytes(MB) 1024
[12:42:42] [ServerNewConsole/Info] [Client Run/Thread] [Memory] 正在解析数据...请稍后
[12:42:42] [ServerNewConsole/Info] [Client Run/Thread] [LC] 标签解析完毕，正在传递给内存中...
[12:42:42] [ServerNewConsole/Info] [Client Run/Thread] 成功
[12:42:43] [ServerNewConsole/Warn] [Client Run/Thread] [Sever] Sever Start
[12:42:45] [ServerNewConsole/Warn] [Client Run/Thread] 使用这个语言在加载时或完毕时 zh-cn
[12:42:45] [ServerNewConsole/Warn] [Client Run/Thread]  [MakeArg] path cmd to extr/cmd
[12:42:45] [ServerNewConsole/Warn] [Client Run/Thread]  [MakeArg] path runcmd to extr/runcmd
[12:42:45] [ServerNewConsole/Warn] [Client Run/Thread]  [MakeArg] path server/SPC to extr/server/SPC
[12:42:46] [ServerNewConsole/Info] [Client Run/Thread] load[
[12:42:46] [ServerNewConsole/Info] [Client Run/Thread] [System plug-in unit] The package extr/cmd is sucess load to return 0 at load
[12:42:46] [ServerNewConsole/Info] [Client Run/Thread] [System plug-in unit] The package extr/runcmd is sucess load to return 0 at load
[12:42:46] [ServerNewConsole/Info] [Client Run/Thread] [System plug-in unit] The package extr/server/SPC is sucess load to return 0 at load
[12:42:46] [ServerNewConsole/Info] [Client Run/Thread] ] * load
[12:42:46] [ServerNewConsole/Info] [Client Run/Thread] load[
[12:42:46] [ServerNewConsole/Info] [Client Run/Thread] [System plug-in unit] The package SystemCmdExtr/Helper is sucess load to return 0 at load
[12:42:46] [ServerNewConsole/Info] [Client Run/Thread] [System plug-in unit] The package SystemCmdExtr/LoadRun is sucess load to return 0 at load
[12:42:46] [ServerNewConsole/Info] [Client Run/Thread] ] * load
[12:42:46] [ServerNewConsole/Info] [Client Run/Thread] 启动窗体，加载程序
[12:42:47] [ServerNewConsole/Info] [Client Run/Thread] sever-loading[
[12:42:47] [ServerNewConsole/Info] [Client Run/Thread] ] * sever-loading





[12:44:58] [ServerNewConsole/Info] [Client Run/Thread] 加载启动
[12:44:58] [ServerNewConsole/Info] [Client Run/Thread] [Memory] 成功创建分配
[12:44:58] [ServerNewConsole/Warn] [Client Run/Thread] [Menory] About creat memory
name LoadSmPro
Bytes(MB) 1024
[12:44:58] [ServerNewConsole/Info] [Client Run/Thread] [Memory] 正在解析数据...请稍后
[12:44:58] [ServerNewConsole/Info] [Client Run/Thread] [LC] 标签解析完毕，正在传递给内存中...
[12:44:58] [ServerNewConsole/Info] [Client Run/Thread] 成功
[12:44:59] [ServerNewConsole/Warn] [Client Run/Thread] [Sever] Sever Start
[12:45:1] [ServerNewConsole/Warn] [Client Run/Thread] 使用这个语言在加载时或完毕时 zh-cn
[12:45:1] [ServerNewConsole/Warn] [Client Run/Thread]  [MakeArg] path cmd to extr/cmd
[12:45:1] [ServerNewConsole/Warn] [Client Run/Thread]  [MakeArg] path runcmd to extr/runcmd
[12:45:1] [ServerNewConsole/Warn] [Client Run/Thread]  [MakeArg] path server/SPC to extr/server/SPC
[12:45:2] [ServerNewConsole/Info] [Client Run/Thread] load[
[12:45:2] [ServerNewConsole/Info] [Client Run/Thread] [System plug-in unit] The package extr/cmd is sucess load to return 0 at load
[12:45:2] [ServerNewConsole/Info] [Client Run/Thread] [System plug-in unit] The package extr/runcmd is sucess load to return 0 at load
[12:45:2] [ServerNewConsole/Info] [Client Run/Thread] [System plug-in unit] The package extr/server/SPC is sucess load to return 0 at load
[12:45:2] [ServerNewConsole/Info] [Client Run/Thread] ] * load
[12:45:2] [ServerNewConsole/Info] [Client Run/Thread] load[
[12:45:2] [ServerNewConsole/Info] [Client Run/Thread] [System plug-in unit] The package SystemCmdExtr/Helper is sucess load to return 0 at load
[12:45:2] [ServerNewConsole/Info] [Client Run/Thread] [System plug-in unit] The package SystemCmdExtr/LoadRun is sucess load to return 0 at load
[12:45:2] [ServerNewConsole/Info] [Client Run/Thread] ] * load
[12:45:2] [ServerNewConsole/Info] [Client Run/Thread] 启动窗体，加载程序
[12:45:3] [ServerNewConsole/Info] [Client Run/Thread] sever-loading[
[12:45:3] [ServerNewConsole/Info] [Client Run/Thread] ] * sever-loading

[12:45:55] [ServerNewConsole/Info] [Client Run/Thread] 加载启动
[12:45:55] [ServerNewConsole/Info] [Client Run/Thread] [Memory] 成功创建分配
[12:45:55] [ServerNewConsole/Warn] [Client Run/Thread] [Menory] About creat memory
name LoadSmPro
Bytes(MB) 1024
[12:45:55] [ServerNewConsole/Info] [Client Run/Thread] [Memory] 正在解析数据...请稍后
[12:45:55] [ServerNewConsole/Info] [Client Run/Thread] [LC] 标签解析完毕，正在传递给内存中...
[12:45:55] [ServerNewConsole/Info] [Client Run/Thread] 成功
[12:45:56] [ServerNewConsole/Warn] [Client Run/Thread] [Sever] Sever Start
[12:45:58] [ServerNewConsole/Warn] [Client Run/Thread] 使用这个语言在加载时或完毕时 zh-cn
[12:45:58] [ServerNewConsole/Warn] [Client Run/Thread]  [MakeArg] path cmd to extr/cmd
[12:45:58] [ServerNewConsole/Warn] [Client Run/Thread]  [MakeArg] path runcmd to extr/runcmd
[12:45:58] [ServerNewConsole/Warn] [Client Run/Thread]  [MakeArg] path server/SPC to extr/server/SPC
[12:45:59] [ServerNewConsole/Info] [Client Run/Thread] load[
[12:45:59] [ServerNewConsole/Info] [Client Run/Thread] [System plug-in unit] The package extr/cmd is sucess load to return 0 at load
[12:45:59] [ServerNewConsole/Info] [Client Run/Thread] [System plug-in unit] The package extr/runcmd is sucess load to return 0 at load
[12:45:59] [ServerNewConsole/Info] [Client Run/Thread] [System plug-in unit] The package extr/server/SPC is sucess load to return 0 at load
[12:45:59] [ServerNewConsole/Info] [Client Run/Thread] ] * load
[12:45:59] [ServerNewConsole/Info] [Client Run/Thread] load[
[12:45:59] [ServerNewConsole/Info] [Client Run/Thread] [System plug-in unit] The package SystemCmdExtr/Helper is sucess load to return 0 at load
[12:45:59] [ServerNewConsole/Info] [Client Run/Thread] [System plug-in unit] The package SystemCmdExtr/LoadRun is sucess load to return 0 at load
[12:45:59] [ServerNewConsole/Info] [Client Run/Thread] ] * load
[12:45:59] [ServerNewConsole/Info] [Client Run/Thread] 启动窗体，加载程序
[12:46:0] [ServerNewConsole/Info] [Client Run/Thread] sever-loading[
[12:46:0] [ServerNewConsole/Info] [Client Run/Thread] ] * sever-loading


[12:48:5] [ServerNewConsole/Info] [Client Run/Thread] 加载启动
[12:48:5] [ServerNewConsole/Info] [Client Run/Thread] [Memory] 成功创建分配
[12:48:5] [ServerNewConsole/Warn] [Client Run/Thread] [Menory] About creat memory
name LoadSmPro
Bytes(MB) 1024
[12:48:5] [ServerNewConsole/Info] [Client Run/Thread] [Memory] 正在解析数据...请稍后
[12:48:5] [ServerNewConsole/Info] [Client Run/Thread] [LC] 标签解析完毕，正在传递给内存中...
[12:48:5] [ServerNewConsole/Info] [Client Run/Thread] 成功
[12:48:6] [ServerNewConsole/Warn] [Client Run/Thread] [Sever] Sever Start
[12:48:8] [ServerNewConsole/Warn] [Client Run/Thread] 使用这个语言在加载时或完毕时 zh-cn
[12:48:8] [ServerNewConsole/Warn] [Client Run/Thread]  [MakeArg] path cmd to extr/cmd
[12:48:8] [ServerNewConsole/Warn] [Client Run/Thread]  [MakeArg] path runcmd to extr/runcmd
[12:48:8] [ServerNewConsole/Warn] [Client Run/Thread]  [MakeArg] path server/SPC to extr/server/SPC
[12:48:9] [ServerNewConsole/Info] [Client Run/Thread] load[
[12:48:9] [ServerNewConsole/Info] [Client Run/Thread] [System plug-in unit] The package extr/cmd is sucess load to return 0 at load
[12:48:9] [ServerNewConsole/Info] [Client Run/Thread] [System plug-in unit] The package extr/runcmd is sucess load to return 0 at load
[12:48:9] [ServerNewConsole/Info] [Client Run/Thread] [System plug-in unit] The package extr/server/SPC is sucess load to return 0 at load
[12:48:9] [ServerNewConsole/Info] [Client Run/Thread] ] * load
[12:48:9] [ServerNewConsole/Info] [Client Run/Thread] load[
[12:48:9] [ServerNewConsole/Info] [Client Run/Thread] [System plug-in unit] The package SystemCmdExtr/Helper is sucess load to return 0 at load
[12:48:9] [ServerNewConsole/Info] [Client Run/Thread] [System plug-in unit] The package SystemCmdExtr/LoadRun is sucess load to return 0 at load
[12:48:9] [ServerNewConsole/Info] [Client Run/Thread] ] * load
[12:48:9] [ServerNewConsole/Info] [Client Run/Thread] 启动窗体，加载程序
[12:48:10] [ServerNewConsole/Info] [Client Run/Thread] sever-loading[
[12:48:10] [ServerNewConsole/Info] [Client Run/Thread] ] * sever-loading


[12:49:12] [ServerNewConsole/Info] [Client Run/Thread] 加载启动
[12:49:13] [ServerNewConsole/Info] [Client Run/Thread] [Memory] 成功创建分配
[12:49:13] [ServerNewConsole/Warn] [Client Run/Thread] [Menory] About creat memory
name LoadSmPro
Bytes(MB) 1024
[12:49:13] [ServerNewConsole/Info] [Client Run/Thread] [Memory] 正在解析数据...请稍后
[12:49:13] [ServerNewConsole/Info] [Client Run/Thread] [LC] 标签解析完毕，正在传递给内存中...
[12:49:13] [ServerNewConsole/Info] [Client Run/Thread] 成功
[12:49:14] [ServerNewConsole/Warn] [Client Run/Thread] [Sever] Sever Start
[12:49:16] [ServerNewConsole/Warn] [Client Run/Thread] 使用这个语言在加载时或完毕时 zh-cn
[12:49:16] [ServerNewConsole/Warn] [Client Run/Thread]  [MakeArg] path cmd to extr/cmd
[12:49:16] [ServerNewConsole/Warn] [Client Run/Thread]  [MakeArg] path runcmd to extr/runcmd
[12:49:16] [ServerNewConsole/Warn] [Client Run/Thread]  [MakeArg] path server/SPC to extr/server/SPC
[12:49:17] [ServerNewConsole/Info] [Client Run/Thread] load[
[12:49:17] [ServerNewConsole/Info] [Client Run/Thread] [System plug-in unit] The package extr/cmd is sucess load to return 0 at load
[12:49:17] [ServerNewConsole/Info] [Client Run/Thread] [System plug-in unit] The package extr/runcmd is sucess load to return 0 at load
[12:49:17] [ServerNewConsole/Info] [Client Run/Thread] [System plug-in unit] The package extr/server/SPC is sucess load to return 0 at load
[12:49:17] [ServerNewConsole/Info] [Client Run/Thread] ] * load
[12:49:17] [ServerNewConsole/Info] [Client Run/Thread] load[
[12:49:17] [ServerNewConsole/Info] [Client Run/Thread] [System plug-in unit] The package SystemCmdExtr/Helper is sucess load to return 0 at load
[12:49:17] [ServerNewConsole/Info] [Client Run/Thread] [System plug-in unit] The package SystemCmdExtr/LoadRun is sucess load to return 0 at load
[12:49:17] [ServerNewConsole/Info] [Client Run/Thread] ] * load
[12:49:17] [ServerNewConsole/Info] [Client Run/Thread] 启动窗体，加载程序
[12:49:17] [ServerNewConsole/Info] [Client Run/Thread] sever-loading[
[12:49:17] [ServerNewConsole/Info] [Client Run/Thread] ] * sever-loading









[12:51:46] [ServerNewConsole/Info] [Client Run/Thread] 加载启动
[12:51:46] [ServerNewConsole/Info] [Client Run/Thread] [Memory] 成功创建分配
[12:51:47] [ServerNewConsole/Warn] [Client Run/Thread] [Menory] About creat memory
name LoadSmPro
Bytes(MB) 1024
[12:51:47] [ServerNewConsole/Info] [Client Run/Thread] [Memory] 正在解析数据...请稍后
[12:51:47] [ServerNewConsole/Info] [Client Run/Thread] [LC] 标签解析完毕，正在传递给内存中...
[12:51:47] [ServerNewConsole/Info] [Client Run/Thread] 成功
[12:51:48] [ServerNewConsole/Warn] [Client Run/Thread] [Sever] Sever Start
[12:51:50] [ServerNewConsole/Warn] [Client Run/Thread] 使用这个语言在加载时或完毕时 zh-cn
[12:51:50] [ServerNewConsole/Warn] [Client Run/Thread]  [MakeArg] path cmd to extr/cmd
[12:51:50] [ServerNewConsole/Warn] [Client Run/Thread]  [MakeArg] path runcmd to extr/runcmd
[12:51:50] [ServerNewConsole/Warn] [Client Run/Thread]  [MakeArg] path server/SPC to extr/server/SPC
[12:51:51] [ServerNewConsole/Info] [Client Run/Thread] load[
[12:51:51] [ServerNewConsole/Info] [Client Run/Thread] [System plug-in unit] The package extr/cmd is sucess load to return 0 at load
[12:51:51] [ServerNewConsole/Info] [Client Run/Thread] [System plug-in unit] The package extr/runcmd is sucess load to return 0 at load
[12:51:51] [ServerNewConsole/Info] [Client Run/Thread] [System plug-in unit] The package extr/server/SPC is sucess load to return 0 at load
[12:51:51] [ServerNewConsole/Info] [Client Run/Thread] ] * load
[12:51:51] [ServerNewConsole/Info] [Client Run/Thread] load[
[12:51:51] [ServerNewConsole/Info] [Client Run/Thread] [System plug-in unit] The package SystemCmdExtr/Helper is sucess load to return 0 at load
[12:51:51] [ServerNewConsole/Info] [Client Run/Thread] [System plug-in unit] The package SystemCmdExtr/LoadRun is sucess load to return 0 at load
[12:51:51] [ServerNewConsole/Info] [Client Run/Thread] ] * load
[12:51:51] [ServerNewConsole/Info] [Client Run/Thread] 启动窗体，加载程序
[12:51:52] [ServerNewConsole/Info] [Client Run/Thread] sever-loading[
[12:51:52] [ServerNewConsole/Info] [Client Run/Thread] ] * sever-loading


[12:52:17] [ServerNewConsole/Info] [Client Run/Thread] 加载启动
[12:52:17] [ServerNewConsole/Info] [Client Run/Thread] [Memory] 成功创建分配
[12:52:17] [ServerNewConsole/Warn] [Client Run/Thread] [Menory] About creat memory
name LoadSmPro
Bytes(MB) 1024
[12:52:17] [ServerNewConsole/Info] [Client Run/Thread] [Memory] 正在解析数据...请稍后
[12:52:17] [ServerNewConsole/Info] [Client Run/Thread] [LC] 标签解析完毕，正在传递给内存中...
[12:52:17] [ServerNewConsole/Info] [Client Run/Thread] 成功
[12:52:18] [ServerNewConsole/Warn] [Client Run/Thread] [Sever] Sever Start
[12:52:20] [ServerNewConsole/Warn] [Client Run/Thread] 使用这个语言在加载时或完毕时 zh-cn
[12:52:20] [ServerNewConsole/Warn] [Client Run/Thread]  [MakeArg] path cmd to extr/cmd
[12:52:20] [ServerNewConsole/Warn] [Client Run/Thread]  [MakeArg] path runcmd to extr/runcmd
[12:52:20] [ServerNewConsole/Warn] [Client Run/Thread]  [MakeArg] path server/SPC to extr/server/SPC
[12:52:21] [ServerNewConsole/Info] [Client Run/Thread] load[
[12:52:22] [ServerNewConsole/Info] [Client Run/Thread] [System plug-in unit] The package extr/cmd is sucess load to return 0 at load
[12:52:22] [ServerNewConsole/Info] [Client Run/Thread] [System plug-in unit] The package extr/runcmd is sucess load to return 0 at load
[12:52:22] [ServerNewConsole/Info] [Client Run/Thread] [System plug-in unit] The package extr/server/SPC is sucess load to return 0 at load
[12:52:22] [ServerNewConsole/Info] [Client Run/Thread] ] * load
[12:52:22] [ServerNewConsole/Info] [Client Run/Thread] load[
[12:52:22] [ServerNewConsole/Info] [Client Run/Thread] [System plug-in unit] The package SystemCmdExtr/Helper is sucess load to return 0 at load
[12:52:22] [ServerNewConsole/Info] [Client Run/Thread] [System plug-in unit] The package SystemCmdExtr/LoadRun is sucess load to return 0 at load
[12:52:22] [ServerNewConsole/Info] [Client Run/Thread] ] * load
[12:52:22] [ServerNewConsole/Info] [Client Run/Thread] 启动窗体，加载程序
[12:52:22] [ServerNewConsole/Info] [Client Run/Thread] sever-loading[
[12:52:22] [ServerNewConsole/Info] [Client Run/Thread] ] * sever-loading

[12:54:54] [ServerNewConsole/Info] [Client Run/Thread] 加载启动
[12:54:55] [ServerNewConsole/Info] [Client Run/Thread] [Memory] 成功创建分配
[12:54:55] [ServerNewConsole/Warn] [Client Run/Thread] [Menory] About creat memory
name LoadSmPro
Bytes(MB) 1024
[12:54:55] [ServerNewConsole/Info] [Client Run/Thread] [Memory] 正在解析数据...请稍后
[12:54:55] [ServerNewConsole/Info] [Client Run/Thread] [LC] 标签解析完毕，正在传递给内存中...
[12:54:55] [ServerNewConsole/Info] [Client Run/Thread] 成功
[12:54:56] [ServerNewConsole/Warn] [Client Run/Thread] [Sever] Sever Start
[12:54:58] [ServerNewConsole/Warn] [Client Run/Thread] 使用这个语言在加载时或完毕时 zh-cn
[12:54:58] [ServerNewConsole/Warn] [Client Run/Thread]  [MakeArg] path cmd to extr/cmd
[12:54:58] [ServerNewConsole/Warn] [Client Run/Thread]  [MakeArg] path runcmd to extr/runcmd
[12:54:58] [ServerNewConsole/Warn] [Client Run/Thread]  [MakeArg] path server/SPC to extr/server/SPC
[12:54:59] [ServerNewConsole/Info] [Client Run/Thread] load[
[12:54:59] [ServerNewConsole/Info] [Client Run/Thread] [System plug-in unit] The package extr/cmd is sucess load to return 0 at load
[12:54:59] [ServerNewConsole/Info] [Client Run/Thread] [System plug-in unit] The package extr/runcmd is sucess load to return 0 at load
[12:54:59] [ServerNewConsole/Info] [Client Run/Thread] [System plug-in unit] The package extr/server/SPC is sucess load to return 0 at load
[12:54:59] [ServerNewConsole/Info] [Client Run/Thread] ] * load
[12:54:59] [ServerNewConsole/Info] [Client Run/Thread] load[
[12:54:59] [ServerNewConsole/Info] [Client Run/Thread] [System plug-in unit] The package SystemCmdExtr/Helper is sucess load to return 0 at load
[12:54:59] [ServerNewConsole/Info] [Client Run/Thread] [System plug-in unit] The package SystemCmdExtr/LoadRun is sucess load to return 0 at load
[12:54:59] [ServerNewConsole/Info] [Client Run/Thread] ] * load
[12:54:59] [ServerNewConsole/Info] [Client Run/Thread] 启动窗体，加载程序
[12:54:59] [ServerNewConsole/Info] [Client Run/Thread] sever-loading[
[12:54:59] [ServerNewConsole/Info] [Client Run/Thread] ] * sever-loading

