#Console Printf about side
#       Code Memory this...
#       WriteTime about (s)57
#
#Endl
[22:37:45] [NewConsole/Info] [Client Run/Thread] 加载启动
[22:37:46] [NewConsole/Info] [Client Run/Thread] [Memory] 成功创建分配
[22:37:46] [NewConsole/Warn] [Client Run/Thread] [Menory] About creat memory
name LoadSmPro
Bytes(MB) 1024
[22:37:46] [NewConsole/Info] [Client Run/Thread] [Memory] 正在解析数据...请稍后
[22:37:46] [NewConsole/Info] [Client Run/Thread] [LC] 标签解析完毕，正在传递给内存中...
[22:37:46] [NewConsole/Info] [Client Run/Thread] 成功
[22:37:49] [NewConsole/Warn] [Client Run/Thread] 创建From大小为 x:800 y:600
[22:37:49] [NewConsole/Warn] [Client Run/Thread] 使用这个语言在加载时或完毕时 zh-cn
[22:37:49] [NewConsole/Warn] [Client Run/Thread] 是否放大在加载窗体True
[22:37:50] [NewConsole/Warn] [Client Run/Thread]  [MakeArg] path mo to extr/mo
[22:37:50] [NewConsole/Warn] [Client Run/Thread]  [MakeArg] path sr to extr/sr
[22:37:50] [NewConsole/Warn] [Client Run/Thread]  [MakeArg] path cmd to extr/cmd
[22:37:50] [NewConsole/Warn] [Client Run/Thread]  [MakeArg] path cw to extr/cw
[22:37:50] [NewConsole/Warn] [Client Run/Thread]  [MakeArg] path client/HPC to extr/client/HPC
[22:37:50] [NewConsole/Warn] [Client Run/Thread]  [MakeArg] path server/SPC to extr/server/SPC
[22:37:50] [NewConsole/Warn] [Client Run/Thread]  [MakeArg] path cw to extr/cw
[22:37:51] [NewConsole/Info] [Client Run/Thread] load[
[22:37:51] [NewConsole/Info] [Client Run/Thread] [System plug-in unit] The package extr/mo is sucess load to return 0 at load
[22:37:51] [NewConsole/Info] [Client Run/Thread] [System plug-in unit] The package extr/sr is sucess load to return 0 at load
[22:37:51] [NewConsole/Info] [Client Run/Thread] [System plug-in unit] The package extr/cmd is sucess load to return 0 at load
[22:37:51] [NewConsole/Info] [Client Run/Thread] [System plug-in unit] The package extr/cw is sucess load to return 0 at load
[22:37:51] [NewConsole/Info] [Client Run/Thread] [System plug-in unit] The package extr/client/HPC is sucess load to return 0 at load
[22:37:51] [NewConsole/Info] [Client Run/Thread] [System plug-in unit] The package extr/server/SPC is sucess load to return 0 at load
[22:37:52] [NewConsole/Info] [Client Run/Thread] [System plug-in unit] The package SystemCmdExtr/Shell is sucess load to return 0 at load
[22:37:52] [NewConsole/Info] [Client Run/Thread] ] * load
[22:37:52] [NewConsole/Info] [Client Run/Thread] load[
[22:37:52] [NewConsole/Info] [Client Run/Thread] [System plug-in unit] The package SystemCmdExtr/Helper is sucess load to return 0 at load
[22:37:52] [NewConsole/Info] [Client Run/Thread] [System plug-in unit] The package SystemCmdExtr/LoadRun is sucess load to return 0 at load
[22:37:52] [NewConsole/Info] [Client Run/Thread] [System plug-in unit] The package extr/cw is sucess load to return 0 at load
[22:37:52] [NewConsole/Info] [Client Run/Thread] ] * load
[22:37:52] [NewConsole/Info] [Client Run/Thread] 启动窗体，加载程序
[22:37:52] [NewConsole/Info] [Client Run/Thread] loading[
[22:37:52] [NewConsole/Info] [Client Run/Thread] [System plug-in unit] The package extr/mo is sucess load to return 0 at loading
[22:37:53] [NewConsole/Info] [Client Run/Thread] [System plug-in unit] The package extr/sr is sucess load to return 0 at loading
[22:37:53] [NewConsole/Info] [Client Run/Thread] [System plug-in unit] The package extr/cmd is sucess load to return 0 at loading
[22:37:53] [NewConsole/Info] [Client Run/Thread] [System plug-in unit] The package extr/cw is sucess load to return 0 at loading
[22:37:53] [NewConsole/Info] [Client Run/Thread] [System plug-in unit] The package extr/client/HPC is sucess load to return 0 at loading
[22:37:53] [NewConsole/Info] [Client Run/Thread] [System plug-in unit] The package extr/server/SPC is sucess load to return 0 at loading
[22:37:53] [NewConsole/Info] [Client Run/Thread] [System plug-in unit] The package SystemCmdExtr/Shell is sucess load to return 0 at loading
[22:37:53] [NewConsole/Info] [Client Run/Thread] ] * loading
[22:37:54] [NewConsole/Info] [/Thread] [System plug-in unit] The package extr/cmd is sucess load to return 0 at getcmd
[22:37:54] [NewConsole/Info] [/Thread] [System plug-in unit] The package extr/cw is sucess load to return 0 at getcmd
[22:37:54] [NewConsole/Info] [/Thread] [System plug-in unit] The package extr/client/HPC is sucess load to return 0 at getcmd
[22:37:54] [NewConsole/Info] [/Thread] [System plug-in unit] The package extr/server/SPC is sucess load to return 0 at getcmd
[22:37:54] [NewConsole/Info] [/Thread] [System plug-in unit] The package SystemCmdExtr/Shell is sucess load to return 0 at getcmd
[22:37:54] [NewConsole/Info] [/Thread] [System plug-in unit] The package extr/cmd is sucess load to return 0 at runload

[22:48:37] [NewConsole/Info] [Client Run/Thread] 加载启动
[22:48:37] [NewConsole/Info] [Client Run/Thread] [Memory] 成功创建分配
[22:48:37] [NewConsole/Warn] [Client Run/Thread] [Menory] About creat memory
name LoadSmPro
Bytes(MB) 1024
[22:48:37] [NewConsole/Info] [Client Run/Thread] [Memory] 正在解析数据...请稍后
[22:48:37] [NewConsole/Info] [Client Run/Thread] [LC] 标签解析完毕，正在传递给内存中...
[22:48:37] [NewConsole/Info] [Client Run/Thread] 成功
[22:48:40] [NewConsole/Warn] [Client Run/Thread] 创建From大小为 x:800 y:600
[22:48:40] [NewConsole/Warn] [Client Run/Thread] 使用这个语言在加载时或完毕时 zh-cn
[22:48:40] [NewConsole/Warn] [Client Run/Thread] 是否放大在加载窗体True
[22:48:40] [NewConsole/Warn] [Client Run/Thread]  [MakeArg] path mo to extr/mo
[22:48:40] [NewConsole/Warn] [Client Run/Thread]  [MakeArg] path sr to extr/sr
[22:48:40] [NewConsole/Warn] [Client Run/Thread]  [MakeArg] path cmd to extr/cmd
[22:48:40] [NewConsole/Warn] [Client Run/Thread]  [MakeArg] path cw to extr/cw
[22:48:40] [NewConsole/Warn] [Client Run/Thread]  [MakeArg] path client/HPC to extr/client/HPC
[22:48:40] [NewConsole/Warn] [Client Run/Thread]  [MakeArg] path server/SPC to extr/server/SPC
[22:48:40] [NewConsole/Warn] [Client Run/Thread]  [MakeArg] path cw to extr/cw
[22:48:41] [NewConsole/Info] [Client Run/Thread] load[
[22:48:41] [NewConsole/Info] [Client Run/Thread] [System plug-in unit] The package extr/mo is sucess load to return 0 at load
[22:48:41] [NewConsole/Info] [Client Run/Thread] [System plug-in unit] The package extr/sr is sucess load to return 0 at load
[22:48:41] [NewConsole/Info] [Client Run/Thread] [System plug-in unit] The package extr/cmd is sucess load to return 0 at load
[22:48:41] [NewConsole/Info] [Client Run/Thread] [System plug-in unit] The package extr/cw is sucess load to return 0 at load
[22:48:42] [NewConsole/Info] [Client Run/Thread] [System plug-in unit] The package extr/client/HPC is sucess load to return 0 at load
[22:48:42] [NewConsole/Info] [Client Run/Thread] [System plug-in unit] The package extr/server/SPC is sucess load to return 0 at load
[22:48:42] [NewConsole/Info] [Client Run/Thread] [System plug-in unit] The package SystemCmdExtr/Shell is sucess load to return 0 at load
[22:48:42] [NewConsole/Info] [Client Run/Thread] ] * load
[22:48:42] [NewConsole/Info] [Client Run/Thread] load[
[22:48:42] [NewConsole/Info] [Client Run/Thread] [System plug-in unit] The package SystemCmdExtr/Helper is sucess load to return 0 at load
[22:48:42] [NewConsole/Info] [Client Run/Thread] [System plug-in unit] The package SystemCmdExtr/LoadRun is sucess load to return 0 at load
[22:48:42] [NewConsole/Info] [Client Run/Thread] [System plug-in unit] The package extr/cw is sucess load to return 0 at load
[22:48:42] [NewConsole/Info] [Client Run/Thread] ] * load
[22:48:42] [NewConsole/Info] [Client Run/Thread] 启动窗体，加载程序
[22:48:42] [NewConsole/Info] [Client Run/Thread] loading[
[22:48:42] [NewConsole/Info] [Client Run/Thread] [System plug-in unit] The package extr/mo is sucess load to return 0 at loading
[22:48:42] [NewConsole/Info] [Client Run/Thread] [System plug-in unit] The package extr/sr is sucess load to return 0 at loading
[22:48:42] [NewConsole/Info] [Client Run/Thread] [System plug-in unit] The package extr/cmd is sucess load to return 0 at loading
[22:48:42] [NewConsole/Info] [Client Run/Thread] [System plug-in unit] The package extr/cw is sucess load to return 0 at loading
[22:48:42] [NewConsole/Info] [Client Run/Thread] [System plug-in unit] The package extr/client/HPC is sucess load to return 0 at loading
[22:48:42] [NewConsole/Info] [Client Run/Thread] [System plug-in unit] The package extr/server/SPC is sucess load to return 0 at loading
[22:48:42] [NewConsole/Info] [Client Run/Thread] [System plug-in unit] The package SystemCmdExtr/Shell is sucess load to return 0 at loading
[22:48:42] [NewConsole/Info] [Client Run/Thread] ] * loading
[22:48:44] [NewConsole/Info] [/Thread] [System plug-in unit] The package extr/cmd is sucess load to return 0 at getcmd
[22:48:44] [NewConsole/Info] [/Thread] [System plug-in unit] The package extr/cw is sucess load to return 0 at getcmd
[22:48:44] [NewConsole/Info] [/Thread] [System plug-in unit] The package extr/client/HPC is sucess load to return 0 at getcmd
[22:48:44] [NewConsole/Info] [/Thread] [System plug-in unit] The package extr/server/SPC is sucess load to return 0 at getcmd
[22:48:44] [NewConsole/Info] [/Thread] [System plug-in unit] The package SystemCmdExtr/Shell is sucess load to return 0 at getcmd
[22:48:44] [NewConsole/Info] [/Thread] [System plug-in unit] The package extr/cmd is sucess load to return 0 at runload









[22:50:31] [NewConsole/Info] [/Thread] [System plug-in unit] The package extr/cmd is sucess load to return 0 at run

[22:51:36] [NewConsole/Info] [Client Run/Thread] 加载启动
[22:51:36] [NewConsole/Info] [Client Run/Thread] [Memory] 成功创建分配
[22:51:36] [NewConsole/Warn] [Client Run/Thread] [Menory] About creat memory
name LoadSmPro
Bytes(MB) 1024
[22:51:36] [NewConsole/Info] [Client Run/Thread] [Memory] 正在解析数据...请稍后
[22:51:36] [NewConsole/Info] [Client Run/Thread] [LC] 标签解析完毕，正在传递给内存中...
[22:51:37] [NewConsole/Info] [Client Run/Thread] 成功
[22:51:40] [NewConsole/Warn] [Client Run/Thread] 创建From大小为 x:800 y:600
[22:51:40] [NewConsole/Warn] [Client Run/Thread] 使用这个语言在加载时或完毕时 zh-cn
[22:51:40] [NewConsole/Warn] [Client Run/Thread] 是否放大在加载窗体True
[22:51:40] [NewConsole/Warn] [Client Run/Thread]  [MakeArg] path mo to extr/mo
[22:51:40] [NewConsole/Warn] [Client Run/Thread]  [MakeArg] path sr to extr/sr
[22:51:40] [NewConsole/Warn] [Client Run/Thread]  [MakeArg] path cmd to extr/cmd
[22:51:40] [NewConsole/Warn] [Client Run/Thread]  [MakeArg] path cw to extr/cw
[22:51:40] [NewConsole/Warn] [Client Run/Thread]  [MakeArg] path client/HPC to extr/client/HPC
[22:51:40] [NewConsole/Warn] [Client Run/Thread]  [MakeArg] path server/SPC to extr/server/SPC
[22:51:40] [NewConsole/Warn] [Client Run/Thread]  [MakeArg] path cw to extr/cw
[22:51:41] [NewConsole/Info] [Client Run/Thread] load[
[22:51:41] [NewConsole/Info] [Client Run/Thread] [System plug-in unit] The package extr/mo is sucess load to return 0 at load
[22:51:41] [NewConsole/Info] [Client Run/Thread] [System plug-in unit] The package extr/sr is sucess load to return 0 at load
[22:51:41] [NewConsole/Info] [Client Run/Thread] [System plug-in unit] The package extr/cmd is sucess load to return 0 at load
[22:51:41] [NewConsole/Info] [Client Run/Thread] [System plug-in unit] The package extr/cw is sucess load to return 0 at load
[22:51:41] [NewConsole/Info] [Client Run/Thread] [System plug-in unit] The package extr/client/HPC is sucess load to return 0 at load
[22:51:41] [NewConsole/Info] [Client Run/Thread] [System plug-in unit] The package extr/server/SPC is sucess load to return 0 at load
[22:51:41] [NewConsole/Info] [Client Run/Thread] [System plug-in unit] The package SystemCmdExtr/Shell is sucess load to return 0 at load
[22:51:41] [NewConsole/Info] [Client Run/Thread] ] * load
[22:51:41] [NewConsole/Info] [Client Run/Thread] load[
[22:51:41] [NewConsole/Info] [Client Run/Thread] [System plug-in unit] The package SystemCmdExtr/Helper is sucess load to return 0 at load
[22:51:41] [NewConsole/Info] [Client Run/Thread] [System plug-in unit] The package SystemCmdExtr/LoadRun is sucess load to return 0 at load
[22:51:41] [NewConsole/Info] [Client Run/Thread] [System plug-in unit] The package extr/cw is sucess load to return 0 at load
[22:51:41] [NewConsole/Info] [Client Run/Thread] ] * load
[22:51:41] [NewConsole/Info] [Client Run/Thread] 启动窗体，加载程序
[22:51:42] [NewConsole/Info] [Client Run/Thread] loading[
[22:51:42] [NewConsole/Info] [Client Run/Thread] [System plug-in unit] The package extr/mo is sucess load to return 0 at loading
[22:51:42] [NewConsole/Info] [Client Run/Thread] [System plug-in unit] The package extr/sr is sucess load to return 0 at loading
[22:51:42] [NewConsole/Info] [Client Run/Thread] [System plug-in unit] The package extr/cmd is sucess load to return 0 at loading
[22:51:42] [NewConsole/Info] [Client Run/Thread] [System plug-in unit] The package extr/cw is sucess load to return 0 at loading
[22:51:42] [NewConsole/Info] [Client Run/Thread] [System plug-in unit] The package extr/client/HPC is sucess load to return 0 at loading
[22:51:42] [NewConsole/Info] [Client Run/Thread] [System plug-in unit] The package extr/server/SPC is sucess load to return 0 at loading
[22:51:42] [NewConsole/Info] [Client Run/Thread] [System plug-in unit] The package SystemCmdExtr/Shell is sucess load to return 0 at loading
[22:51:42] [NewConsole/Info] [Client Run/Thread] ] * loading
[22:51:43] [NewConsole/Info] [/Thread] [System plug-in unit] The package extr/cmd is sucess load to return 0 at getcmd
[22:51:43] [NewConsole/Info] [/Thread] [System plug-in unit] The package extr/cw is sucess load to return 0 at getcmd
[22:51:43] [NewConsole/Info] [/Thread] [System plug-in unit] The package extr/client/HPC is sucess load to return 0 at getcmd
[22:51:43] [NewConsole/Info] [/Thread] [System plug-in unit] The package extr/server/SPC is sucess load to return 0 at getcmd
[22:51:43] [NewConsole/Info] [/Thread] [System plug-in unit] The package SystemCmdExtr/Shell is sucess load to return 0 at getcmd
[22:51:43] [NewConsole/Info] [/Thread] [System plug-in unit] The package extr/cmd is sucess load to return 0 at runload


[22:52:9] [NewConsole/Info] [/Thread] [System plug-in unit] The package extr/cmd is sucess load to return 0 at run





[22:53:4] [NewConsole/Info] [Main Window System/Thread] close[
[22:53:4] [NewConsole/Info] [Main Window System/Thread] [System plug-in unit] The package extr/mo is sucess load to return 0 at close
[22:53:4] [NewConsole/Info] [Main Window System/Thread] [System plug-in unit] The package extr/sr is sucess load to return 0 at close
[22:53:4] [NewConsole/Info] [Main Window System/Thread] [System plug-in unit] The package extr/cmd is sucess load to return 0 at close
[22:53:4] [NewConsole/Info] [Main Window System/Thread] [System plug-in unit] The package extr/cw is sucess load to return 0 at close
[22:53:4] [NewConsole/Info] [Main Window System/Thread] [System plug-in unit] The package extr/client/HPC is sucess load to return 0 at close
[22:53:4] [NewConsole/Info] [Main Window System/Thread] [System plug-in unit] The package extr/server/SPC is sucess load to return 0 at close
[22:53:4] [NewConsole/Info] [Main Window System/Thread] [System plug-in unit] The package SystemCmdExtr/Shell is sucess load to return 0 at close
[22:53:4] [NewConsole/Info] [Main Window System/Thread] ] * close

[22:57:52] [NewConsole/Info] [Client Run/Thread] 加载启动
[22:57:52] [NewConsole/Info] [Client Run/Thread] [Memory] 成功创建分配
[22:57:52] [NewConsole/Warn] [Client Run/Thread] [Menory] About creat memory
name LoadSmPro
Bytes(MB) 1024
[22:57:52] [NewConsole/Info] [Client Run/Thread] [Memory] 正在解析数据...请稍后
[22:57:52] [NewConsole/Info] [Client Run/Thread] [LC] 标签解析完毕，正在传递给内存中...
[22:57:52] [NewConsole/Info] [Client Run/Thread] 成功
[22:57:56] [NewConsole/Warn] [Client Run/Thread] 创建From大小为 x:800 y:600
[22:57:56] [NewConsole/Warn] [Client Run/Thread] 使用这个语言在加载时或完毕时 zh-cn
[22:57:56] [NewConsole/Warn] [Client Run/Thread] 是否放大在加载窗体True
[22:57:56] [NewConsole/Warn] [Client Run/Thread]  [MakeArg] path mo to extr/mo
[22:57:56] [NewConsole/Warn] [Client Run/Thread]  [MakeArg] path sr to extr/sr
[22:57:56] [NewConsole/Warn] [Client Run/Thread]  [MakeArg] path cmd to extr/cmd
[22:57:56] [NewConsole/Warn] [Client Run/Thread]  [MakeArg] path cw to extr/cw
[22:57:56] [NewConsole/Warn] [Client Run/Thread]  [MakeArg] path client/HPC to extr/client/HPC
[22:57:56] [NewConsole/Warn] [Client Run/Thread]  [MakeArg] path server/SPC to extr/server/SPC
[22:57:56] [NewConsole/Warn] [Client Run/Thread]  [MakeArg] path cw to extr/cw
[22:57:57] [NewConsole/Info] [Client Run/Thread] load[
[22:57:57] [NewConsole/Info] [Client Run/Thread] [System plug-in unit] The package extr/mo is sucess load to return 0 at load
[22:57:57] [NewConsole/Info] [Client Run/Thread] [System plug-in unit] The package extr/sr is sucess load to return 0 at load
[22:57:57] [NewConsole/Info] [Client Run/Thread] [System plug-in unit] The package extr/cmd is sucess load to return 0 at load
[22:57:57] [NewConsole/Info] [Client Run/Thread] [System plug-in unit] The package extr/cw is sucess load to return 0 at load
[22:57:57] [NewConsole/Info] [Client Run/Thread] [System plug-in unit] The package extr/client/HPC is sucess load to return 0 at load
[22:57:57] [NewConsole/Info] [Client Run/Thread] [System plug-in unit] The package extr/server/SPC is sucess load to return 0 at load
[22:57:57] [NewConsole/Info] [Client Run/Thread] [System plug-in unit] The package SystemCmdExtr/Shell is sucess load to return 0 at load
[22:57:57] [NewConsole/Info] [Client Run/Thread] ] * load
[22:57:57] [NewConsole/Info] [Client Run/Thread] load[
[22:57:57] [NewConsole/Info] [Client Run/Thread] [System plug-in unit] The package SystemCmdExtr/Helper is sucess load to return 0 at load
[22:57:57] [NewConsole/Info] [Client Run/Thread] [System plug-in unit] The package SystemCmdExtr/LoadRun is sucess load to return 0 at load
[22:57:57] [NewConsole/Info] [Client Run/Thread] [System plug-in unit] The package extr/cw is sucess load to return 0 at load
[22:57:57] [NewConsole/Info] [Client Run/Thread] ] * load
[22:57:57] [NewConsole/Info] [Client Run/Thread] 启动窗体，加载程序
[22:57:58] [NewConsole/Info] [Client Run/Thread] loading[
[22:57:58] [NewConsole/Info] [Client Run/Thread] [System plug-in unit] The package extr/mo is sucess load to return 0 at loading
[22:57:58] [NewConsole/Info] [Client Run/Thread] [System plug-in unit] The package extr/sr is sucess load to return 0 at loading
[22:57:58] [NewConsole/Info] [Client Run/Thread] [System plug-in unit] The package extr/cmd is sucess load to return 0 at loading
[22:57:58] [NewConsole/Info] [Client Run/Thread] [System plug-in unit] The package extr/cw is sucess load to return 0 at loading
[22:57:58] [NewConsole/Info] [Client Run/Thread] [System plug-in unit] The package extr/client/HPC is sucess load to return 0 at loading
[22:57:58] [NewConsole/Info] [Client Run/Thread] [System plug-in unit] The package extr/server/SPC is sucess load to return 0 at loading
[22:57:58] [NewConsole/Info] [Client Run/Thread] [System plug-in unit] The package SystemCmdExtr/Shell is sucess load to return 0 at loading
[22:57:58] [NewConsole/Info] [Client Run/Thread] ] * loading
[22:57:59] [NewConsole/Info] [/Thread] [System plug-in unit] The package extr/cmd is sucess load to return 0 at getcmd
[22:57:59] [NewConsole/Info] [/Thread] [System plug-in unit] The package extr/cw is sucess load to return 0 at getcmd
[22:57:59] [NewConsole/Info] [/Thread] [System plug-in unit] The package extr/client/HPC is sucess load to return 0 at getcmd
[22:57:59] [NewConsole/Info] [/Thread] [System plug-in unit] The package extr/server/SPC is sucess load to return 0 at getcmd
[22:57:59] [NewConsole/Info] [/Thread] [System plug-in unit] The package SystemCmdExtr/Shell is sucess load to return 0 at getcmd
[22:57:59] [NewConsole/Info] [/Thread] [System plug-in unit] The package extr/cmd is sucess load to return 0 at runload

[22:58:14] [NewConsole/Info] [/Thread] [System plug-in unit] The package extr/cmd is sucess load to return 0 at run


















