#Console Printf about side
#       Code Memory this...
#       WriteTime about (s)11
#
#Endl
[20:18:59] [NewConsole/Info] [Client Run/Thread] 加载启动
[20:18:59] [NewConsole/Info] [Client Run/Thread] [Memory] 成功创建分配
[20:18:59] [NewConsole/Warn] [Client Run/Thread] [Menory] About creat memory
name LoadSmPro
Bytes(MB) 1024
[20:18:59] [NewConsole/Info] [Client Run/Thread] [Memory] 正在解析数据...请稍后
[20:18:59] [NewConsole/Info] [Client Run/Thread] [LC] 标签解析完毕，正在传递给内存中...
[20:19:0] [NewConsole/Info] [Client Run/Thread] 成功
[20:19:3] [NewConsole/Warn] [Client Run/Thread] 创建From大小为 x:800 y:600
[20:19:3] [NewConsole/Warn] [Client Run/Thread] 使用这个语言在加载时或完毕时 zh-cn
[20:19:3] [NewConsole/Warn] [Client Run/Thread] 是否放大在加载窗体True
[20:19:3] [NewConsole/Warn] [Client Run/Thread]  [MakeArg] path mo to extr/mo
[20:19:3] [NewConsole/Warn] [Client Run/Thread]  [MakeArg] path sr to extr/sr
[20:19:3] [NewConsole/Warn] [Client Run/Thread]  [MakeArg] path cmd to extr/cmd
[20:19:3] [NewConsole/Warn] [Client Run/Thread]  [MakeArg] path cw to extr/cw
[20:19:3] [NewConsole/Warn] [Client Run/Thread]  [MakeArg] path client/HPC to extr/client/HPC
[20:19:3] [NewConsole/Warn] [Client Run/Thread]  [MakeArg] path server/SPC to extr/server/SPC
[20:19:3] [NewConsole/Warn] [Client Run/Thread]  [MakeArg] path cw to extr/cw
[20:19:4] [NewConsole/Info] [Client Run/Thread] load[
[20:19:4] [NewConsole/Info] [Client Run/Thread] [System plug-in unit] The package extr/mo is sucess load to return 0 at load
[20:19:4] [NewConsole/Info] [Client Run/Thread] [System plug-in unit] The package extr/sr is sucess load to return 0 at load
[20:19:4] [NewConsole/Info] [Client Run/Thread] [System plug-in unit] The package extr/cmd is sucess load to return 0 at load
[20:19:5] [NewConsole/Info] [Client Run/Thread] [System plug-in unit] The package extr/cw is sucess load to return 0 at load
[20:19:5] [NewConsole/Info] [Client Run/Thread] [System plug-in unit] The package extr/client/HPC is sucess load to return 0 at load
[20:19:5] [NewConsole/Info] [Client Run/Thread] [System plug-in unit] The package extr/server/SPC is sucess load to return 0 at load
[20:19:5] [NewConsole/Info] [Client Run/Thread] [System plug-in unit] The package SystemCmdExtr/Shell is sucess load to return 0 at load
[20:19:5] [NewConsole/Info] [Client Run/Thread] ] * load
[20:19:5] [NewConsole/Info] [Client Run/Thread] load[
[20:19:5] [NewConsole/Info] [Client Run/Thread] [System plug-in unit] The package SystemCmdExtr/Helper is sucess load to return 0 at load
[20:19:5] [NewConsole/Info] [Client Run/Thread] [System plug-in unit] The package SystemCmdExtr/LoadRun is sucess load to return 0 at load
[20:19:5] [NewConsole/Info] [Client Run/Thread] [System plug-in unit] The package extr/cw is sucess load to return 0 at load
[20:19:5] [NewConsole/Info] [Client Run/Thread] ] * load
[20:19:5] [NewConsole/Info] [Client Run/Thread] 启动窗体，加载程序
[20:19:5] [NewConsole/Info] [Client Run/Thread] loading[
[20:19:5] [NewConsole/Info] [Client Run/Thread] [System plug-in unit] The package extr/mo is sucess load to return 0 at loading
[20:19:5] [NewConsole/Info] [Client Run/Thread] [System plug-in unit] The package extr/cmd is sucess load to return 0 at getcmd
[20:19:5] [NewConsole/Info] [Client Run/Thread] [System plug-in unit] The package extr/cw is sucess load to return 0 at getcmd
[20:19:5] [NewConsole/Info] [Client Run/Thread] [System plug-in unit] The package extr/client/HPC is sucess load to return 0 at getcmd
[20:19:5] [NewConsole/Info] [Client Run/Thread] [System plug-in unit] The package extr/server/SPC is sucess load to return 0 at getcmd
[20:19:5] [NewConsole/Info] [Client Run/Thread] [System plug-in unit] The package SystemCmdExtr/Shell is sucess load to return 0 at getcmd
[20:19:5] [NewConsole/Info] [Client Run/Thread] [System plug-in unit] The package extr/cmd is sucess load to return 0 at runload
[20:19:6] [NewConsole/Info] [Client Run/Thread] [System plug-in unit] The package extr/sr is sucess load to return 0 at loading
[20:19:6] [NewConsole/Info] [Client Run/Thread] [System plug-in unit] The package extr/cmd is sucess load to return 0 at loading
[20:19:6] [NewConsole/Info] [Client Run/Thread] [System plug-in unit] The package extr/cw is sucess load to return 0 at loading
[20:19:6] [NewConsole/Info] [Client Run/Thread] [System plug-in unit] The package extr/client/HPC is sucess load to return 0 at loading
[20:19:6] [NewConsole/Info] [Client Run/Thread] [System plug-in unit] The package extr/server/SPC is sucess load to return 0 at loading
[20:19:6] [NewConsole/Info] [Client Run/Thread] [System plug-in unit] The package SystemCmdExtr/Shell is sucess load to return 0 at loading
[20:19:6] [NewConsole/Info] [Client Run/Thread] ] * loading
[20:36:51] [NewConsole/Info] [Client Run/Thread] 加载启动
[20:36:52] [NewConsole/Info] [Client Run/Thread] [Memory] 成功创建分配
[20:36:52] [NewConsole/Warn] [Client Run/Thread] [Menory] About creat memory
name LoadSmPro
Bytes(MB) 1024
[20:36:52] [NewConsole/Info] [Client Run/Thread] [Memory] 正在解析数据...请稍后
[20:36:52] [NewConsole/Info] [Client Run/Thread] [LC] 标签解析完毕，正在传递给内存中...
[20:36:52] [NewConsole/Info] [Client Run/Thread] 成功
[20:36:55] [NewConsole/Warn] [Client Run/Thread] 创建From大小为 x:800 y:600
[20:36:55] [NewConsole/Warn] [Client Run/Thread] 使用这个语言在加载时或完毕时 zh-cn
[20:36:55] [NewConsole/Warn] [Client Run/Thread] 是否放大在加载窗体True
[20:36:55] [NewConsole/Warn] [Client Run/Thread]  [MakeArg] path mo to extr/mo
[20:36:55] [NewConsole/Warn] [Client Run/Thread]  [MakeArg] path sr to extr/sr
[20:36:55] [NewConsole/Warn] [Client Run/Thread]  [MakeArg] path cmd to extr/cmd
[20:36:55] [NewConsole/Warn] [Client Run/Thread]  [MakeArg] path cw to extr/cw
[20:36:55] [NewConsole/Warn] [Client Run/Thread]  [MakeArg] path client/HPC to extr/client/HPC
[20:36:55] [NewConsole/Warn] [Client Run/Thread]  [MakeArg] path server/SPC to extr/server/SPC
[20:36:55] [NewConsole/Warn] [Client Run/Thread]  [MakeArg] path cw to extr/cw
[20:36:56] [NewConsole/Info] [Client Run/Thread] load[
[20:36:56] [NewConsole/Info] [Client Run/Thread] [System plug-in unit] The package extr/mo is sucess load to return 0 at load
[20:36:56] [NewConsole/Info] [Client Run/Thread] [System plug-in unit] The package extr/sr is sucess load to return 0 at load
[20:36:56] [NewConsole/Info] [Client Run/Thread] [System plug-in unit] The package extr/cmd is sucess load to return 0 at load
[20:36:56] [NewConsole/Info] [Client Run/Thread] [System plug-in unit] The package extr/cw is sucess load to return 0 at load
[20:36:56] [NewConsole/Info] [Client Run/Thread] [System plug-in unit] The package extr/client/HPC is sucess load to return 0 at load
[20:36:56] [NewConsole/Info] [Client Run/Thread] [System plug-in unit] The package extr/server/SPC is sucess load to return 0 at load
[20:36:56] [NewConsole/Info] [Client Run/Thread] [System plug-in unit] The package SystemCmdExtr/Shell is sucess load to return 0 at load
[20:36:56] [NewConsole/Info] [Client Run/Thread] ] * load
[20:36:56] [NewConsole/Info] [Client Run/Thread] load[
[20:36:56] [NewConsole/Info] [Client Run/Thread] [System plug-in unit] The package SystemCmdExtr/Helper is sucess load to return 0 at load
[20:36:56] [NewConsole/Info] [Client Run/Thread] [System plug-in unit] The package SystemCmdExtr/LoadRun is sucess load to return 0 at load
[20:36:56] [NewConsole/Info] [Client Run/Thread] [System plug-in unit] The package extr/cw is sucess load to return 0 at load
[20:36:56] [NewConsole/Info] [Client Run/Thread] ] * load
[20:36:56] [NewConsole/Info] [Client Run/Thread] 启动窗体，加载程序
[20:36:57] [NewConsole/Info] [Client Run/Thread] loading[
[20:36:57] [NewConsole/Info] [Client Run/Thread] [System plug-in unit] The package extr/mo is sucess load to return 0 at loading
[20:36:57] [NewConsole/Info] [Client Run/Thread] [System plug-in unit] The package extr/cmd is sucess load to return 0 at getcmd
[20:36:57] [NewConsole/Info] [Client Run/Thread] [System plug-in unit] The package extr/cw is sucess load to return 0 at getcmd
[20:36:57] [NewConsole/Info] [Client Run/Thread] [System plug-in unit] The package extr/client/HPC is sucess load to return 0 at getcmd
[20:36:57] [NewConsole/Info] [Client Run/Thread] [System plug-in unit] The package extr/server/SPC is sucess load to return 0 at getcmd
[20:36:57] [NewConsole/Info] [Client Run/Thread] [System plug-in unit] The package SystemCmdExtr/Shell is sucess load to return 0 at getcmd
[20:36:57] [NewConsole/Info] [Client Run/Thread] [System plug-in unit] The package extr/cmd is sucess load to return 0 at runload
[20:36:57] [NewConsole/Info] [Client Run/Thread] [System plug-in unit] The package extr/sr is sucess load to return 0 at loading
[20:36:57] [NewConsole/Info] [Client Run/Thread] [System plug-in unit] The package extr/cmd is sucess load to return 0 at loading
[20:36:57] [NewConsole/Info] [Client Run/Thread] [System plug-in unit] The package extr/cw is sucess load to return 0 at loading
[20:36:57] [NewConsole/Info] [Client Run/Thread] [System plug-in unit] The package extr/client/HPC is sucess load to return 0 at loading
[20:36:57] [NewConsole/Info] [Client Run/Thread] [System plug-in unit] The package extr/server/SPC is sucess load to return 0 at loading
[20:36:57] [NewConsole/Info] [Client Run/Thread] [System plug-in unit] The package SystemCmdExtr/Shell is sucess load to return 0 at loading
[20:36:57] [NewConsole/Info] [Client Run/Thread] ] * loading

