#Console Printf about side
#       Code Memory this...
#       WriteTime about (s)19
#
#Endl
[22:0:7] [ServerNewConsole/Info] [Client Run/Thread] 加载启动
[22:0:7] [ServerNewConsole/Info] [Client Run/Thread] [Memory] 成功创建分配
[22:0:7] [ServerNewConsole/Warn] [Client Run/Thread] [Menory] About creat memory
name LoadSmPro
Bytes(MB) 1024
[22:0:7] [ServerNewConsole/Info] [Client Run/Thread] [Memory] 正在解析数据...请稍后
[22:0:7] [ServerNewConsole/Info] [Client Run/Thread] [LC] 标签解析完毕，正在传递给内存中...
[22:0:7] [ServerNewConsole/Info] [Client Run/Thread] 成功
[22:0:8] [ServerNewConsole/Warn] [Client Run/Thread] [Sever] Sever Start
[22:0:10] [ServerNewConsole/Warn] [Client Run/Thread] 使用这个语言在加载时或完毕时 zh-cn
[22:0:10] [ServerNewConsole/Warn] [Client Run/Thread]  [MakeArg] path cmd to extr/cmd
[22:0:10] [ServerNewConsole/Warn] [Client Run/Thread]  [MakeArg] path runcmd to extr/runcmd
[22:0:10] [ServerNewConsole/Warn] [Client Run/Thread]  [MakeArg] path server/SPC to extr/server/SPC
[22:0:11] [ServerNewConsole/Info] [Client Run/Thread] load[
[22:0:11] [ServerNewConsole/Info] [Client Run/Thread] [System plug-in unit] The package extr/cmd is sucess load to return 0 at load
[22:0:11] [ServerNewConsole/Info] [Client Run/Thread] [System plug-in unit] The package extr/runcmd is sucess load to return 0 at load
[22:0:11] [ServerNewConsole/Info] [Client Run/Thread] [System plug-in unit] The package extr/server/SPC is sucess load to return 0 at load
[22:0:11] [ServerNewConsole/Info] [Client Run/Thread] ] * load
[22:0:11] [ServerNewConsole/Info] [Client Run/Thread] load[
[22:0:11] [ServerNewConsole/Info] [Client Run/Thread] [System plug-in unit] The package SystemCmdExtr/Helper is sucess load to return 0 at load
[22:0:11] [ServerNewConsole/Info] [Client Run/Thread] [System plug-in unit] The package SystemCmdExtr/LoadRun is sucess load to return 0 at load
[22:0:11] [ServerNewConsole/Info] [Client Run/Thread] ] * load
[22:0:11] [ServerNewConsole/Info] [Client Run/Thread] 启动窗体，加载程序
[22:0:11] [ServerNewConsole/Info] [Client Run/Thread] sever-loading[
[22:0:12] [ServerNewConsole/Info] [Client Run/Thread] ] * sever-loading

[22:0:38] [ServerNewConsole/Warn] [/Thread] 正在运行Close插件方法
[22:0:38] [ServerNewConsole/Info] [/Thread] close[
[22:0:38] [ServerNewConsole/Info] [/Thread] ] * close
[22:0:38] [ServerNewConsole/Warn] [/Thread] Close Object

[22:3:33] [ServerNewConsole/Info] [Client Run/Thread] 加载启动
[22:3:33] [ServerNewConsole/Info] [Client Run/Thread] [Memory] 成功创建分配
[22:3:33] [ServerNewConsole/Warn] [Client Run/Thread] [Menory] About creat memory
name LoadSmPro
Bytes(MB) 1024
[22:3:33] [ServerNewConsole/Info] [Client Run/Thread] [Memory] 正在解析数据...请稍后
[22:3:33] [ServerNewConsole/Info] [Client Run/Thread] [LC] 标签解析完毕，正在传递给内存中...
[22:3:33] [ServerNewConsole/Info] [Client Run/Thread] 成功
[22:3:34] [ServerNewConsole/Warn] [Client Run/Thread] [Sever] Sever Start
[22:3:36] [ServerNewConsole/Warn] [Client Run/Thread] 使用这个语言在加载时或完毕时 zh-cn
[22:3:36] [ServerNewConsole/Warn] [Client Run/Thread]  [MakeArg] path cmd to extr/cmd
[22:3:36] [ServerNewConsole/Warn] [Client Run/Thread]  [MakeArg] path runcmd to extr/runcmd
[22:3:36] [ServerNewConsole/Warn] [Client Run/Thread]  [MakeArg] path server/SPC to extr/server/SPC
[22:3:37] [ServerNewConsole/Info] [Client Run/Thread] load[
[22:3:37] [ServerNewConsole/Info] [Client Run/Thread] [System plug-in unit] The package extr/cmd is sucess load to return 0 at load
[22:3:37] [ServerNewConsole/Info] [Client Run/Thread] [System plug-in unit] The package extr/runcmd is sucess load to return 0 at load
[22:3:37] [ServerNewConsole/Info] [Client Run/Thread] [System plug-in unit] The package extr/server/SPC is sucess load to return 0 at load
[22:3:37] [ServerNewConsole/Info] [Client Run/Thread] ] * load
[22:3:37] [ServerNewConsole/Info] [Client Run/Thread] load[
[22:3:37] [ServerNewConsole/Info] [Client Run/Thread] [System plug-in unit] The package SystemCmdExtr/Helper is sucess load to return 0 at load
[22:3:37] [ServerNewConsole/Info] [Client Run/Thread] [System plug-in unit] The package SystemCmdExtr/LoadRun is sucess load to return 0 at load
[22:3:37] [ServerNewConsole/Info] [Client Run/Thread] ] * load
[22:3:37] [ServerNewConsole/Info] [Client Run/Thread] 启动窗体，加载程序
[22:3:38] [ServerNewConsole/Info] [Client Run/Thread] sever-loading[
[22:3:38] [ServerNewConsole/Info] [Client Run/Thread] ] * sever-loading





[22:10:59] [ServerNewConsole/Info] [Client Run/Thread] 加载启动
[22:10:59] [ServerNewConsole/Info] [Client Run/Thread] [Memory] 成功创建分配
[22:10:59] [ServerNewConsole/Warn] [Client Run/Thread] [Menory] About creat memory
name LoadSmPro
Bytes(MB) 1024
[22:10:59] [ServerNewConsole/Info] [Client Run/Thread] [Memory] 正在解析数据...请稍后
[22:10:59] [ServerNewConsole/Info] [Client Run/Thread] [LC] 标签解析完毕，正在传递给内存中...
[22:10:59] [ServerNewConsole/Info] [Client Run/Thread] 成功
[22:11:0] [ServerNewConsole/Warn] [Client Run/Thread] [Sever] Sever Start
[22:11:2] [ServerNewConsole/Warn] [Client Run/Thread] 使用这个语言在加载时或完毕时 zh-cn
[22:11:2] [ServerNewConsole/Warn] [Client Run/Thread]  [MakeArg] path cmd to extr/cmd
[22:11:2] [ServerNewConsole/Warn] [Client Run/Thread]  [MakeArg] path runcmd to extr/runcmd
[22:11:2] [ServerNewConsole/Warn] [Client Run/Thread]  [MakeArg] path server/SPC to extr/server/SPC
[22:11:3] [ServerNewConsole/Info] [Client Run/Thread] load[
[22:11:3] [ServerNewConsole/Info] [Client Run/Thread] [System plug-in unit] The package extr/cmd is sucess load to return 0 at load
[22:11:3] [ServerNewConsole/Info] [Client Run/Thread] [System plug-in unit] The package extr/runcmd is sucess load to return 0 at load
[22:11:3] [ServerNewConsole/Info] [Client Run/Thread] [System plug-in unit] The package extr/server/SPC is sucess load to return 0 at load
[22:11:3] [ServerNewConsole/Info] [Client Run/Thread] ] * load
[22:11:3] [ServerNewConsole/Info] [Client Run/Thread] load[
[22:11:3] [ServerNewConsole/Info] [Client Run/Thread] [System plug-in unit] The package SystemCmdExtr/Helper is sucess load to return 0 at load
[22:11:3] [ServerNewConsole/Info] [Client Run/Thread] [System plug-in unit] The package SystemCmdExtr/LoadRun is sucess load to return 0 at load
[22:11:3] [ServerNewConsole/Info] [Client Run/Thread] ] * load
[22:11:3] [ServerNewConsole/Info] [Client Run/Thread] 启动窗体，加载程序
[22:11:4] [ServerNewConsole/Info] [Client Run/Thread] sever-loading[
[22:11:4] [ServerNewConsole/Info] [Client Run/Thread] ] * sever-loading

[22:16:40] [ServerNewConsole/Info] [Client Run/Thread] 加载启动
[22:16:40] [ServerNewConsole/Info] [Client Run/Thread] [Memory] 成功创建分配
[22:16:40] [ServerNewConsole/Warn] [Client Run/Thread] [Menory] About creat memory
name LoadSmPro
Bytes(MB) 1024
[22:16:40] [ServerNewConsole/Info] [Client Run/Thread] [Memory] 正在解析数据...请稍后
[22:16:40] [ServerNewConsole/Info] [Client Run/Thread] [LC] 标签解析完毕，正在传递给内存中...
[22:16:41] [ServerNewConsole/Info] [Client Run/Thread] 成功
[22:16:42] [ServerNewConsole/Warn] [Client Run/Thread] [Sever] Sever Start
[22:16:44] [ServerNewConsole/Warn] [Client Run/Thread] 使用这个语言在加载时或完毕时 zh-cn
[22:16:44] [ServerNewConsole/Warn] [Client Run/Thread]  [MakeArg] path cmd to extr/cmd
[22:16:44] [ServerNewConsole/Warn] [Client Run/Thread]  [MakeArg] path runcmd to extr/runcmd
[22:16:44] [ServerNewConsole/Warn] [Client Run/Thread]  [MakeArg] path server/SPC to extr/server/SPC
[22:16:45] [ServerNewConsole/Info] [Client Run/Thread] load[
[22:16:45] [ServerNewConsole/Info] [Client Run/Thread] [System plug-in unit] The package extr/cmd is sucess load to return 0 at load
[22:16:45] [ServerNewConsole/Info] [Client Run/Thread] [System plug-in unit] The package extr/runcmd is sucess load to return 0 at load
[22:16:45] [ServerNewConsole/Info] [Client Run/Thread] [System plug-in unit] The package extr/server/SPC is sucess load to return 0 at load
[22:16:45] [ServerNewConsole/Info] [Client Run/Thread] ] * load
[22:16:45] [ServerNewConsole/Info] [Client Run/Thread] load[
[22:16:45] [ServerNewConsole/Info] [Client Run/Thread] [System plug-in unit] The package SystemCmdExtr/Helper is sucess load to return 0 at load
[22:16:45] [ServerNewConsole/Info] [Client Run/Thread] [System plug-in unit] The package SystemCmdExtr/LoadRun is sucess load to return 0 at load
[22:16:45] [ServerNewConsole/Info] [Client Run/Thread] ] * load
[22:16:45] [ServerNewConsole/Info] [Client Run/Thread] 启动窗体，加载程序
[22:16:45] [ServerNewConsole/Info] [Client Run/Thread] sever-loading[
[22:16:45] [ServerNewConsole/Info] [Client Run/Thread] ] * sever-loading

[22:20:56] [ServerNewConsole/Info] [Client Run/Thread] 加载启动
[22:20:56] [ServerNewConsole/Info] [Client Run/Thread] [Memory] 成功创建分配
[22:20:56] [ServerNewConsole/Warn] [Client Run/Thread] [Menory] About creat memory
name LoadSmPro
Bytes(MB) 1024
[22:20:56] [ServerNewConsole/Info] [Client Run/Thread] [Memory] 正在解析数据...请稍后
[22:20:56] [ServerNewConsole/Info] [Client Run/Thread] [LC] 标签解析完毕，正在传递给内存中...
[22:20:56] [ServerNewConsole/Info] [Client Run/Thread] 成功
[22:20:57] [ServerNewConsole/Warn] [Client Run/Thread] [Sever] Sever Start
[22:20:59] [ServerNewConsole/Warn] [Client Run/Thread] 使用这个语言在加载时或完毕时 zh-cn
[22:20:59] [ServerNewConsole/Warn] [Client Run/Thread]  [MakeArg] path cmd to extr/cmd
[22:20:59] [ServerNewConsole/Warn] [Client Run/Thread]  [MakeArg] path runcmd to extr/runcmd
[22:20:59] [ServerNewConsole/Warn] [Client Run/Thread]  [MakeArg] path server/SPC to extr/server/SPC
[22:21:0] [ServerNewConsole/Info] [Client Run/Thread] load[
[22:21:0] [ServerNewConsole/Info] [Client Run/Thread] [System plug-in unit] The package extr/cmd is sucess load to return 0 at load
[22:21:0] [ServerNewConsole/Info] [Client Run/Thread] [System plug-in unit] The package extr/runcmd is sucess load to return 0 at load
[22:21:0] [ServerNewConsole/Info] [Client Run/Thread] [System plug-in unit] The package extr/server/SPC is sucess load to return 0 at load
[22:21:0] [ServerNewConsole/Info] [Client Run/Thread] ] * load
[22:21:0] [ServerNewConsole/Info] [Client Run/Thread] load[
[22:21:0] [ServerNewConsole/Info] [Client Run/Thread] [System plug-in unit] The package SystemCmdExtr/Helper is sucess load to return 0 at load
[22:21:0] [ServerNewConsole/Info] [Client Run/Thread] [System plug-in unit] The package SystemCmdExtr/LoadRun is sucess load to return 0 at load
[22:21:0] [ServerNewConsole/Info] [Client Run/Thread] ] * load
[22:21:0] [ServerNewConsole/Info] [Client Run/Thread] 启动窗体，加载程序
[22:21:1] [ServerNewConsole/Info] [Client Run/Thread] sever-loading[
[22:21:1] [ServerNewConsole/Info] [Client Run/Thread] ] * sever-loading



[22:21:59] [ServerNewConsole/Info] [Client Run/Thread] 加载启动
[22:22:0] [ServerNewConsole/Info] [Client Run/Thread] [Memory] 成功创建分配
[22:22:0] [ServerNewConsole/Warn] [Client Run/Thread] [Menory] About creat memory
name LoadSmPro
Bytes(MB) 1024
[22:22:0] [ServerNewConsole/Info] [Client Run/Thread] [Memory] 正在解析数据...请稍后
[22:22:0] [ServerNewConsole/Info] [Client Run/Thread] [LC] 标签解析完毕，正在传递给内存中...
[22:22:0] [ServerNewConsole/Info] [Client Run/Thread] 成功
[22:22:1] [ServerNewConsole/Warn] [Client Run/Thread] [Sever] Sever Start
[22:22:3] [ServerNewConsole/Warn] [Client Run/Thread] 使用这个语言在加载时或完毕时 zh-cn
[22:22:3] [ServerNewConsole/Warn] [Client Run/Thread]  [MakeArg] path cmd to extr/cmd
[22:22:3] [ServerNewConsole/Warn] [Client Run/Thread]  [MakeArg] path runcmd to extr/runcmd
[22:22:3] [ServerNewConsole/Warn] [Client Run/Thread]  [MakeArg] path server/SPC to extr/server/SPC
[22:22:4] [ServerNewConsole/Info] [Client Run/Thread] load[
[22:22:4] [ServerNewConsole/Info] [Client Run/Thread] [System plug-in unit] The package extr/cmd is sucess load to return 0 at load
[22:22:4] [ServerNewConsole/Info] [Client Run/Thread] [System plug-in unit] The package extr/runcmd is sucess load to return 0 at load
[22:22:4] [ServerNewConsole/Info] [Client Run/Thread] [System plug-in unit] The package extr/server/SPC is sucess load to return 0 at load
[22:22:4] [ServerNewConsole/Info] [Client Run/Thread] ] * load
[22:22:4] [ServerNewConsole/Info] [Client Run/Thread] load[
[22:22:4] [ServerNewConsole/Info] [Client Run/Thread] [System plug-in unit] The package SystemCmdExtr/Helper is sucess load to return 0 at load
[22:22:4] [ServerNewConsole/Info] [Client Run/Thread] [System plug-in unit] The package SystemCmdExtr/LoadRun is sucess load to return 0 at load
[22:22:4] [ServerNewConsole/Info] [Client Run/Thread] ] * load
[22:22:4] [ServerNewConsole/Info] [Client Run/Thread] 启动窗体，加载程序
[22:22:4] [ServerNewConsole/Info] [Client Run/Thread] sever-loading[
[22:22:4] [ServerNewConsole/Info] [Client Run/Thread] ] * sever-loading

[22:24:20] [ServerNewConsole/Info] [Client Run/Thread] 加载启动
[22:24:20] [ServerNewConsole/Info] [Client Run/Thread] [Memory] 成功创建分配
[22:24:20] [ServerNewConsole/Warn] [Client Run/Thread] [Menory] About creat memory
name LoadSmPro
Bytes(MB) 1024
[22:24:20] [ServerNewConsole/Info] [Client Run/Thread] [Memory] 正在解析数据...请稍后
[22:24:20] [ServerNewConsole/Info] [Client Run/Thread] [LC] 标签解析完毕，正在传递给内存中...
[22:24:20] [ServerNewConsole/Info] [Client Run/Thread] 成功
[22:24:21] [ServerNewConsole/Warn] [Client Run/Thread] [Sever] Sever Start
[22:24:23] [ServerNewConsole/Warn] [Client Run/Thread] 使用这个语言在加载时或完毕时 zh-cn
[22:24:23] [ServerNewConsole/Warn] [Client Run/Thread]  [MakeArg] path cmd to extr/cmd
[22:24:23] [ServerNewConsole/Warn] [Client Run/Thread]  [MakeArg] path runcmd to extr/runcmd
[22:24:23] [ServerNewConsole/Warn] [Client Run/Thread]  [MakeArg] path server/SPC to extr/server/SPC
[22:24:24] [ServerNewConsole/Info] [Client Run/Thread] load[
[22:24:24] [ServerNewConsole/Info] [Client Run/Thread] [System plug-in unit] The package extr/cmd is sucess load to return 0 at load
[22:24:24] [ServerNewConsole/Info] [Client Run/Thread] [System plug-in unit] The package extr/runcmd is sucess load to return 0 at load
[22:24:24] [ServerNewConsole/Info] [Client Run/Thread] [System plug-in unit] The package extr/server/SPC is sucess load to return 0 at load
[22:24:24] [ServerNewConsole/Info] [Client Run/Thread] ] * load
[22:24:24] [ServerNewConsole/Info] [Client Run/Thread] load[
[22:24:24] [ServerNewConsole/Info] [Client Run/Thread] [System plug-in unit] The package SystemCmdExtr/Helper is sucess load to return 0 at load
[22:24:24] [ServerNewConsole/Info] [Client Run/Thread] [System plug-in unit] The package SystemCmdExtr/LoadRun is sucess load to return 0 at load
[22:24:24] [ServerNewConsole/Info] [Client Run/Thread] ] * load
[22:24:24] [ServerNewConsole/Info] [Client Run/Thread] 启动窗体，加载程序
[22:24:25] [ServerNewConsole/Info] [Client Run/Thread] sever-loading[
[22:24:25] [ServerNewConsole/Info] [Client Run/Thread] ] * sever-loading

[22:27:35] [ServerNewConsole/Info] [Client Run/Thread] 加载启动
[22:27:35] [ServerNewConsole/Info] [Client Run/Thread] [Memory] 成功创建分配
[22:27:35] [ServerNewConsole/Warn] [Client Run/Thread] [Menory] About creat memory
name LoadSmPro
Bytes(MB) 1024
[22:27:35] [ServerNewConsole/Info] [Client Run/Thread] [Memory] 正在解析数据...请稍后
[22:27:35] [ServerNewConsole/Info] [Client Run/Thread] [LC] 标签解析完毕，正在传递给内存中...
[22:27:35] [ServerNewConsole/Info] [Client Run/Thread] 成功
[22:27:36] [ServerNewConsole/Warn] [Client Run/Thread] [Sever] Sever Start
[22:27:38] [ServerNewConsole/Warn] [Client Run/Thread] 使用这个语言在加载时或完毕时 zh-cn
[22:27:38] [ServerNewConsole/Warn] [Client Run/Thread]  [MakeArg] path cmd to extr/cmd
[22:27:38] [ServerNewConsole/Warn] [Client Run/Thread]  [MakeArg] path runcmd to extr/runcmd
[22:27:38] [ServerNewConsole/Warn] [Client Run/Thread]  [MakeArg] path server/SPC to extr/server/SPC
[22:27:39] [ServerNewConsole/Info] [Client Run/Thread] load[
[22:27:39] [ServerNewConsole/Info] [Client Run/Thread] [System plug-in unit] The package extr/cmd is sucess load to return 0 at load
[22:27:39] [ServerNewConsole/Info] [Client Run/Thread] [System plug-in unit] The package extr/runcmd is sucess load to return 0 at load
[22:27:39] [ServerNewConsole/Info] [Client Run/Thread] [System plug-in unit] The package extr/server/SPC is sucess load to return 0 at load
[22:27:39] [ServerNewConsole/Info] [Client Run/Thread] ] * load
[22:27:39] [ServerNewConsole/Info] [Client Run/Thread] load[
[22:27:39] [ServerNewConsole/Info] [Client Run/Thread] [System plug-in unit] The package SystemCmdExtr/Helper is sucess load to return 0 at load
[22:27:39] [ServerNewConsole/Info] [Client Run/Thread] [System plug-in unit] The package SystemCmdExtr/LoadRun is sucess load to return 0 at load
[22:27:39] [ServerNewConsole/Info] [Client Run/Thread] ] * load
[22:27:39] [ServerNewConsole/Info] [Client Run/Thread] 启动窗体，加载程序
[22:27:40] [ServerNewConsole/Info] [Client Run/Thread] sever-loading[
[22:27:40] [ServerNewConsole/Info] [Client Run/Thread] ] * sever-loading









[22:58:11] [ServerNewConsole/Info] [Client Run/Thread] 加载启动
[22:58:11] [ServerNewConsole/Info] [Client Run/Thread] [Memory] 成功创建分配
[22:58:11] [ServerNewConsole/Warn] [Client Run/Thread] [Menory] About creat memory
name LoadSmPro
Bytes(MB) 1024
[22:58:11] [ServerNewConsole/Info] [Client Run/Thread] [Memory] 正在解析数据...请稍后
[22:58:11] [ServerNewConsole/Info] [Client Run/Thread] [LC] 标签解析完毕，正在传递给内存中...
[22:58:11] [ServerNewConsole/Info] [Client Run/Thread] 成功
[22:58:12] [ServerNewConsole/Warn] [Client Run/Thread] [Sever] Sever Start
[22:58:14] [ServerNewConsole/Warn] [Client Run/Thread] 使用这个语言在加载时或完毕时 zh-cn
[22:58:14] [ServerNewConsole/Warn] [Client Run/Thread]  [MakeArg] path cmd to extr/cmd
[22:58:14] [ServerNewConsole/Warn] [Client Run/Thread]  [MakeArg] path runcmd to extr/runcmd
[22:58:14] [ServerNewConsole/Warn] [Client Run/Thread]  [MakeArg] path server/SPC to extr/server/SPC
[22:58:15] [ServerNewConsole/Info] [Client Run/Thread] load[
[22:58:15] [ServerNewConsole/Info] [Client Run/Thread] [System plug-in unit] The package extr/cmd is sucess load to return 0 at load
[22:58:15] [ServerNewConsole/Info] [Client Run/Thread] [System plug-in unit] The package extr/runcmd is sucess load to return 0 at load
[22:58:15] [ServerNewConsole/Info] [Client Run/Thread] [System plug-in unit] The package extr/server/SPC is sucess load to return 0 at load
[22:58:15] [ServerNewConsole/Info] [Client Run/Thread] ] * load
[22:58:15] [ServerNewConsole/Info] [Client Run/Thread] load[
[22:58:15] [ServerNewConsole/Info] [Client Run/Thread] [System plug-in unit] The package SystemCmdExtr/Helper is sucess load to return 0 at load
[22:58:15] [ServerNewConsole/Info] [Client Run/Thread] [System plug-in unit] The package SystemCmdExtr/LoadRun is sucess load to return 0 at load
[22:58:15] [ServerNewConsole/Info] [Client Run/Thread] ] * load
[22:58:15] [ServerNewConsole/Info] [Client Run/Thread] 启动窗体，加载程序
[22:58:15] [ServerNewConsole/Info] [Client Run/Thread] sever-loading[
[22:58:16] [ServerNewConsole/Info] [Client Run/Thread] ] * sever-loading

