#Console Printf about side
#       Code Memory this...
#       WriteTime about (s)51
#
#Endl
[15:47:39] [NewConsole/Info] [Client Run/Thread] 加载启动
[15:47:43] [NewConsole/Info] [Client Run/Thread] [Memory] 成功创建分配
[15:47:43] [NewConsole/Warn] [Client Run/Thread] [Menory] About creat memory
name LoadSmPro
Bytes(MB) 1024
[15:47:43] [NewConsole/Info] [Client Run/Thread] [Memory] 正在解析数据...请稍后
[15:47:43] [NewConsole/Info] [Client Run/Thread] [LC] 标签解析完毕，正在传递给内存中...
[15:47:43] [NewConsole/Info] [Client Run/Thread] 成功
[15:47:54] [NewConsole/Warn] [Client Run/Thread] 创建From大小为 x:800 y:600
[15:47:54] [NewConsole/Warn] [Client Run/Thread] 使用这个语言在加载时或完毕时 zh-cn
[15:47:54] [NewConsole/Warn] [Client Run/Thread] 是否放大在加载窗体True
[15:47:55] [NewConsole/Warn] [Client Run/Thread]  [MakeArg] path mo to extr/mo
[15:47:55] [NewConsole/Warn] [Client Run/Thread]  [MakeArg] path sr to extr/sr
[15:47:55] [NewConsole/Warn] [Client Run/Thread]  [MakeArg] path cmd to extr/cmd
[15:47:55] [NewConsole/Warn] [Client Run/Thread]  [MakeArg] path cw to extr/cw
[15:47:55] [NewConsole/Warn] [Client Run/Thread]  [MakeArg] path client/HPC to extr/client/HPC
[15:47:55] [NewConsole/Warn] [Client Run/Thread]  [MakeArg] path server/SPC to extr/server/SPC
[15:47:55] [NewConsole/Warn] [Client Run/Thread]  [MakeArg] path cw to extr/cw
[15:47:56] [NewConsole/Info] [Client Run/Thread] load[
[15:47:57] [NewConsole/Info] [Client Run/Thread] [System plug-in unit] The package extr/mo is sucess load to return 0 at load
[15:47:57] [NewConsole/Info] [Client Run/Thread] [System plug-in unit] The package extr/sr is sucess load to return 0 at load
[15:47:57] [NewConsole/Info] [Client Run/Thread] [System plug-in unit] The package extr/cmd is sucess load to return 0 at load
[15:47:58] [NewConsole/Info] [Client Run/Thread] [System plug-in unit] The package extr/cw is sucess load to return 0 at load
[15:47:58] [NewConsole/Info] [Client Run/Thread] [System plug-in unit] The package extr/client/HPC is sucess load to return 0 at load
[15:47:58] [NewConsole/Info] [Client Run/Thread] [System plug-in unit] The package extr/server/SPC is sucess load to return 0 at load
[15:47:58] [NewConsole/Info] [Client Run/Thread] [System plug-in unit] The package SystemCmdExtr/Shell is sucess load to return 0 at load
[15:47:58] [NewConsole/Info] [Client Run/Thread] ] * load
[15:47:58] [NewConsole/Info] [Client Run/Thread] load[
[15:47:58] [NewConsole/Info] [Client Run/Thread] [System plug-in unit] The package SystemCmdExtr/Helper is sucess load to return 0 at load
[15:47:58] [NewConsole/Info] [Client Run/Thread] [System plug-in unit] The package SystemCmdExtr/LoadRun is sucess load to return 0 at load
[15:47:58] [NewConsole/Info] [Client Run/Thread] [System plug-in unit] The package extr/cw is sucess load to return 0 at load
[15:47:58] [NewConsole/Info] [Client Run/Thread] ] * load
[15:47:58] [NewConsole/Info] [Client Run/Thread] 启动窗体，加载程序
[15:47:59] [NewConsole/Info] [Client Run/Thread] loading[
[15:47:59] [NewConsole/Info] [Client Run/Thread] [System plug-in unit] The package extr/mo is sucess load to return 0 at loading
[15:48:1] [NewConsole/Info] [Client Run/Thread] [System plug-in unit] The package extr/cmd is sucess load to return 0 at getcmd
[15:48:1] [NewConsole/Info] [Client Run/Thread] [System plug-in unit] The package extr/cw is sucess load to return 0 at getcmd
[15:48:1] [NewConsole/Info] [Client Run/Thread] [System plug-in unit] The package extr/client/HPC is sucess load to return 0 at getcmd
[15:48:1] [NewConsole/Info] [Client Run/Thread] [System plug-in unit] The package extr/server/SPC is sucess load to return 0 at getcmd
[15:48:1] [NewConsole/Info] [Client Run/Thread] [System plug-in unit] The package SystemCmdExtr/Shell is sucess load to return 0 at getcmd
[15:48:1] [NewConsole/Info] [Client Run/Thread] [System plug-in unit] The package extr/cmd is sucess load to return 0 at runload
[15:48:2] [NewConsole/Info] [Client Run/Thread] [System plug-in unit] The package extr/sr is sucess load to return 0 at loading
[15:48:2] [NewConsole/Info] [Client Run/Thread] [System plug-in unit] The package extr/cmd is sucess load to return 0 at loading
[15:48:2] [NewConsole/Info] [Client Run/Thread] [System plug-in unit] The package extr/cw is sucess load to return 0 at loading
[15:48:2] [NewConsole/Info] [Client Run/Thread] [System plug-in unit] The package extr/client/HPC is sucess load to return 0 at loading
[15:48:2] [NewConsole/Info] [Client Run/Thread] [System plug-in unit] The package extr/server/SPC is sucess load to return 0 at loading
[15:48:2] [NewConsole/Info] [Client Run/Thread] [System plug-in unit] The package SystemCmdExtr/Shell is sucess load to return 0 at loading
[15:48:2] [NewConsole/Info] [Client Run/Thread] ] * loading




[15:48:40] [NewConsole/Info] [/Thread] [System plug-in unit] The package extr/cmd is sucess load to return 0 at run


[15:50:32] [NewConsole/Info] [Client Run/Thread] 加载启动
[15:50:33] [NewConsole/Info] [Client Run/Thread] [Memory] 成功创建分配
[15:50:33] [NewConsole/Warn] [Client Run/Thread] [Menory] About creat memory
name LoadSmPro
Bytes(MB) 1024
[15:50:33] [NewConsole/Info] [Client Run/Thread] [Memory] 正在解析数据...请稍后
[15:50:33] [NewConsole/Info] [Client Run/Thread] [LC] 标签解析完毕，正在传递给内存中...
[15:50:33] [NewConsole/Info] [Client Run/Thread] 成功
[15:50:36] [NewConsole/Warn] [Client Run/Thread] 创建From大小为 x:800 y:600
[15:50:36] [NewConsole/Warn] [Client Run/Thread] 使用这个语言在加载时或完毕时 zh-cn
[15:50:36] [NewConsole/Warn] [Client Run/Thread] 是否放大在加载窗体True
[15:50:37] [NewConsole/Warn] [Client Run/Thread]  [MakeArg] path mo to extr/mo
[15:50:37] [NewConsole/Warn] [Client Run/Thread]  [MakeArg] path sr to extr/sr
[15:50:37] [NewConsole/Warn] [Client Run/Thread]  [MakeArg] path cmd to extr/cmd
[15:50:37] [NewConsole/Warn] [Client Run/Thread]  [MakeArg] path cw to extr/cw
[15:50:37] [NewConsole/Warn] [Client Run/Thread]  [MakeArg] path client/HPC to extr/client/HPC
[15:50:37] [NewConsole/Warn] [Client Run/Thread]  [MakeArg] path server/SPC to extr/server/SPC
[15:50:37] [NewConsole/Warn] [Client Run/Thread]  [MakeArg] path cw to extr/cw
[15:50:38] [NewConsole/Info] [Client Run/Thread] load[
[15:50:38] [NewConsole/Info] [Client Run/Thread] [System plug-in unit] The package extr/mo is sucess load to return 0 at load
[15:50:38] [NewConsole/Info] [Client Run/Thread] [System plug-in unit] The package extr/sr is sucess load to return 0 at load
[15:50:38] [NewConsole/Info] [Client Run/Thread] [System plug-in unit] The package extr/cmd is sucess load to return 0 at load
[15:50:38] [NewConsole/Info] [Client Run/Thread] [System plug-in unit] The package extr/cw is sucess load to return 0 at load
[15:50:38] [NewConsole/Info] [Client Run/Thread] [System plug-in unit] The package extr/client/HPC is sucess load to return 0 at load
[15:50:38] [NewConsole/Info] [Client Run/Thread] [System plug-in unit] The package extr/server/SPC is sucess load to return 0 at load
[15:50:38] [NewConsole/Info] [Client Run/Thread] [System plug-in unit] The package SystemCmdExtr/Shell is sucess load to return 0 at load
[15:50:38] [NewConsole/Info] [Client Run/Thread] ] * load
[15:50:38] [NewConsole/Info] [Client Run/Thread] load[
[15:50:38] [NewConsole/Info] [Client Run/Thread] [System plug-in unit] The package SystemCmdExtr/Helper is sucess load to return 0 at load
[15:50:38] [NewConsole/Info] [Client Run/Thread] [System plug-in unit] The package SystemCmdExtr/LoadRun is sucess load to return 0 at load
[15:50:38] [NewConsole/Info] [Client Run/Thread] [System plug-in unit] The package extr/cw is sucess load to return 0 at load
[15:50:38] [NewConsole/Info] [Client Run/Thread] ] * load
[15:50:38] [NewConsole/Info] [Client Run/Thread] 启动窗体，加载程序
[15:50:39] [NewConsole/Info] [Client Run/Thread] loading[
[15:50:39] [NewConsole/Info] [Client Run/Thread] [System plug-in unit] The package extr/mo is sucess load to return 0 at loading
[15:50:39] [NewConsole/Info] [Client Run/Thread] [System plug-in unit] The package extr/cmd is sucess load to return 0 at getcmd
[15:50:39] [NewConsole/Info] [Client Run/Thread] [System plug-in unit] The package extr/cw is sucess load to return 0 at getcmd
[15:50:39] [NewConsole/Info] [Client Run/Thread] [System plug-in unit] The package extr/client/HPC is sucess load to return 0 at getcmd
[15:50:39] [NewConsole/Info] [Client Run/Thread] [System plug-in unit] The package extr/server/SPC is sucess load to return 0 at getcmd
[15:50:39] [NewConsole/Info] [Client Run/Thread] [System plug-in unit] The package SystemCmdExtr/Shell is sucess load to return 0 at getcmd
[15:50:39] [NewConsole/Info] [Client Run/Thread] [System plug-in unit] The package extr/cmd is sucess load to return 0 at runload
[15:50:39] [NewConsole/Info] [Client Run/Thread] [System plug-in unit] The package extr/sr is sucess load to return 0 at loading
[15:50:39] [NewConsole/Info] [Client Run/Thread] [System plug-in unit] The package extr/cmd is sucess load to return 0 at loading
[15:50:39] [NewConsole/Info] [Client Run/Thread] [System plug-in unit] The package extr/cw is sucess load to return 0 at loading
[15:50:39] [NewConsole/Info] [Client Run/Thread] [System plug-in unit] The package extr/client/HPC is sucess load to return 0 at loading
[15:50:39] [NewConsole/Info] [Client Run/Thread] [System plug-in unit] The package extr/server/SPC is sucess load to return 0 at loading
[15:50:39] [NewConsole/Info] [Client Run/Thread] [System plug-in unit] The package SystemCmdExtr/Shell is sucess load to return 0 at loading
[15:50:39] [NewConsole/Info] [Client Run/Thread] ] * loading

[15:53:49] [NewConsole/Info] [Client Run/Thread] 加载启动
[15:53:50] [NewConsole/Info] [Client Run/Thread] [Memory] 成功创建分配
[15:53:50] [NewConsole/Warn] [Client Run/Thread] [Menory] About creat memory
name LoadSmPro
Bytes(MB) 1024
[15:53:50] [NewConsole/Info] [Client Run/Thread] [Memory] 正在解析数据...请稍后
[15:53:50] [NewConsole/Info] [Client Run/Thread] [LC] 标签解析完毕，正在传递给内存中...
[15:53:50] [NewConsole/Info] [Client Run/Thread] 成功
[15:53:54] [NewConsole/Warn] [Client Run/Thread] 创建From大小为 x:800 y:600
[15:53:54] [NewConsole/Warn] [Client Run/Thread] 使用这个语言在加载时或完毕时 zh-cn
[15:53:54] [NewConsole/Warn] [Client Run/Thread] 是否放大在加载窗体True
[15:53:54] [NewConsole/Warn] [Client Run/Thread]  [MakeArg] path mo to extr/mo
[15:53:54] [NewConsole/Warn] [Client Run/Thread]  [MakeArg] path sr to extr/sr
[15:53:54] [NewConsole/Warn] [Client Run/Thread]  [MakeArg] path cmd to extr/cmd
[15:53:54] [NewConsole/Warn] [Client Run/Thread]  [MakeArg] path cw to extr/cw
[15:53:54] [NewConsole/Warn] [Client Run/Thread]  [MakeArg] path client/HPC to extr/client/HPC
[15:53:55] [NewConsole/Warn] [Client Run/Thread]  [MakeArg] path server/SPC to extr/server/SPC
[15:53:55] [NewConsole/Warn] [Client Run/Thread]  [MakeArg] path cw to extr/cw
[15:53:56] [NewConsole/Info] [Client Run/Thread] load[
[15:53:56] [NewConsole/Info] [Client Run/Thread] [System plug-in unit] The package extr/mo is sucess load to return 0 at load
[15:53:56] [NewConsole/Info] [Client Run/Thread] [System plug-in unit] The package extr/sr is sucess load to return 0 at load
[15:53:56] [NewConsole/Info] [Client Run/Thread] [System plug-in unit] The package extr/cmd is sucess load to return 0 at load
[15:53:56] [NewConsole/Info] [Client Run/Thread] [System plug-in unit] The package extr/cw is sucess load to return 0 at load
[15:53:56] [NewConsole/Info] [Client Run/Thread] [System plug-in unit] The package extr/client/HPC is sucess load to return 0 at load
[15:53:56] [NewConsole/Info] [Client Run/Thread] [System plug-in unit] The package extr/server/SPC is sucess load to return 0 at load
[15:53:56] [NewConsole/Info] [Client Run/Thread] [System plug-in unit] The package SystemCmdExtr/Shell is sucess load to return 0 at load
[15:53:56] [NewConsole/Info] [Client Run/Thread] ] * load
[15:53:56] [NewConsole/Info] [Client Run/Thread] load[
[15:53:56] [NewConsole/Info] [Client Run/Thread] [System plug-in unit] The package SystemCmdExtr/Helper is sucess load to return 0 at load
[15:53:56] [NewConsole/Info] [Client Run/Thread] [System plug-in unit] The package SystemCmdExtr/LoadRun is sucess load to return 0 at load
[15:53:56] [NewConsole/Info] [Client Run/Thread] [System plug-in unit] The package extr/cw is sucess load to return 0 at load
[15:53:56] [NewConsole/Info] [Client Run/Thread] ] * load
[15:53:56] [NewConsole/Info] [Client Run/Thread] 启动窗体，加载程序
[15:53:56] [NewConsole/Info] [Client Run/Thread] loading[
[15:53:57] [NewConsole/Info] [Client Run/Thread] [System plug-in unit] The package extr/mo is sucess load to return 0 at loading
[15:53:57] [NewConsole/Info] [Client Run/Thread] [System plug-in unit] The package extr/cmd is sucess load to return 0 at getcmd
[15:53:57] [NewConsole/Info] [Client Run/Thread] [System plug-in unit] The package extr/cw is sucess load to return 0 at getcmd
[15:53:57] [NewConsole/Info] [Client Run/Thread] [System plug-in unit] The package extr/client/HPC is sucess load to return 0 at getcmd
[15:53:57] [NewConsole/Info] [Client Run/Thread] [System plug-in unit] The package extr/server/SPC is sucess load to return 0 at getcmd
[15:53:57] [NewConsole/Info] [Client Run/Thread] [System plug-in unit] The package SystemCmdExtr/Shell is sucess load to return 0 at getcmd
[15:53:57] [NewConsole/Info] [Client Run/Thread] [System plug-in unit] The package extr/cmd is sucess load to return 0 at runload
[15:53:57] [NewConsole/Info] [Client Run/Thread] [System plug-in unit] The package extr/sr is sucess load to return 0 at loading
[15:53:57] [NewConsole/Info] [Client Run/Thread] [System plug-in unit] The package extr/cmd is sucess load to return 0 at loading
[15:53:57] [NewConsole/Info] [Client Run/Thread] [System plug-in unit] The package extr/cw is sucess load to return 0 at loading
[15:53:57] [NewConsole/Info] [Client Run/Thread] [System plug-in unit] The package extr/client/HPC is sucess load to return 0 at loading
[15:53:57] [NewConsole/Info] [Client Run/Thread] [System plug-in unit] The package extr/server/SPC is sucess load to return 0 at loading
[15:53:57] [NewConsole/Info] [Client Run/Thread] [System plug-in unit] The package SystemCmdExtr/Shell is sucess load to return 0 at loading
[15:53:57] [NewConsole/Info] [Client Run/Thread] ] * loading

[15:54:10] [NewConsole/Info] [/Thread] [System plug-in unit] The package extr/cmd is sucess load to return 0 at run





[15:55:11] [NewConsole/Info] [Main Window System/Thread] close[
[15:55:11] [NewConsole/Info] [Main Window System/Thread] [System plug-in unit] The package extr/mo is sucess load to return 0 at close
[15:55:11] [NewConsole/Info] [Main Window System/Thread] [System plug-in unit] The package extr/sr is sucess load to return 0 at close
[15:55:11] [NewConsole/Info] [Main Window System/Thread] [System plug-in unit] The package extr/cmd is sucess load to return 0 at close
[15:55:11] [NewConsole/Info] [Main Window System/Thread] [System plug-in unit] The package extr/cw is sucess load to return 0 at close
[15:55:11] [NewConsole/Info] [Main Window System/Thread] [System plug-in unit] The package extr/client/HPC is sucess load to return 0 at close
[15:55:11] [NewConsole/Info] [Main Window System/Thread] [System plug-in unit] The package extr/server/SPC is sucess load to return 0 at close
[15:55:11] [NewConsole/Info] [Main Window System/Thread] [System plug-in unit] The package SystemCmdExtr/Shell is sucess load to return 0 at close
[15:55:11] [NewConsole/Info] [Main Window System/Thread] ] * close

[15:58:47] [NewConsole/Info] [Client Run/Thread] 加载启动
[15:58:47] [NewConsole/Info] [Client Run/Thread] [Memory] 成功创建分配
[15:58:47] [NewConsole/Warn] [Client Run/Thread] [Menory] About creat memory
name LoadSmPro
Bytes(MB) 1024
[15:58:47] [NewConsole/Info] [Client Run/Thread] [Memory] 正在解析数据...请稍后
[15:58:47] [NewConsole/Info] [Client Run/Thread] [LC] 标签解析完毕，正在传递给内存中...
[15:58:47] [NewConsole/Info] [Client Run/Thread] 成功
[15:58:51] [NewConsole/Warn] [Client Run/Thread] 创建From大小为 x:800 y:600
[15:58:51] [NewConsole/Warn] [Client Run/Thread] 使用这个语言在加载时或完毕时 zh-cn
[15:58:51] [NewConsole/Warn] [Client Run/Thread] 是否放大在加载窗体True
[15:58:51] [NewConsole/Warn] [Client Run/Thread]  [MakeArg] path mo to extr/mo
[15:58:51] [NewConsole/Warn] [Client Run/Thread]  [MakeArg] path sr to extr/sr
[15:58:51] [NewConsole/Warn] [Client Run/Thread]  [MakeArg] path cmd to extr/cmd
[15:58:51] [NewConsole/Warn] [Client Run/Thread]  [MakeArg] path cw to extr/cw
[15:58:51] [NewConsole/Warn] [Client Run/Thread]  [MakeArg] path client/HPC to extr/client/HPC
[15:58:51] [NewConsole/Warn] [Client Run/Thread]  [MakeArg] path server/SPC to extr/server/SPC
[15:58:51] [NewConsole/Warn] [Client Run/Thread]  [MakeArg] path cw to extr/cw
[15:58:52] [NewConsole/Info] [Client Run/Thread] load[
[15:58:52] [NewConsole/Info] [Client Run/Thread] [System plug-in unit] The package extr/mo is sucess load to return 0 at load
[15:58:52] [NewConsole/Info] [Client Run/Thread] [System plug-in unit] The package extr/sr is sucess load to return 0 at load
[15:58:52] [NewConsole/Info] [Client Run/Thread] [System plug-in unit] The package extr/cmd is sucess load to return 0 at load
[15:58:52] [NewConsole/Info] [Client Run/Thread] [System plug-in unit] The package extr/cw is sucess load to return 0 at load
[15:58:52] [NewConsole/Info] [Client Run/Thread] [System plug-in unit] The package extr/client/HPC is sucess load to return 0 at load
[15:58:52] [NewConsole/Info] [Client Run/Thread] [System plug-in unit] The package extr/server/SPC is sucess load to return 0 at load
[15:58:52] [NewConsole/Info] [Client Run/Thread] [System plug-in unit] The package SystemCmdExtr/Shell is sucess load to return 0 at load
[15:58:52] [NewConsole/Info] [Client Run/Thread] ] * load
[15:58:52] [NewConsole/Info] [Client Run/Thread] load[
[15:58:52] [NewConsole/Info] [Client Run/Thread] [System plug-in unit] The package SystemCmdExtr/Helper is sucess load to return 0 at load
[15:58:52] [NewConsole/Info] [Client Run/Thread] [System plug-in unit] The package SystemCmdExtr/LoadRun is sucess load to return 0 at load
[15:58:52] [NewConsole/Info] [Client Run/Thread] [System plug-in unit] The package extr/cw is sucess load to return 0 at load
[15:58:52] [NewConsole/Info] [Client Run/Thread] ] * load
[15:58:52] [NewConsole/Info] [Client Run/Thread] 启动窗体，加载程序
[15:58:53] [NewConsole/Info] [Client Run/Thread] loading[
[15:58:53] [NewConsole/Info] [Client Run/Thread] [System plug-in unit] The package extr/mo is sucess load to return 0 at loading
[15:58:53] [NewConsole/Info] [Client Run/Thread] [System plug-in unit] The package extr/cmd is sucess load to return 0 at getcmd
[15:58:53] [NewConsole/Info] [Client Run/Thread] [System plug-in unit] The package extr/cw is sucess load to return 0 at getcmd
[15:58:53] [NewConsole/Info] [Client Run/Thread] [System plug-in unit] The package extr/client/HPC is sucess load to return 0 at getcmd
[15:58:53] [NewConsole/Info] [Client Run/Thread] [System plug-in unit] The package extr/server/SPC is sucess load to return 0 at getcmd
[15:58:53] [NewConsole/Info] [Client Run/Thread] [System plug-in unit] The package SystemCmdExtr/Shell is sucess load to return 0 at getcmd
[15:58:53] [NewConsole/Info] [Client Run/Thread] [System plug-in unit] The package extr/cmd is sucess load to return 0 at runload
[15:58:54] [NewConsole/Info] [Client Run/Thread] [System plug-in unit] The package extr/sr is sucess load to return 0 at loading
[15:58:54] [NewConsole/Info] [Client Run/Thread] [System plug-in unit] The package extr/cmd is sucess load to return 0 at loading
[15:58:54] [NewConsole/Info] [Client Run/Thread] [System plug-in unit] The package extr/cw is sucess load to return 0 at loading
[15:58:54] [NewConsole/Info] [Client Run/Thread] [System plug-in unit] The package extr/client/HPC is sucess load to return 0 at loading
[15:58:54] [NewConsole/Info] [Client Run/Thread] [System plug-in unit] The package extr/server/SPC is sucess load to return 0 at loading
[15:58:54] [NewConsole/Info] [Client Run/Thread] [System plug-in unit] The package SystemCmdExtr/Shell is sucess load to return 0 at loading
[15:58:54] [NewConsole/Info] [Client Run/Thread] ] * loading

[15:59:3] [NewConsole/Info] [/Thread] [System plug-in unit] The package extr/cmd is sucess load to return 0 at run



