#Console Printf about side
#       Code Memory this...
#       WriteTime about (s)7
#
#Endl
[1:17:55] [ServerNewConsole/Info] [Client Run/Thread] 加载启动
[1:17:57] [ServerNewConsole/Info] [Client Run/Thread] [Memory] 成功创建分配
[1:17:57] [ServerNewConsole/Warn] [Client Run/Thread] [Menory] About creat memory
name LoadSmPro
Bytes(MB) 1024
[1:17:57] [ServerNewConsole/Info] [Client Run/Thread] [Memory] 正在解析数据...请稍后
[1:17:57] [ServerNewConsole/Info] [Client Run/Thread] [LC] 标签解析完毕，正在传递给内存中...
[1:17:57] [ServerNewConsole/Info] [Client Run/Thread] 成功
[1:17:58] [ServerNewConsole/Warn] [Client Run/Thread] [Sever] Sever Start
[1:18:0] [ServerNewConsole/Warn] [Client Run/Thread] 使用这个语言在加载时或完毕时 zh-cn
[1:18:0] [ServerNewConsole/Warn] [Client Run/Thread]  [MakeArg] path cmd to extr/cmd
[1:18:0] [ServerNewConsole/Warn] [Client Run/Thread]  [MakeArg] path runcmd to extr/runcmd
[1:18:0] [ServerNewConsole/Warn] [Client Run/Thread]  [MakeArg] path server/SPC to extr/server/SPC
[1:18:1] [ServerNewConsole/Info] [Client Run/Thread] load[
[1:18:1] [ServerNewConsole/Info] [Client Run/Thread] [System plug-in unit] The package extr/cmd is sucess load to return 0 at load
[1:18:1] [ServerNewConsole/Info] [Client Run/Thread] [System plug-in unit] The package extr/runcmd is sucess load to return 0 at load
[1:18:1] [ServerNewConsole/Info] [Client Run/Thread] [System plug-in unit] The package extr/server/SPC is sucess load to return 0 at load
[1:18:1] [ServerNewConsole/Info] [Client Run/Thread] ] * load
[1:18:1] [ServerNewConsole/Info] [Client Run/Thread] load[
[1:18:1] [ServerNewConsole/Info] [Client Run/Thread] [System plug-in unit] The package SystemCmdExtr/Helper is sucess load to return 0 at load
[1:18:1] [ServerNewConsole/Info] [Client Run/Thread] [System plug-in unit] The package SystemCmdExtr/LoadRun is sucess load to return 0 at load
[1:18:1] [ServerNewConsole/Info] [Client Run/Thread] ] * load
[1:18:1] [ServerNewConsole/Info] [Client Run/Thread] 启动窗体，加载程序
[1:18:2] [ServerNewConsole/Info] [Client Run/Thread] sever-loading[
[1:18:2] [ServerNewConsole/Info] [Client Run/Thread] ] * sever-loading





[1:20:3] [ServerNewConsole/Info] [Client Run/Thread] 加载启动
[1:20:3] [ServerNewConsole/Info] [Client Run/Thread] [Memory] 成功创建分配
[1:20:3] [ServerNewConsole/Warn] [Client Run/Thread] [Menory] About creat memory
name LoadSmPro
Bytes(MB) 1024
[1:20:3] [ServerNewConsole/Info] [Client Run/Thread] [Memory] 正在解析数据...请稍后
[1:20:3] [ServerNewConsole/Info] [Client Run/Thread] [LC] 标签解析完毕，正在传递给内存中...
[1:20:3] [ServerNewConsole/Info] [Client Run/Thread] 成功
[1:20:4] [ServerNewConsole/Warn] [Client Run/Thread] [Sever] Sever Start
[1:20:6] [ServerNewConsole/Warn] [Client Run/Thread] 使用这个语言在加载时或完毕时 zh-cn
[1:20:6] [ServerNewConsole/Warn] [Client Run/Thread]  [MakeArg] path cmd to extr/cmd
[1:20:6] [ServerNewConsole/Warn] [Client Run/Thread]  [MakeArg] path runcmd to extr/runcmd
[1:20:6] [ServerNewConsole/Warn] [Client Run/Thread]  [MakeArg] path server/SPC to extr/server/SPC
[1:20:7] [ServerNewConsole/Info] [Client Run/Thread] load[
[1:20:7] [ServerNewConsole/Info] [Client Run/Thread] [System plug-in unit] The package extr/cmd is sucess load to return 0 at load
[1:20:7] [ServerNewConsole/Info] [Client Run/Thread] [System plug-in unit] The package extr/runcmd is sucess load to return 0 at load
[1:20:7] [ServerNewConsole/Info] [Client Run/Thread] [System plug-in unit] The package extr/server/SPC is sucess load to return 0 at load
[1:20:7] [ServerNewConsole/Info] [Client Run/Thread] ] * load
[1:20:7] [ServerNewConsole/Info] [Client Run/Thread] load[
[1:20:7] [ServerNewConsole/Info] [Client Run/Thread] [System plug-in unit] The package SystemCmdExtr/Helper is sucess load to return 0 at load
[1:20:7] [ServerNewConsole/Info] [Client Run/Thread] [System plug-in unit] The package SystemCmdExtr/LoadRun is sucess load to return 0 at load
[1:20:7] [ServerNewConsole/Info] [Client Run/Thread] ] * load
[1:20:7] [ServerNewConsole/Info] [Client Run/Thread] 启动窗体，加载程序
[1:20:8] [ServerNewConsole/Info] [Client Run/Thread] sever-loading[
[1:20:8] [ServerNewConsole/Info] [Client Run/Thread] ] * sever-loading







[1:21:30] [ServerNewConsole/Warn] [/Thread] 正在运行Close插件方法
[1:21:30] [ServerNewConsole/Info] [/Thread] close[
[1:21:30] [ServerNewConsole/Info] [/Thread] ] * close
[1:21:30] [ServerNewConsole/Warn] [/Thread] Close Object

[1:24:34] [ServerNewConsole/Info] [Client Run/Thread] 加载启动
[1:24:35] [ServerNewConsole/Info] [Client Run/Thread] [Memory] 成功创建分配
[1:24:35] [ServerNewConsole/Warn] [Client Run/Thread] [Menory] About creat memory
name LoadSmPro
Bytes(MB) 1024
[1:24:35] [ServerNewConsole/Info] [Client Run/Thread] [Memory] 正在解析数据...请稍后
[1:24:35] [ServerNewConsole/Info] [Client Run/Thread] [LC] 标签解析完毕，正在传递给内存中...
[1:24:35] [ServerNewConsole/Info] [Client Run/Thread] 成功
[1:24:36] [ServerNewConsole/Warn] [Client Run/Thread] [Sever] Sever Start
[1:24:38] [ServerNewConsole/Warn] [Client Run/Thread] 使用这个语言在加载时或完毕时 zh-cn
[1:24:38] [ServerNewConsole/Warn] [Client Run/Thread]  [MakeArg] path cmd to extr/cmd
[1:24:38] [ServerNewConsole/Warn] [Client Run/Thread]  [MakeArg] path runcmd to extr/runcmd
[1:24:38] [ServerNewConsole/Warn] [Client Run/Thread]  [MakeArg] path server/SPC to extr/server/SPC
[1:24:39] [ServerNewConsole/Info] [Client Run/Thread] load[
[1:24:39] [ServerNewConsole/Info] [Client Run/Thread] [System plug-in unit] The package extr/cmd is sucess load to return 0 at load
[1:24:39] [ServerNewConsole/Info] [Client Run/Thread] [System plug-in unit] The package extr/runcmd is sucess load to return 0 at load
[1:24:39] [ServerNewConsole/Info] [Client Run/Thread] [System plug-in unit] The package extr/server/SPC is sucess load to return 0 at load
[1:24:39] [ServerNewConsole/Info] [Client Run/Thread] ] * load
[1:24:39] [ServerNewConsole/Info] [Client Run/Thread] load[
[1:24:39] [ServerNewConsole/Info] [Client Run/Thread] [System plug-in unit] The package SystemCmdExtr/Helper is sucess load to return 0 at load
[1:24:39] [ServerNewConsole/Info] [Client Run/Thread] [System plug-in unit] The package SystemCmdExtr/LoadRun is sucess load to return 0 at load
[1:24:39] [ServerNewConsole/Info] [Client Run/Thread] ] * load
[1:24:39] [ServerNewConsole/Info] [Client Run/Thread] 启动窗体，加载程序
[1:24:39] [ServerNewConsole/Info] [Client Run/Thread] sever-loading[
[1:24:40] [ServerNewConsole/Info] [Client Run/Thread] ] * sever-loading





[1:36:45] [ServerNewConsole/Info] [Client Run/Thread] 加载启动
[1:36:45] [ServerNewConsole/Info] [Client Run/Thread] [Memory] 成功创建分配
[1:36:45] [ServerNewConsole/Warn] [Client Run/Thread] [Menory] About creat memory
name LoadSmPro
Bytes(MB) 1024
[1:36:45] [ServerNewConsole/Info] [Client Run/Thread] [Memory] 正在解析数据...请稍后
[1:36:45] [ServerNewConsole/Info] [Client Run/Thread] [LC] 标签解析完毕，正在传递给内存中...
[1:36:45] [ServerNewConsole/Info] [Client Run/Thread] 成功
[1:36:47] [ServerNewConsole/Warn] [Client Run/Thread] [Sever] Sever Start
[1:36:49] [ServerNewConsole/Warn] [Client Run/Thread] 使用这个语言在加载时或完毕时 zh-cn
[1:36:49] [ServerNewConsole/Warn] [Client Run/Thread]  [MakeArg] path cmd to extr/cmd
[1:36:49] [ServerNewConsole/Warn] [Client Run/Thread]  [MakeArg] path runcmd to extr/runcmd
[1:36:49] [ServerNewConsole/Warn] [Client Run/Thread]  [MakeArg] path server/SPC to extr/server/SPC
[1:36:50] [ServerNewConsole/Info] [Client Run/Thread] load[
[1:36:50] [ServerNewConsole/Info] [Client Run/Thread] [System plug-in unit] The package extr/cmd is sucess load to return 0 at load
[1:36:50] [ServerNewConsole/Info] [Client Run/Thread] [System plug-in unit] The package extr/runcmd is sucess load to return 0 at load
[1:36:50] [ServerNewConsole/Info] [Client Run/Thread] [System plug-in unit] The package extr/server/SPC is sucess load to return 0 at load
[1:36:50] [ServerNewConsole/Info] [Client Run/Thread] ] * load
[1:36:50] [ServerNewConsole/Info] [Client Run/Thread] load[
[1:36:50] [ServerNewConsole/Info] [Client Run/Thread] [System plug-in unit] The package SystemCmdExtr/Helper is sucess load to return 0 at load
[1:36:50] [ServerNewConsole/Info] [Client Run/Thread] [System plug-in unit] The package SystemCmdExtr/LoadRun is sucess load to return 0 at load
[1:36:50] [ServerNewConsole/Info] [Client Run/Thread] ] * load
[1:36:50] [ServerNewConsole/Info] [Client Run/Thread] 启动窗体，加载程序
[1:36:51] [ServerNewConsole/Info] [Client Run/Thread] sever-loading[
[1:36:51] [ServerNewConsole/Info] [Client Run/Thread] ] * sever-loading





[1:37:49] [ServerNewConsole/Warn] [/Thread] 正在运行Close插件方法
[1:37:49] [ServerNewConsole/Info] [/Thread] close[
[1:37:49] [ServerNewConsole/Info] [/Thread] ] * close
[1:37:49] [ServerNewConsole/Warn] [/Thread] Close Object

[1:43:37] [ServerNewConsole/Info] [Client Run/Thread] 加载启动
[1:43:38] [ServerNewConsole/Info] [Client Run/Thread] [Memory] 成功创建分配
[1:43:38] [ServerNewConsole/Warn] [Client Run/Thread] [Menory] About creat memory
name LoadSmPro
Bytes(MB) 1024
[1:43:38] [ServerNewConsole/Info] [Client Run/Thread] [Memory] 正在解析数据...请稍后
[1:43:38] [ServerNewConsole/Info] [Client Run/Thread] [LC] 标签解析完毕，正在传递给内存中...
[1:43:38] [ServerNewConsole/Info] [Client Run/Thread] 成功
[1:43:39] [ServerNewConsole/Warn] [Client Run/Thread] [Sever] Sever Start
[1:43:41] [ServerNewConsole/Warn] [Client Run/Thread] 使用这个语言在加载时或完毕时 zh-cn
[1:43:41] [ServerNewConsole/Warn] [Client Run/Thread]  [MakeArg] path cmd to extr/cmd
[1:43:41] [ServerNewConsole/Warn] [Client Run/Thread]  [MakeArg] path runcmd to extr/runcmd
[1:43:41] [ServerNewConsole/Warn] [Client Run/Thread]  [MakeArg] path server/SPC to extr/server/SPC
[1:43:42] [ServerNewConsole/Info] [Client Run/Thread] load[
[1:43:42] [ServerNewConsole/Info] [Client Run/Thread] [System plug-in unit] The package extr/cmd is sucess load to return 0 at load
[1:43:42] [ServerNewConsole/Info] [Client Run/Thread] [System plug-in unit] The package extr/runcmd is sucess load to return 0 at load
[1:43:42] [ServerNewConsole/Info] [Client Run/Thread] [System plug-in unit] The package extr/server/SPC is sucess load to return 0 at load
[1:43:42] [ServerNewConsole/Info] [Client Run/Thread] ] * load
[1:43:42] [ServerNewConsole/Info] [Client Run/Thread] load[
[1:43:42] [ServerNewConsole/Info] [Client Run/Thread] [System plug-in unit] The package SystemCmdExtr/Helper is sucess load to return 0 at load
[1:43:42] [ServerNewConsole/Info] [Client Run/Thread] [System plug-in unit] The package SystemCmdExtr/LoadRun is sucess load to return 0 at load
[1:43:42] [ServerNewConsole/Info] [Client Run/Thread] ] * load
[1:43:42] [ServerNewConsole/Info] [Client Run/Thread] 启动窗体，加载程序
[1:43:43] [ServerNewConsole/Info] [Client Run/Thread] sever-loading[
[1:43:43] [ServerNewConsole/Info] [Client Run/Thread] ] * sever-loading







[1:46:8] [ServerNewConsole/Info] [Client Run/Thread] 加载启动
[1:46:9] [ServerNewConsole/Info] [Client Run/Thread] [Memory] 成功创建分配
[1:46:9] [ServerNewConsole/Warn] [Client Run/Thread] [Menory] About creat memory
name LoadSmPro
Bytes(MB) 1024
[1:46:9] [ServerNewConsole/Info] [Client Run/Thread] [Memory] 正在解析数据...请稍后
[1:46:9] [ServerNewConsole/Info] [Client Run/Thread] [LC] 标签解析完毕，正在传递给内存中...
[1:46:9] [ServerNewConsole/Info] [Client Run/Thread] 成功
[1:46:10] [ServerNewConsole/Warn] [Client Run/Thread] [Sever] Sever Start
[1:46:12] [ServerNewConsole/Warn] [Client Run/Thread] 使用这个语言在加载时或完毕时 zh-cn
[1:46:12] [ServerNewConsole/Warn] [Client Run/Thread]  [MakeArg] path cmd to extr/cmd
[1:46:12] [ServerNewConsole/Warn] [Client Run/Thread]  [MakeArg] path runcmd to extr/runcmd
[1:46:12] [ServerNewConsole/Warn] [Client Run/Thread]  [MakeArg] path server/SPC to extr/server/SPC
[1:46:13] [ServerNewConsole/Info] [Client Run/Thread] load[
[1:46:13] [ServerNewConsole/Info] [Client Run/Thread] [System plug-in unit] The package extr/cmd is sucess load to return 0 at load
[1:46:13] [ServerNewConsole/Info] [Client Run/Thread] [System plug-in unit] The package extr/runcmd is sucess load to return 0 at load
[1:46:13] [ServerNewConsole/Info] [Client Run/Thread] [System plug-in unit] The package extr/server/SPC is sucess load to return 0 at load
[1:46:13] [ServerNewConsole/Info] [Client Run/Thread] ] * load
[1:46:13] [ServerNewConsole/Info] [Client Run/Thread] load[
[1:46:13] [ServerNewConsole/Info] [Client Run/Thread] [System plug-in unit] The package SystemCmdExtr/Helper is sucess load to return 0 at load
[1:46:13] [ServerNewConsole/Info] [Client Run/Thread] [System plug-in unit] The package SystemCmdExtr/LoadRun is sucess load to return 0 at load
[1:46:13] [ServerNewConsole/Info] [Client Run/Thread] ] * load
[1:46:13] [ServerNewConsole/Info] [Client Run/Thread] 启动窗体，加载程序
[1:46:13] [ServerNewConsole/Info] [Client Run/Thread] sever-loading[
[1:46:14] [ServerNewConsole/Info] [Client Run/Thread] ] * sever-loading

[1:47:13] [ServerNewConsole/Info] [Client Run/Thread] 加载启动
[1:47:14] [ServerNewConsole/Info] [Client Run/Thread] [Memory] 成功创建分配
[1:47:14] [ServerNewConsole/Warn] [Client Run/Thread] [Menory] About creat memory
name LoadSmPro
Bytes(MB) 1024
[1:47:14] [ServerNewConsole/Info] [Client Run/Thread] [Memory] 正在解析数据...请稍后
[1:47:14] [ServerNewConsole/Info] [Client Run/Thread] [LC] 标签解析完毕，正在传递给内存中...
[1:47:14] [ServerNewConsole/Info] [Client Run/Thread] 成功
[1:47:15] [ServerNewConsole/Warn] [Client Run/Thread] [Sever] Sever Start
[1:47:17] [ServerNewConsole/Warn] [Client Run/Thread] 使用这个语言在加载时或完毕时 zh-cn
[1:47:17] [ServerNewConsole/Warn] [Client Run/Thread]  [MakeArg] path cmd to extr/cmd
[1:47:17] [ServerNewConsole/Warn] [Client Run/Thread]  [MakeArg] path runcmd to extr/runcmd
[1:47:17] [ServerNewConsole/Warn] [Client Run/Thread]  [MakeArg] path server/SPC to extr/server/SPC
[1:47:18] [ServerNewConsole/Info] [Client Run/Thread] load[
[1:47:18] [ServerNewConsole/Info] [Client Run/Thread] [System plug-in unit] The package extr/cmd is sucess load to return 0 at load
[1:47:18] [ServerNewConsole/Info] [Client Run/Thread] [System plug-in unit] The package extr/runcmd is sucess load to return 0 at load
[1:47:18] [ServerNewConsole/Info] [Client Run/Thread] [System plug-in unit] The package extr/server/SPC is sucess load to return 0 at load
[1:47:18] [ServerNewConsole/Info] [Client Run/Thread] ] * load
[1:47:18] [ServerNewConsole/Info] [Client Run/Thread] load[
[1:47:18] [ServerNewConsole/Info] [Client Run/Thread] [System plug-in unit] The package SystemCmdExtr/Helper is sucess load to return 0 at load
[1:47:18] [ServerNewConsole/Info] [Client Run/Thread] [System plug-in unit] The package SystemCmdExtr/LoadRun is sucess load to return 0 at load
[1:47:18] [ServerNewConsole/Info] [Client Run/Thread] ] * load
[1:47:18] [ServerNewConsole/Info] [Client Run/Thread] 启动窗体，加载程序
[1:47:18] [ServerNewConsole/Info] [Client Run/Thread] sever-loading[
[1:47:18] [ServerNewConsole/Info] [Client Run/Thread] ] * sever-loading


[1:47:42] [ServerNewConsole/Warn] [/Thread] 正在运行Close插件方法
[1:47:42] [ServerNewConsole/Info] [/Thread] close[
[1:47:42] [ServerNewConsole/Info] [/Thread] ] * close
[1:47:42] [ServerNewConsole/Warn] [/Thread] Close Object

[1:49:40] [ServerNewConsole/Info] [Client Run/Thread] 加载启动
[1:49:40] [ServerNewConsole/Info] [Client Run/Thread] [Memory] 成功创建分配
[1:49:40] [ServerNewConsole/Warn] [Client Run/Thread] [Menory] About creat memory
name LoadSmPro
Bytes(MB) 1024
[1:49:40] [ServerNewConsole/Info] [Client Run/Thread] [Memory] 正在解析数据...请稍后
[1:49:40] [ServerNewConsole/Info] [Client Run/Thread] [LC] 标签解析完毕，正在传递给内存中...
[1:49:40] [ServerNewConsole/Info] [Client Run/Thread] 成功
[1:49:41] [ServerNewConsole/Warn] [Client Run/Thread] [Sever] Sever Start
[1:49:43] [ServerNewConsole/Warn] [Client Run/Thread] 使用这个语言在加载时或完毕时 zh-cn
[1:49:43] [ServerNewConsole/Warn] [Client Run/Thread]  [MakeArg] path cmd to extr/cmd
[1:49:43] [ServerNewConsole/Warn] [Client Run/Thread]  [MakeArg] path runcmd to extr/runcmd
[1:49:43] [ServerNewConsole/Warn] [Client Run/Thread]  [MakeArg] path server/SPC to extr/server/SPC
[1:49:44] [ServerNewConsole/Info] [Client Run/Thread] load[
[1:49:44] [ServerNewConsole/Info] [Client Run/Thread] [System plug-in unit] The package extr/cmd is sucess load to return 0 at load
[1:49:44] [ServerNewConsole/Info] [Client Run/Thread] [System plug-in unit] The package extr/runcmd is sucess load to return 0 at load
[1:49:44] [ServerNewConsole/Info] [Client Run/Thread] [System plug-in unit] The package extr/server/SPC is sucess load to return 0 at load
[1:49:44] [ServerNewConsole/Info] [Client Run/Thread] ] * load
[1:49:44] [ServerNewConsole/Info] [Client Run/Thread] load[
[1:49:44] [ServerNewConsole/Info] [Client Run/Thread] [System plug-in unit] The package SystemCmdExtr/Helper is sucess load to return 0 at load
[1:49:44] [ServerNewConsole/Info] [Client Run/Thread] [System plug-in unit] The package SystemCmdExtr/LoadRun is sucess load to return 0 at load
[1:49:44] [ServerNewConsole/Info] [Client Run/Thread] ] * load
[1:49:44] [ServerNewConsole/Info] [Client Run/Thread] 启动窗体，加载程序
[1:49:45] [ServerNewConsole/Info] [Client Run/Thread] sever-loading[
[1:49:45] [ServerNewConsole/Info] [Client Run/Thread] ] * sever-loading




[1:50:39] [ServerNewConsole/Warn] [/Thread] 正在运行Close插件方法
[1:50:39] [ServerNewConsole/Info] [/Thread] close[
[1:50:39] [ServerNewConsole/Info] [/Thread] ] * close
[1:50:39] [ServerNewConsole/Warn] [/Thread] Close Object

