#Console Printf about side
#       Code Memory this...
#       WriteTime about (s)45
#
#Endl
[21:0:33] [NewConsole/Info] [Client Run/Thread] 加载启动
[21:0:33] [NewConsole/Info] [Client Run/Thread] [Memory] 成功创建分配
[21:0:33] [NewConsole/Warn] [Client Run/Thread] [Menory] About creat memory
name LoadSmPro
Bytes(MB) 1024
[21:0:33] [NewConsole/Info] [Client Run/Thread] [Memory] 正在解析数据...请稍后
[21:0:33] [NewConsole/Info] [Client Run/Thread] [LC] 标签解析完毕，正在传递给内存中...
[21:0:33] [NewConsole/Info] [Client Run/Thread] 成功
[21:0:37] [NewConsole/Warn] [Client Run/Thread] 创建From大小为 x:800 y:600
[21:0:37] [NewConsole/Warn] [Client Run/Thread] 使用这个语言在加载时或完毕时 zh-cn
[21:0:37] [NewConsole/Warn] [Client Run/Thread] 是否放大在加载窗体True
[21:0:37] [NewConsole/Warn] [Client Run/Thread]  [MakeArg] path mo to extr/mo
[21:0:37] [NewConsole/Warn] [Client Run/Thread]  [MakeArg] path sr to extr/sr
[21:0:37] [NewConsole/Warn] [Client Run/Thread]  [MakeArg] path cmd to extr/cmd
[21:0:37] [NewConsole/Warn] [Client Run/Thread]  [MakeArg] path cw to extr/cw
[21:0:37] [NewConsole/Warn] [Client Run/Thread]  [MakeArg] path client/HPC to extr/client/HPC
[21:0:37] [NewConsole/Warn] [Client Run/Thread]  [MakeArg] path server/SPC to extr/server/SPC
[21:0:37] [NewConsole/Warn] [Client Run/Thread]  [MakeArg] path cw to extr/cw
[21:0:38] [NewConsole/Info] [Client Run/Thread] load[
[21:0:38] [NewConsole/Info] [Client Run/Thread] [System plug-in unit] The package extr/mo is sucess load to return 0 at load
[21:0:38] [NewConsole/Info] [Client Run/Thread] [System plug-in unit] The package extr/sr is sucess load to return 0 at load
[21:0:38] [NewConsole/Info] [Client Run/Thread] [System plug-in unit] The package extr/cmd is sucess load to return 0 at load
[21:0:38] [NewConsole/Info] [Client Run/Thread] [System plug-in unit] The package extr/cw is sucess load to return 0 at load
[21:0:38] [NewConsole/Info] [Client Run/Thread] [System plug-in unit] The package extr/client/HPC is sucess load to return 0 at load
[21:0:38] [NewConsole/Info] [Client Run/Thread] [System plug-in unit] The package extr/server/SPC is sucess load to return 0 at load
[21:0:38] [NewConsole/Info] [Client Run/Thread] [System plug-in unit] The package SystemCmdExtr/Shell is sucess load to return 0 at load
[21:0:38] [NewConsole/Info] [Client Run/Thread] ] * load
[21:0:38] [NewConsole/Info] [Client Run/Thread] load[
[21:0:38] [NewConsole/Info] [Client Run/Thread] [System plug-in unit] The package SystemCmdExtr/Helper is sucess load to return 0 at load
[21:0:38] [NewConsole/Info] [Client Run/Thread] [System plug-in unit] The package SystemCmdExtr/LoadRun is sucess load to return 0 at load
[21:0:38] [NewConsole/Info] [Client Run/Thread] [System plug-in unit] The package extr/cw is sucess load to return 0 at load
[21:0:38] [NewConsole/Info] [Client Run/Thread] ] * load
[21:0:38] [NewConsole/Info] [Client Run/Thread] 启动窗体，加载程序
[21:0:39] [NewConsole/Info] [Client Run/Thread] loading[
[21:0:39] [NewConsole/Info] [Client Run/Thread] [System plug-in unit] The package extr/mo is sucess load to return 0 at loading
[21:0:39] [NewConsole/Info] [Client Run/Thread] [System plug-in unit] The package extr/cmd is sucess load to return 0 at getcmd
[21:0:39] [NewConsole/Info] [Client Run/Thread] [System plug-in unit] The package extr/cw is sucess load to return 0 at getcmd
[21:0:39] [NewConsole/Info] [Client Run/Thread] [System plug-in unit] The package extr/client/HPC is sucess load to return 0 at getcmd
[21:0:39] [NewConsole/Info] [Client Run/Thread] [System plug-in unit] The package extr/server/SPC is sucess load to return 0 at getcmd
[21:0:39] [NewConsole/Info] [Client Run/Thread] [System plug-in unit] The package SystemCmdExtr/Shell is sucess load to return 0 at getcmd
[21:0:39] [NewConsole/Info] [Client Run/Thread] [System plug-in unit] The package extr/cmd is sucess load to return 0 at runload
[21:0:39] [NewConsole/Info] [Client Run/Thread] [System plug-in unit] The package extr/sr is sucess load to return 0 at loading
[21:0:39] [NewConsole/Info] [Client Run/Thread] [System plug-in unit] The package extr/cmd is sucess load to return 0 at loading
[21:0:39] [NewConsole/Info] [Client Run/Thread] [System plug-in unit] The package extr/cw is sucess load to return 0 at loading
[21:0:39] [NewConsole/Info] [Client Run/Thread] [System plug-in unit] The package extr/client/HPC is sucess load to return 0 at loading
[21:0:39] [NewConsole/Info] [Client Run/Thread] [System plug-in unit] The package extr/server/SPC is sucess load to return 0 at loading
[21:0:39] [NewConsole/Info] [Client Run/Thread] [System plug-in unit] The package SystemCmdExtr/Shell is sucess load to return 0 at loading
[21:0:39] [NewConsole/Info] [Client Run/Thread] ] * loading

[21:0:58] [NewConsole/Info] [Main Window System/Thread] close[
[21:0:58] [NewConsole/Info] [Main Window System/Thread] [System plug-in unit] The package extr/mo is sucess load to return 0 at close
[21:0:58] [NewConsole/Info] [Main Window System/Thread] [System plug-in unit] The package extr/sr is sucess load to return 0 at close
[21:0:58] [NewConsole/Info] [Main Window System/Thread] [System plug-in unit] The package extr/cmd is sucess load to return 0 at close
[21:0:58] [NewConsole/Info] [Main Window System/Thread] [System plug-in unit] The package extr/cw is sucess load to return 0 at close
[21:0:58] [NewConsole/Info] [Main Window System/Thread] [System plug-in unit] The package extr/client/HPC is sucess load to return 0 at close
[21:0:58] [NewConsole/Info] [Main Window System/Thread] [System plug-in unit] The package extr/server/SPC is sucess load to return 0 at close
[21:0:58] [NewConsole/Info] [Main Window System/Thread] [System plug-in unit] The package SystemCmdExtr/Shell is sucess load to return 0 at close
[21:0:58] [NewConsole/Info] [Main Window System/Thread] ] * close

[21:2:50] [NewConsole/Info] [Client Run/Thread] 加载启动
[21:2:50] [NewConsole/Info] [Client Run/Thread] [Memory] 成功创建分配
[21:2:50] [NewConsole/Warn] [Client Run/Thread] [Menory] About creat memory
name LoadSmPro
Bytes(MB) 1024
[21:2:50] [NewConsole/Info] [Client Run/Thread] [Memory] 正在解析数据...请稍后
[21:2:50] [NewConsole/Info] [Client Run/Thread] [LC] 标签解析完毕，正在传递给内存中...
[21:2:50] [NewConsole/Info] [Client Run/Thread] 成功
[21:2:54] [NewConsole/Warn] [Client Run/Thread] 创建From大小为 x:800 y:600
[21:2:54] [NewConsole/Warn] [Client Run/Thread] 使用这个语言在加载时或完毕时 zh-cn
[21:2:54] [NewConsole/Warn] [Client Run/Thread] 是否放大在加载窗体True
[21:2:54] [NewConsole/Warn] [Client Run/Thread]  [MakeArg] path mo to extr/mo
[21:2:54] [NewConsole/Warn] [Client Run/Thread]  [MakeArg] path sr to extr/sr
[21:2:54] [NewConsole/Warn] [Client Run/Thread]  [MakeArg] path cmd to extr/cmd
[21:2:54] [NewConsole/Warn] [Client Run/Thread]  [MakeArg] path cw to extr/cw
[21:2:54] [NewConsole/Warn] [Client Run/Thread]  [MakeArg] path client/HPC to extr/client/HPC
[21:2:54] [NewConsole/Warn] [Client Run/Thread]  [MakeArg] path server/SPC to extr/server/SPC
[21:2:54] [NewConsole/Warn] [Client Run/Thread]  [MakeArg] path cw to extr/cw
[21:2:55] [NewConsole/Info] [Client Run/Thread] load[
[21:2:55] [NewConsole/Info] [Client Run/Thread] [System plug-in unit] The package extr/mo is sucess load to return 0 at load
[21:2:55] [NewConsole/Info] [Client Run/Thread] [System plug-in unit] The package extr/sr is sucess load to return 0 at load
[21:2:55] [NewConsole/Info] [Client Run/Thread] [System plug-in unit] The package extr/cmd is sucess load to return 0 at load
[21:2:55] [NewConsole/Info] [Client Run/Thread] [System plug-in unit] The package extr/cw is sucess load to return 0 at load
[21:2:55] [NewConsole/Info] [Client Run/Thread] [System plug-in unit] The package extr/client/HPC is sucess load to return 0 at load
[21:2:55] [NewConsole/Info] [Client Run/Thread] [System plug-in unit] The package extr/server/SPC is sucess load to return 0 at load
[21:2:55] [NewConsole/Info] [Client Run/Thread] [System plug-in unit] The package SystemCmdExtr/Shell is sucess load to return 0 at load
[21:2:55] [NewConsole/Info] [Client Run/Thread] ] * load
[21:2:55] [NewConsole/Info] [Client Run/Thread] load[
[21:2:55] [NewConsole/Info] [Client Run/Thread] [System plug-in unit] The package SystemCmdExtr/Helper is sucess load to return 0 at load
[21:2:55] [NewConsole/Info] [Client Run/Thread] [System plug-in unit] The package SystemCmdExtr/LoadRun is sucess load to return 0 at load
[21:2:55] [NewConsole/Info] [Client Run/Thread] [System plug-in unit] The package extr/cw is sucess load to return 0 at load
[21:2:55] [NewConsole/Info] [Client Run/Thread] ] * load
[21:2:55] [NewConsole/Info] [Client Run/Thread] 启动窗体，加载程序
[21:2:56] [NewConsole/Info] [Client Run/Thread] loading[
[21:2:56] [NewConsole/Info] [Client Run/Thread] [System plug-in unit] The package extr/mo is sucess load to return 0 at loading
[21:2:56] [NewConsole/Info] [Client Run/Thread] [System plug-in unit] The package extr/cmd is sucess load to return 0 at getcmd
[21:2:56] [NewConsole/Info] [Client Run/Thread] [System plug-in unit] The package extr/cw is sucess load to return 0 at getcmd
[21:2:56] [NewConsole/Info] [Client Run/Thread] [System plug-in unit] The package extr/client/HPC is sucess load to return 0 at getcmd
[21:2:56] [NewConsole/Info] [Client Run/Thread] [System plug-in unit] The package extr/server/SPC is sucess load to return 0 at getcmd
[21:2:56] [NewConsole/Info] [Client Run/Thread] [System plug-in unit] The package SystemCmdExtr/Shell is sucess load to return 0 at getcmd
[21:2:56] [NewConsole/Info] [Client Run/Thread] [System plug-in unit] The package extr/cmd is sucess load to return 0 at runload
[21:2:56] [NewConsole/Info] [Client Run/Thread] [System plug-in unit] The package extr/sr is sucess load to return 0 at loading
[21:2:56] [NewConsole/Info] [Client Run/Thread] [System plug-in unit] The package extr/cmd is sucess load to return 0 at loading
[21:2:56] [NewConsole/Info] [Client Run/Thread] [System plug-in unit] The package extr/cw is sucess load to return 0 at loading
[21:2:56] [NewConsole/Info] [Client Run/Thread] [System plug-in unit] The package extr/client/HPC is sucess load to return 0 at loading
[21:2:56] [NewConsole/Info] [Client Run/Thread] [System plug-in unit] The package extr/server/SPC is sucess load to return 0 at loading
[21:2:56] [NewConsole/Info] [Client Run/Thread] [System plug-in unit] The package SystemCmdExtr/Shell is sucess load to return 0 at loading
[21:2:56] [NewConsole/Info] [Client Run/Thread] ] * loading


[21:3:16] [NewConsole/Info] [Main Window System/Thread] close[
[21:3:16] [NewConsole/Info] [Main Window System/Thread] [System plug-in unit] The package extr/mo is sucess load to return 0 at close
[21:3:16] [NewConsole/Info] [Main Window System/Thread] [System plug-in unit] The package extr/sr is sucess load to return 0 at close
[21:3:16] [NewConsole/Info] [Main Window System/Thread] [System plug-in unit] The package extr/cmd is sucess load to return 0 at close
[21:3:16] [NewConsole/Info] [Main Window System/Thread] [System plug-in unit] The package extr/cw is sucess load to return 0 at close
[21:3:16] [NewConsole/Info] [Main Window System/Thread] [System plug-in unit] The package extr/client/HPC is sucess load to return 0 at close
[21:3:16] [NewConsole/Info] [Main Window System/Thread] [System plug-in unit] The package extr/server/SPC is sucess load to return 0 at close
[21:3:16] [NewConsole/Info] [Main Window System/Thread] [System plug-in unit] The package SystemCmdExtr/Shell is sucess load to return 0 at close
[21:3:16] [NewConsole/Info] [Main Window System/Thread] ] * close

[21:6:25] [NewConsole/Info] [Client Run/Thread] 加载启动
[21:6:25] [NewConsole/Info] [Client Run/Thread] [Memory] 成功创建分配
[21:6:25] [NewConsole/Warn] [Client Run/Thread] [Menory] About creat memory
name LoadSmPro
Bytes(MB) 1024
[21:6:25] [NewConsole/Info] [Client Run/Thread] [Memory] 正在解析数据...请稍后
[21:6:25] [NewConsole/Info] [Client Run/Thread] [LC] 标签解析完毕，正在传递给内存中...
[21:6:25] [NewConsole/Info] [Client Run/Thread] 成功
[21:6:28] [NewConsole/Warn] [Client Run/Thread] 创建From大小为 x:800 y:600
[21:6:28] [NewConsole/Warn] [Client Run/Thread] 使用这个语言在加载时或完毕时 zh-cn
[21:6:28] [NewConsole/Warn] [Client Run/Thread] 是否放大在加载窗体True
[21:6:28] [NewConsole/Warn] [Client Run/Thread]  [MakeArg] path mo to extr/mo
[21:6:28] [NewConsole/Warn] [Client Run/Thread]  [MakeArg] path sr to extr/sr
[21:6:28] [NewConsole/Warn] [Client Run/Thread]  [MakeArg] path cmd to extr/cmd
[21:6:28] [NewConsole/Warn] [Client Run/Thread]  [MakeArg] path cw to extr/cw
[21:6:28] [NewConsole/Warn] [Client Run/Thread]  [MakeArg] path client/HPC to extr/client/HPC
[21:6:28] [NewConsole/Warn] [Client Run/Thread]  [MakeArg] path server/SPC to extr/server/SPC
[21:6:28] [NewConsole/Warn] [Client Run/Thread]  [MakeArg] path cw to extr/cw
[21:6:29] [NewConsole/Info] [Client Run/Thread] load[
[21:6:29] [NewConsole/Info] [Client Run/Thread] [System plug-in unit] The package extr/mo is sucess load to return 0 at load
[21:6:30] [NewConsole/Info] [Client Run/Thread] [System plug-in unit] The package extr/sr is sucess load to return 0 at load
[21:6:30] [NewConsole/Info] [Client Run/Thread] [System plug-in unit] The package extr/cmd is sucess load to return 0 at load
[21:6:30] [NewConsole/Info] [Client Run/Thread] [System plug-in unit] The package extr/cw is sucess load to return 0 at load
[21:6:30] [NewConsole/Info] [Client Run/Thread] [System plug-in unit] The package extr/client/HPC is sucess load to return 0 at load
[21:6:30] [NewConsole/Info] [Client Run/Thread] [System plug-in unit] The package extr/server/SPC is sucess load to return 0 at load
[21:6:30] [NewConsole/Info] [Client Run/Thread] [System plug-in unit] The package SystemCmdExtr/Shell is sucess load to return 0 at load
[21:6:30] [NewConsole/Info] [Client Run/Thread] ] * load
[21:6:30] [NewConsole/Info] [Client Run/Thread] load[
[21:6:30] [NewConsole/Info] [Client Run/Thread] [System plug-in unit] The package SystemCmdExtr/Helper is sucess load to return 0 at load
[21:6:30] [NewConsole/Info] [Client Run/Thread] [System plug-in unit] The package SystemCmdExtr/LoadRun is sucess load to return 0 at load
[21:6:30] [NewConsole/Info] [Client Run/Thread] [System plug-in unit] The package extr/cw is sucess load to return 0 at load
[21:6:30] [NewConsole/Info] [Client Run/Thread] ] * load
[21:6:30] [NewConsole/Info] [Client Run/Thread] 启动窗体，加载程序
[21:6:30] [NewConsole/Info] [Client Run/Thread] loading[
[21:6:30] [NewConsole/Info] [Client Run/Thread] [System plug-in unit] The package extr/mo is sucess load to return 0 at loading
[21:6:30] [NewConsole/Info] [Client Run/Thread] [System plug-in unit] The package extr/cmd is sucess load to return 0 at getcmd
[21:6:30] [NewConsole/Info] [Client Run/Thread] [System plug-in unit] The package extr/cw is sucess load to return 0 at getcmd
[21:6:30] [NewConsole/Info] [Client Run/Thread] [System plug-in unit] The package extr/client/HPC is sucess load to return 0 at getcmd
[21:6:30] [NewConsole/Info] [Client Run/Thread] [System plug-in unit] The package extr/server/SPC is sucess load to return 0 at getcmd
[21:6:30] [NewConsole/Info] [Client Run/Thread] [System plug-in unit] The package SystemCmdExtr/Shell is sucess load to return 0 at getcmd
[21:6:30] [NewConsole/Info] [Client Run/Thread] [System plug-in unit] The package extr/cmd is sucess load to return 0 at runload
[21:6:30] [NewConsole/Info] [Client Run/Thread] [System plug-in unit] The package extr/sr is sucess load to return 0 at loading
[21:6:30] [NewConsole/Info] [Client Run/Thread] [System plug-in unit] The package extr/cmd is sucess load to return 0 at loading
[21:6:30] [NewConsole/Info] [Client Run/Thread] [System plug-in unit] The package extr/cw is sucess load to return 0 at loading
[21:6:31] [NewConsole/Info] [Client Run/Thread] [System plug-in unit] The package extr/client/HPC is sucess load to return 0 at loading
[21:6:31] [NewConsole/Info] [Client Run/Thread] [System plug-in unit] The package extr/server/SPC is sucess load to return 0 at loading
[21:6:31] [NewConsole/Info] [Client Run/Thread] [System plug-in unit] The package SystemCmdExtr/Shell is sucess load to return 0 at loading
[21:6:31] [NewConsole/Info] [Client Run/Thread] ] * loading


[21:6:59] [NewConsole/Info] [/Thread] [System plug-in unit] The package extr/cmd is sucess load to return 0 at run

[21:7:3] [NewConsole/Info] [Main Window System/Thread] close[
[21:7:3] [NewConsole/Info] [Main Window System/Thread] [System plug-in unit] The package extr/mo is sucess load to return 0 at close
[21:7:3] [NewConsole/Info] [Main Window System/Thread] [System plug-in unit] The package extr/sr is sucess load to return 0 at close
[21:7:3] [NewConsole/Info] [Main Window System/Thread] [System plug-in unit] The package extr/cmd is sucess load to return 0 at close
[21:7:3] [NewConsole/Info] [Main Window System/Thread] [System plug-in unit] The package extr/cw is sucess load to return 0 at close
[21:7:3] [NewConsole/Info] [Main Window System/Thread] [System plug-in unit] The package extr/client/HPC is sucess load to return 0 at close
[21:7:3] [NewConsole/Info] [Main Window System/Thread] [System plug-in unit] The package extr/server/SPC is sucess load to return 0 at close
[21:7:3] [NewConsole/Info] [Main Window System/Thread] [System plug-in unit] The package SystemCmdExtr/Shell is sucess load to return 0 at close
[21:7:3] [NewConsole/Info] [Main Window System/Thread] ] * close

[21:11:49] [NewConsole/Info] [Client Run/Thread] 加载启动
[21:11:49] [NewConsole/Info] [Client Run/Thread] [Memory] 成功创建分配
[21:11:49] [NewConsole/Warn] [Client Run/Thread] [Menory] About creat memory
name LoadSmPro
Bytes(MB) 1024
[21:11:49] [NewConsole/Info] [Client Run/Thread] [Memory] 正在解析数据...请稍后
[21:11:49] [NewConsole/Info] [Client Run/Thread] [LC] 标签解析完毕，正在传递给内存中...
[21:11:49] [NewConsole/Info] [Client Run/Thread] 成功
[21:11:53] [NewConsole/Warn] [Client Run/Thread] 创建From大小为 x:800 y:600
[21:11:53] [NewConsole/Warn] [Client Run/Thread] 使用这个语言在加载时或完毕时 zh-cn
[21:11:53] [NewConsole/Warn] [Client Run/Thread] 是否放大在加载窗体True
[21:11:53] [NewConsole/Warn] [Client Run/Thread]  [MakeArg] path mo to extr/mo
[21:11:53] [NewConsole/Warn] [Client Run/Thread]  [MakeArg] path sr to extr/sr
[21:11:53] [NewConsole/Warn] [Client Run/Thread]  [MakeArg] path cmd to extr/cmd
[21:11:53] [NewConsole/Warn] [Client Run/Thread]  [MakeArg] path cw to extr/cw
[21:11:53] [NewConsole/Warn] [Client Run/Thread]  [MakeArg] path client/HPC to extr/client/HPC
[21:11:53] [NewConsole/Warn] [Client Run/Thread]  [MakeArg] path server/SPC to extr/server/SPC
[21:11:53] [NewConsole/Warn] [Client Run/Thread]  [MakeArg] path cw to extr/cw
[21:11:54] [NewConsole/Info] [Client Run/Thread] load[
[21:11:54] [NewConsole/Info] [Client Run/Thread] [System plug-in unit] The package extr/mo is sucess load to return 0 at load
[21:11:54] [NewConsole/Info] [Client Run/Thread] [System plug-in unit] The package extr/sr is sucess load to return 0 at load
[21:11:54] [NewConsole/Info] [Client Run/Thread] [System plug-in unit] The package extr/cmd is sucess load to return 0 at load
[21:11:54] [NewConsole/Info] [Client Run/Thread] [System plug-in unit] The package extr/cw is sucess load to return 0 at load
[21:11:54] [NewConsole/Info] [Client Run/Thread] [System plug-in unit] The package extr/client/HPC is sucess load to return 0 at load
[21:11:54] [NewConsole/Info] [Client Run/Thread] [System plug-in unit] The package extr/server/SPC is sucess load to return 0 at load
[21:11:54] [NewConsole/Info] [Client Run/Thread] [System plug-in unit] The package SystemCmdExtr/Shell is sucess load to return 0 at load
[21:11:54] [NewConsole/Info] [Client Run/Thread] ] * load
[21:11:54] [NewConsole/Info] [Client Run/Thread] load[
[21:11:54] [NewConsole/Info] [Client Run/Thread] [System plug-in unit] The package SystemCmdExtr/Helper is sucess load to return 0 at load
[21:11:54] [NewConsole/Info] [Client Run/Thread] [System plug-in unit] The package SystemCmdExtr/LoadRun is sucess load to return 0 at load
[21:11:54] [NewConsole/Info] [Client Run/Thread] [System plug-in unit] The package extr/cw is sucess load to return 0 at load
[21:11:54] [NewConsole/Info] [Client Run/Thread] ] * load
[21:11:54] [NewConsole/Info] [Client Run/Thread] 启动窗体，加载程序
[21:11:55] [NewConsole/Info] [Client Run/Thread] loading[
[21:11:55] [NewConsole/Info] [Client Run/Thread] [System plug-in unit] The package extr/mo is sucess load to return 0 at loading
[21:11:55] [NewConsole/Info] [Client Run/Thread] [System plug-in unit] The package extr/cmd is sucess load to return 0 at getcmd
[21:11:55] [NewConsole/Info] [Client Run/Thread] [System plug-in unit] The package extr/cw is sucess load to return 0 at getcmd
[21:11:55] [NewConsole/Info] [Client Run/Thread] [System plug-in unit] The package extr/client/HPC is sucess load to return 0 at getcmd
[21:11:55] [NewConsole/Info] [Client Run/Thread] [System plug-in unit] The package extr/server/SPC is sucess load to return 0 at getcmd
[21:11:55] [NewConsole/Info] [Client Run/Thread] [System plug-in unit] The package SystemCmdExtr/Shell is sucess load to return 0 at getcmd
[21:11:55] [NewConsole/Info] [Client Run/Thread] [System plug-in unit] The package extr/cmd is sucess load to return 0 at runload
[21:11:55] [NewConsole/Info] [Client Run/Thread] [System plug-in unit] The package extr/sr is sucess load to return 0 at loading
[21:11:55] [NewConsole/Info] [Client Run/Thread] [System plug-in unit] The package extr/cmd is sucess load to return 0 at loading
[21:11:55] [NewConsole/Info] [Client Run/Thread] [System plug-in unit] The package extr/cw is sucess load to return 0 at loading
[21:11:55] [NewConsole/Info] [Client Run/Thread] [System plug-in unit] The package extr/client/HPC is sucess load to return 0 at loading
[21:11:55] [NewConsole/Info] [Client Run/Thread] [System plug-in unit] The package extr/server/SPC is sucess load to return 0 at loading
[21:11:55] [NewConsole/Info] [Client Run/Thread] [System plug-in unit] The package SystemCmdExtr/Shell is sucess load to return 0 at loading
[21:11:55] [NewConsole/Info] [Client Run/Thread] ] * loading

[21:12:9] [NewConsole/Info] [/Thread] [System plug-in unit] The package extr/cmd is sucess load to return 0 at run


