#Console Printf about side
#       Code Memory this...
#       WriteTime about (s)42
#
#Endl
[14:8:30] [ServerNewConsole/Info] [Client Run/Thread] 加载启动
[14:8:30] [ServerNewConsole/Info] [Client Run/Thread] [Memory] 成功创建分配
[14:8:30] [ServerNewConsole/Warn] [Client Run/Thread] [Menory] About creat memory
name LoadSmPro
Bytes(MB) 1024
[14:8:30] [ServerNewConsole/Info] [Client Run/Thread] [Memory] 正在解析数据...请稍后
[14:8:30] [ServerNewConsole/Info] [Client Run/Thread] [LC] 标签解析完毕，正在传递给内存中...
[14:8:31] [ServerNewConsole/Info] [Client Run/Thread] 成功
[14:8:32] [ServerNewConsole/Warn] [Client Run/Thread] [Sever] Sever Start
[14:8:34] [ServerNewConsole/Warn] [Client Run/Thread] 使用这个语言在加载时或完毕时 zh-cn
[14:8:34] [ServerNewConsole/Warn] [Client Run/Thread]  [MakeArg] path cmd to extr/cmd
[14:8:34] [ServerNewConsole/Warn] [Client Run/Thread]  [MakeArg] path runcmd to extr/runcmd
[14:8:34] [ServerNewConsole/Warn] [Client Run/Thread]  [MakeArg] path server/SPC to extr/server/SPC
[14:8:35] [ServerNewConsole/Info] [Client Run/Thread] load[
[14:8:35] [ServerNewConsole/Info] [Client Run/Thread] [System plug-in unit] The package extr/cmd is sucess load to return 0 at load
[14:8:35] [ServerNewConsole/Info] [Client Run/Thread] [System plug-in unit] The package extr/runcmd is sucess load to return 0 at load
[14:8:35] [ServerNewConsole/Info] [Client Run/Thread] [System plug-in unit] The package extr/server/SPC is sucess load to return 0 at load
[14:8:35] [ServerNewConsole/Info] [Client Run/Thread] ] * load
[14:8:35] [ServerNewConsole/Info] [Client Run/Thread] load[
[14:8:35] [ServerNewConsole/Info] [Client Run/Thread] [System plug-in unit] The package SystemCmdExtr/Helper is sucess load to return 0 at load
[14:8:35] [ServerNewConsole/Info] [Client Run/Thread] [System plug-in unit] The package SystemCmdExtr/LoadRun is sucess load to return 0 at load
[14:8:35] [ServerNewConsole/Info] [Client Run/Thread] ] * load
[14:8:35] [ServerNewConsole/Info] [Client Run/Thread] 启动窗体，加载程序
[14:8:35] [ServerNewConsole/Info] [Client Run/Thread] sever-loading[
[14:8:35] [ServerNewConsole/Info] [Client Run/Thread] ] * sever-loading


[14:12:57] [ServerNewConsole/Info] [Client Run/Thread] 加载启动
[14:12:57] [ServerNewConsole/Info] [Client Run/Thread] [Memory] 成功创建分配
[14:12:57] [ServerNewConsole/Warn] [Client Run/Thread] [Menory] About creat memory
name LoadSmPro
Bytes(MB) 1024
[14:12:57] [ServerNewConsole/Info] [Client Run/Thread] [Memory] 正在解析数据...请稍后
[14:12:57] [ServerNewConsole/Info] [Client Run/Thread] [LC] 标签解析完毕，正在传递给内存中...
[14:12:57] [ServerNewConsole/Info] [Client Run/Thread] 成功
[14:12:58] [ServerNewConsole/Warn] [Client Run/Thread] [Sever] Sever Start
[14:13:0] [ServerNewConsole/Warn] [Client Run/Thread] 使用这个语言在加载时或完毕时 zh-cn
[14:13:0] [ServerNewConsole/Warn] [Client Run/Thread]  [MakeArg] path cmd to extr/cmd
[14:13:0] [ServerNewConsole/Warn] [Client Run/Thread]  [MakeArg] path runcmd to extr/runcmd
[14:13:0] [ServerNewConsole/Warn] [Client Run/Thread]  [MakeArg] path server/SPC to extr/server/SPC
[14:13:1] [ServerNewConsole/Info] [Client Run/Thread] load[
[14:13:1] [ServerNewConsole/Info] [Client Run/Thread] [System plug-in unit] The package extr/cmd is sucess load to return 0 at load
[14:13:1] [ServerNewConsole/Info] [Client Run/Thread] [System plug-in unit] The package extr/runcmd is sucess load to return 0 at load
[14:13:1] [ServerNewConsole/Info] [Client Run/Thread] [System plug-in unit] The package extr/server/SPC is sucess load to return 0 at load
[14:13:2] [ServerNewConsole/Info] [Client Run/Thread] ] * load
[14:13:2] [ServerNewConsole/Info] [Client Run/Thread] load[
[14:13:2] [ServerNewConsole/Info] [Client Run/Thread] [System plug-in unit] The package SystemCmdExtr/Helper is sucess load to return 0 at load
[14:13:2] [ServerNewConsole/Info] [Client Run/Thread] [System plug-in unit] The package SystemCmdExtr/LoadRun is sucess load to return 0 at load
[14:13:2] [ServerNewConsole/Info] [Client Run/Thread] ] * load
[14:13:2] [ServerNewConsole/Info] [Client Run/Thread] 启动窗体，加载程序
[14:13:2] [ServerNewConsole/Info] [Client Run/Thread] sever-loading[
[14:13:2] [ServerNewConsole/Info] [Client Run/Thread] ] * sever-loading


[14:16:29] [ServerNewConsole/Info] [Client Run/Thread] 加载启动
[14:16:29] [ServerNewConsole/Info] [Client Run/Thread] [Memory] 成功创建分配
[14:16:29] [ServerNewConsole/Warn] [Client Run/Thread] [Menory] About creat memory
name LoadSmPro
Bytes(MB) 1024
[14:16:29] [ServerNewConsole/Info] [Client Run/Thread] [Memory] 正在解析数据...请稍后
[14:16:29] [ServerNewConsole/Info] [Client Run/Thread] [LC] 标签解析完毕，正在传递给内存中...
[14:16:29] [ServerNewConsole/Info] [Client Run/Thread] 成功
[14:16:30] [ServerNewConsole/Warn] [Client Run/Thread] [Sever] Sever Start
[14:16:32] [ServerNewConsole/Warn] [Client Run/Thread] 使用这个语言在加载时或完毕时 zh-cn
[14:16:32] [ServerNewConsole/Warn] [Client Run/Thread]  [MakeArg] path cmd to extr/cmd
[14:16:32] [ServerNewConsole/Warn] [Client Run/Thread]  [MakeArg] path runcmd to extr/runcmd
[14:16:32] [ServerNewConsole/Warn] [Client Run/Thread]  [MakeArg] path server/SPC to extr/server/SPC
[14:16:33] [ServerNewConsole/Info] [Client Run/Thread] load[
[14:16:33] [ServerNewConsole/Info] [Client Run/Thread] [System plug-in unit] The package extr/cmd is sucess load to return 0 at load
[14:16:33] [ServerNewConsole/Info] [Client Run/Thread] [System plug-in unit] The package extr/runcmd is sucess load to return 0 at load
[14:16:33] [ServerNewConsole/Info] [Client Run/Thread] [System plug-in unit] The package extr/server/SPC is sucess load to return 0 at load
[14:16:33] [ServerNewConsole/Info] [Client Run/Thread] ] * load
[14:16:33] [ServerNewConsole/Info] [Client Run/Thread] load[
[14:16:33] [ServerNewConsole/Info] [Client Run/Thread] [System plug-in unit] The package SystemCmdExtr/Helper is sucess load to return 0 at load
[14:16:33] [ServerNewConsole/Info] [Client Run/Thread] [System plug-in unit] The package SystemCmdExtr/LoadRun is sucess load to return 0 at load
[14:16:33] [ServerNewConsole/Info] [Client Run/Thread] ] * load
[14:16:33] [ServerNewConsole/Info] [Client Run/Thread] 启动窗体，加载程序
[14:16:34] [ServerNewConsole/Info] [Client Run/Thread] sever-loading[
[14:16:34] [ServerNewConsole/Info] [Client Run/Thread] ] * sever-loading


[14:17:36] [ServerNewConsole/Info] [Client Run/Thread] 加载启动
[14:17:36] [ServerNewConsole/Info] [Client Run/Thread] [Memory] 成功创建分配
[14:17:36] [ServerNewConsole/Warn] [Client Run/Thread] [Menory] About creat memory
name LoadSmPro
Bytes(MB) 1024
[14:17:36] [ServerNewConsole/Info] [Client Run/Thread] [Memory] 正在解析数据...请稍后
[14:17:36] [ServerNewConsole/Info] [Client Run/Thread] [LC] 标签解析完毕，正在传递给内存中...
[14:17:36] [ServerNewConsole/Info] [Client Run/Thread] 成功
[14:17:37] [ServerNewConsole/Warn] [Client Run/Thread] [Sever] Sever Start
[14:17:39] [ServerNewConsole/Warn] [Client Run/Thread] 使用这个语言在加载时或完毕时 zh-cn
[14:17:39] [ServerNewConsole/Warn] [Client Run/Thread]  [MakeArg] path cmd to extr/cmd
[14:17:39] [ServerNewConsole/Warn] [Client Run/Thread]  [MakeArg] path runcmd to extr/runcmd
[14:17:39] [ServerNewConsole/Warn] [Client Run/Thread]  [MakeArg] path server/SPC to extr/server/SPC
[14:17:40] [ServerNewConsole/Info] [Client Run/Thread] load[
[14:17:40] [ServerNewConsole/Info] [Client Run/Thread] [System plug-in unit] The package extr/cmd is sucess load to return 0 at load
[14:17:40] [ServerNewConsole/Info] [Client Run/Thread] [System plug-in unit] The package extr/runcmd is sucess load to return 0 at load
[14:17:40] [ServerNewConsole/Info] [Client Run/Thread] [System plug-in unit] The package extr/server/SPC is sucess load to return 0 at load
[14:17:40] [ServerNewConsole/Info] [Client Run/Thread] ] * load
[14:17:40] [ServerNewConsole/Info] [Client Run/Thread] load[
[14:17:40] [ServerNewConsole/Info] [Client Run/Thread] [System plug-in unit] The package SystemCmdExtr/Helper is sucess load to return 0 at load
[14:17:40] [ServerNewConsole/Info] [Client Run/Thread] [System plug-in unit] The package SystemCmdExtr/LoadRun is sucess load to return 0 at load
[14:17:40] [ServerNewConsole/Info] [Client Run/Thread] ] * load
[14:17:40] [ServerNewConsole/Info] [Client Run/Thread] 启动窗体，加载程序
[14:17:41] [ServerNewConsole/Info] [Client Run/Thread] sever-loading[
[14:17:41] [ServerNewConsole/Info] [Client Run/Thread] ] * sever-loading



[14:24:11] [ServerNewConsole/Info] [Client Run/Thread] 加载启动
[14:24:11] [ServerNewConsole/Info] [Client Run/Thread] [Memory] 成功创建分配
[14:24:11] [ServerNewConsole/Warn] [Client Run/Thread] [Menory] About creat memory
name LoadSmPro
Bytes(MB) 1024
[14:24:11] [ServerNewConsole/Info] [Client Run/Thread] [Memory] 正在解析数据...请稍后
[14:24:11] [ServerNewConsole/Info] [Client Run/Thread] [LC] 标签解析完毕，正在传递给内存中...
[14:24:11] [ServerNewConsole/Info] [Client Run/Thread] 成功
[14:24:12] [ServerNewConsole/Warn] [Client Run/Thread] [Sever] Sever Start
[14:24:14] [ServerNewConsole/Warn] [Client Run/Thread] 使用这个语言在加载时或完毕时 zh-cn
[14:24:14] [ServerNewConsole/Warn] [Client Run/Thread]  [MakeArg] path cmd to extr/cmd
[14:24:14] [ServerNewConsole/Warn] [Client Run/Thread]  [MakeArg] path runcmd to extr/runcmd
[14:24:14] [ServerNewConsole/Warn] [Client Run/Thread]  [MakeArg] path server/SPC to extr/server/SPC
[14:24:15] [ServerNewConsole/Info] [Client Run/Thread] load[
[14:24:15] [ServerNewConsole/Info] [Client Run/Thread] [System plug-in unit] The package extr/cmd is sucess load to return 0 at load
[14:24:15] [ServerNewConsole/Info] [Client Run/Thread] [System plug-in unit] The package extr/runcmd is sucess load to return 0 at load
[14:24:16] [ServerNewConsole/Info] [Client Run/Thread] [System plug-in unit] The package extr/server/SPC is sucess load to return 0 at load
[14:24:16] [ServerNewConsole/Info] [Client Run/Thread] ] * load
[14:24:16] [ServerNewConsole/Info] [Client Run/Thread] load[
[14:24:16] [ServerNewConsole/Info] [Client Run/Thread] [System plug-in unit] The package SystemCmdExtr/Helper is sucess load to return 0 at load
[14:24:16] [ServerNewConsole/Info] [Client Run/Thread] [System plug-in unit] The package SystemCmdExtr/LoadRun is sucess load to return 0 at load
[14:24:16] [ServerNewConsole/Info] [Client Run/Thread] ] * load
[14:24:16] [ServerNewConsole/Info] [Client Run/Thread] 启动窗体，加载程序
[14:24:16] [ServerNewConsole/Info] [Client Run/Thread] sever-loading[
[14:24:16] [ServerNewConsole/Info] [Client Run/Thread] ] * sever-loading


[14:32:52] [ServerNewConsole/Info] [Client Run/Thread] 加载启动
[14:32:53] [ServerNewConsole/Info] [Client Run/Thread] [Memory] 成功创建分配
[14:32:53] [ServerNewConsole/Warn] [Client Run/Thread] [Menory] About creat memory
name LoadSmPro
Bytes(MB) 1024
[14:32:53] [ServerNewConsole/Info] [Client Run/Thread] [Memory] 正在解析数据...请稍后
[14:32:53] [ServerNewConsole/Info] [Client Run/Thread] [LC] 标签解析完毕，正在传递给内存中...
[14:32:53] [ServerNewConsole/Info] [Client Run/Thread] 成功
[14:32:54] [ServerNewConsole/Warn] [Client Run/Thread] [Sever] Sever Start
[14:32:56] [ServerNewConsole/Warn] [Client Run/Thread] 使用这个语言在加载时或完毕时 zh-cn
[14:32:56] [ServerNewConsole/Warn] [Client Run/Thread]  [MakeArg] path cmd to extr/cmd
[14:32:56] [ServerNewConsole/Warn] [Client Run/Thread]  [MakeArg] path runcmd to extr/runcmd
[14:32:56] [ServerNewConsole/Warn] [Client Run/Thread]  [MakeArg] path server/SPC to extr/server/SPC
[14:32:57] [ServerNewConsole/Info] [Client Run/Thread] load[
[14:32:57] [ServerNewConsole/Info] [Client Run/Thread] [System plug-in unit] The package extr/cmd is sucess load to return 0 at load
[14:32:57] [ServerNewConsole/Info] [Client Run/Thread] [System plug-in unit] The package extr/runcmd is sucess load to return 0 at load
[14:32:57] [ServerNewConsole/Info] [Client Run/Thread] [System plug-in unit] The package extr/server/SPC is sucess load to return 0 at load
[14:32:57] [ServerNewConsole/Info] [Client Run/Thread] ] * load
[14:32:57] [ServerNewConsole/Info] [Client Run/Thread] load[
[14:32:57] [ServerNewConsole/Info] [Client Run/Thread] [System plug-in unit] The package SystemCmdExtr/Helper is sucess load to return 0 at load
[14:32:57] [ServerNewConsole/Info] [Client Run/Thread] [System plug-in unit] The package SystemCmdExtr/LoadRun is sucess load to return 0 at load
[14:32:57] [ServerNewConsole/Info] [Client Run/Thread] ] * load
[14:32:57] [ServerNewConsole/Info] [Client Run/Thread] 启动窗体，加载程序
[14:32:57] [ServerNewConsole/Info] [Client Run/Thread] sever-loading[
[14:32:57] [ServerNewConsole/Info] [Client Run/Thread] ] * sever-loading




[14:34:0] [ServerNewConsole/Info] [Client Run/Thread] 加载启动
[14:34:0] [ServerNewConsole/Info] [Client Run/Thread] [Memory] 成功创建分配
[14:34:0] [ServerNewConsole/Warn] [Client Run/Thread] [Menory] About creat memory
name LoadSmPro
Bytes(MB) 1024
[14:34:0] [ServerNewConsole/Info] [Client Run/Thread] [Memory] 正在解析数据...请稍后
[14:34:0] [ServerNewConsole/Info] [Client Run/Thread] [LC] 标签解析完毕，正在传递给内存中...
[14:34:0] [ServerNewConsole/Info] [Client Run/Thread] 成功
[14:34:1] [ServerNewConsole/Warn] [Client Run/Thread] [Sever] Sever Start
[14:34:3] [ServerNewConsole/Warn] [Client Run/Thread] 使用这个语言在加载时或完毕时 zh-cn
[14:34:3] [ServerNewConsole/Warn] [Client Run/Thread]  [MakeArg] path cmd to extr/cmd
[14:34:3] [ServerNewConsole/Warn] [Client Run/Thread]  [MakeArg] path runcmd to extr/runcmd
[14:34:3] [ServerNewConsole/Warn] [Client Run/Thread]  [MakeArg] path server/SPC to extr/server/SPC
[14:34:4] [ServerNewConsole/Info] [Client Run/Thread] load[
[14:34:4] [ServerNewConsole/Info] [Client Run/Thread] [System plug-in unit] The package extr/cmd is sucess load to return 0 at load
[14:34:4] [ServerNewConsole/Info] [Client Run/Thread] [System plug-in unit] The package extr/runcmd is sucess load to return 0 at load
[14:34:4] [ServerNewConsole/Info] [Client Run/Thread] [System plug-in unit] The package extr/server/SPC is sucess load to return 0 at load
[14:34:4] [ServerNewConsole/Info] [Client Run/Thread] ] * load
[14:34:4] [ServerNewConsole/Info] [Client Run/Thread] load[
[14:34:4] [ServerNewConsole/Info] [Client Run/Thread] [System plug-in unit] The package SystemCmdExtr/Helper is sucess load to return 0 at load
[14:34:5] [ServerNewConsole/Info] [Client Run/Thread] [System plug-in unit] The package SystemCmdExtr/LoadRun is sucess load to return 0 at load
[14:34:5] [ServerNewConsole/Info] [Client Run/Thread] ] * load
[14:34:5] [ServerNewConsole/Info] [Client Run/Thread] 启动窗体，加载程序
[14:34:5] [ServerNewConsole/Info] [Client Run/Thread] sever-loading[
[14:34:5] [ServerNewConsole/Info] [Client Run/Thread] ] * sever-loading


[14:38:54] [ServerNewConsole/Info] [Client Run/Thread] 加载启动
[14:38:54] [ServerNewConsole/Info] [Client Run/Thread] [Memory] 成功创建分配
[14:38:54] [ServerNewConsole/Warn] [Client Run/Thread] [Menory] About creat memory
name LoadSmPro
Bytes(MB) 1024
[14:38:54] [ServerNewConsole/Info] [Client Run/Thread] [Memory] 正在解析数据...请稍后
[14:38:54] [ServerNewConsole/Info] [Client Run/Thread] [LC] 标签解析完毕，正在传递给内存中...
[14:38:54] [ServerNewConsole/Info] [Client Run/Thread] 成功
[14:38:55] [ServerNewConsole/Warn] [Client Run/Thread] [Sever] Sever Start
[14:38:57] [ServerNewConsole/Warn] [Client Run/Thread] 使用这个语言在加载时或完毕时 zh-cn
[14:38:57] [ServerNewConsole/Warn] [Client Run/Thread]  [MakeArg] path cmd to extr/cmd
[14:38:57] [ServerNewConsole/Warn] [Client Run/Thread]  [MakeArg] path runcmd to extr/runcmd
[14:38:57] [ServerNewConsole/Warn] [Client Run/Thread]  [MakeArg] path server/SPC to extr/server/SPC
[14:38:58] [ServerNewConsole/Info] [Client Run/Thread] load[
[14:38:58] [ServerNewConsole/Info] [Client Run/Thread] [System plug-in unit] The package extr/cmd is sucess load to return 0 at load
[14:38:58] [ServerNewConsole/Info] [Client Run/Thread] [System plug-in unit] The package extr/runcmd is sucess load to return 0 at load
[14:38:58] [ServerNewConsole/Info] [Client Run/Thread] [System plug-in unit] The package extr/server/SPC is sucess load to return 0 at load
[14:38:58] [ServerNewConsole/Info] [Client Run/Thread] ] * load
[14:38:58] [ServerNewConsole/Info] [Client Run/Thread] load[
[14:38:58] [ServerNewConsole/Info] [Client Run/Thread] [System plug-in unit] The package SystemCmdExtr/Helper is sucess load to return 0 at load
[14:38:58] [ServerNewConsole/Info] [Client Run/Thread] [System plug-in unit] The package SystemCmdExtr/LoadRun is sucess load to return 0 at load
[14:38:58] [ServerNewConsole/Info] [Client Run/Thread] ] * load
[14:38:58] [ServerNewConsole/Info] [Client Run/Thread] 启动窗体，加载程序
[14:38:59] [ServerNewConsole/Info] [Client Run/Thread] sever-loading[
[14:38:59] [ServerNewConsole/Info] [Client Run/Thread] ] * sever-loading



[14:45:11] [ServerNewConsole/Info] [Client Run/Thread] 加载启动
[14:45:11] [ServerNewConsole/Info] [Client Run/Thread] [Memory] 成功创建分配
[14:45:11] [ServerNewConsole/Warn] [Client Run/Thread] [Menory] About creat memory
name LoadSmPro
Bytes(MB) 1024
[14:45:11] [ServerNewConsole/Info] [Client Run/Thread] [Memory] 正在解析数据...请稍后
[14:45:11] [ServerNewConsole/Info] [Client Run/Thread] [LC] 标签解析完毕，正在传递给内存中...
[14:45:11] [ServerNewConsole/Info] [Client Run/Thread] 成功
[14:45:12] [ServerNewConsole/Warn] [Client Run/Thread] [Sever] Sever Start
[14:45:14] [ServerNewConsole/Warn] [Client Run/Thread] 使用这个语言在加载时或完毕时 zh-cn
[14:45:14] [ServerNewConsole/Warn] [Client Run/Thread]  [MakeArg] path cmd to extr/cmd
[14:45:14] [ServerNewConsole/Warn] [Client Run/Thread]  [MakeArg] path runcmd to extr/runcmd
[14:45:14] [ServerNewConsole/Warn] [Client Run/Thread]  [MakeArg] path server/SPC to extr/server/SPC
[14:45:15] [ServerNewConsole/Info] [Client Run/Thread] load[
[14:45:15] [ServerNewConsole/Info] [Client Run/Thread] [System plug-in unit] The package extr/cmd is sucess load to return 0 at load
[14:45:15] [ServerNewConsole/Info] [Client Run/Thread] [System plug-in unit] The package extr/runcmd is sucess load to return 0 at load
[14:45:16] [ServerNewConsole/Info] [Client Run/Thread] [System plug-in unit] The package extr/server/SPC is sucess load to return 0 at load
[14:45:16] [ServerNewConsole/Info] [Client Run/Thread] ] * load
[14:45:16] [ServerNewConsole/Info] [Client Run/Thread] load[
[14:45:16] [ServerNewConsole/Info] [Client Run/Thread] [System plug-in unit] The package SystemCmdExtr/Helper is sucess load to return 0 at load
[14:45:16] [ServerNewConsole/Info] [Client Run/Thread] [System plug-in unit] The package SystemCmdExtr/LoadRun is sucess load to return 0 at load
[14:45:16] [ServerNewConsole/Info] [Client Run/Thread] ] * load
[14:45:16] [ServerNewConsole/Info] [Client Run/Thread] 启动窗体，加载程序
[14:45:16] [ServerNewConsole/Info] [Client Run/Thread] sever-loading[
[14:45:16] [ServerNewConsole/Info] [Client Run/Thread] ] * sever-loading


[14:47:29] [ServerNewConsole/Info] [Client Run/Thread] 加载启动
[14:47:29] [ServerNewConsole/Info] [Client Run/Thread] [Memory] 成功创建分配
[14:47:29] [ServerNewConsole/Warn] [Client Run/Thread] [Menory] About creat memory
name LoadSmPro
Bytes(MB) 1024
[14:47:29] [ServerNewConsole/Info] [Client Run/Thread] [Memory] 正在解析数据...请稍后
[14:47:29] [ServerNewConsole/Info] [Client Run/Thread] [LC] 标签解析完毕，正在传递给内存中...
[14:47:29] [ServerNewConsole/Info] [Client Run/Thread] 成功
[14:47:30] [ServerNewConsole/Warn] [Client Run/Thread] [Sever] Sever Start
[14:47:32] [ServerNewConsole/Warn] [Client Run/Thread] 使用这个语言在加载时或完毕时 zh-cn
[14:47:32] [ServerNewConsole/Warn] [Client Run/Thread]  [MakeArg] path cmd to extr/cmd
[14:47:32] [ServerNewConsole/Warn] [Client Run/Thread]  [MakeArg] path runcmd to extr/runcmd
[14:47:32] [ServerNewConsole/Warn] [Client Run/Thread]  [MakeArg] path server/SPC to extr/server/SPC
[14:47:33] [ServerNewConsole/Info] [Client Run/Thread] load[
[14:47:33] [ServerNewConsole/Info] [Client Run/Thread] [System plug-in unit] The package extr/cmd is sucess load to return 0 at load
[14:47:33] [ServerNewConsole/Info] [Client Run/Thread] [System plug-in unit] The package extr/runcmd is sucess load to return 0 at load
[14:47:33] [ServerNewConsole/Info] [Client Run/Thread] [System plug-in unit] The package extr/server/SPC is sucess load to return 0 at load
[14:47:33] [ServerNewConsole/Info] [Client Run/Thread] ] * load
[14:47:33] [ServerNewConsole/Info] [Client Run/Thread] load[
[14:47:33] [ServerNewConsole/Info] [Client Run/Thread] [System plug-in unit] The package SystemCmdExtr/Helper is sucess load to return 0 at load
[14:47:34] [ServerNewConsole/Info] [Client Run/Thread] [System plug-in unit] The package SystemCmdExtr/LoadRun is sucess load to return 0 at load
[14:47:34] [ServerNewConsole/Info] [Client Run/Thread] ] * load
[14:47:34] [ServerNewConsole/Info] [Client Run/Thread] 启动窗体，加载程序
[14:47:34] [ServerNewConsole/Info] [Client Run/Thread] sever-loading[
[14:47:34] [ServerNewConsole/Info] [Client Run/Thread] ] * sever-loading





[14:51:19] [ServerNewConsole/Info] [Client Run/Thread] 加载启动
[14:51:19] [ServerNewConsole/Info] [Client Run/Thread] [Memory] 成功创建分配
[14:51:19] [ServerNewConsole/Warn] [Client Run/Thread] [Menory] About creat memory
name LoadSmPro
Bytes(MB) 1024
[14:51:19] [ServerNewConsole/Info] [Client Run/Thread] [Memory] 正在解析数据...请稍后
[14:51:19] [ServerNewConsole/Info] [Client Run/Thread] [LC] 标签解析完毕，正在传递给内存中...
[14:51:19] [ServerNewConsole/Info] [Client Run/Thread] 成功
[14:51:20] [ServerNewConsole/Warn] [Client Run/Thread] [Sever] Sever Start
[14:51:22] [ServerNewConsole/Warn] [Client Run/Thread] 使用这个语言在加载时或完毕时 zh-cn
[14:51:22] [ServerNewConsole/Warn] [Client Run/Thread]  [MakeArg] path cmd to extr/cmd
[14:51:22] [ServerNewConsole/Warn] [Client Run/Thread]  [MakeArg] path runcmd to extr/runcmd
[14:51:22] [ServerNewConsole/Warn] [Client Run/Thread]  [MakeArg] path server/SPC to extr/server/SPC
[14:51:23] [ServerNewConsole/Info] [Client Run/Thread] load[
[14:51:23] [ServerNewConsole/Info] [Client Run/Thread] [System plug-in unit] The package extr/cmd is sucess load to return 0 at load
[14:51:23] [ServerNewConsole/Info] [Client Run/Thread] [System plug-in unit] The package extr/runcmd is sucess load to return 0 at load
[14:51:23] [ServerNewConsole/Info] [Client Run/Thread] [System plug-in unit] The package extr/server/SPC is sucess load to return 0 at load
[14:51:23] [ServerNewConsole/Info] [Client Run/Thread] ] * load
[14:51:23] [ServerNewConsole/Info] [Client Run/Thread] load[
[14:51:23] [ServerNewConsole/Info] [Client Run/Thread] [System plug-in unit] The package SystemCmdExtr/Helper is sucess load to return 0 at load
[14:51:23] [ServerNewConsole/Info] [Client Run/Thread] [System plug-in unit] The package SystemCmdExtr/LoadRun is sucess load to return 0 at load
[14:51:23] [ServerNewConsole/Info] [Client Run/Thread] ] * load
[14:51:23] [ServerNewConsole/Info] [Client Run/Thread] 启动窗体，加载程序
[14:51:24] [ServerNewConsole/Info] [Client Run/Thread] sever-loading[
[14:51:24] [ServerNewConsole/Info] [Client Run/Thread] ] * sever-loading



[14:52:54] [ServerNewConsole/Info] [Client Run/Thread] 加载启动
[14:52:54] [ServerNewConsole/Info] [Client Run/Thread] [Memory] 成功创建分配
[14:52:54] [ServerNewConsole/Warn] [Client Run/Thread] [Menory] About creat memory
name LoadSmPro
Bytes(MB) 1024
[14:52:54] [ServerNewConsole/Info] [Client Run/Thread] [Memory] 正在解析数据...请稍后
[14:52:54] [ServerNewConsole/Info] [Client Run/Thread] [LC] 标签解析完毕，正在传递给内存中...
[14:52:54] [ServerNewConsole/Info] [Client Run/Thread] 成功
[14:52:55] [ServerNewConsole/Warn] [Client Run/Thread] [Sever] Sever Start
[14:52:57] [ServerNewConsole/Warn] [Client Run/Thread] 使用这个语言在加载时或完毕时 zh-cn
[14:52:57] [ServerNewConsole/Warn] [Client Run/Thread]  [MakeArg] path cmd to extr/cmd
[14:52:57] [ServerNewConsole/Warn] [Client Run/Thread]  [MakeArg] path runcmd to extr/runcmd
[14:52:57] [ServerNewConsole/Warn] [Client Run/Thread]  [MakeArg] path server/SPC to extr/server/SPC
[14:52:58] [ServerNewConsole/Info] [Client Run/Thread] load[
[14:52:58] [ServerNewConsole/Info] [Client Run/Thread] [System plug-in unit] The package extr/cmd is sucess load to return 0 at load
[14:52:58] [ServerNewConsole/Info] [Client Run/Thread] [System plug-in unit] The package extr/runcmd is sucess load to return 0 at load
[14:52:58] [ServerNewConsole/Info] [Client Run/Thread] [System plug-in unit] The package extr/server/SPC is sucess load to return 0 at load
[14:52:58] [ServerNewConsole/Info] [Client Run/Thread] ] * load
[14:52:58] [ServerNewConsole/Info] [Client Run/Thread] load[
[14:52:58] [ServerNewConsole/Info] [Client Run/Thread] [System plug-in unit] The package SystemCmdExtr/Helper is sucess load to return 0 at load
[14:52:58] [ServerNewConsole/Info] [Client Run/Thread] [System plug-in unit] The package SystemCmdExtr/LoadRun is sucess load to return 0 at load
[14:52:58] [ServerNewConsole/Info] [Client Run/Thread] ] * load
[14:52:58] [ServerNewConsole/Info] [Client Run/Thread] 启动窗体，加载程序
[14:52:58] [ServerNewConsole/Info] [Client Run/Thread] sever-loading[
[14:52:58] [ServerNewConsole/Info] [Client Run/Thread] ] * sever-loading














[14:56:35] [ServerNewConsole/Info] [Client Run/Thread] 加载启动
[14:56:35] [ServerNewConsole/Info] [Client Run/Thread] [Memory] 成功创建分配
[14:56:35] [ServerNewConsole/Warn] [Client Run/Thread] [Menory] About creat memory
name LoadSmPro
Bytes(MB) 1024
[14:56:35] [ServerNewConsole/Info] [Client Run/Thread] [Memory] 正在解析数据...请稍后
[14:56:35] [ServerNewConsole/Info] [Client Run/Thread] [LC] 标签解析完毕，正在传递给内存中...
[14:56:35] [ServerNewConsole/Info] [Client Run/Thread] 成功
[14:56:36] [ServerNewConsole/Warn] [Client Run/Thread] [Sever] Sever Start
[14:56:38] [ServerNewConsole/Warn] [Client Run/Thread] 使用这个语言在加载时或完毕时 zh-cn
[14:56:38] [ServerNewConsole/Warn] [Client Run/Thread]  [MakeArg] path cmd to extr/cmd
[14:56:38] [ServerNewConsole/Warn] [Client Run/Thread]  [MakeArg] path runcmd to extr/runcmd
[14:56:38] [ServerNewConsole/Warn] [Client Run/Thread]  [MakeArg] path server/SPC to extr/server/SPC
[14:56:39] [ServerNewConsole/Info] [Client Run/Thread] load[
[14:56:39] [ServerNewConsole/Info] [Client Run/Thread] [System plug-in unit] The package extr/cmd is sucess load to return 0 at load
[14:56:39] [ServerNewConsole/Info] [Client Run/Thread] [System plug-in unit] The package extr/runcmd is sucess load to return 0 at load
[14:56:39] [ServerNewConsole/Info] [Client Run/Thread] [System plug-in unit] The package extr/server/SPC is sucess load to return 0 at load
[14:56:39] [ServerNewConsole/Info] [Client Run/Thread] ] * load
[14:56:39] [ServerNewConsole/Info] [Client Run/Thread] load[
[14:56:40] [ServerNewConsole/Info] [Client Run/Thread] [System plug-in unit] The package SystemCmdExtr/Helper is sucess load to return 0 at load
[14:56:40] [ServerNewConsole/Info] [Client Run/Thread] [System plug-in unit] The package SystemCmdExtr/LoadRun is sucess load to return 0 at load
[14:56:40] [ServerNewConsole/Info] [Client Run/Thread] ] * load
[14:56:40] [ServerNewConsole/Info] [Client Run/Thread] 启动窗体，加载程序
[14:56:40] [ServerNewConsole/Info] [Client Run/Thread] sever-loading[
[14:56:40] [ServerNewConsole/Info] [Client Run/Thread] ] * sever-loading


