#Console Printf about side
#       Code Memory this...
#       WriteTime about (s)19
#
#Endl
[20:8:7] [ServerNewConsole/Info] [Client Run/Thread] 加载启动
[20:8:8] [ServerNewConsole/Info] [Client Run/Thread] [Memory] 成功创建分配
[20:8:8] [ServerNewConsole/Warn] [Client Run/Thread] [Menory] About creat memory
name LoadSmPro
Bytes(MB) 1024
[20:8:8] [ServerNewConsole/Info] [Client Run/Thread] [Memory] 正在解析数据...请稍后
[20:8:8] [ServerNewConsole/Info] [Client Run/Thread] [LC] 标签解析完毕，正在传递给内存中...
[20:8:8] [ServerNewConsole/Info] [Client Run/Thread] 成功
[20:8:9] [ServerNewConsole/Warn] [Client Run/Thread] [Sever] Sever Start
[20:8:11] [ServerNewConsole/Warn] [Client Run/Thread] 使用这个语言在加载时或完毕时 zh-cn
[20:8:11] [ServerNewConsole/Warn] [Client Run/Thread]  [MakeArg] path cmd to extr/cmd
[20:8:11] [ServerNewConsole/Warn] [Client Run/Thread]  [MakeArg] path runcmd to extr/runcmd
[20:8:11] [ServerNewConsole/Warn] [Client Run/Thread]  [MakeArg] path server/SPC to extr/server/SPC
[20:8:12] [ServerNewConsole/Info] [Client Run/Thread] load[
[20:8:13] [ServerNewConsole/Info] [Client Run/Thread] [System plug-in unit] The package extr/cmd is sucess load to return 0 at load
[20:8:13] [ServerNewConsole/Info] [Client Run/Thread] [System plug-in unit] The package extr/runcmd is sucess load to return 0 at load
[20:8:13] [ServerNewConsole/Info] [Client Run/Thread] [System plug-in unit] The package extr/server/SPC is sucess load to return 0 at load
[20:8:13] [ServerNewConsole/Info] [Client Run/Thread] ] * load
[20:8:13] [ServerNewConsole/Info] [Client Run/Thread] load[
[20:8:13] [ServerNewConsole/Info] [Client Run/Thread] [System plug-in unit] The package SystemCmdExtr/Helper is sucess load to return 0 at load
[20:8:13] [ServerNewConsole/Info] [Client Run/Thread] [System plug-in unit] The package SystemCmdExtr/LoadRun is sucess load to return 0 at load
[20:8:13] [ServerNewConsole/Info] [Client Run/Thread] ] * load
[20:8:13] [ServerNewConsole/Info] [Client Run/Thread] 启动窗体，加载程序
[20:8:14] [ServerNewConsole/Info] [Client Run/Thread] sever-loading[
[20:8:14] [ServerNewConsole/Info] [Client Run/Thread] [System plug-in unit] The package extr/cmd is sucess load to return 0 at getcmd
[20:8:14] [ServerNewConsole/Info] [Client Run/Thread] [System plug-in unit] The package extr/runcmd is sucess load to return 0 at getcmd
[20:8:14] [ServerNewConsole/Info] [Client Run/Thread] [System plug-in unit] The package extr/server/SPC is sucess load to return 0 at getcmd
[20:8:14] [ServerNewConsole/Info] [Client Run/Thread] [System plug-in unit] The package extr/cmd is sucess load to return 0 at sever-loading
[20:8:14] [ServerNewConsole/Info] [Client Run/Thread] [System plug-in unit] The package extr/runcmd is sucess load to return 0 at sever-loading
[20:8:14] [ServerNewConsole/Info] [Client Run/Thread] [System plug-in unit] The package extr/server/SPC is sucess load to return 0 at sever-loading
[20:8:14] [ServerNewConsole/Info] [Client Run/Thread] ] * sever-loading


















[20:12:0] [ServerNewConsole/Warn] [/Thread] 正在运行Close插件方法
[20:12:0] [ServerNewConsole/Info] [/Thread] close[
[20:12:0] [ServerNewConsole/Info] [/Thread] [System plug-in unit] The package extr/cmd is sucess load to return 0 at close
[20:12:0] [ServerNewConsole/Info] [/Thread] [System plug-in unit] The package extr/runcmd is sucess load to return 0 at close
[20:12:0] [ServerNewConsole/Info] [/Thread] [System plug-in unit] The package extr/server/SPC is sucess load to return 0 at close
[20:12:0] [ServerNewConsole/Info] [/Thread] ] * close
[20:12:0] [ServerNewConsole/Warn] [/Thread] Close Object

[20:17:2] [ServerNewConsole/Info] [Client Run/Thread] 加载启动
[20:17:5] [ServerNewConsole/Info] [Client Run/Thread] [Memory] 成功创建分配
[20:17:5] [ServerNewConsole/Warn] [Client Run/Thread] [Menory] About creat memory
name LoadSmPro
Bytes(MB) 1024
[20:17:5] [ServerNewConsole/Info] [Client Run/Thread] [Memory] 正在解析数据...请稍后
[20:17:5] [ServerNewConsole/Info] [Client Run/Thread] [LC] 标签解析完毕，正在传递给内存中...
[20:17:5] [ServerNewConsole/Info] [Client Run/Thread] 成功
[20:17:6] [ServerNewConsole/Warn] [Client Run/Thread] [Sever] Sever Start
[20:17:8] [ServerNewConsole/Warn] [Client Run/Thread] 使用这个语言在加载时或完毕时 zh-cn
[20:17:8] [ServerNewConsole/Warn] [Client Run/Thread]  [MakeArg] path cmd to extr/cmd
[20:17:8] [ServerNewConsole/Warn] [Client Run/Thread]  [MakeArg] path runcmd to extr/runcmd
[20:17:8] [ServerNewConsole/Warn] [Client Run/Thread]  [MakeArg] path server/SPC to extr/server/SPC
[20:17:9] [ServerNewConsole/Info] [Client Run/Thread] load[
[20:17:10] [ServerNewConsole/Info] [Client Run/Thread] [System plug-in unit] The package extr/cmd is sucess load to return 0 at load
[20:17:10] [ServerNewConsole/Info] [Client Run/Thread] [System plug-in unit] The package extr/runcmd is sucess load to return 0 at load
[20:17:11] [ServerNewConsole/Info] [Client Run/Thread] [System plug-in unit] The package extr/server/SPC is sucess load to return 0 at load
[20:17:11] [ServerNewConsole/Info] [Client Run/Thread] ] * load
[20:17:11] [ServerNewConsole/Info] [Client Run/Thread] load[
[20:17:11] [ServerNewConsole/Info] [Client Run/Thread] [System plug-in unit] The package SystemCmdExtr/Helper is sucess load to return 0 at load
[20:17:11] [ServerNewConsole/Info] [Client Run/Thread] [System plug-in unit] The package SystemCmdExtr/LoadRun is sucess load to return 0 at load
[20:17:11] [ServerNewConsole/Info] [Client Run/Thread] ] * load
[20:17:11] [ServerNewConsole/Info] [Client Run/Thread] 启动窗体，加载程序
[20:17:11] [ServerNewConsole/Info] [Client Run/Thread] sever-loading[
[20:17:12] [ServerNewConsole/Info] [Client Run/Thread] [System plug-in unit] The package extr/cmd is sucess load to return 0 at getcmd
[20:17:12] [ServerNewConsole/Info] [Client Run/Thread] [System plug-in unit] The package extr/runcmd is sucess load to return 0 at getcmd
[20:17:12] [ServerNewConsole/Info] [Client Run/Thread] [System plug-in unit] The package extr/server/SPC is sucess load to return 0 at getcmd
[20:17:12] [ServerNewConsole/Info] [Client Run/Thread] [System plug-in unit] The package extr/cmd is sucess load to return 0 at sever-loading
[20:17:12] [ServerNewConsole/Info] [Client Run/Thread] [System plug-in unit] The package extr/runcmd is sucess load to return 0 at sever-loading
[20:17:12] [ServerNewConsole/Info] [Client Run/Thread] [System plug-in unit] The package extr/server/SPC is sucess load to return 0 at sever-loading
[20:17:12] [ServerNewConsole/Info] [Client Run/Thread] ] * sever-loading












[20:19:27] [ServerNewConsole/Info] [/Thread] [System plug-in unit] The package extr/cmd is sucess load to return 0 at run
[20:19:32] [ServerNewConsole/Info] [/Thread] [System plug-in unit] The package extr/cmd is sucess load to return 0 at run



[20:20:14] [ServerNewConsole/Info] [/Thread] [System plug-in unit] The package extr/cmd is sucess load to return 0 at run

[20:20:27] [ServerNewConsole/Info] [/Thread] [System plug-in unit] The package extr/cmd is sucess load to return 0 at run

[20:20:36] [ServerNewConsole/Info] [/Thread] [System plug-in unit] The package extr/cmd is sucess load to return 0 at run

[20:20:49] [ServerNewConsole/Info] [/Thread] [System plug-in unit] The package extr/cmd is sucess load to return 0 at run

