#Console Printf about side
#       Code Memory this...
#       WriteTime about (s)20
#
#Endl
[16:2:8] [ServerNewConsole/Info] [Client Run/Thread] 加载启动
[16:2:8] [ServerNewConsole/Info] [Client Run/Thread] [Memory] 成功创建分配
[16:2:8] [ServerNewConsole/Warn] [Client Run/Thread] [Menory] About creat memory
name LoadSmPro
Bytes(MB) 1024
[16:2:8] [ServerNewConsole/Info] [Client Run/Thread] [Memory] 正在解析数据...请稍后
[16:2:8] [ServerNewConsole/Info] [Client Run/Thread] [LC] 标签解析完毕，正在传递给内存中...
[16:2:8] [ServerNewConsole/Info] [Client Run/Thread] 成功
[16:2:9] [ServerNewConsole/Warn] [Client Run/Thread] [Sever] Sever Start
[16:2:11] [ServerNewConsole/Warn] [Client Run/Thread] 使用这个语言在加载时或完毕时 zh-cn
[16:2:11] [ServerNewConsole/Warn] [Client Run/Thread]  [MakeArg] path cmd to extr/cmd
[16:2:11] [ServerNewConsole/Warn] [Client Run/Thread]  [MakeArg] path runcmd to extr/runcmd
[16:2:11] [ServerNewConsole/Warn] [Client Run/Thread]  [MakeArg] path server/SPC to extr/server/SPC
[16:2:12] [ServerNewConsole/Info] [Client Run/Thread] load[
[16:2:12] [ServerNewConsole/Info] [Client Run/Thread] [System plug-in unit] The package extr/cmd is sucess load to return 0 at load
[16:2:12] [ServerNewConsole/Info] [Client Run/Thread] [System plug-in unit] The package extr/runcmd is sucess load to return 0 at load
[16:2:12] [ServerNewConsole/Info] [Client Run/Thread] [System plug-in unit] The package extr/server/SPC is sucess load to return 0 at load
[16:2:12] [ServerNewConsole/Info] [Client Run/Thread] ] * load
[16:2:12] [ServerNewConsole/Info] [Client Run/Thread] load[
[16:2:12] [ServerNewConsole/Info] [Client Run/Thread] [System plug-in unit] The package SystemCmdExtr/Helper is sucess load to return 0 at load
[16:2:12] [ServerNewConsole/Info] [Client Run/Thread] [System plug-in unit] The package SystemCmdExtr/LoadRun is sucess load to return 0 at load
[16:2:12] [ServerNewConsole/Info] [Client Run/Thread] ] * load
[16:2:12] [ServerNewConsole/Info] [Client Run/Thread] 启动窗体，加载程序
[16:2:13] [ServerNewConsole/Info] [Client Run/Thread] sever-loading[
[16:2:13] [ServerNewConsole/Info] [Client Run/Thread] ] * sever-loading

[16:4:13] [ServerNewConsole/Info] [Client Run/Thread] 加载启动
[16:4:14] [ServerNewConsole/Info] [Client Run/Thread] [Memory] 成功创建分配
[16:4:14] [ServerNewConsole/Warn] [Client Run/Thread] [Menory] About creat memory
name LoadSmPro
Bytes(MB) 1024
[16:4:14] [ServerNewConsole/Info] [Client Run/Thread] [Memory] 正在解析数据...请稍后
[16:4:14] [ServerNewConsole/Info] [Client Run/Thread] [LC] 标签解析完毕，正在传递给内存中...
[16:4:14] [ServerNewConsole/Info] [Client Run/Thread] 成功
[16:4:15] [ServerNewConsole/Warn] [Client Run/Thread] [Sever] Sever Start
[16:4:17] [ServerNewConsole/Warn] [Client Run/Thread] 使用这个语言在加载时或完毕时 zh-cn
[16:4:17] [ServerNewConsole/Warn] [Client Run/Thread]  [MakeArg] path cmd to extr/cmd
[16:4:17] [ServerNewConsole/Warn] [Client Run/Thread]  [MakeArg] path runcmd to extr/runcmd
[16:4:17] [ServerNewConsole/Warn] [Client Run/Thread]  [MakeArg] path server/SPC to extr/server/SPC
[16:4:18] [ServerNewConsole/Info] [Client Run/Thread] load[
[16:4:18] [ServerNewConsole/Info] [Client Run/Thread] [System plug-in unit] The package extr/cmd is sucess load to return 0 at load
[16:4:18] [ServerNewConsole/Info] [Client Run/Thread] [System plug-in unit] The package extr/runcmd is sucess load to return 0 at load
[16:4:18] [ServerNewConsole/Info] [Client Run/Thread] [System plug-in unit] The package extr/server/SPC is sucess load to return 0 at load
[16:4:18] [ServerNewConsole/Info] [Client Run/Thread] ] * load
[16:4:18] [ServerNewConsole/Info] [Client Run/Thread] load[
[16:4:18] [ServerNewConsole/Info] [Client Run/Thread] [System plug-in unit] The package SystemCmdExtr/Helper is sucess load to return 0 at load
[16:4:18] [ServerNewConsole/Info] [Client Run/Thread] [System plug-in unit] The package SystemCmdExtr/LoadRun is sucess load to return 0 at load
[16:4:18] [ServerNewConsole/Info] [Client Run/Thread] ] * load
[16:4:18] [ServerNewConsole/Info] [Client Run/Thread] 启动窗体，加载程序
[16:4:18] [ServerNewConsole/Info] [Client Run/Thread] sever-loading[
[16:4:18] [ServerNewConsole/Info] [Client Run/Thread] ] * sever-loading



[16:6:31] [ServerNewConsole/Info] [Client Run/Thread] 加载启动
[16:6:32] [ServerNewConsole/Info] [Client Run/Thread] [Memory] 成功创建分配
[16:6:32] [ServerNewConsole/Warn] [Client Run/Thread] [Menory] About creat memory
name LoadSmPro
Bytes(MB) 1024
[16:6:32] [ServerNewConsole/Info] [Client Run/Thread] [Memory] 正在解析数据...请稍后
[16:6:32] [ServerNewConsole/Info] [Client Run/Thread] [LC] 标签解析完毕，正在传递给内存中...
[16:6:32] [ServerNewConsole/Info] [Client Run/Thread] 成功
[16:6:33] [ServerNewConsole/Warn] [Client Run/Thread] [Sever] Sever Start
[16:6:35] [ServerNewConsole/Warn] [Client Run/Thread] 使用这个语言在加载时或完毕时 zh-cn
[16:6:35] [ServerNewConsole/Warn] [Client Run/Thread]  [MakeArg] path cmd to extr/cmd
[16:6:35] [ServerNewConsole/Warn] [Client Run/Thread]  [MakeArg] path runcmd to extr/runcmd
[16:6:35] [ServerNewConsole/Warn] [Client Run/Thread]  [MakeArg] path server/SPC to extr/server/SPC
[16:6:36] [ServerNewConsole/Info] [Client Run/Thread] load[
[16:6:36] [ServerNewConsole/Info] [Client Run/Thread] [System plug-in unit] The package extr/cmd is sucess load to return 0 at load
[16:6:36] [ServerNewConsole/Info] [Client Run/Thread] [System plug-in unit] The package extr/runcmd is sucess load to return 0 at load
[16:6:36] [ServerNewConsole/Info] [Client Run/Thread] [System plug-in unit] The package extr/server/SPC is sucess load to return 0 at load
[16:6:36] [ServerNewConsole/Info] [Client Run/Thread] ] * load
[16:6:36] [ServerNewConsole/Info] [Client Run/Thread] load[
[16:6:36] [ServerNewConsole/Info] [Client Run/Thread] [System plug-in unit] The package SystemCmdExtr/Helper is sucess load to return 0 at load
[16:6:36] [ServerNewConsole/Info] [Client Run/Thread] [System plug-in unit] The package SystemCmdExtr/LoadRun is sucess load to return 0 at load
[16:6:36] [ServerNewConsole/Info] [Client Run/Thread] ] * load
[16:6:36] [ServerNewConsole/Info] [Client Run/Thread] 启动窗体，加载程序
[16:6:36] [ServerNewConsole/Info] [Client Run/Thread] sever-loading[
[16:6:36] [ServerNewConsole/Info] [Client Run/Thread] ] * sever-loading


[16:8:22] [ServerNewConsole/Info] [Client Run/Thread] 加载启动
[16:8:22] [ServerNewConsole/Info] [Client Run/Thread] [Memory] 成功创建分配
[16:8:22] [ServerNewConsole/Warn] [Client Run/Thread] [Menory] About creat memory
name LoadSmPro
Bytes(MB) 1024
[16:8:22] [ServerNewConsole/Info] [Client Run/Thread] [Memory] 正在解析数据...请稍后
[16:8:22] [ServerNewConsole/Info] [Client Run/Thread] [LC] 标签解析完毕，正在传递给内存中...
[16:8:23] [ServerNewConsole/Info] [Client Run/Thread] 成功
[16:8:24] [ServerNewConsole/Warn] [Client Run/Thread] [Sever] Sever Start
[16:8:26] [ServerNewConsole/Warn] [Client Run/Thread] 使用这个语言在加载时或完毕时 zh-cn
[16:8:26] [ServerNewConsole/Warn] [Client Run/Thread]  [MakeArg] path cmd to extr/cmd
[16:8:26] [ServerNewConsole/Warn] [Client Run/Thread]  [MakeArg] path runcmd to extr/runcmd
[16:8:26] [ServerNewConsole/Warn] [Client Run/Thread]  [MakeArg] path server/SPC to extr/server/SPC
[16:8:27] [ServerNewConsole/Info] [Client Run/Thread] load[
[16:8:27] [ServerNewConsole/Info] [Client Run/Thread] [System plug-in unit] The package extr/cmd is sucess load to return 0 at load
[16:8:27] [ServerNewConsole/Info] [Client Run/Thread] [System plug-in unit] The package extr/runcmd is sucess load to return 0 at load
[16:8:27] [ServerNewConsole/Info] [Client Run/Thread] [System plug-in unit] The package extr/server/SPC is sucess load to return 0 at load
[16:8:27] [ServerNewConsole/Info] [Client Run/Thread] ] * load
[16:8:27] [ServerNewConsole/Info] [Client Run/Thread] load[
[16:8:27] [ServerNewConsole/Info] [Client Run/Thread] [System plug-in unit] The package SystemCmdExtr/Helper is sucess load to return 0 at load
[16:8:27] [ServerNewConsole/Info] [Client Run/Thread] [System plug-in unit] The package SystemCmdExtr/LoadRun is sucess load to return 0 at load
[16:8:27] [ServerNewConsole/Info] [Client Run/Thread] ] * load
[16:8:27] [ServerNewConsole/Info] [Client Run/Thread] 启动窗体，加载程序
[16:8:27] [ServerNewConsole/Info] [Client Run/Thread] sever-loading[
[16:8:27] [ServerNewConsole/Info] [Client Run/Thread] ] * sever-loading











[16:11:38] [ServerNewConsole/Info] [Client Run/Thread] 加载启动
[16:11:38] [ServerNewConsole/Info] [Client Run/Thread] [Memory] 成功创建分配
[16:11:38] [ServerNewConsole/Warn] [Client Run/Thread] [Menory] About creat memory
name LoadSmPro
Bytes(MB) 1024
[16:11:38] [ServerNewConsole/Info] [Client Run/Thread] [Memory] 正在解析数据...请稍后
[16:11:38] [ServerNewConsole/Info] [Client Run/Thread] [LC] 标签解析完毕，正在传递给内存中...
[16:11:38] [ServerNewConsole/Info] [Client Run/Thread] 成功
[16:11:39] [ServerNewConsole/Warn] [Client Run/Thread] [Sever] Sever Start
[16:11:41] [ServerNewConsole/Warn] [Client Run/Thread] 使用这个语言在加载时或完毕时 zh-cn
[16:11:41] [ServerNewConsole/Warn] [Client Run/Thread]  [MakeArg] path cmd to extr/cmd
[16:11:41] [ServerNewConsole/Warn] [Client Run/Thread]  [MakeArg] path runcmd to extr/runcmd
[16:11:41] [ServerNewConsole/Warn] [Client Run/Thread]  [MakeArg] path server/SPC to extr/server/SPC
[16:11:42] [ServerNewConsole/Info] [Client Run/Thread] load[
[16:11:42] [ServerNewConsole/Info] [Client Run/Thread] [System plug-in unit] The package extr/cmd is sucess load to return 0 at load
[16:11:42] [ServerNewConsole/Info] [Client Run/Thread] [System plug-in unit] The package extr/runcmd is sucess load to return 0 at load
[16:11:42] [ServerNewConsole/Info] [Client Run/Thread] [System plug-in unit] The package extr/server/SPC is sucess load to return 0 at load
[16:11:42] [ServerNewConsole/Info] [Client Run/Thread] ] * load
[16:11:42] [ServerNewConsole/Info] [Client Run/Thread] load[
[16:11:42] [ServerNewConsole/Info] [Client Run/Thread] [System plug-in unit] The package SystemCmdExtr/Helper is sucess load to return 0 at load
[16:11:42] [ServerNewConsole/Info] [Client Run/Thread] [System plug-in unit] The package SystemCmdExtr/LoadRun is sucess load to return 0 at load
[16:11:42] [ServerNewConsole/Info] [Client Run/Thread] ] * load
[16:11:42] [ServerNewConsole/Info] [Client Run/Thread] 启动窗体，加载程序
[16:11:43] [ServerNewConsole/Info] [Client Run/Thread] sever-loading[
[16:11:43] [ServerNewConsole/Info] [Client Run/Thread] ] * sever-loading



[16:13:9] [ServerNewConsole/Info] [Client Run/Thread] 加载启动
[16:13:9] [ServerNewConsole/Info] [Client Run/Thread] [Memory] 成功创建分配
[16:13:9] [ServerNewConsole/Warn] [Client Run/Thread] [Menory] About creat memory
name LoadSmPro
Bytes(MB) 1024
[16:13:9] [ServerNewConsole/Info] [Client Run/Thread] [Memory] 正在解析数据...请稍后
[16:13:9] [ServerNewConsole/Info] [Client Run/Thread] [LC] 标签解析完毕，正在传递给内存中...
[16:13:9] [ServerNewConsole/Info] [Client Run/Thread] 成功
[16:13:10] [ServerNewConsole/Warn] [Client Run/Thread] [Sever] Sever Start
[16:13:12] [ServerNewConsole/Warn] [Client Run/Thread] 使用这个语言在加载时或完毕时 zh-cn
[16:13:12] [ServerNewConsole/Warn] [Client Run/Thread]  [MakeArg] path cmd to extr/cmd
[16:13:12] [ServerNewConsole/Warn] [Client Run/Thread]  [MakeArg] path runcmd to extr/runcmd
[16:13:12] [ServerNewConsole/Warn] [Client Run/Thread]  [MakeArg] path server/SPC to extr/server/SPC
[16:13:13] [ServerNewConsole/Info] [Client Run/Thread] load[
[16:13:13] [ServerNewConsole/Info] [Client Run/Thread] [System plug-in unit] The package extr/cmd is sucess load to return 0 at load
[16:13:13] [ServerNewConsole/Info] [Client Run/Thread] [System plug-in unit] The package extr/runcmd is sucess load to return 0 at load
[16:13:13] [ServerNewConsole/Info] [Client Run/Thread] [System plug-in unit] The package extr/server/SPC is sucess load to return 0 at load
[16:13:13] [ServerNewConsole/Info] [Client Run/Thread] ] * load
[16:13:13] [ServerNewConsole/Info] [Client Run/Thread] load[
[16:13:13] [ServerNewConsole/Info] [Client Run/Thread] [System plug-in unit] The package SystemCmdExtr/Helper is sucess load to return 0 at load
[16:13:13] [ServerNewConsole/Info] [Client Run/Thread] [System plug-in unit] The package SystemCmdExtr/LoadRun is sucess load to return 0 at load
[16:13:13] [ServerNewConsole/Info] [Client Run/Thread] ] * load
[16:13:13] [ServerNewConsole/Info] [Client Run/Thread] 启动窗体，加载程序
[16:13:14] [ServerNewConsole/Info] [Client Run/Thread] sever-loading[
[16:13:14] [ServerNewConsole/Info] [Client Run/Thread] ] * sever-loading


[16:15:55] [ServerNewConsole/Info] [Client Run/Thread] 加载启动
[16:15:55] [ServerNewConsole/Info] [Client Run/Thread] [Memory] 成功创建分配
[16:15:55] [ServerNewConsole/Warn] [Client Run/Thread] [Menory] About creat memory
name LoadSmPro
Bytes(MB) 1024
[16:15:55] [ServerNewConsole/Info] [Client Run/Thread] [Memory] 正在解析数据...请稍后
[16:15:55] [ServerNewConsole/Info] [Client Run/Thread] [LC] 标签解析完毕，正在传递给内存中...
[16:15:55] [ServerNewConsole/Info] [Client Run/Thread] 成功
[16:15:56] [ServerNewConsole/Warn] [Client Run/Thread] [Sever] Sever Start
[16:15:58] [ServerNewConsole/Warn] [Client Run/Thread] 使用这个语言在加载时或完毕时 zh-cn
[16:15:58] [ServerNewConsole/Warn] [Client Run/Thread]  [MakeArg] path cmd to extr/cmd
[16:15:58] [ServerNewConsole/Warn] [Client Run/Thread]  [MakeArg] path runcmd to extr/runcmd
[16:15:58] [ServerNewConsole/Warn] [Client Run/Thread]  [MakeArg] path server/SPC to extr/server/SPC
[16:15:59] [ServerNewConsole/Info] [Client Run/Thread] load[
[16:15:59] [ServerNewConsole/Info] [Client Run/Thread] [System plug-in unit] The package extr/cmd is sucess load to return 0 at load
[16:15:59] [ServerNewConsole/Info] [Client Run/Thread] [System plug-in unit] The package extr/runcmd is sucess load to return 0 at load
[16:15:59] [ServerNewConsole/Info] [Client Run/Thread] [System plug-in unit] The package extr/server/SPC is sucess load to return 0 at load
[16:15:59] [ServerNewConsole/Info] [Client Run/Thread] ] * load
[16:15:59] [ServerNewConsole/Info] [Client Run/Thread] load[
[16:15:59] [ServerNewConsole/Info] [Client Run/Thread] [System plug-in unit] The package SystemCmdExtr/Helper is sucess load to return 0 at load
[16:15:59] [ServerNewConsole/Info] [Client Run/Thread] [System plug-in unit] The package SystemCmdExtr/LoadRun is sucess load to return 0 at load
[16:15:59] [ServerNewConsole/Info] [Client Run/Thread] ] * load
[16:15:59] [ServerNewConsole/Info] [Client Run/Thread] 启动窗体，加载程序
[16:16:0] [ServerNewConsole/Info] [Client Run/Thread] sever-loading[
[16:16:0] [ServerNewConsole/Info] [Client Run/Thread] ] * sever-loading


[16:18:0] [ServerNewConsole/Info] [Client Run/Thread] 加载启动
[16:18:0] [ServerNewConsole/Info] [Client Run/Thread] [Memory] 成功创建分配
[16:18:0] [ServerNewConsole/Warn] [Client Run/Thread] [Menory] About creat memory
name LoadSmPro
Bytes(MB) 1024
[16:18:0] [ServerNewConsole/Info] [Client Run/Thread] [Memory] 正在解析数据...请稍后
[16:18:0] [ServerNewConsole/Info] [Client Run/Thread] [LC] 标签解析完毕，正在传递给内存中...
[16:18:0] [ServerNewConsole/Info] [Client Run/Thread] 成功
[16:18:1] [ServerNewConsole/Warn] [Client Run/Thread] [Sever] Sever Start
[16:18:3] [ServerNewConsole/Warn] [Client Run/Thread] 使用这个语言在加载时或完毕时 zh-cn
[16:18:3] [ServerNewConsole/Warn] [Client Run/Thread]  [MakeArg] path cmd to extr/cmd
[16:18:3] [ServerNewConsole/Warn] [Client Run/Thread]  [MakeArg] path runcmd to extr/runcmd
[16:18:3] [ServerNewConsole/Warn] [Client Run/Thread]  [MakeArg] path server/SPC to extr/server/SPC
[16:18:4] [ServerNewConsole/Info] [Client Run/Thread] load[
[16:18:4] [ServerNewConsole/Info] [Client Run/Thread] [System plug-in unit] The package extr/cmd is sucess load to return 0 at load
[16:18:4] [ServerNewConsole/Info] [Client Run/Thread] [System plug-in unit] The package extr/runcmd is sucess load to return 0 at load
[16:18:4] [ServerNewConsole/Info] [Client Run/Thread] [System plug-in unit] The package extr/server/SPC is sucess load to return 0 at load
[16:18:4] [ServerNewConsole/Info] [Client Run/Thread] ] * load
[16:18:4] [ServerNewConsole/Info] [Client Run/Thread] load[
[16:18:4] [ServerNewConsole/Info] [Client Run/Thread] [System plug-in unit] The package SystemCmdExtr/Helper is sucess load to return 0 at load
[16:18:4] [ServerNewConsole/Info] [Client Run/Thread] [System plug-in unit] The package SystemCmdExtr/LoadRun is sucess load to return 0 at load
[16:18:4] [ServerNewConsole/Info] [Client Run/Thread] ] * load
[16:18:4] [ServerNewConsole/Info] [Client Run/Thread] 启动窗体，加载程序
[16:18:5] [ServerNewConsole/Info] [Client Run/Thread] sever-loading[
[16:18:5] [ServerNewConsole/Info] [Client Run/Thread] ] * sever-loading

[16:21:36] [ServerNewConsole/Info] [Client Run/Thread] 加载启动
[16:21:36] [ServerNewConsole/Info] [Client Run/Thread] [Memory] 成功创建分配
[16:21:36] [ServerNewConsole/Warn] [Client Run/Thread] [Menory] About creat memory
name LoadSmPro
Bytes(MB) 1024
[16:21:36] [ServerNewConsole/Info] [Client Run/Thread] [Memory] 正在解析数据...请稍后
[16:21:36] [ServerNewConsole/Info] [Client Run/Thread] [LC] 标签解析完毕，正在传递给内存中...
[16:21:36] [ServerNewConsole/Info] [Client Run/Thread] 成功
[16:21:37] [ServerNewConsole/Warn] [Client Run/Thread] [Sever] Sever Start
[16:21:39] [ServerNewConsole/Warn] [Client Run/Thread] 使用这个语言在加载时或完毕时 zh-cn
[16:21:39] [ServerNewConsole/Warn] [Client Run/Thread]  [MakeArg] path cmd to extr/cmd
[16:21:39] [ServerNewConsole/Warn] [Client Run/Thread]  [MakeArg] path runcmd to extr/runcmd
[16:21:39] [ServerNewConsole/Warn] [Client Run/Thread]  [MakeArg] path server/SPC to extr/server/SPC
[16:21:40] [ServerNewConsole/Info] [Client Run/Thread] load[
[16:21:40] [ServerNewConsole/Info] [Client Run/Thread] [System plug-in unit] The package extr/cmd is sucess load to return 0 at load
[16:21:40] [ServerNewConsole/Info] [Client Run/Thread] [System plug-in unit] The package extr/runcmd is sucess load to return 0 at load
[16:21:40] [ServerNewConsole/Info] [Client Run/Thread] [System plug-in unit] The package extr/server/SPC is sucess load to return 0 at load
[16:21:40] [ServerNewConsole/Info] [Client Run/Thread] ] * load
[16:21:40] [ServerNewConsole/Info] [Client Run/Thread] load[
[16:21:40] [ServerNewConsole/Info] [Client Run/Thread] [System plug-in unit] The package SystemCmdExtr/Helper is sucess load to return 0 at load
[16:21:40] [ServerNewConsole/Info] [Client Run/Thread] [System plug-in unit] The package SystemCmdExtr/LoadRun is sucess load to return 0 at load
[16:21:40] [ServerNewConsole/Info] [Client Run/Thread] ] * load
[16:21:40] [ServerNewConsole/Info] [Client Run/Thread] 启动窗体，加载程序
[16:21:41] [ServerNewConsole/Info] [Client Run/Thread] sever-loading[
[16:21:41] [ServerNewConsole/Info] [Client Run/Thread] ] * sever-loading






[16:22:59] [ServerNewConsole/Warn] [/Thread] 正在运行Close插件方法
[16:22:59] [ServerNewConsole/Info] [/Thread] close[
[16:22:59] [ServerNewConsole/Info] [/Thread] ] * close
[16:22:59] [ServerNewConsole/Warn] [/Thread] Close Object

