#Console Printf about side
#       Code Memory this...
#       WriteTime about (s)54
#
#Endl
[23:1:43] [NewConsole/Info] [Client Run/Thread] 加载启动
[23:1:47] [NewConsole/Info] [Client Run/Thread] [Memory] 成功创建分配
[23:1:47] [NewConsole/Warn] [Client Run/Thread] [Menory] About creat memory
name LoadSmPro
Bytes(MB) 1024
[23:1:47] [NewConsole/Info] [Client Run/Thread] [Memory] 正在解析数据...请稍后
[23:1:47] [NewConsole/Info] [Client Run/Thread] [LC] 标签解析完毕，正在传递给内存中...
[23:1:47] [NewConsole/Info] [Client Run/Thread] 成功
[23:1:56] [NewConsole/Warn] [Client Run/Thread] 创建From大小为 x:800 y:600
[23:1:56] [NewConsole/Warn] [Client Run/Thread] 使用这个语言在加载时或完毕时 zh-cn
[23:1:56] [NewConsole/Warn] [Client Run/Thread] 是否放大在加载窗体True
[23:1:57] [NewConsole/Warn] [Client Run/Thread]  [MakeArg] path mo to extr/mo
[23:1:57] [NewConsole/Warn] [Client Run/Thread]  [MakeArg] path sr to extr/sr
[23:1:57] [NewConsole/Warn] [Client Run/Thread]  [MakeArg] path cmd to extr/cmd
[23:1:57] [NewConsole/Warn] [Client Run/Thread]  [MakeArg] path cw to extr/cw
[23:1:57] [NewConsole/Warn] [Client Run/Thread]  [MakeArg] path client/HPC to extr/client/HPC
[23:1:57] [NewConsole/Warn] [Client Run/Thread]  [MakeArg] path server/SPC to extr/server/SPC
[23:1:57] [NewConsole/Warn] [Client Run/Thread]  [MakeArg] path cw to extr/cw
[23:1:58] [NewConsole/Info] [Client Run/Thread] load[
[23:1:59] [NewConsole/Info] [Client Run/Thread] [System plug-in unit] The package extr/mo is sucess load to return 0 at load
[23:2:0] [NewConsole/Info] [Client Run/Thread] [System plug-in unit] The package extr/sr is sucess load to return 0 at load
[23:2:0] [NewConsole/Info] [Client Run/Thread] [System plug-in unit] The package extr/cmd is sucess load to return 0 at load
[23:2:0] [NewConsole/Info] [Client Run/Thread] [System plug-in unit] The package extr/cw is sucess load to return 0 at load
[23:2:0] [NewConsole/Info] [Client Run/Thread] [System plug-in unit] The package extr/client/HPC is sucess load to return 0 at load
[23:2:0] [NewConsole/Info] [Client Run/Thread] [System plug-in unit] The package extr/server/SPC is sucess load to return 0 at load
[23:2:0] [NewConsole/Info] [Client Run/Thread] [System plug-in unit] The package SystemCmdExtr/Shell is sucess load to return 0 at load
[23:2:0] [NewConsole/Info] [Client Run/Thread] ] * load
[23:2:0] [NewConsole/Info] [Client Run/Thread] load[
[23:2:0] [NewConsole/Info] [Client Run/Thread] [System plug-in unit] The package SystemCmdExtr/Helper is sucess load to return 0 at load
[23:2:0] [NewConsole/Info] [Client Run/Thread] [System plug-in unit] The package SystemCmdExtr/LoadRun is sucess load to return 0 at load
[23:2:0] [NewConsole/Info] [Client Run/Thread] [System plug-in unit] The package extr/cw is sucess load to return 0 at load
[23:2:0] [NewConsole/Info] [Client Run/Thread] ] * load
[23:2:0] [NewConsole/Info] [Client Run/Thread] 启动窗体，加载程序
[23:2:0] [NewConsole/Info] [Client Run/Thread] loading[
[23:2:1] [NewConsole/Info] [Client Run/Thread] [System plug-in unit] The package extr/mo is sucess load to return 0 at loading
[23:2:2] [NewConsole/Info] [Client Run/Thread] [System plug-in unit] The package extr/cmd is sucess load to return 0 at getcmd
[23:2:2] [NewConsole/Info] [Client Run/Thread] [System plug-in unit] The package extr/cw is sucess load to return 0 at getcmd
[23:2:2] [NewConsole/Info] [Client Run/Thread] [System plug-in unit] The package extr/client/HPC is sucess load to return 0 at getcmd
[23:2:2] [NewConsole/Info] [Client Run/Thread] [System plug-in unit] The package extr/server/SPC is sucess load to return 0 at getcmd
[23:2:2] [NewConsole/Info] [Client Run/Thread] [System plug-in unit] The package SystemCmdExtr/Shell is sucess load to return 0 at getcmd
[23:2:2] [NewConsole/Info] [Client Run/Thread] [System plug-in unit] The package extr/cmd is sucess load to return 0 at runload
[23:2:3] [NewConsole/Info] [Client Run/Thread] [System plug-in unit] The package extr/sr is sucess load to return 0 at loading
[23:2:3] [NewConsole/Info] [Client Run/Thread] [System plug-in unit] The package extr/cmd is sucess load to return 0 at loading
[23:2:3] [NewConsole/Info] [Client Run/Thread] [System plug-in unit] The package extr/cw is sucess load to return 0 at loading
[23:2:3] [NewConsole/Info] [Client Run/Thread] [System plug-in unit] The package extr/client/HPC is sucess load to return 0 at loading
[23:2:3] [NewConsole/Info] [Client Run/Thread] [System plug-in unit] The package extr/server/SPC is sucess load to return 0 at loading
[23:2:3] [NewConsole/Info] [Client Run/Thread] [System plug-in unit] The package SystemCmdExtr/Shell is sucess load to return 0 at loading
[23:2:3] [NewConsole/Info] [Client Run/Thread] ] * loading





















[23:6:13] [NewConsole/Info] [Main Window System/Thread] close[
[23:6:13] [NewConsole/Info] [Main Window System/Thread] [System plug-in unit] The package extr/cmd is sucess load to return 0 at close
[23:6:13] [NewConsole/Info] [Main Window System/Thread] [System plug-in unit] The package extr/cw is sucess load to return 0 at close
[23:6:13] [NewConsole/Info] [Main Window System/Thread] [System plug-in unit] The package extr/client/HPC is sucess load to return 0 at close
[23:6:13] [NewConsole/Info] [Main Window System/Thread] [System plug-in unit] The package extr/server/SPC is sucess load to return 0 at close
[23:6:13] [NewConsole/Info] [Main Window System/Thread] [System plug-in unit] The package SystemCmdExtr/Shell is sucess load to return 0 at close
[23:6:13] [NewConsole/Info] [Main Window System/Thread] ] * close

[23:11:44] [NewConsole/Info] [Client Run/Thread] 加载启动
[23:11:45] [NewConsole/Info] [Client Run/Thread] [Memory] 成功创建分配
[23:11:45] [NewConsole/Warn] [Client Run/Thread] [Menory] About creat memory
name LoadSmPro
Bytes(MB) 1024
[23:11:45] [NewConsole/Info] [Client Run/Thread] [Memory] 正在解析数据...请稍后
[23:11:45] [NewConsole/Info] [Client Run/Thread] [LC] 标签解析完毕，正在传递给内存中...
[23:11:46] [NewConsole/Info] [Client Run/Thread] 成功
[23:11:53] [NewConsole/Warn] [Client Run/Thread] 创建From大小为 x:800 y:600
[23:11:53] [NewConsole/Warn] [Client Run/Thread] 使用这个语言在加载时或完毕时 zh-cn
[23:11:53] [NewConsole/Warn] [Client Run/Thread] 是否放大在加载窗体True
[23:11:53] [NewConsole/Warn] [Client Run/Thread]  [MakeArg] path mo to extr/mo
[23:11:53] [NewConsole/Warn] [Client Run/Thread]  [MakeArg] path sr to extr/sr
[23:11:53] [NewConsole/Warn] [Client Run/Thread]  [MakeArg] path cmd to extr/cmd
[23:11:53] [NewConsole/Warn] [Client Run/Thread]  [MakeArg] path cw to extr/cw
[23:11:53] [NewConsole/Warn] [Client Run/Thread]  [MakeArg] path client/HPC to extr/client/HPC
[23:11:53] [NewConsole/Warn] [Client Run/Thread]  [MakeArg] path server/SPC to extr/server/SPC
[23:11:53] [NewConsole/Warn] [Client Run/Thread]  [MakeArg] path cw to extr/cw
[23:11:55] [NewConsole/Info] [Client Run/Thread] load[
[23:11:55] [NewConsole/Info] [Client Run/Thread] [System plug-in unit] The package extr/mo is sucess load to return 0 at load
[23:11:55] [NewConsole/Info] [Client Run/Thread] [System plug-in unit] The package extr/sr is sucess load to return 0 at load
[23:11:55] [NewConsole/Info] [Client Run/Thread] [System plug-in unit] The package extr/cmd is sucess load to return 0 at load
[23:11:55] [NewConsole/Info] [Client Run/Thread] [System plug-in unit] The package extr/cw is sucess load to return 0 at load
[23:11:55] [NewConsole/Info] [Client Run/Thread] [System plug-in unit] The package extr/client/HPC is sucess load to return 0 at load
[23:11:55] [NewConsole/Info] [Client Run/Thread] [System plug-in unit] The package extr/server/SPC is sucess load to return 0 at load
[23:11:55] [NewConsole/Info] [Client Run/Thread] [System plug-in unit] The package SystemCmdExtr/Shell is sucess load to return 0 at load
[23:11:55] [NewConsole/Info] [Client Run/Thread] ] * load
[23:11:55] [NewConsole/Info] [Client Run/Thread] load[
[23:11:55] [NewConsole/Info] [Client Run/Thread] [System plug-in unit] The package SystemCmdExtr/Helper is sucess load to return 0 at load
[23:11:55] [NewConsole/Info] [Client Run/Thread] [System plug-in unit] The package SystemCmdExtr/LoadRun is sucess load to return 0 at load
[23:11:55] [NewConsole/Info] [Client Run/Thread] [System plug-in unit] The package extr/cw is sucess load to return 0 at load
[23:11:55] [NewConsole/Info] [Client Run/Thread] ] * load
[23:11:55] [NewConsole/Info] [Client Run/Thread] 启动窗体，加载程序

[23:11:56] [NewConsole/Info] [Client Run/Thread] loading[
[23:11:57] [NewConsole/Info] [Client Run/Thread] [System plug-in unit] The package extr/mo is sucess load to return 0 at loading
[23:11:59] [NewConsole/Info] [Client Run/Thread] [System plug-in unit] The package extr/cmd is sucess load to return 0 at getcmd
[23:11:59] [NewConsole/Info] [Client Run/Thread] [System plug-in unit] The package extr/cw is sucess load to return 0 at getcmd
[23:11:59] [NewConsole/Info] [Client Run/Thread] [System plug-in unit] The package extr/client/HPC is sucess load to return 0 at getcmd
[23:11:59] [NewConsole/Info] [Client Run/Thread] [System plug-in unit] The package extr/server/SPC is sucess load to return 0 at getcmd
[23:11:59] [NewConsole/Info] [Client Run/Thread] [System plug-in unit] The package SystemCmdExtr/Shell is sucess load to return 0 at getcmd
[23:11:59] [NewConsole/Info] [Client Run/Thread] [System plug-in unit] The package extr/cmd is sucess load to return 0 at runload
[23:12:0] [NewConsole/Info] [Client Run/Thread] [System plug-in unit] The package extr/sr is sucess load to return 0 at loading
[23:12:0] [NewConsole/Info] [Client Run/Thread] [System plug-in unit] The package extr/cmd is sucess load to return 0 at loading
[23:12:0] [NewConsole/Info] [Client Run/Thread] [System plug-in unit] The package extr/cw is sucess load to return 0 at loading
[23:12:0] [NewConsole/Info] [Client Run/Thread] [System plug-in unit] The package extr/client/HPC is sucess load to return 0 at loading
[23:12:0] [NewConsole/Info] [Client Run/Thread] [System plug-in unit] The package extr/server/SPC is sucess load to return 0 at loading
[23:12:0] [NewConsole/Info] [Client Run/Thread] [System plug-in unit] The package SystemCmdExtr/Shell is sucess load to return 0 at loading
[23:12:0] [NewConsole/Info] [Client Run/Thread] ] * loading







[23:13:27] [NewConsole/Info] [/Thread] [System plug-in unit] The package extr/cmd is sucess load to return 0 at run

[23:13:35] [NewConsole/Info] [Main Window System/Thread] close[
[23:13:35] [NewConsole/Info] [Main Window System/Thread] [System plug-in unit] The package extr/mo is sucess load to return 0 at close
[23:13:35] [NewConsole/Info] [Main Window System/Thread] [System plug-in unit] The package extr/sr is sucess load to return 0 at close
[23:13:35] [NewConsole/Info] [Main Window System/Thread] [System plug-in unit] The package extr/cmd is sucess load to return 0 at close
[23:13:35] [NewConsole/Info] [Main Window System/Thread] [System plug-in unit] The package extr/cw is sucess load to return 0 at close
[23:13:35] [NewConsole/Info] [Main Window System/Thread] [System plug-in unit] The package extr/client/HPC is sucess load to return 0 at close
[23:13:35] [NewConsole/Info] [Main Window System/Thread] [System plug-in unit] The package extr/server/SPC is sucess load to return 0 at close
[23:13:35] [NewConsole/Info] [Main Window System/Thread] [System plug-in unit] The package SystemCmdExtr/Shell is sucess load to return 0 at close
[23:13:35] [NewConsole/Info] [Main Window System/Thread] ] * close

[23:15:20] [NewConsole/Info] [Client Run/Thread] 加载启动
[23:15:20] [NewConsole/Info] [Client Run/Thread] [Memory] 成功创建分配
[23:15:20] [NewConsole/Warn] [Client Run/Thread] [Menory] About creat memory
name LoadSmPro
Bytes(MB) 1024
[23:15:20] [NewConsole/Info] [Client Run/Thread] [Memory] 正在解析数据...请稍后
[23:15:20] [NewConsole/Info] [Client Run/Thread] [LC] 标签解析完毕，正在传递给内存中...
[23:15:20] [NewConsole/Info] [Client Run/Thread] 成功
[23:15:28] [NewConsole/Warn] [Client Run/Thread] 创建From大小为 x:800 y:600
[23:15:29] [NewConsole/Warn] [Client Run/Thread] 使用这个语言在加载时或完毕时 zh-cn
[23:15:29] [NewConsole/Warn] [Client Run/Thread] 是否放大在加载窗体True
[23:15:29] [NewConsole/Warn] [Client Run/Thread]  [MakeArg] path mo to extr/mo
[23:15:29] [NewConsole/Warn] [Client Run/Thread]  [MakeArg] path sr to extr/sr
[23:15:29] [NewConsole/Warn] [Client Run/Thread]  [MakeArg] path cmd to extr/cmd
[23:15:29] [NewConsole/Warn] [Client Run/Thread]  [MakeArg] path cw to extr/cw
[23:15:29] [NewConsole/Warn] [Client Run/Thread]  [MakeArg] path client/HPC to extr/client/HPC
[23:15:29] [NewConsole/Warn] [Client Run/Thread]  [MakeArg] path server/SPC to extr/server/SPC
[23:15:29] [NewConsole/Warn] [Client Run/Thread]  [MakeArg] path cw to extr/cw
[23:15:30] [NewConsole/Info] [Client Run/Thread] load[
[23:15:30] [NewConsole/Info] [Client Run/Thread] [System plug-in unit] The package extr/mo is sucess load to return 0 at load
[23:15:30] [NewConsole/Info] [Client Run/Thread] [System plug-in unit] The package extr/sr is sucess load to return 0 at load
[23:15:30] [NewConsole/Info] [Client Run/Thread] [System plug-in unit] The package extr/cmd is sucess load to return 0 at load
[23:15:30] [NewConsole/Info] [Client Run/Thread] [System plug-in unit] The package extr/cw is sucess load to return 0 at load
[23:15:30] [NewConsole/Info] [Client Run/Thread] [System plug-in unit] The package extr/client/HPC is sucess load to return 0 at load
[23:15:30] [NewConsole/Info] [Client Run/Thread] [System plug-in unit] The package extr/server/SPC is sucess load to return 0 at load
[23:15:30] [NewConsole/Info] [Client Run/Thread] [System plug-in unit] The package SystemCmdExtr/Shell is sucess load to return 0 at load
[23:15:30] [NewConsole/Info] [Client Run/Thread] ] * load
[23:15:30] [NewConsole/Info] [Client Run/Thread] load[
[23:15:30] [NewConsole/Info] [Client Run/Thread] [System plug-in unit] The package SystemCmdExtr/Helper is sucess load to return 0 at load
[23:15:30] [NewConsole/Info] [Client Run/Thread] [System plug-in unit] The package SystemCmdExtr/LoadRun is sucess load to return 0 at load
[23:15:30] [NewConsole/Info] [Client Run/Thread] [System plug-in unit] The package extr/cw is sucess load to return 0 at load
[23:15:30] [NewConsole/Info] [Client Run/Thread] ] * load
[23:15:30] [NewConsole/Info] [Client Run/Thread] 启动窗体，加载程序
[23:15:31] [NewConsole/Info] [Client Run/Thread] loading[
[23:15:31] [NewConsole/Info] [Client Run/Thread] [System plug-in unit] The package extr/mo is sucess load to return 0 at loading

[23:15:32] [NewConsole/Info] [Client Run/Thread] [System plug-in unit] The package extr/cmd is sucess load to return 0 at getcmd
[23:15:32] [NewConsole/Info] [Client Run/Thread] [System plug-in unit] The package extr/cw is sucess load to return 0 at getcmd
[23:15:32] [NewConsole/Info] [Client Run/Thread] [System plug-in unit] The package extr/client/HPC is sucess load to return 0 at getcmd
[23:15:32] [NewConsole/Info] [Client Run/Thread] [System plug-in unit] The package extr/server/SPC is sucess load to return 0 at getcmd
[23:15:32] [NewConsole/Info] [Client Run/Thread] [System plug-in unit] The package SystemCmdExtr/Shell is sucess load to return 0 at getcmd
[23:15:32] [NewConsole/Info] [Client Run/Thread] [System plug-in unit] The package extr/cmd is sucess load to return 0 at runload
[23:15:32] [NewConsole/Info] [Client Run/Thread] [System plug-in unit] The package extr/sr is sucess load to return 0 at loading
[23:15:32] [NewConsole/Info] [Client Run/Thread] [System plug-in unit] The package extr/cmd is sucess load to return 0 at loading
[23:15:32] [NewConsole/Info] [Client Run/Thread] [System plug-in unit] The package extr/cw is sucess load to return 0 at loading
[23:15:32] [NewConsole/Info] [Client Run/Thread] [System plug-in unit] The package extr/client/HPC is sucess load to return 0 at loading
[23:15:32] [NewConsole/Info] [Client Run/Thread] [System plug-in unit] The package extr/server/SPC is sucess load to return 0 at loading
[23:15:32] [NewConsole/Info] [Client Run/Thread] [System plug-in unit] The package SystemCmdExtr/Shell is sucess load to return 0 at loading
[23:15:32] [NewConsole/Info] [Client Run/Thread] ] * loading




[23:16:30] [NewConsole/Info] [Main Window System/Thread] close[
[23:16:30] [NewConsole/Info] [Main Window System/Thread] [System plug-in unit] The package extr/cmd is sucess load to return 0 at close
[23:16:30] [NewConsole/Info] [Main Window System/Thread] [System plug-in unit] The package extr/cw is sucess load to return 0 at close
[23:16:30] [NewConsole/Info] [Main Window System/Thread] [System plug-in unit] The package extr/client/HPC is sucess load to return 0 at close
[23:16:30] [NewConsole/Info] [Main Window System/Thread] [System plug-in unit] The package extr/server/SPC is sucess load to return 0 at close
[23:16:30] [NewConsole/Info] [Main Window System/Thread] [System plug-in unit] The package SystemCmdExtr/Shell is sucess load to return 0 at close
[23:16:30] [NewConsole/Info] [Main Window System/Thread] ] * close

[23:20:2] [NewConsole/Info] [Client Run/Thread] 加载启动
[23:20:4] [NewConsole/Info] [Client Run/Thread] [Memory] 成功创建分配
[23:20:4] [NewConsole/Warn] [Client Run/Thread] [Menory] About creat memory
name LoadSmPro
Bytes(MB) 1024
[23:20:4] [NewConsole/Info] [Client Run/Thread] [Memory] 正在解析数据...请稍后
[23:20:4] [NewConsole/Info] [Client Run/Thread] [LC] 标签解析完毕，正在传递给内存中...
[23:20:4] [NewConsole/Info] [Client Run/Thread] 成功
[23:20:10] [NewConsole/Warn] [Client Run/Thread] 创建From大小为 x:800 y:600
[23:20:10] [NewConsole/Warn] [Client Run/Thread] 使用这个语言在加载时或完毕时 zh-cn
[23:20:10] [NewConsole/Warn] [Client Run/Thread] 是否放大在加载窗体True
[23:20:10] [NewConsole/Warn] [Client Run/Thread]  [MakeArg] path mo to extr/mo
[23:20:10] [NewConsole/Warn] [Client Run/Thread]  [MakeArg] path sr to extr/sr
[23:20:10] [NewConsole/Warn] [Client Run/Thread]  [MakeArg] path cmd to extr/cmd
[23:20:10] [NewConsole/Warn] [Client Run/Thread]  [MakeArg] path cw to extr/cw
[23:20:10] [NewConsole/Warn] [Client Run/Thread]  [MakeArg] path client/HPC to extr/client/HPC
[23:20:10] [NewConsole/Warn] [Client Run/Thread]  [MakeArg] path server/SPC to extr/server/SPC
[23:20:10] [NewConsole/Warn] [Client Run/Thread]  [MakeArg] path cw to extr/cw
[23:20:11] [NewConsole/Info] [Client Run/Thread] load[
[23:20:11] [NewConsole/Info] [Client Run/Thread] [System plug-in unit] The package extr/mo is sucess load to return 0 at load
[23:20:11] [NewConsole/Info] [Client Run/Thread] [System plug-in unit] The package extr/sr is sucess load to return 0 at load
[23:20:11] [NewConsole/Info] [Client Run/Thread] [System plug-in unit] The package extr/cmd is sucess load to return 0 at load
[23:20:11] [NewConsole/Info] [Client Run/Thread] [System plug-in unit] The package extr/cw is sucess load to return 0 at load
[23:20:11] [NewConsole/Info] [Client Run/Thread] [System plug-in unit] The package extr/client/HPC is sucess load to return 0 at load
[23:20:11] [NewConsole/Info] [Client Run/Thread] [System plug-in unit] The package extr/server/SPC is sucess load to return 0 at load
[23:20:11] [NewConsole/Info] [Client Run/Thread] [System plug-in unit] The package SystemCmdExtr/Shell is sucess load to return 0 at load
[23:20:11] [NewConsole/Info] [Client Run/Thread] ] * load
[23:20:11] [NewConsole/Info] [Client Run/Thread] load[
[23:20:11] [NewConsole/Info] [Client Run/Thread] [System plug-in unit] The package SystemCmdExtr/Helper is sucess load to return 0 at load
[23:20:11] [NewConsole/Info] [Client Run/Thread] [System plug-in unit] The package SystemCmdExtr/LoadRun is sucess load to return 0 at load
[23:20:11] [NewConsole/Info] [Client Run/Thread] [System plug-in unit] The package extr/cw is sucess load to return 0 at load
[23:20:11] [NewConsole/Info] [Client Run/Thread] ] * load
[23:20:11] [NewConsole/Info] [Client Run/Thread] 启动窗体，加载程序
[23:20:12] [NewConsole/Info] [Client Run/Thread] loading[
[23:20:12] [NewConsole/Info] [Client Run/Thread] [System plug-in unit] The package extr/mo is sucess load to return 0 at loading
[23:20:13] [NewConsole/Info] [Client Run/Thread] [System plug-in unit] The package extr/cmd is sucess load to return 0 at getcmd
[23:20:13] [NewConsole/Info] [Client Run/Thread] [System plug-in unit] The package extr/cw is sucess load to return 0 at getcmd
[23:20:13] [NewConsole/Info] [Client Run/Thread] [System plug-in unit] The package extr/client/HPC is sucess load to return 0 at getcmd
[23:20:13] [NewConsole/Info] [Client Run/Thread] [System plug-in unit] The package extr/server/SPC is sucess load to return 0 at getcmd
[23:20:13] [NewConsole/Info] [Client Run/Thread] [System plug-in unit] The package SystemCmdExtr/Shell is sucess load to return 0 at getcmd
[23:20:13] [NewConsole/Info] [Client Run/Thread] [System plug-in unit] The package extr/cmd is sucess load to return 0 at runload
[23:20:13] [NewConsole/Info] [Client Run/Thread] [System plug-in unit] The package extr/sr is sucess load to return 0 at loading
[23:20:13] [NewConsole/Info] [Client Run/Thread] [System plug-in unit] The package extr/cmd is sucess load to return 0 at loading
[23:20:13] [NewConsole/Info] [Client Run/Thread] [System plug-in unit] The package extr/cw is sucess load to return 0 at loading
[23:20:13] [NewConsole/Info] [Client Run/Thread] [System plug-in unit] The package extr/client/HPC is sucess load to return 0 at loading
[23:20:13] [NewConsole/Info] [Client Run/Thread] [System plug-in unit] The package extr/server/SPC is sucess load to return 0 at loading
[23:20:13] [NewConsole/Info] [Client Run/Thread] [System plug-in unit] The package SystemCmdExtr/Shell is sucess load to return 0 at loading
[23:20:13] [NewConsole/Info] [Client Run/Thread] ] * loading


[23:20:34] [NewConsole/Info] [/Thread] [System plug-in unit] The package extr/cmd is sucess load to return 0 at run
[23:20:37] [NewConsole/Info] [Main Window System/Thread] close[
[23:20:37] [NewConsole/Info] [Main Window System/Thread] [System plug-in unit] The package extr/mo is sucess load to return 0 at close
[23:20:37] [NewConsole/Info] [Main Window System/Thread] [System plug-in unit] The package extr/sr is sucess load to return 0 at close
[23:20:37] [NewConsole/Info] [Main Window System/Thread] [System plug-in unit] The package extr/cmd is sucess load to return 0 at close
[23:20:37] [NewConsole/Info] [Main Window System/Thread] [System plug-in unit] The package extr/cw is sucess load to return 0 at close
[23:20:37] [NewConsole/Info] [Main Window System/Thread] [System plug-in unit] The package extr/client/HPC is sucess load to return 0 at close
[23:20:37] [NewConsole/Info] [Main Window System/Thread] [System plug-in unit] The package extr/server/SPC is sucess load to return 0 at close
[23:20:37] [NewConsole/Info] [Main Window System/Thread] [System plug-in unit] The package SystemCmdExtr/Shell is sucess load to return 0 at close
[23:20:37] [NewConsole/Info] [Main Window System/Thread] ] * close

[23:24:3] [NewConsole/Info] [Client Run/Thread] 加载启动
[23:24:3] [NewConsole/Info] [Client Run/Thread] [Memory] 成功创建分配
[23:24:3] [NewConsole/Warn] [Client Run/Thread] [Menory] About creat memory
name LoadSmPro
Bytes(MB) 1024
[23:24:3] [NewConsole/Info] [Client Run/Thread] [Memory] 正在解析数据...请稍后
[23:24:3] [NewConsole/Info] [Client Run/Thread] [LC] 标签解析完毕，正在传递给内存中...
[23:24:4] [NewConsole/Info] [Client Run/Thread] 成功
[23:24:7] [NewConsole/Warn] [Client Run/Thread] 创建From大小为 x:800 y:600
[23:24:7] [NewConsole/Warn] [Client Run/Thread] 使用这个语言在加载时或完毕时 zh-cn
[23:24:7] [NewConsole/Warn] [Client Run/Thread] 是否放大在加载窗体True
[23:24:7] [NewConsole/Warn] [Client Run/Thread]  [MakeArg] path mo to extr/mo
[23:24:7] [NewConsole/Warn] [Client Run/Thread]  [MakeArg] path sr to extr/sr
[23:24:7] [NewConsole/Warn] [Client Run/Thread]  [MakeArg] path cmd to extr/cmd
[23:24:7] [NewConsole/Warn] [Client Run/Thread]  [MakeArg] path cw to extr/cw
[23:24:7] [NewConsole/Warn] [Client Run/Thread]  [MakeArg] path client/HPC to extr/client/HPC
[23:24:7] [NewConsole/Warn] [Client Run/Thread]  [MakeArg] path server/SPC to extr/server/SPC
[23:24:7] [NewConsole/Warn] [Client Run/Thread]  [MakeArg] path cw to extr/cw
[23:24:8] [NewConsole/Info] [Client Run/Thread] load[
[23:24:8] [NewConsole/Info] [Client Run/Thread] [System plug-in unit] The package extr/mo is sucess load to return 0 at load
[23:24:8] [NewConsole/Info] [Client Run/Thread] [System plug-in unit] The package extr/sr is sucess load to return 0 at load
[23:24:8] [NewConsole/Info] [Client Run/Thread] [System plug-in unit] The package extr/cmd is sucess load to return 0 at load
[23:24:8] [NewConsole/Info] [Client Run/Thread] [System plug-in unit] The package extr/cw is sucess load to return 0 at load
[23:24:8] [NewConsole/Info] [Client Run/Thread] [System plug-in unit] The package extr/client/HPC is sucess load to return 0 at load
[23:24:8] [NewConsole/Info] [Client Run/Thread] [System plug-in unit] The package extr/server/SPC is sucess load to return 0 at load
[23:24:8] [NewConsole/Info] [Client Run/Thread] [System plug-in unit] The package SystemCmdExtr/Shell is sucess load to return 0 at load
[23:24:8] [NewConsole/Info] [Client Run/Thread] ] * load
[23:24:8] [NewConsole/Info] [Client Run/Thread] load[
[23:24:8] [NewConsole/Info] [Client Run/Thread] [System plug-in unit] The package SystemCmdExtr/Helper is sucess load to return 0 at load
[23:24:8] [NewConsole/Info] [Client Run/Thread] [System plug-in unit] The package SystemCmdExtr/LoadRun is sucess load to return 0 at load
[23:24:8] [NewConsole/Info] [Client Run/Thread] [System plug-in unit] The package extr/cw is sucess load to return 0 at load
[23:24:8] [NewConsole/Info] [Client Run/Thread] ] * load
[23:24:8] [NewConsole/Info] [Client Run/Thread] 启动窗体，加载程序
[23:24:9] [NewConsole/Info] [Client Run/Thread] loading[
[23:24:9] [NewConsole/Info] [Client Run/Thread] [System plug-in unit] The package extr/mo is sucess load to return 0 at loading
[23:24:9] [NewConsole/Info] [Client Run/Thread] [System plug-in unit] The package extr/cmd is sucess load to return 0 at getcmd
[23:24:9] [NewConsole/Info] [Client Run/Thread] [System plug-in unit] The package extr/cw is sucess load to return 0 at getcmd
[23:24:9] [NewConsole/Info] [Client Run/Thread] [System plug-in unit] The package extr/client/HPC is sucess load to return 0 at getcmd
[23:24:9] [NewConsole/Info] [Client Run/Thread] [System plug-in unit] The package extr/server/SPC is sucess load to return 0 at getcmd
[23:24:9] [NewConsole/Info] [Client Run/Thread] [System plug-in unit] The package SystemCmdExtr/Shell is sucess load to return 0 at getcmd
[23:24:9] [NewConsole/Info] [Client Run/Thread] [System plug-in unit] The package extr/cmd is sucess load to return 0 at runload
[23:24:9] [NewConsole/Info] [Client Run/Thread] [System plug-in unit] The package extr/sr is sucess load to return 0 at loading
[23:24:9] [NewConsole/Info] [Client Run/Thread] [System plug-in unit] The package extr/cmd is sucess load to return 0 at loading
[23:24:9] [NewConsole/Info] [Client Run/Thread] [System plug-in unit] The package extr/cw is sucess load to return 0 at loading
[23:24:9] [NewConsole/Info] [Client Run/Thread] [System plug-in unit] The package extr/client/HPC is sucess load to return 0 at loading
[23:24:9] [NewConsole/Info] [Client Run/Thread] [System plug-in unit] The package extr/server/SPC is sucess load to return 0 at loading
[23:24:9] [NewConsole/Info] [Client Run/Thread] [System plug-in unit] The package SystemCmdExtr/Shell is sucess load to return 0 at loading
[23:24:9] [NewConsole/Info] [Client Run/Thread] ] * loading

[23:24:25] [NewConsole/Info] [/Thread] [System plug-in unit] The package extr/cmd is sucess load to return 0 at run
[23:24:26] [NewConsole/Info] [Main Window System/Thread] close[
[23:24:26] [NewConsole/Info] [Main Window System/Thread] [System plug-in unit] The package extr/mo is sucess load to return 0 at close
[23:24:26] [NewConsole/Info] [Main Window System/Thread] [System plug-in unit] The package extr/sr is sucess load to return 0 at close
[23:24:26] [NewConsole/Info] [Main Window System/Thread] [System plug-in unit] The package extr/cmd is sucess load to return 0 at close
[23:24:26] [NewConsole/Info] [Main Window System/Thread] [System plug-in unit] The package extr/cw is sucess load to return 0 at close
[23:24:26] [NewConsole/Info] [Main Window System/Thread] [System plug-in unit] The package extr/client/HPC is sucess load to return 0 at close
[23:24:26] [NewConsole/Info] [Main Window System/Thread] [System plug-in unit] The package extr/server/SPC is sucess load to return 0 at close
[23:24:26] [NewConsole/Info] [Main Window System/Thread] [System plug-in unit] The package SystemCmdExtr/Shell is sucess load to return 0 at close
[23:24:26] [NewConsole/Info] [Main Window System/Thread] ] * close

[23:26:24] [NewConsole/Info] [Client Run/Thread] 加载启动
[23:26:25] [NewConsole/Info] [Client Run/Thread] [Memory] 成功创建分配
[23:26:25] [NewConsole/Warn] [Client Run/Thread] [Menory] About creat memory
name LoadSmPro
Bytes(MB) 1024
[23:26:25] [NewConsole/Info] [Client Run/Thread] [Memory] 正在解析数据...请稍后
[23:26:25] [NewConsole/Info] [Client Run/Thread] [LC] 标签解析完毕，正在传递给内存中...
[23:26:25] [NewConsole/Info] [Client Run/Thread] 成功
[23:26:28] [NewConsole/Warn] [Client Run/Thread] 创建From大小为 x:800 y:600
[23:26:28] [NewConsole/Warn] [Client Run/Thread] 使用这个语言在加载时或完毕时 zh-cn
[23:26:28] [NewConsole/Warn] [Client Run/Thread] 是否放大在加载窗体True
[23:26:28] [NewConsole/Warn] [Client Run/Thread]  [MakeArg] path mo to extr/mo
[23:26:28] [NewConsole/Warn] [Client Run/Thread]  [MakeArg] path sr to extr/sr
[23:26:28] [NewConsole/Warn] [Client Run/Thread]  [MakeArg] path cmd to extr/cmd
[23:26:28] [NewConsole/Warn] [Client Run/Thread]  [MakeArg] path cw to extr/cw
[23:26:28] [NewConsole/Warn] [Client Run/Thread]  [MakeArg] path client/HPC to extr/client/HPC
[23:26:28] [NewConsole/Warn] [Client Run/Thread]  [MakeArg] path server/SPC to extr/server/SPC
[23:26:28] [NewConsole/Warn] [Client Run/Thread]  [MakeArg] path cw to extr/cw
[23:26:29] [NewConsole/Info] [Client Run/Thread] load[
[23:26:29] [NewConsole/Info] [Client Run/Thread] [System plug-in unit] The package extr/mo is sucess load to return 0 at load
[23:26:30] [NewConsole/Info] [Client Run/Thread] [System plug-in unit] The package extr/sr is sucess load to return 0 at load
[23:26:30] [NewConsole/Info] [Client Run/Thread] [System plug-in unit] The package extr/cmd is sucess load to return 0 at load
[23:26:30] [NewConsole/Info] [Client Run/Thread] [System plug-in unit] The package extr/cw is sucess load to return 0 at load
[23:26:30] [NewConsole/Info] [Client Run/Thread] [System plug-in unit] The package extr/client/HPC is sucess load to return 0 at load
[23:26:30] [NewConsole/Info] [Client Run/Thread] [System plug-in unit] The package extr/server/SPC is sucess load to return 0 at load
[23:26:30] [NewConsole/Info] [Client Run/Thread] [System plug-in unit] The package SystemCmdExtr/Shell is sucess load to return 0 at load
[23:26:30] [NewConsole/Info] [Client Run/Thread] ] * load
[23:26:30] [NewConsole/Info] [Client Run/Thread] load[
[23:26:30] [NewConsole/Info] [Client Run/Thread] [System plug-in unit] The package SystemCmdExtr/Helper is sucess load to return 0 at load
[23:26:30] [NewConsole/Info] [Client Run/Thread] [System plug-in unit] The package SystemCmdExtr/LoadRun is sucess load to return 0 at load
[23:26:30] [NewConsole/Info] [Client Run/Thread] [System plug-in unit] The package extr/cw is sucess load to return 0 at load
[23:26:30] [NewConsole/Info] [Client Run/Thread] ] * load
[23:26:30] [NewConsole/Info] [Client Run/Thread] 启动窗体，加载程序
[23:26:30] [NewConsole/Info] [Client Run/Thread] loading[
[23:26:30] [NewConsole/Info] [Client Run/Thread] [System plug-in unit] The package extr/mo is sucess load to return 0 at loading
[23:26:31] [NewConsole/Info] [Client Run/Thread] [System plug-in unit] The package extr/cmd is sucess load to return 0 at getcmd
[23:26:31] [NewConsole/Info] [Client Run/Thread] [System plug-in unit] The package extr/cw is sucess load to return 0 at getcmd
[23:26:31] [NewConsole/Info] [Client Run/Thread] [System plug-in unit] The package extr/client/HPC is sucess load to return 0 at getcmd
[23:26:31] [NewConsole/Info] [Client Run/Thread] [System plug-in unit] The package extr/server/SPC is sucess load to return 0 at getcmd
[23:26:31] [NewConsole/Info] [Client Run/Thread] [System plug-in unit] The package SystemCmdExtr/Shell is sucess load to return 0 at getcmd
[23:26:31] [NewConsole/Info] [Client Run/Thread] [System plug-in unit] The package extr/cmd is sucess load to return 0 at runload
[23:26:31] [NewConsole/Info] [Client Run/Thread] [System plug-in unit] The package extr/sr is sucess load to return 0 at loading
[23:26:31] [NewConsole/Info] [Client Run/Thread] [System plug-in unit] The package extr/cmd is sucess load to return 0 at loading
[23:26:31] [NewConsole/Info] [Client Run/Thread] [System plug-in unit] The package extr/cw is sucess load to return 0 at loading
[23:26:31] [NewConsole/Info] [Client Run/Thread] [System plug-in unit] The package extr/client/HPC is sucess load to return 0 at loading
[23:26:31] [NewConsole/Info] [Client Run/Thread] [System plug-in unit] The package extr/server/SPC is sucess load to return 0 at loading
[23:26:31] [NewConsole/Info] [Client Run/Thread] [System plug-in unit] The package SystemCmdExtr/Shell is sucess load to return 0 at loading
[23:26:31] [NewConsole/Info] [Client Run/Thread] ] * loading



[23:27:8] [NewConsole/Info] [Main Window System/Thread] close[
[23:27:8] [NewConsole/Info] [Main Window System/Thread] [System plug-in unit] The package extr/cmd is sucess load to return 0 at close
[23:27:8] [NewConsole/Info] [Main Window System/Thread] [System plug-in unit] The package extr/cw is sucess load to return 0 at close
[23:27:8] [NewConsole/Info] [Main Window System/Thread] [System plug-in unit] The package extr/client/HPC is sucess load to return 0 at close
[23:27:8] [NewConsole/Info] [Main Window System/Thread] [System plug-in unit] The package extr/server/SPC is sucess load to return 0 at close
[23:27:8] [NewConsole/Info] [Main Window System/Thread] [System plug-in unit] The package SystemCmdExtr/Shell is sucess load to return 0 at close
[23:27:8] [NewConsole/Info] [Main Window System/Thread] ] * close

[23:29:40] [NewConsole/Info] [Client Run/Thread] 加载启动
[23:29:42] [NewConsole/Info] [Client Run/Thread] [Memory] 成功创建分配
[23:29:42] [NewConsole/Warn] [Client Run/Thread] [Menory] About creat memory
name LoadSmPro
Bytes(MB) 1024
[23:29:42] [NewConsole/Info] [Client Run/Thread] [Memory] 正在解析数据...请稍后
[23:29:42] [NewConsole/Info] [Client Run/Thread] [LC] 标签解析完毕，正在传递给内存中...
[23:29:42] [NewConsole/Info] [Client Run/Thread] 成功
[23:29:46] [NewConsole/Warn] [Client Run/Thread] 创建From大小为 x:800 y:600
[23:29:46] [NewConsole/Warn] [Client Run/Thread] 使用这个语言在加载时或完毕时 zh-cn
[23:29:46] [NewConsole/Warn] [Client Run/Thread] 是否放大在加载窗体True
[23:29:46] [NewConsole/Warn] [Client Run/Thread]  [MakeArg] path mo to extr/mo
[23:29:46] [NewConsole/Warn] [Client Run/Thread]  [MakeArg] path sr to extr/sr
[23:29:46] [NewConsole/Warn] [Client Run/Thread]  [MakeArg] path cmd to extr/cmd
[23:29:46] [NewConsole/Warn] [Client Run/Thread]  [MakeArg] path cw to extr/cw
[23:29:46] [NewConsole/Warn] [Client Run/Thread]  [MakeArg] path client/HPC to extr/client/HPC
[23:29:46] [NewConsole/Warn] [Client Run/Thread]  [MakeArg] path server/SPC to extr/server/SPC
[23:29:46] [NewConsole/Warn] [Client Run/Thread]  [MakeArg] path cw to extr/cw
[23:29:47] [NewConsole/Info] [Client Run/Thread] load[
[23:29:48] [NewConsole/Info] [Client Run/Thread] [System plug-in unit] The package extr/mo is sucess load to return 0 at load
[23:29:48] [NewConsole/Info] [Client Run/Thread] [System plug-in unit] The package extr/sr is sucess load to return 0 at load
[23:29:48] [NewConsole/Info] [Client Run/Thread] [System plug-in unit] The package extr/cmd is sucess load to return 0 at load
[23:29:48] [NewConsole/Info] [Client Run/Thread] [System plug-in unit] The package extr/cw is sucess load to return 0 at load
[23:29:48] [NewConsole/Info] [Client Run/Thread] [System plug-in unit] The package extr/client/HPC is sucess load to return 0 at load
[23:29:48] [NewConsole/Info] [Client Run/Thread] [System plug-in unit] The package extr/server/SPC is sucess load to return 0 at load
[23:29:48] [NewConsole/Info] [Client Run/Thread] [System plug-in unit] The package SystemCmdExtr/Shell is sucess load to return 0 at load
[23:29:48] [NewConsole/Info] [Client Run/Thread] ] * load
[23:29:48] [NewConsole/Info] [Client Run/Thread] load[
[23:29:48] [NewConsole/Info] [Client Run/Thread] [System plug-in unit] The package SystemCmdExtr/Helper is sucess load to return 0 at load
[23:29:48] [NewConsole/Info] [Client Run/Thread] [System plug-in unit] The package SystemCmdExtr/LoadRun is sucess load to return 0 at load
[23:29:48] [NewConsole/Info] [Client Run/Thread] [System plug-in unit] The package extr/cw is sucess load to return 0 at load
[23:29:48] [NewConsole/Info] [Client Run/Thread] ] * load
[23:29:48] [NewConsole/Info] [Client Run/Thread] 启动窗体，加载程序
[23:29:49] [NewConsole/Info] [Client Run/Thread] loading[
[23:29:49] [NewConsole/Info] [Client Run/Thread] [System plug-in unit] The package extr/mo is sucess load to return 0 at loading
[23:29:50] [NewConsole/Info] [Client Run/Thread] [System plug-in unit] The package extr/cmd is sucess load to return 0 at getcmd
[23:29:50] [NewConsole/Info] [Client Run/Thread] [System plug-in unit] The package extr/cw is sucess load to return 0 at getcmd
[23:29:50] [NewConsole/Info] [Client Run/Thread] [System plug-in unit] The package extr/client/HPC is sucess load to return 0 at getcmd
[23:29:50] [NewConsole/Info] [Client Run/Thread] [System plug-in unit] The package extr/server/SPC is sucess load to return 0 at getcmd
[23:29:50] [NewConsole/Info] [Client Run/Thread] [System plug-in unit] The package SystemCmdExtr/Shell is sucess load to return 0 at getcmd
[23:29:50] [NewConsole/Info] [Client Run/Thread] [System plug-in unit] The package extr/cmd is sucess load to return 0 at runload
[23:29:50] [NewConsole/Info] [Client Run/Thread] [System plug-in unit] The package extr/sr is sucess load to return 0 at loading
[23:29:50] [NewConsole/Info] [Client Run/Thread] [System plug-in unit] The package extr/cmd is sucess load to return 0 at loading
[23:29:50] [NewConsole/Info] [Client Run/Thread] [System plug-in unit] The package extr/cw is sucess load to return 0 at loading
[23:29:50] [NewConsole/Info] [Client Run/Thread] [System plug-in unit] The package extr/client/HPC is sucess load to return 0 at loading
[23:29:50] [NewConsole/Info] [Client Run/Thread] [System plug-in unit] The package extr/server/SPC is sucess load to return 0 at loading
[23:29:50] [NewConsole/Info] [Client Run/Thread] [System plug-in unit] The package SystemCmdExtr/Shell is sucess load to return 0 at loading
[23:29:50] [NewConsole/Info] [Client Run/Thread] ] * loading

[23:29:57] [NewConsole/Info] [/Thread] [System plug-in unit] The package extr/cmd is sucess load to return 0 at run


[23:30:22] [NewConsole/Info] [Main Window System/Thread] close[
[23:30:22] [NewConsole/Info] [Main Window System/Thread] [System plug-in unit] The package extr/mo is sucess load to return 0 at close
[23:30:22] [NewConsole/Info] [Main Window System/Thread] [System plug-in unit] The package extr/sr is sucess load to return 0 at close
[23:30:22] [NewConsole/Info] [Main Window System/Thread] [System plug-in unit] The package extr/cmd is sucess load to return 0 at close
[23:30:22] [NewConsole/Info] [Main Window System/Thread] [System plug-in unit] The package extr/cw is sucess load to return 0 at close
[23:30:22] [NewConsole/Info] [Main Window System/Thread] [System plug-in unit] The package extr/client/HPC is sucess load to return 0 at close
[23:30:22] [NewConsole/Info] [Main Window System/Thread] [System plug-in unit] The package extr/server/SPC is sucess load to return 0 at close
[23:30:22] [NewConsole/Info] [Main Window System/Thread] [System plug-in unit] The package SystemCmdExtr/Shell is sucess load to return 0 at close
[23:30:22] [NewConsole/Info] [Main Window System/Thread] ] * close

[23:42:37] [NewConsole/Info] [Client Run/Thread] 加载启动
[23:42:37] [NewConsole/Info] [Client Run/Thread] [Memory] 成功创建分配
[23:42:37] [NewConsole/Warn] [Client Run/Thread] [Menory] About creat memory
name LoadSmPro
Bytes(MB) 1024
[23:42:37] [NewConsole/Info] [Client Run/Thread] [Memory] 正在解析数据...请稍后
[23:42:37] [NewConsole/Info] [Client Run/Thread] [LC] 标签解析完毕，正在传递给内存中...
[23:42:37] [NewConsole/Info] [Client Run/Thread] 成功
[23:42:40] [NewConsole/Warn] [Client Run/Thread] 创建From大小为 x:800 y:600
[23:42:40] [NewConsole/Warn] [Client Run/Thread] 使用这个语言在加载时或完毕时 zh-cn
[23:42:40] [NewConsole/Warn] [Client Run/Thread] 是否放大在加载窗体True
[23:42:40] [NewConsole/Warn] [Client Run/Thread]  [MakeArg] path mo to extr/mo
[23:42:40] [NewConsole/Warn] [Client Run/Thread]  [MakeArg] path sr to extr/sr
[23:42:40] [NewConsole/Warn] [Client Run/Thread]  [MakeArg] path cmd to extr/cmd
[23:42:40] [NewConsole/Warn] [Client Run/Thread]  [MakeArg] path cw to extr/cw
[23:42:40] [NewConsole/Warn] [Client Run/Thread]  [MakeArg] path client/HPC to extr/client/HPC
[23:42:40] [NewConsole/Warn] [Client Run/Thread]  [MakeArg] path server/SPC to extr/server/SPC
[23:42:40] [NewConsole/Warn] [Client Run/Thread]  [MakeArg] path cw to extr/cw
[23:42:41] [NewConsole/Info] [Client Run/Thread] load[
[23:42:41] [NewConsole/Info] [Client Run/Thread] [System plug-in unit] The package extr/mo is sucess load to return 0 at load
[23:42:41] [NewConsole/Info] [Client Run/Thread] [System plug-in unit] The package extr/sr is sucess load to return 0 at load
[23:42:41] [NewConsole/Info] [Client Run/Thread] [System plug-in unit] The package extr/cmd is sucess load to return 0 at load
[23:42:42] [NewConsole/Info] [Client Run/Thread] [System plug-in unit] The package extr/cw is sucess load to return 0 at load
[23:42:42] [NewConsole/Info] [Client Run/Thread] [System plug-in unit] The package extr/client/HPC is sucess load to return 0 at load
[23:42:42] [NewConsole/Info] [Client Run/Thread] [System plug-in unit] The package extr/server/SPC is sucess load to return 0 at load
[23:42:42] [NewConsole/Info] [Client Run/Thread] [System plug-in unit] The package SystemCmdExtr/Shell is sucess load to return 0 at load
[23:42:42] [NewConsole/Info] [Client Run/Thread] ] * load
[23:42:42] [NewConsole/Info] [Client Run/Thread] load[
[23:42:42] [NewConsole/Info] [Client Run/Thread] [System plug-in unit] The package SystemCmdExtr/Helper is sucess load to return 0 at load
[23:42:42] [NewConsole/Info] [Client Run/Thread] [System plug-in unit] The package SystemCmdExtr/LoadRun is sucess load to return 0 at load
[23:42:42] [NewConsole/Info] [Client Run/Thread] [System plug-in unit] The package extr/cw is sucess load to return 0 at load
[23:42:42] [NewConsole/Info] [Client Run/Thread] ] * load
[23:42:42] [NewConsole/Info] [Client Run/Thread] 启动窗体，加载程序
[23:42:42] [NewConsole/Info] [Client Run/Thread] loading[
[23:42:42] [NewConsole/Info] [Client Run/Thread] [System plug-in unit] The package extr/mo is sucess load to return 0 at loading
[23:42:42] [NewConsole/Info] [Client Run/Thread] [System plug-in unit] The package extr/cmd is sucess load to return 0 at getcmd
[23:42:42] [NewConsole/Info] [Client Run/Thread] [System plug-in unit] The package extr/cw is sucess load to return 0 at getcmd
[23:42:42] [NewConsole/Info] [Client Run/Thread] [System plug-in unit] The package extr/client/HPC is sucess load to return 0 at getcmd
[23:42:42] [NewConsole/Info] [Client Run/Thread] [System plug-in unit] The package extr/server/SPC is sucess load to return 0 at getcmd
[23:42:42] [NewConsole/Info] [Client Run/Thread] [System plug-in unit] The package SystemCmdExtr/Shell is sucess load to return 0 at getcmd
[23:42:42] [NewConsole/Info] [Client Run/Thread] [System plug-in unit] The package extr/cmd is sucess load to return 0 at runload
[23:42:42] [NewConsole/Info] [Client Run/Thread] [System plug-in unit] The package extr/sr is sucess load to return 0 at loading
[23:42:42] [NewConsole/Info] [Client Run/Thread] [System plug-in unit] The package extr/cmd is sucess load to return 0 at loading
[23:42:42] [NewConsole/Info] [Client Run/Thread] [System plug-in unit] The package extr/cw is sucess load to return 0 at loading
[23:42:42] [NewConsole/Info] [Client Run/Thread] [System plug-in unit] The package extr/client/HPC is sucess load to return 0 at loading
[23:42:43] [NewConsole/Info] [Client Run/Thread] [System plug-in unit] The package extr/server/SPC is sucess load to return 0 at loading
[23:42:43] [NewConsole/Info] [Client Run/Thread] [System plug-in unit] The package SystemCmdExtr/Shell is sucess load to return 0 at loading
[23:42:43] [NewConsole/Info] [Client Run/Thread] ] * loading






[23:43:52] [NewConsole/Info] [/Thread] [System plug-in unit] The package extr/cmd is sucess load to return 0 at run
[23:43:55] [NewConsole/Info] [Main Window System/Thread] close[
[23:43:55] [NewConsole/Info] [Main Window System/Thread] [System plug-in unit] The package extr/mo is sucess load to return 0 at close
[23:43:55] [NewConsole/Info] [Main Window System/Thread] [System plug-in unit] The package extr/sr is sucess load to return 0 at close
[23:43:55] [NewConsole/Info] [Main Window System/Thread] [System plug-in unit] The package extr/cmd is sucess load to return 0 at close
[23:43:55] [NewConsole/Info] [Main Window System/Thread] [System plug-in unit] The package extr/cw is sucess load to return 0 at close
[23:43:55] [NewConsole/Info] [Main Window System/Thread] [System plug-in unit] The package extr/client/HPC is sucess load to return 0 at close
[23:43:55] [NewConsole/Info] [Main Window System/Thread] [System plug-in unit] The package extr/server/SPC is sucess load to return 0 at close
[23:43:55] [NewConsole/Info] [Main Window System/Thread] [System plug-in unit] The package SystemCmdExtr/Shell is sucess load to return 0 at close
[23:43:55] [NewConsole/Info] [Main Window System/Thread] ] * close

[23:46:2] [NewConsole/Info] [Client Run/Thread] 加载启动
[23:46:3] [NewConsole/Info] [Client Run/Thread] [Memory] 成功创建分配
[23:46:3] [NewConsole/Warn] [Client Run/Thread] [Menory] About creat memory
name LoadSmPro
Bytes(MB) 1024
[23:46:3] [NewConsole/Info] [Client Run/Thread] [Memory] 正在解析数据...请稍后
[23:46:3] [NewConsole/Info] [Client Run/Thread] [LC] 标签解析完毕，正在传递给内存中...
[23:46:3] [NewConsole/Info] [Client Run/Thread] 成功
[23:46:6] [NewConsole/Warn] [Client Run/Thread] 创建From大小为 x:800 y:600
[23:46:6] [NewConsole/Warn] [Client Run/Thread] 使用这个语言在加载时或完毕时 zh-cn
[23:46:6] [NewConsole/Warn] [Client Run/Thread] 是否放大在加载窗体True
[23:46:6] [NewConsole/Warn] [Client Run/Thread]  [MakeArg] path mo to extr/mo
[23:46:6] [NewConsole/Warn] [Client Run/Thread]  [MakeArg] path sr to extr/sr
[23:46:6] [NewConsole/Warn] [Client Run/Thread]  [MakeArg] path cmd to extr/cmd
[23:46:6] [NewConsole/Warn] [Client Run/Thread]  [MakeArg] path cw to extr/cw
[23:46:6] [NewConsole/Warn] [Client Run/Thread]  [MakeArg] path client/HPC to extr/client/HPC
[23:46:6] [NewConsole/Warn] [Client Run/Thread]  [MakeArg] path server/SPC to extr/server/SPC
[23:46:6] [NewConsole/Warn] [Client Run/Thread]  [MakeArg] path cw to extr/cw
[23:46:7] [NewConsole/Info] [Client Run/Thread] load[
[23:46:7] [NewConsole/Info] [Client Run/Thread] [System plug-in unit] The package extr/mo is sucess load to return 0 at load
[23:46:7] [NewConsole/Info] [Client Run/Thread] [System plug-in unit] The package extr/sr is sucess load to return 0 at load
[23:46:7] [NewConsole/Info] [Client Run/Thread] [System plug-in unit] The package extr/cmd is sucess load to return 0 at load
[23:46:7] [NewConsole/Info] [Client Run/Thread] [System plug-in unit] The package extr/cw is sucess load to return 0 at load
[23:46:7] [NewConsole/Info] [Client Run/Thread] [System plug-in unit] The package extr/client/HPC is sucess load to return 0 at load
[23:46:7] [NewConsole/Info] [Client Run/Thread] [System plug-in unit] The package extr/server/SPC is sucess load to return 0 at load
[23:46:7] [NewConsole/Info] [Client Run/Thread] [System plug-in unit] The package SystemCmdExtr/Shell is sucess load to return 0 at load
[23:46:7] [NewConsole/Info] [Client Run/Thread] ] * load
[23:46:7] [NewConsole/Info] [Client Run/Thread] load[
[23:46:7] [NewConsole/Info] [Client Run/Thread] [System plug-in unit] The package SystemCmdExtr/Helper is sucess load to return 0 at load
[23:46:7] [NewConsole/Info] [Client Run/Thread] [System plug-in unit] The package SystemCmdExtr/LoadRun is sucess load to return 0 at load
[23:46:7] [NewConsole/Info] [Client Run/Thread] [System plug-in unit] The package extr/cw is sucess load to return 0 at load
[23:46:7] [NewConsole/Info] [Client Run/Thread] ] * load
[23:46:7] [NewConsole/Info] [Client Run/Thread] 启动窗体，加载程序
[23:46:8] [NewConsole/Info] [Client Run/Thread] loading[
[23:46:8] [NewConsole/Info] [Client Run/Thread] [System plug-in unit] The package extr/mo is sucess load to return 0 at loading
[23:46:8] [NewConsole/Info] [Client Run/Thread] [System plug-in unit] The package extr/cmd is sucess load to return 0 at getcmd
[23:46:8] [NewConsole/Info] [Client Run/Thread] [System plug-in unit] The package extr/cw is sucess load to return 0 at getcmd
[23:46:8] [NewConsole/Info] [Client Run/Thread] [System plug-in unit] The package extr/client/HPC is sucess load to return 0 at getcmd
[23:46:8] [NewConsole/Info] [Client Run/Thread] [System plug-in unit] The package extr/server/SPC is sucess load to return 0 at getcmd
[23:46:8] [NewConsole/Info] [Client Run/Thread] [System plug-in unit] The package SystemCmdExtr/Shell is sucess load to return 0 at getcmd
[23:46:8] [NewConsole/Info] [Client Run/Thread] [System plug-in unit] The package extr/cmd is sucess load to return 0 at runload
[23:46:8] [NewConsole/Info] [Client Run/Thread] [System plug-in unit] The package extr/sr is sucess load to return 0 at loading
[23:46:8] [NewConsole/Info] [Client Run/Thread] [System plug-in unit] The package extr/cmd is sucess load to return 0 at loading
[23:46:8] [NewConsole/Info] [Client Run/Thread] [System plug-in unit] The package extr/cw is sucess load to return 0 at loading
[23:46:8] [NewConsole/Info] [Client Run/Thread] [System plug-in unit] The package extr/client/HPC is sucess load to return 0 at loading
[23:46:8] [NewConsole/Info] [Client Run/Thread] [System plug-in unit] The package extr/server/SPC is sucess load to return 0 at loading
[23:46:8] [NewConsole/Info] [Client Run/Thread] [System plug-in unit] The package SystemCmdExtr/Shell is sucess load to return 0 at loading
[23:46:8] [NewConsole/Info] [Client Run/Thread] ] * loading





[23:47:5] [NewConsole/Info] [Main Window System/Thread] close[
[23:47:5] [NewConsole/Info] [Main Window System/Thread] [System plug-in unit] The package extr/cmd is sucess load to return 0 at close
[23:47:5] [NewConsole/Info] [Main Window System/Thread] [System plug-in unit] The package extr/cw is sucess load to return 0 at close
[23:47:5] [NewConsole/Info] [Main Window System/Thread] [System plug-in unit] The package extr/client/HPC is sucess load to return 0 at close
[23:47:5] [NewConsole/Info] [Main Window System/Thread] [System plug-in unit] The package extr/server/SPC is sucess load to return 0 at close
[23:47:5] [NewConsole/Info] [Main Window System/Thread] [System plug-in unit] The package SystemCmdExtr/Shell is sucess load to return 0 at close
[23:47:5] [NewConsole/Info] [Main Window System/Thread] ] * close

[23:48:28] [NewConsole/Info] [Client Run/Thread] 加载启动
[23:48:28] [NewConsole/Info] [Client Run/Thread] [Memory] 成功创建分配
[23:48:28] [NewConsole/Warn] [Client Run/Thread] [Menory] About creat memory
name LoadSmPro
Bytes(MB) 1024
[23:48:28] [NewConsole/Info] [Client Run/Thread] [Memory] 正在解析数据...请稍后
[23:48:28] [NewConsole/Info] [Client Run/Thread] [LC] 标签解析完毕，正在传递给内存中...
[23:48:28] [NewConsole/Info] [Client Run/Thread] 成功
[23:48:32] [NewConsole/Warn] [Client Run/Thread] 创建From大小为 x:800 y:600
[23:48:32] [NewConsole/Warn] [Client Run/Thread] 使用这个语言在加载时或完毕时 zh-cn
[23:48:32] [NewConsole/Warn] [Client Run/Thread] 是否放大在加载窗体True
[23:48:32] [NewConsole/Warn] [Client Run/Thread]  [MakeArg] path mo to extr/mo
[23:48:32] [NewConsole/Warn] [Client Run/Thread]  [MakeArg] path sr to extr/sr
[23:48:32] [NewConsole/Warn] [Client Run/Thread]  [MakeArg] path cmd to extr/cmd
[23:48:32] [NewConsole/Warn] [Client Run/Thread]  [MakeArg] path cw to extr/cw
[23:48:32] [NewConsole/Warn] [Client Run/Thread]  [MakeArg] path client/HPC to extr/client/HPC
[23:48:32] [NewConsole/Warn] [Client Run/Thread]  [MakeArg] path server/SPC to extr/server/SPC
[23:48:32] [NewConsole/Warn] [Client Run/Thread]  [MakeArg] path cw to extr/cw
[23:48:33] [NewConsole/Info] [Client Run/Thread] load[
[23:48:33] [NewConsole/Info] [Client Run/Thread] [System plug-in unit] The package extr/mo is sucess load to return 0 at load
[23:48:33] [NewConsole/Info] [Client Run/Thread] [System plug-in unit] The package extr/sr is sucess load to return 0 at load
[23:48:33] [NewConsole/Info] [Client Run/Thread] [System plug-in unit] The package extr/cmd is sucess load to return 0 at load
[23:48:33] [NewConsole/Info] [Client Run/Thread] [System plug-in unit] The package extr/cw is sucess load to return 0 at load
[23:48:33] [NewConsole/Info] [Client Run/Thread] [System plug-in unit] The package extr/client/HPC is sucess load to return 0 at load
[23:48:33] [NewConsole/Info] [Client Run/Thread] [System plug-in unit] The package extr/server/SPC is sucess load to return 0 at load
[23:48:33] [NewConsole/Info] [Client Run/Thread] [System plug-in unit] The package SystemCmdExtr/Shell is sucess load to return 0 at load
[23:48:33] [NewConsole/Info] [Client Run/Thread] ] * load
[23:48:33] [NewConsole/Info] [Client Run/Thread] load[
[23:48:33] [NewConsole/Info] [Client Run/Thread] [System plug-in unit] The package SystemCmdExtr/Helper is sucess load to return 0 at load
[23:48:33] [NewConsole/Info] [Client Run/Thread] [System plug-in unit] The package SystemCmdExtr/LoadRun is sucess load to return 0 at load
[23:48:33] [NewConsole/Info] [Client Run/Thread] [System plug-in unit] The package extr/cw is sucess load to return 0 at load
[23:48:33] [NewConsole/Info] [Client Run/Thread] ] * load
[23:48:33] [NewConsole/Info] [Client Run/Thread] 启动窗体，加载程序
[23:48:34] [NewConsole/Info] [Client Run/Thread] loading[
[23:48:34] [NewConsole/Info] [Client Run/Thread] [System plug-in unit] The package extr/mo is sucess load to return 0 at loading
[23:48:34] [NewConsole/Info] [Client Run/Thread] [System plug-in unit] The package extr/cmd is sucess load to return 0 at getcmd
[23:48:34] [NewConsole/Info] [Client Run/Thread] [System plug-in unit] The package extr/cw is sucess load to return 0 at getcmd
[23:48:34] [NewConsole/Info] [Client Run/Thread] [System plug-in unit] The package extr/client/HPC is sucess load to return 0 at getcmd
[23:48:34] [NewConsole/Info] [Client Run/Thread] [System plug-in unit] The package extr/server/SPC is sucess load to return 0 at getcmd
[23:48:34] [NewConsole/Info] [Client Run/Thread] [System plug-in unit] The package SystemCmdExtr/Shell is sucess load to return 0 at getcmd
[23:48:34] [NewConsole/Info] [Client Run/Thread] [System plug-in unit] The package extr/cmd is sucess load to return 0 at runload
[23:48:34] [NewConsole/Info] [Client Run/Thread] [System plug-in unit] The package extr/sr is sucess load to return 0 at loading
[23:48:34] [NewConsole/Info] [Client Run/Thread] [System plug-in unit] The package extr/cmd is sucess load to return 0 at loading
[23:48:34] [NewConsole/Info] [Client Run/Thread] [System plug-in unit] The package extr/cw is sucess load to return 0 at loading
[23:48:34] [NewConsole/Info] [Client Run/Thread] [System plug-in unit] The package extr/client/HPC is sucess load to return 0 at loading
[23:48:34] [NewConsole/Info] [Client Run/Thread] [System plug-in unit] The package extr/server/SPC is sucess load to return 0 at loading
[23:48:34] [NewConsole/Info] [Client Run/Thread] [System plug-in unit] The package SystemCmdExtr/Shell is sucess load to return 0 at loading
[23:48:34] [NewConsole/Info] [Client Run/Thread] ] * loading


[23:48:53] [NewConsole/Info] [/Thread] [System plug-in unit] The package extr/cmd is sucess load to return 0 at run































[23:55:5] [NewConsole/Info] [Main Window System/Thread] close[
[23:55:5] [NewConsole/Info] [Main Window System/Thread] [System plug-in unit] The package extr/mo is sucess load to return 0 at close
[23:55:5] [NewConsole/Info] [Main Window System/Thread] [System plug-in unit] The package extr/sr is sucess load to return 0 at close
[23:55:5] [NewConsole/Info] [Main Window System/Thread] [System plug-in unit] The package extr/cmd is sucess load to return 0 at close
[23:55:5] [NewConsole/Info] [Main Window System/Thread] [System plug-in unit] The package extr/cw is sucess load to return 0 at close
[23:55:5] [NewConsole/Info] [Main Window System/Thread] [System plug-in unit] The package extr/client/HPC is sucess load to return 0 at close
[23:55:5] [NewConsole/Info] [Main Window System/Thread] [System plug-in unit] The package extr/server/SPC is sucess load to return 0 at close
[23:55:5] [NewConsole/Info] [Main Window System/Thread] [System plug-in unit] The package SystemCmdExtr/Shell is sucess load to return 0 at close
[23:55:5] [NewConsole/Info] [Main Window System/Thread] ] * close

[23:57:42] [NewConsole/Info] [Client Run/Thread] 加载启动
[23:57:42] [NewConsole/Info] [Client Run/Thread] [Memory] 成功创建分配
[23:57:42] [NewConsole/Warn] [Client Run/Thread] [Menory] About creat memory
name LoadSmPro
Bytes(MB) 1024
[23:57:42] [NewConsole/Info] [Client Run/Thread] [Memory] 正在解析数据...请稍后
[23:57:42] [NewConsole/Info] [Client Run/Thread] [LC] 标签解析完毕，正在传递给内存中...
[23:57:43] [NewConsole/Info] [Client Run/Thread] 成功
[23:57:46] [NewConsole/Warn] [Client Run/Thread] 创建From大小为 x:800 y:600
[23:57:46] [NewConsole/Warn] [Client Run/Thread] 使用这个语言在加载时或完毕时 zh-cn
[23:57:46] [NewConsole/Warn] [Client Run/Thread] 是否放大在加载窗体True
[23:57:46] [NewConsole/Warn] [Client Run/Thread]  [MakeArg] path mo to extr/mo
[23:57:46] [NewConsole/Warn] [Client Run/Thread]  [MakeArg] path sr to extr/sr
[23:57:46] [NewConsole/Warn] [Client Run/Thread]  [MakeArg] path cmd to extr/cmd
[23:57:46] [NewConsole/Warn] [Client Run/Thread]  [MakeArg] path cw to extr/cw
[23:57:46] [NewConsole/Warn] [Client Run/Thread]  [MakeArg] path client/HPC to extr/client/HPC
[23:57:46] [NewConsole/Warn] [Client Run/Thread]  [MakeArg] path server/SPC to extr/server/SPC
[23:57:46] [NewConsole/Warn] [Client Run/Thread]  [MakeArg] path cw to extr/cw
[23:57:47] [NewConsole/Info] [Client Run/Thread] load[
[23:57:47] [NewConsole/Info] [Client Run/Thread] [System plug-in unit] The package extr/mo is sucess load to return 0 at load
[23:57:47] [NewConsole/Info] [Client Run/Thread] [System plug-in unit] The package extr/sr is sucess load to return 0 at load
[23:57:47] [NewConsole/Info] [Client Run/Thread] [System plug-in unit] The package extr/cmd is sucess load to return 0 at load
[23:57:47] [NewConsole/Info] [Client Run/Thread] [System plug-in unit] The package extr/cw is sucess load to return 0 at load
[23:57:47] [NewConsole/Info] [Client Run/Thread] [System plug-in unit] The package extr/client/HPC is sucess load to return 0 at load
[23:57:47] [NewConsole/Info] [Client Run/Thread] [System plug-in unit] The package extr/server/SPC is sucess load to return 0 at load
[23:57:47] [NewConsole/Info] [Client Run/Thread] [System plug-in unit] The package SystemCmdExtr/Shell is sucess load to return 0 at load
[23:57:47] [NewConsole/Info] [Client Run/Thread] ] * load
[23:57:47] [NewConsole/Info] [Client Run/Thread] load[
[23:57:47] [NewConsole/Info] [Client Run/Thread] [System plug-in unit] The package SystemCmdExtr/Helper is sucess load to return 0 at load
[23:57:47] [NewConsole/Info] [Client Run/Thread] [System plug-in unit] The package SystemCmdExtr/LoadRun is sucess load to return 0 at load
[23:57:47] [NewConsole/Info] [Client Run/Thread] [System plug-in unit] The package extr/cw is sucess load to return 0 at load
[23:57:47] [NewConsole/Info] [Client Run/Thread] ] * load
[23:57:47] [NewConsole/Info] [Client Run/Thread] 启动窗体，加载程序
[23:57:48] [NewConsole/Info] [Client Run/Thread] loading[
[23:57:48] [NewConsole/Info] [Client Run/Thread] [System plug-in unit] The package extr/mo is sucess load to return 0 at loading
[23:57:48] [NewConsole/Info] [Client Run/Thread] [System plug-in unit] The package extr/cmd is sucess load to return 0 at getcmd
[23:57:48] [NewConsole/Info] [Client Run/Thread] [System plug-in unit] The package extr/cw is sucess load to return 0 at getcmd
[23:57:48] [NewConsole/Info] [Client Run/Thread] [System plug-in unit] The package extr/client/HPC is sucess load to return 0 at getcmd
[23:57:48] [NewConsole/Info] [Client Run/Thread] [System plug-in unit] The package extr/server/SPC is sucess load to return 0 at getcmd
[23:57:48] [NewConsole/Info] [Client Run/Thread] [System plug-in unit] The package SystemCmdExtr/Shell is sucess load to return 0 at getcmd
[23:57:48] [NewConsole/Info] [Client Run/Thread] [System plug-in unit] The package extr/cmd is sucess load to return 0 at runload
[23:57:48] [NewConsole/Info] [Client Run/Thread] [System plug-in unit] The package extr/sr is sucess load to return 0 at loading
[23:57:48] [NewConsole/Info] [Client Run/Thread] [System plug-in unit] The package extr/cmd is sucess load to return 0 at loading
[23:57:48] [NewConsole/Info] [Client Run/Thread] [System plug-in unit] The package extr/cw is sucess load to return 0 at loading
[23:57:48] [NewConsole/Info] [Client Run/Thread] [System plug-in unit] The package extr/client/HPC is sucess load to return 0 at loading
[23:57:48] [NewConsole/Info] [Client Run/Thread] [System plug-in unit] The package extr/server/SPC is sucess load to return 0 at loading
[23:57:48] [NewConsole/Info] [Client Run/Thread] [System plug-in unit] The package SystemCmdExtr/Shell is sucess load to return 0 at loading
[23:57:48] [NewConsole/Info] [Client Run/Thread] ] * loading




[23:58:31] [NewConsole/Info] [Main Window System/Thread] close[
[23:58:31] [NewConsole/Info] [Main Window System/Thread] [System plug-in unit] The package extr/cmd is sucess load to return 0 at close
[23:58:31] [NewConsole/Info] [Main Window System/Thread] [System plug-in unit] The package extr/cw is sucess load to return 0 at close
[23:58:31] [NewConsole/Info] [Main Window System/Thread] [System plug-in unit] The package extr/client/HPC is sucess load to return 0 at close
[23:58:31] [NewConsole/Info] [Main Window System/Thread] [System plug-in unit] The package extr/server/SPC is sucess load to return 0 at close
[23:58:31] [NewConsole/Info] [Main Window System/Thread] [System plug-in unit] The package SystemCmdExtr/Shell is sucess load to return 0 at close
[23:58:31] [NewConsole/Info] [Main Window System/Thread] ] * close

