#Console Printf about side
#       Code Memory this...
#       WriteTime about (s)37
#
#Endl
[0:32:25] [ServerNewConsole/Info] [Client Run/Thread] 加载启动
[0:32:27] [ServerNewConsole/Info] [Client Run/Thread] [Memory] 成功创建分配
[0:32:27] [ServerNewConsole/Warn] [Client Run/Thread] [Menory] About creat memory
name LoadSmPro
Bytes(MB) 1024
[0:32:27] [ServerNewConsole/Info] [Client Run/Thread] [Memory] 正在解析数据...请稍后
[0:32:27] [ServerNewConsole/Info] [Client Run/Thread] [LC] 标签解析完毕，正在传递给内存中...
[0:32:27] [ServerNewConsole/Info] [Client Run/Thread] 成功
[0:32:28] [ServerNewConsole/Warn] [Client Run/Thread] [Sever] Sever Start
[0:32:30] [ServerNewConsole/Warn] [Client Run/Thread] 使用这个语言在加载时或完毕时 zh-cn
[0:32:30] [ServerNewConsole/Warn] [Client Run/Thread]  [MakeArg] path cmd to extr/cmd
[0:32:30] [ServerNewConsole/Warn] [Client Run/Thread]  [MakeArg] path runcmd to extr/runcmd
[0:32:30] [ServerNewConsole/Warn] [Client Run/Thread]  [MakeArg] path server/SPC to extr/server/SPC
[0:32:31] [ServerNewConsole/Info] [Client Run/Thread] load[
[0:32:32] [ServerNewConsole/Info] [Client Run/Thread] [System plug-in unit] The package extr/cmd is sucess load to return 0 at load
[0:32:32] [ServerNewConsole/Info] [Client Run/Thread] [System plug-in unit] The package extr/runcmd is sucess load to return 0 at load
[0:32:32] [ServerNewConsole/Info] [Client Run/Thread] [System plug-in unit] The package extr/server/SPC is sucess load to return 0 at load
[0:32:32] [ServerNewConsole/Info] [Client Run/Thread] ] * load
[0:32:32] [ServerNewConsole/Info] [Client Run/Thread] load[
[0:32:32] [ServerNewConsole/Info] [Client Run/Thread] [System plug-in unit] The package SystemCmdExtr/Helper is sucess load to return 0 at load
[0:32:33] [ServerNewConsole/Info] [Client Run/Thread] [System plug-in unit] The package SystemCmdExtr/LoadRun is sucess load to return 0 at load
[0:32:33] [ServerNewConsole/Info] [Client Run/Thread] ] * load
[0:32:33] [ServerNewConsole/Info] [Client Run/Thread] 启动窗体，加载程序
[0:32:33] [ServerNewConsole/Info] [Client Run/Thread] sever-loading[
[0:32:33] [ServerNewConsole/Info] [Client Run/Thread] ] * sever-loading

[0:32:59] [ServerNewConsole/Warn] [/Thread] 正在运行Close插件方法
[0:32:59] [ServerNewConsole/Info] [/Thread] close[
[0:32:59] [ServerNewConsole/Info] [/Thread] ] * close
[0:32:59] [ServerNewConsole/Warn] [/Thread] Close Object

[0:39:1] [ServerNewConsole/Info] [Client Run/Thread] 加载启动
[0:39:3] [ServerNewConsole/Info] [Client Run/Thread] [Memory] 成功创建分配
[0:39:3] [ServerNewConsole/Warn] [Client Run/Thread] [Menory] About creat memory
name LoadSmPro
Bytes(MB) 1024
[0:39:3] [ServerNewConsole/Info] [Client Run/Thread] [Memory] 正在解析数据...请稍后
[0:39:3] [ServerNewConsole/Info] [Client Run/Thread] [LC] 标签解析完毕，正在传递给内存中...
[0:39:3] [ServerNewConsole/Info] [Client Run/Thread] 成功
[0:39:4] [ServerNewConsole/Warn] [Client Run/Thread] [Sever] Sever Start
[0:39:6] [ServerNewConsole/Warn] [Client Run/Thread] 使用这个语言在加载时或完毕时 zh-cn
[0:39:6] [ServerNewConsole/Warn] [Client Run/Thread]  [MakeArg] path cmd to extr/cmd
[0:39:6] [ServerNewConsole/Warn] [Client Run/Thread]  [MakeArg] path runcmd to extr/runcmd
[0:39:6] [ServerNewConsole/Warn] [Client Run/Thread]  [MakeArg] path server/SPC to extr/server/SPC
[0:39:7] [ServerNewConsole/Info] [Client Run/Thread] load[
[0:39:7] [ServerNewConsole/Info] [Client Run/Thread] [System plug-in unit] The package extr/cmd is sucess load to return 0 at load
[0:39:7] [ServerNewConsole/Info] [Client Run/Thread] [System plug-in unit] The package extr/runcmd is sucess load to return 0 at load
[0:39:7] [ServerNewConsole/Info] [Client Run/Thread] [System plug-in unit] The package extr/server/SPC is sucess load to return 0 at load
[0:39:7] [ServerNewConsole/Info] [Client Run/Thread] ] * load
[0:39:7] [ServerNewConsole/Info] [Client Run/Thread] load[
[0:39:7] [ServerNewConsole/Info] [Client Run/Thread] [System plug-in unit] The package SystemCmdExtr/Helper is sucess load to return 0 at load
[0:39:7] [ServerNewConsole/Info] [Client Run/Thread] [System plug-in unit] The package SystemCmdExtr/LoadRun is sucess load to return 0 at load
[0:39:7] [ServerNewConsole/Info] [Client Run/Thread] ] * load
[0:39:7] [ServerNewConsole/Info] [Client Run/Thread] 启动窗体，加载程序
[0:39:8] [ServerNewConsole/Info] [Client Run/Thread] sever-loading[
[0:39:8] [ServerNewConsole/Info] [Client Run/Thread] ] * sever-loading






[0:40:16] [ServerNewConsole/Warn] [/Thread] 正在运行Close插件方法
[0:40:16] [ServerNewConsole/Info] [/Thread] close[
[0:40:16] [ServerNewConsole/Info] [/Thread] ] * close
[0:40:16] [ServerNewConsole/Warn] [/Thread] Close Object

[0:43:34] [ServerNewConsole/Info] [Client Run/Thread] 加载启动
[0:43:34] [ServerNewConsole/Info] [Client Run/Thread] [Memory] 成功创建分配
[0:43:34] [ServerNewConsole/Warn] [Client Run/Thread] [Menory] About creat memory
name LoadSmPro
Bytes(MB) 1024
[0:43:34] [ServerNewConsole/Info] [Client Run/Thread] [Memory] 正在解析数据...请稍后
[0:43:34] [ServerNewConsole/Info] [Client Run/Thread] [LC] 标签解析完毕，正在传递给内存中...
[0:43:34] [ServerNewConsole/Info] [Client Run/Thread] 成功
[0:43:35] [ServerNewConsole/Warn] [Client Run/Thread] [Sever] Sever Start
[0:43:37] [ServerNewConsole/Warn] [Client Run/Thread] 使用这个语言在加载时或完毕时 zh-cn
[0:43:37] [ServerNewConsole/Warn] [Client Run/Thread]  [MakeArg] path cmd to extr/cmd
[0:43:37] [ServerNewConsole/Warn] [Client Run/Thread]  [MakeArg] path runcmd to extr/runcmd
[0:43:37] [ServerNewConsole/Warn] [Client Run/Thread]  [MakeArg] path server/SPC to extr/server/SPC
[0:43:38] [ServerNewConsole/Info] [Client Run/Thread] load[
[0:43:38] [ServerNewConsole/Info] [Client Run/Thread] [System plug-in unit] The package extr/cmd is sucess load to return 0 at load
[0:43:38] [ServerNewConsole/Info] [Client Run/Thread] [System plug-in unit] The package extr/runcmd is sucess load to return 0 at load
[0:43:38] [ServerNewConsole/Info] [Client Run/Thread] [System plug-in unit] The package extr/server/SPC is sucess load to return 0 at load
[0:43:38] [ServerNewConsole/Info] [Client Run/Thread] ] * load
[0:43:38] [ServerNewConsole/Info] [Client Run/Thread] load[
[0:43:38] [ServerNewConsole/Info] [Client Run/Thread] [System plug-in unit] The package SystemCmdExtr/Helper is sucess load to return 0 at load
[0:43:39] [ServerNewConsole/Info] [Client Run/Thread] [System plug-in unit] The package SystemCmdExtr/LoadRun is sucess load to return 0 at load
[0:43:39] [ServerNewConsole/Info] [Client Run/Thread] ] * load
[0:43:39] [ServerNewConsole/Info] [Client Run/Thread] 启动窗体，加载程序
[0:43:39] [ServerNewConsole/Info] [Client Run/Thread] sever-loading[
[0:43:39] [ServerNewConsole/Info] [Client Run/Thread] ] * sever-loading





[0:44:40] [ServerNewConsole/Warn] [/Thread] 正在运行Close插件方法
[0:44:40] [ServerNewConsole/Info] [/Thread] close[
[0:44:40] [ServerNewConsole/Info] [/Thread] ] * close
[0:44:40] [ServerNewConsole/Warn] [/Thread] Close Object

[0:50:7] [ServerNewConsole/Info] [Client Run/Thread] 加载启动
[0:50:7] [ServerNewConsole/Info] [Client Run/Thread] [Memory] 成功创建分配
[0:50:7] [ServerNewConsole/Warn] [Client Run/Thread] [Menory] About creat memory
name LoadSmPro
Bytes(MB) 1024
[0:50:7] [ServerNewConsole/Info] [Client Run/Thread] [Memory] 正在解析数据...请稍后
[0:50:7] [ServerNewConsole/Info] [Client Run/Thread] [LC] 标签解析完毕，正在传递给内存中...
[0:50:7] [ServerNewConsole/Info] [Client Run/Thread] 成功
[0:50:8] [ServerNewConsole/Warn] [Client Run/Thread] [Sever] Sever Start
[0:50:10] [ServerNewConsole/Warn] [Client Run/Thread] 使用这个语言在加载时或完毕时 zh-cn
[0:50:10] [ServerNewConsole/Warn] [Client Run/Thread]  [MakeArg] path cmd to extr/cmd
[0:50:10] [ServerNewConsole/Warn] [Client Run/Thread]  [MakeArg] path runcmd to extr/runcmd
[0:50:10] [ServerNewConsole/Warn] [Client Run/Thread]  [MakeArg] path server/SPC to extr/server/SPC
[0:50:11] [ServerNewConsole/Info] [Client Run/Thread] load[
[0:50:11] [ServerNewConsole/Info] [Client Run/Thread] [System plug-in unit] The package extr/cmd is sucess load to return 0 at load
[0:50:11] [ServerNewConsole/Info] [Client Run/Thread] [System plug-in unit] The package extr/runcmd is sucess load to return 0 at load
[0:50:11] [ServerNewConsole/Info] [Client Run/Thread] [System plug-in unit] The package extr/server/SPC is sucess load to return 0 at load
[0:50:11] [ServerNewConsole/Info] [Client Run/Thread] ] * load
[0:50:11] [ServerNewConsole/Info] [Client Run/Thread] load[
[0:50:12] [ServerNewConsole/Info] [Client Run/Thread] [System plug-in unit] The package SystemCmdExtr/Helper is sucess load to return 0 at load
[0:50:12] [ServerNewConsole/Info] [Client Run/Thread] [System plug-in unit] The package SystemCmdExtr/LoadRun is sucess load to return 0 at load
[0:50:12] [ServerNewConsole/Info] [Client Run/Thread] ] * load
[0:50:12] [ServerNewConsole/Info] [Client Run/Thread] 启动窗体，加载程序
[0:50:12] [ServerNewConsole/Info] [Client Run/Thread] sever-loading[
[0:50:12] [ServerNewConsole/Info] [Client Run/Thread] ] * sever-loading





[0:51:12] [ServerNewConsole/Warn] [/Thread] 正在运行Close插件方法
[0:51:12] [ServerNewConsole/Info] [/Thread] close[
[0:51:12] [ServerNewConsole/Info] [/Thread] ] * close
[0:51:12] [ServerNewConsole/Warn] [/Thread] Close Object

[0:54:8] [ServerNewConsole/Info] [Client Run/Thread] 加载启动
[0:54:8] [ServerNewConsole/Info] [Client Run/Thread] [Memory] 成功创建分配
[0:54:8] [ServerNewConsole/Warn] [Client Run/Thread] [Menory] About creat memory
name LoadSmPro
Bytes(MB) 1024
[0:54:8] [ServerNewConsole/Info] [Client Run/Thread] [Memory] 正在解析数据...请稍后
[0:54:8] [ServerNewConsole/Info] [Client Run/Thread] [LC] 标签解析完毕，正在传递给内存中...
[0:54:8] [ServerNewConsole/Info] [Client Run/Thread] 成功
[0:54:9] [ServerNewConsole/Warn] [Client Run/Thread] [Sever] Sever Start
[0:54:11] [ServerNewConsole/Warn] [Client Run/Thread] 使用这个语言在加载时或完毕时 zh-cn
[0:54:11] [ServerNewConsole/Warn] [Client Run/Thread]  [MakeArg] path cmd to extr/cmd
[0:54:11] [ServerNewConsole/Warn] [Client Run/Thread]  [MakeArg] path runcmd to extr/runcmd
[0:54:11] [ServerNewConsole/Warn] [Client Run/Thread]  [MakeArg] path server/SPC to extr/server/SPC
[0:54:12] [ServerNewConsole/Info] [Client Run/Thread] load[
[0:54:12] [ServerNewConsole/Info] [Client Run/Thread] [System plug-in unit] The package extr/cmd is sucess load to return 0 at load
[0:54:12] [ServerNewConsole/Info] [Client Run/Thread] [System plug-in unit] The package extr/runcmd is sucess load to return 0 at load
[0:54:12] [ServerNewConsole/Info] [Client Run/Thread] [System plug-in unit] The package extr/server/SPC is sucess load to return 0 at load
[0:54:12] [ServerNewConsole/Info] [Client Run/Thread] ] * load
[0:54:12] [ServerNewConsole/Info] [Client Run/Thread] load[
[0:54:12] [ServerNewConsole/Info] [Client Run/Thread] [System plug-in unit] The package SystemCmdExtr/Helper is sucess load to return 0 at load
[0:54:12] [ServerNewConsole/Info] [Client Run/Thread] [System plug-in unit] The package SystemCmdExtr/LoadRun is sucess load to return 0 at load
[0:54:12] [ServerNewConsole/Info] [Client Run/Thread] ] * load
[0:54:12] [ServerNewConsole/Info] [Client Run/Thread] 启动窗体，加载程序
[0:54:13] [ServerNewConsole/Info] [Client Run/Thread] sever-loading[
[0:54:13] [ServerNewConsole/Info] [Client Run/Thread] ] * sever-loading

[0:54:32] [ServerNewConsole/Warn] [/Thread] 正在运行Close插件方法
[0:54:32] [ServerNewConsole/Info] [/Thread] close[
[0:54:32] [ServerNewConsole/Info] [/Thread] ] * close
[0:54:32] [ServerNewConsole/Warn] [/Thread] Close Object

[0:57:32] [ServerNewConsole/Info] [Client Run/Thread] 加载启动
[0:57:32] [ServerNewConsole/Info] [Client Run/Thread] [Memory] 成功创建分配
[0:57:32] [ServerNewConsole/Warn] [Client Run/Thread] [Menory] About creat memory
name LoadSmPro
Bytes(MB) 1024
[0:57:32] [ServerNewConsole/Info] [Client Run/Thread] [Memory] 正在解析数据...请稍后
[0:57:32] [ServerNewConsole/Info] [Client Run/Thread] [LC] 标签解析完毕，正在传递给内存中...
[0:57:32] [ServerNewConsole/Info] [Client Run/Thread] 成功
[0:57:33] [ServerNewConsole/Warn] [Client Run/Thread] [Sever] Sever Start
[0:57:35] [ServerNewConsole/Warn] [Client Run/Thread] 使用这个语言在加载时或完毕时 zh-cn
[0:57:35] [ServerNewConsole/Warn] [Client Run/Thread]  [MakeArg] path cmd to extr/cmd
[0:57:35] [ServerNewConsole/Warn] [Client Run/Thread]  [MakeArg] path runcmd to extr/runcmd
[0:57:35] [ServerNewConsole/Warn] [Client Run/Thread]  [MakeArg] path server/SPC to extr/server/SPC
[0:57:36] [ServerNewConsole/Info] [Client Run/Thread] load[
[0:57:36] [ServerNewConsole/Info] [Client Run/Thread] [System plug-in unit] The package extr/cmd is sucess load to return 0 at load
[0:57:36] [ServerNewConsole/Info] [Client Run/Thread] [System plug-in unit] The package extr/runcmd is sucess load to return 0 at load
[0:57:36] [ServerNewConsole/Info] [Client Run/Thread] [System plug-in unit] The package extr/server/SPC is sucess load to return 0 at load
[0:57:36] [ServerNewConsole/Info] [Client Run/Thread] ] * load
[0:57:36] [ServerNewConsole/Info] [Client Run/Thread] load[
[0:57:37] [ServerNewConsole/Info] [Client Run/Thread] [System plug-in unit] The package SystemCmdExtr/Helper is sucess load to return 0 at load
[0:57:37] [ServerNewConsole/Info] [Client Run/Thread] [System plug-in unit] The package SystemCmdExtr/LoadRun is sucess load to return 0 at load
[0:57:37] [ServerNewConsole/Info] [Client Run/Thread] ] * load
[0:57:37] [ServerNewConsole/Info] [Client Run/Thread] 启动窗体，加载程序
[0:57:37] [ServerNewConsole/Info] [Client Run/Thread] sever-loading[
[0:57:37] [ServerNewConsole/Info] [Client Run/Thread] ] * sever-loading

[0:57:52] [ServerNewConsole/Warn] [/Thread] 正在运行Close插件方法
[0:57:52] [ServerNewConsole/Info] [/Thread] close[
[0:57:52] [ServerNewConsole/Info] [/Thread] ] * close
[0:57:52] [ServerNewConsole/Warn] [/Thread] Close Object

