#Console Printf about side
#       Code Memory this...
#       WriteTime about (s)3
#
#Endl
[16:0:51] [NewConsole/Info] [Client Run/Thread] 加载启动
[16:0:52] [NewConsole/Info] [Client Run/Thread] [Memory] 成功创建分配
[16:0:52] [NewConsole/Warn] [Client Run/Thread] [Menory] About creat memory
name LoadSmPro
Bytes(MB) 1024
[16:0:52] [NewConsole/Info] [Client Run/Thread] [Memory] 正在解析数据...请稍后
[16:0:52] [NewConsole/Info] [Client Run/Thread] [LC] 标签解析完毕，正在传递给内存中...
[16:0:52] [NewConsole/Info] [Client Run/Thread] 成功
[16:0:55] [NewConsole/Warn] [Client Run/Thread] 创建From大小为 x:800 y:600
[16:0:55] [NewConsole/Warn] [Client Run/Thread] 使用这个语言在加载时或完毕时 zh-cn
[16:0:55] [NewConsole/Warn] [Client Run/Thread] 是否放大在加载窗体True
[16:0:55] [NewConsole/Warn] [Client Run/Thread]  [MakeArg] path mo to extr/mo
[16:0:55] [NewConsole/Warn] [Client Run/Thread]  [MakeArg] path sr to extr/sr
[16:0:55] [NewConsole/Warn] [Client Run/Thread]  [MakeArg] path cmd to extr/cmd
[16:0:55] [NewConsole/Warn] [Client Run/Thread]  [MakeArg] path cw to extr/cw
[16:0:55] [NewConsole/Warn] [Client Run/Thread]  [MakeArg] path client/HPC to extr/client/HPC
[16:0:55] [NewConsole/Warn] [Client Run/Thread]  [MakeArg] path server/SPC to extr/server/SPC
[16:0:55] [NewConsole/Warn] [Client Run/Thread]  [MakeArg] path cw to extr/cw
[16:0:56] [NewConsole/Info] [Client Run/Thread] load[
[16:0:57] [NewConsole/Info] [Client Run/Thread] [System plug-in unit] The package extr/mo is sucess load to return 0 at load
[16:0:57] [NewConsole/Info] [Client Run/Thread] [System plug-in unit] The package extr/sr is sucess load to return 0 at load
[16:0:57] [NewConsole/Info] [Client Run/Thread] [System plug-in unit] The package extr/cmd is sucess load to return 0 at load
[16:0:57] [NewConsole/Info] [Client Run/Thread] [System plug-in unit] The package extr/cw is sucess load to return 0 at load
[16:0:57] [NewConsole/Info] [Client Run/Thread] [System plug-in unit] The package extr/client/HPC is sucess load to return 0 at load
[16:0:57] [NewConsole/Info] [Client Run/Thread] [System plug-in unit] The package extr/server/SPC is sucess load to return 0 at load
[16:0:57] [NewConsole/Info] [Client Run/Thread] [System plug-in unit] The package SystemCmdExtr/Shell is sucess load to return 0 at load
[16:0:57] [NewConsole/Info] [Client Run/Thread] ] * load
[16:0:57] [NewConsole/Info] [Client Run/Thread] load[
[16:0:57] [NewConsole/Info] [Client Run/Thread] [System plug-in unit] The package SystemCmdExtr/Helper is sucess load to return 0 at load
[16:0:57] [NewConsole/Info] [Client Run/Thread] [System plug-in unit] The package SystemCmdExtr/LoadRun is sucess load to return 0 at load
[16:0:57] [NewConsole/Info] [Client Run/Thread] [System plug-in unit] The package extr/cw is sucess load to return 0 at load
[16:0:57] [NewConsole/Info] [Client Run/Thread] ] * load
[16:0:57] [NewConsole/Info] [Client Run/Thread] 启动窗体，加载程序
[16:0:57] [NewConsole/Info] [Client Run/Thread] loading[
[16:0:57] [NewConsole/Info] [Client Run/Thread] [System plug-in unit] The package extr/mo is sucess load to return 0 at loading
[16:0:57] [NewConsole/Info] [Client Run/Thread] [System plug-in unit] The package extr/cmd is sucess load to return 0 at getcmd
[16:0:57] [NewConsole/Info] [Client Run/Thread] [System plug-in unit] The package extr/cw is sucess load to return 0 at getcmd
[16:0:57] [NewConsole/Info] [Client Run/Thread] [System plug-in unit] The package extr/client/HPC is sucess load to return 0 at getcmd
[16:0:57] [NewConsole/Info] [Client Run/Thread] [System plug-in unit] The package extr/server/SPC is sucess load to return 0 at getcmd
[16:0:57] [NewConsole/Info] [Client Run/Thread] [System plug-in unit] The package SystemCmdExtr/Shell is sucess load to return 0 at getcmd
[16:0:57] [NewConsole/Info] [Client Run/Thread] [System plug-in unit] The package extr/cmd is sucess load to return 0 at runload
[16:0:58] [NewConsole/Info] [Client Run/Thread] [System plug-in unit] The package extr/sr is sucess load to return 0 at loading
[16:0:58] [NewConsole/Info] [Client Run/Thread] [System plug-in unit] The package extr/cmd is sucess load to return 0 at loading
[16:0:58] [NewConsole/Info] [Client Run/Thread] [System plug-in unit] The package extr/cw is sucess load to return 0 at loading
[16:0:58] [NewConsole/Info] [Client Run/Thread] [System plug-in unit] The package extr/client/HPC is sucess load to return 0 at loading
[16:0:58] [NewConsole/Info] [Client Run/Thread] [System plug-in unit] The package extr/server/SPC is sucess load to return 0 at loading
[16:0:58] [NewConsole/Info] [Client Run/Thread] [System plug-in unit] The package SystemCmdExtr/Shell is sucess load to return 0 at loading
[16:0:58] [NewConsole/Info] [Client Run/Thread] ] * loading
[16:1:7] [NewConsole/Info] [/Thread] [System plug-in unit] The package extr/cmd is sucess load to return 0 at run

[16:2:41] [NewConsole/Info] [Client Run/Thread] 加载启动
[16:2:42] [NewConsole/Info] [Client Run/Thread] [Memory] 成功创建分配
[16:2:42] [NewConsole/Warn] [Client Run/Thread] [Menory] About creat memory
name LoadSmPro
Bytes(MB) 1024
[16:2:42] [NewConsole/Info] [Client Run/Thread] [Memory] 正在解析数据...请稍后
[16:2:42] [NewConsole/Info] [Client Run/Thread] [LC] 标签解析完毕，正在传递给内存中...
[16:2:42] [NewConsole/Info] [Client Run/Thread] 成功
[16:2:45] [NewConsole/Warn] [Client Run/Thread] 创建From大小为 x:800 y:600
[16:2:45] [NewConsole/Warn] [Client Run/Thread] 使用这个语言在加载时或完毕时 zh-cn
[16:2:45] [NewConsole/Warn] [Client Run/Thread] 是否放大在加载窗体True
[16:2:46] [NewConsole/Warn] [Client Run/Thread]  [MakeArg] path mo to extr/mo
[16:2:46] [NewConsole/Warn] [Client Run/Thread]  [MakeArg] path sr to extr/sr
[16:2:46] [NewConsole/Warn] [Client Run/Thread]  [MakeArg] path cmd to extr/cmd
[16:2:46] [NewConsole/Warn] [Client Run/Thread]  [MakeArg] path cw to extr/cw
[16:2:46] [NewConsole/Warn] [Client Run/Thread]  [MakeArg] path client/HPC to extr/client/HPC
[16:2:46] [NewConsole/Warn] [Client Run/Thread]  [MakeArg] path server/SPC to extr/server/SPC
[16:2:46] [NewConsole/Warn] [Client Run/Thread]  [MakeArg] path cw to extr/cw
[16:2:47] [NewConsole/Info] [Client Run/Thread] load[
[16:2:47] [NewConsole/Info] [Client Run/Thread] [System plug-in unit] The package extr/mo is sucess load to return 0 at load
[16:2:47] [NewConsole/Info] [Client Run/Thread] [System plug-in unit] The package extr/sr is sucess load to return 0 at load
[16:2:47] [NewConsole/Info] [Client Run/Thread] [System plug-in unit] The package extr/cmd is sucess load to return 0 at load
[16:2:47] [NewConsole/Info] [Client Run/Thread] [System plug-in unit] The package extr/cw is sucess load to return 0 at load
[16:2:47] [NewConsole/Info] [Client Run/Thread] [System plug-in unit] The package extr/client/HPC is sucess load to return 0 at load
[16:2:47] [NewConsole/Info] [Client Run/Thread] [System plug-in unit] The package extr/server/SPC is sucess load to return 0 at load
[16:2:47] [NewConsole/Info] [Client Run/Thread] [System plug-in unit] The package SystemCmdExtr/Shell is sucess load to return 0 at load
[16:2:47] [NewConsole/Info] [Client Run/Thread] ] * load
[16:2:47] [NewConsole/Info] [Client Run/Thread] load[
[16:2:47] [NewConsole/Info] [Client Run/Thread] [System plug-in unit] The package SystemCmdExtr/Helper is sucess load to return 0 at load
[16:2:47] [NewConsole/Info] [Client Run/Thread] [System plug-in unit] The package SystemCmdExtr/LoadRun is sucess load to return 0 at load
[16:2:47] [NewConsole/Info] [Client Run/Thread] [System plug-in unit] The package extr/cw is sucess load to return 0 at load
[16:2:47] [NewConsole/Info] [Client Run/Thread] ] * load
[16:2:47] [NewConsole/Info] [Client Run/Thread] 启动窗体，加载程序
[16:2:48] [NewConsole/Info] [Client Run/Thread] loading[
[16:2:48] [NewConsole/Info] [Client Run/Thread] [System plug-in unit] The package extr/mo is sucess load to return 0 at loading
[16:2:48] [NewConsole/Info] [Client Run/Thread] [System plug-in unit] The package extr/cmd is sucess load to return 0 at getcmd
[16:2:48] [NewConsole/Info] [Client Run/Thread] [System plug-in unit] The package extr/cw is sucess load to return 0 at getcmd
[16:2:48] [NewConsole/Info] [Client Run/Thread] [System plug-in unit] The package extr/client/HPC is sucess load to return 0 at getcmd
[16:2:48] [NewConsole/Info] [Client Run/Thread] [System plug-in unit] The package extr/server/SPC is sucess load to return 0 at getcmd
[16:2:48] [NewConsole/Info] [Client Run/Thread] [System plug-in unit] The package SystemCmdExtr/Shell is sucess load to return 0 at getcmd
[16:2:48] [NewConsole/Info] [Client Run/Thread] [System plug-in unit] The package extr/cmd is sucess load to return 0 at runload
[16:2:48] [NewConsole/Info] [Client Run/Thread] [System plug-in unit] The package extr/sr is sucess load to return 0 at loading
[16:2:48] [NewConsole/Info] [Client Run/Thread] [System plug-in unit] The package extr/cmd is sucess load to return 0 at loading
[16:2:48] [NewConsole/Info] [Client Run/Thread] [System plug-in unit] The package extr/cw is sucess load to return 0 at loading
[16:2:48] [NewConsole/Info] [Client Run/Thread] [System plug-in unit] The package extr/client/HPC is sucess load to return 0 at loading
[16:2:48] [NewConsole/Info] [Client Run/Thread] [System plug-in unit] The package extr/server/SPC is sucess load to return 0 at loading
[16:2:48] [NewConsole/Info] [Client Run/Thread] [System plug-in unit] The package SystemCmdExtr/Shell is sucess load to return 0 at loading
[16:2:48] [NewConsole/Info] [Client Run/Thread] ] * loading

[16:2:57] [NewConsole/Info] [/Thread] [System plug-in unit] The package extr/cmd is sucess load to return 0 at run

[16:3:14] [NewConsole/Info] [/Thread] [System plug-in unit] The package extr/cmd is sucess load to return 0 at run


[16:3:32] [NewConsole/Info] [Main Window System/Thread] close[
[16:3:32] [NewConsole/Info] [Main Window System/Thread] [System plug-in unit] The package extr/mo is sucess load to return 0 at close
[16:3:32] [NewConsole/Info] [Main Window System/Thread] [System plug-in unit] The package extr/sr is sucess load to return 0 at close
[16:3:33] [NewConsole/Info] [Main Window System/Thread] [System plug-in unit] The package extr/cmd is sucess load to return 0 at close
[16:3:33] [NewConsole/Info] [Main Window System/Thread] [System plug-in unit] The package extr/cw is sucess load to return 0 at close
[16:3:33] [NewConsole/Info] [Main Window System/Thread] [System plug-in unit] The package extr/client/HPC is sucess load to return 0 at close
[16:3:33] [NewConsole/Info] [Main Window System/Thread] [System plug-in unit] The package extr/server/SPC is sucess load to return 0 at close
[16:3:33] [NewConsole/Info] [Main Window System/Thread] [System plug-in unit] The package SystemCmdExtr/Shell is sucess load to return 0 at close
[16:3:33] [NewConsole/Info] [Main Window System/Thread] ] * close

[16:10:3] [NewConsole/Info] [Client Run/Thread] 加载启动
[16:10:6] [NewConsole/Info] [Client Run/Thread] [Memory] 成功创建分配
[16:10:6] [NewConsole/Warn] [Client Run/Thread] [Menory] About creat memory
name LoadSmPro
Bytes(MB) 1024
[16:10:6] [NewConsole/Info] [Client Run/Thread] [Memory] 正在解析数据...请稍后
[16:10:6] [NewConsole/Info] [Client Run/Thread] [LC] 标签解析完毕，正在传递给内存中...
[16:10:6] [NewConsole/Info] [Client Run/Thread] 成功
[16:10:14] [NewConsole/Warn] [Client Run/Thread] 创建From大小为 x:800 y:600
[16:10:14] [NewConsole/Warn] [Client Run/Thread] 使用这个语言在加载时或完毕时 zh-cn
[16:10:14] [NewConsole/Warn] [Client Run/Thread] 是否放大在加载窗体True
[16:10:15] [NewConsole/Warn] [Client Run/Thread]  [MakeArg] path mo to extr/mo
[16:10:15] [NewConsole/Warn] [Client Run/Thread]  [MakeArg] path sr to extr/sr
[16:10:15] [NewConsole/Warn] [Client Run/Thread]  [MakeArg] path cmd to extr/cmd
[16:10:15] [NewConsole/Warn] [Client Run/Thread]  [MakeArg] path cw to extr/cw
[16:10:15] [NewConsole/Warn] [Client Run/Thread]  [MakeArg] path client/HPC to extr/client/HPC
[16:10:15] [NewConsole/Warn] [Client Run/Thread]  [MakeArg] path server/SPC to extr/server/SPC
[16:10:15] [NewConsole/Warn] [Client Run/Thread]  [MakeArg] path cw to extr/cw

[16:10:16] [NewConsole/Info] [Client Run/Thread] load[
[16:10:17] [NewConsole/Info] [Client Run/Thread] [System plug-in unit] The package extr/mo is sucess load to return 0 at load
[16:10:17] [NewConsole/Info] [Client Run/Thread] [System plug-in unit] The package extr/sr is sucess load to return 0 at load
[16:10:17] [NewConsole/Info] [Client Run/Thread] [System plug-in unit] The package extr/cmd is sucess load to return 0 at load
[16:10:17] [NewConsole/Info] [Client Run/Thread] [System plug-in unit] The package extr/cw is sucess load to return 0 at load
[16:10:17] [NewConsole/Info] [Client Run/Thread] [System plug-in unit] The package extr/client/HPC is sucess load to return 0 at load
[16:10:17] [NewConsole/Info] [Client Run/Thread] [System plug-in unit] The package extr/server/SPC is sucess load to return 0 at load
[16:10:17] [NewConsole/Info] [Client Run/Thread] [System plug-in unit] The package SystemCmdExtr/Shell is sucess load to return 0 at load
[16:10:17] [NewConsole/Info] [Client Run/Thread] ] * load
[16:10:17] [NewConsole/Info] [Client Run/Thread] load[
[16:10:17] [NewConsole/Info] [Client Run/Thread] [System plug-in unit] The package SystemCmdExtr/Helper is sucess load to return 0 at load
[16:10:17] [NewConsole/Info] [Client Run/Thread] [System plug-in unit] The package SystemCmdExtr/LoadRun is sucess load to return 0 at load
[16:10:17] [NewConsole/Info] [Client Run/Thread] [System plug-in unit] The package extr/cw is sucess load to return 0 at load
[16:10:17] [NewConsole/Info] [Client Run/Thread] ] * load
[16:10:17] [NewConsole/Info] [Client Run/Thread] 启动窗体，加载程序
[16:10:18] [NewConsole/Info] [Client Run/Thread] loading[
[16:10:18] [NewConsole/Info] [Client Run/Thread] [System plug-in unit] The package extr/mo is sucess load to return 0 at loading
[16:10:18] [NewConsole/Info] [Client Run/Thread] [System plug-in unit] The package extr/cmd is sucess load to return 0 at getcmd
[16:10:18] [NewConsole/Info] [Client Run/Thread] [System plug-in unit] The package extr/cw is sucess load to return 0 at getcmd
[16:10:18] [NewConsole/Info] [Client Run/Thread] [System plug-in unit] The package extr/client/HPC is sucess load to return 0 at getcmd
[16:10:18] [NewConsole/Info] [Client Run/Thread] [System plug-in unit] The package extr/server/SPC is sucess load to return 0 at getcmd
[16:10:18] [NewConsole/Info] [Client Run/Thread] [System plug-in unit] The package SystemCmdExtr/Shell is sucess load to return 0 at getcmd
[16:10:18] [NewConsole/Info] [Client Run/Thread] [System plug-in unit] The package extr/cmd is sucess load to return 0 at runload
[16:10:19] [NewConsole/Info] [Client Run/Thread] [System plug-in unit] The package extr/sr is sucess load to return 0 at loading
[16:10:19] [NewConsole/Info] [Client Run/Thread] [System plug-in unit] The package extr/cmd is sucess load to return 0 at loading
[16:10:19] [NewConsole/Info] [Client Run/Thread] [System plug-in unit] The package extr/cw is sucess load to return 0 at loading
[16:10:19] [NewConsole/Info] [Client Run/Thread] [System plug-in unit] The package extr/client/HPC is sucess load to return 0 at loading
[16:10:19] [NewConsole/Info] [Client Run/Thread] [System plug-in unit] The package extr/server/SPC is sucess load to return 0 at loading
[16:10:19] [NewConsole/Info] [Client Run/Thread] [System plug-in unit] The package SystemCmdExtr/Shell is sucess load to return 0 at loading
[16:10:19] [NewConsole/Info] [Client Run/Thread] ] * loading

[16:10:28] [NewConsole/Info] [/Thread] [System plug-in unit] The package extr/cmd is sucess load to return 0 at run


[16:11:31] [NewConsole/Info] [Client Run/Thread] 加载启动
[16:11:32] [NewConsole/Info] [Client Run/Thread] [Memory] 成功创建分配
[16:11:32] [NewConsole/Warn] [Client Run/Thread] [Menory] About creat memory
name LoadSmPro
Bytes(MB) 1024
[16:11:32] [NewConsole/Info] [Client Run/Thread] [Memory] 正在解析数据...请稍后
[16:11:32] [NewConsole/Info] [Client Run/Thread] [LC] 标签解析完毕，正在传递给内存中...
[16:11:32] [NewConsole/Info] [Client Run/Thread] 成功
[16:11:36] [NewConsole/Warn] [Client Run/Thread] 创建From大小为 x:800 y:600
[16:11:36] [NewConsole/Warn] [Client Run/Thread] 使用这个语言在加载时或完毕时 zh-cn
[16:11:36] [NewConsole/Warn] [Client Run/Thread] 是否放大在加载窗体True
[16:11:36] [NewConsole/Warn] [Client Run/Thread]  [MakeArg] path mo to extr/mo
[16:11:36] [NewConsole/Warn] [Client Run/Thread]  [MakeArg] path sr to extr/sr
[16:11:36] [NewConsole/Warn] [Client Run/Thread]  [MakeArg] path cmd to extr/cmd
[16:11:36] [NewConsole/Warn] [Client Run/Thread]  [MakeArg] path cw to extr/cw
[16:11:36] [NewConsole/Warn] [Client Run/Thread]  [MakeArg] path client/HPC to extr/client/HPC
[16:11:36] [NewConsole/Warn] [Client Run/Thread]  [MakeArg] path server/SPC to extr/server/SPC
[16:11:36] [NewConsole/Warn] [Client Run/Thread]  [MakeArg] path cw to extr/cw
[16:11:37] [NewConsole/Info] [Client Run/Thread] load[
[16:11:37] [NewConsole/Info] [Client Run/Thread] [System plug-in unit] The package extr/mo is sucess load to return 0 at load
[16:11:38] [NewConsole/Info] [Client Run/Thread] [System plug-in unit] The package extr/sr is sucess load to return 0 at load
[16:11:38] [NewConsole/Info] [Client Run/Thread] [System plug-in unit] The package extr/cmd is sucess load to return 0 at load
[16:11:38] [NewConsole/Info] [Client Run/Thread] [System plug-in unit] The package extr/cw is sucess load to return 0 at load
[16:11:38] [NewConsole/Info] [Client Run/Thread] [System plug-in unit] The package extr/client/HPC is sucess load to return 0 at load
[16:11:38] [NewConsole/Info] [Client Run/Thread] [System plug-in unit] The package extr/server/SPC is sucess load to return 0 at load
[16:11:38] [NewConsole/Info] [Client Run/Thread] [System plug-in unit] The package SystemCmdExtr/Shell is sucess load to return 0 at load
[16:11:38] [NewConsole/Info] [Client Run/Thread] ] * load
[16:11:38] [NewConsole/Info] [Client Run/Thread] load[
[16:11:38] [NewConsole/Info] [Client Run/Thread] [System plug-in unit] The package SystemCmdExtr/Helper is sucess load to return 0 at load
[16:11:38] [NewConsole/Info] [Client Run/Thread] [System plug-in unit] The package SystemCmdExtr/LoadRun is sucess load to return 0 at load
[16:11:38] [NewConsole/Info] [Client Run/Thread] [System plug-in unit] The package extr/cw is sucess load to return 0 at load
[16:11:38] [NewConsole/Info] [Client Run/Thread] ] * load
[16:11:38] [NewConsole/Info] [Client Run/Thread] 启动窗体，加载程序
[16:11:38] [NewConsole/Info] [Client Run/Thread] loading[
[16:11:38] [NewConsole/Info] [Client Run/Thread] [System plug-in unit] The package extr/mo is sucess load to return 0 at loading
[16:11:39] [NewConsole/Info] [Client Run/Thread] [System plug-in unit] The package extr/cmd is sucess load to return 0 at getcmd
[16:11:39] [NewConsole/Info] [Client Run/Thread] [System plug-in unit] The package extr/cw is sucess load to return 0 at getcmd
[16:11:39] [NewConsole/Info] [Client Run/Thread] [System plug-in unit] The package extr/client/HPC is sucess load to return 0 at getcmd
[16:11:39] [NewConsole/Info] [Client Run/Thread] [System plug-in unit] The package extr/server/SPC is sucess load to return 0 at getcmd
[16:11:39] [NewConsole/Info] [Client Run/Thread] [System plug-in unit] The package SystemCmdExtr/Shell is sucess load to return 0 at getcmd
[16:11:39] [NewConsole/Info] [Client Run/Thread] [System plug-in unit] The package extr/cmd is sucess load to return 0 at runload
[16:11:39] [NewConsole/Info] [Client Run/Thread] [System plug-in unit] The package extr/sr is sucess load to return 0 at loading
[16:11:39] [NewConsole/Info] [Client Run/Thread] [System plug-in unit] The package extr/cmd is sucess load to return 0 at loading
[16:11:39] [NewConsole/Info] [Client Run/Thread] [System plug-in unit] The package extr/cw is sucess load to return 0 at loading
[16:11:39] [NewConsole/Info] [Client Run/Thread] [System plug-in unit] The package extr/client/HPC is sucess load to return 0 at loading
[16:11:39] [NewConsole/Info] [Client Run/Thread] [System plug-in unit] The package extr/server/SPC is sucess load to return 0 at loading
[16:11:39] [NewConsole/Info] [Client Run/Thread] [System plug-in unit] The package SystemCmdExtr/Shell is sucess load to return 0 at loading
[16:11:39] [NewConsole/Info] [Client Run/Thread] ] * loading

[16:11:48] [NewConsole/Info] [/Thread] [System plug-in unit] The package extr/cmd is sucess load to return 0 at run



[16:12:22] [NewConsole/Info] [Main Window System/Thread] close[
[16:12:22] [NewConsole/Info] [Main Window System/Thread] [System plug-in unit] The package extr/mo is sucess load to return 0 at close
[16:12:22] [NewConsole/Info] [Main Window System/Thread] [System plug-in unit] The package extr/sr is sucess load to return 0 at close
[16:12:22] [NewConsole/Info] [Main Window System/Thread] [System plug-in unit] The package extr/cmd is sucess load to return 0 at close
[16:12:22] [NewConsole/Info] [Main Window System/Thread] [System plug-in unit] The package extr/cw is sucess load to return 0 at close
[16:12:22] [NewConsole/Info] [Main Window System/Thread] [System plug-in unit] The package extr/client/HPC is sucess load to return 0 at close
[16:12:22] [NewConsole/Info] [Main Window System/Thread] [System plug-in unit] The package extr/server/SPC is sucess load to return 0 at close
[16:12:22] [NewConsole/Info] [Main Window System/Thread] [System plug-in unit] The package SystemCmdExtr/Shell is sucess load to return 0 at close
[16:12:22] [NewConsole/Info] [Main Window System/Thread] ] * close

[16:15:37] [NewConsole/Info] [Client Run/Thread] 加载启动
[16:15:37] [NewConsole/Info] [Client Run/Thread] [Memory] 成功创建分配
[16:15:37] [NewConsole/Warn] [Client Run/Thread] [Menory] About creat memory
name LoadSmPro
Bytes(MB) 1024
[16:15:37] [NewConsole/Info] [Client Run/Thread] [Memory] 正在解析数据...请稍后
[16:15:37] [NewConsole/Info] [Client Run/Thread] [LC] 标签解析完毕，正在传递给内存中...
[16:15:37] [NewConsole/Info] [Client Run/Thread] 成功
[16:15:43] [NewConsole/Warn] [Client Run/Thread] 创建From大小为 x:800 y:600
[16:15:43] [NewConsole/Warn] [Client Run/Thread] 使用这个语言在加载时或完毕时 zh-cn
[16:15:43] [NewConsole/Warn] [Client Run/Thread] 是否放大在加载窗体True
[16:15:43] [NewConsole/Warn] [Client Run/Thread]  [MakeArg] path mo to extr/mo
[16:15:43] [NewConsole/Warn] [Client Run/Thread]  [MakeArg] path sr to extr/sr
[16:15:43] [NewConsole/Warn] [Client Run/Thread]  [MakeArg] path cmd to extr/cmd
[16:15:43] [NewConsole/Warn] [Client Run/Thread]  [MakeArg] path cw to extr/cw
[16:15:43] [NewConsole/Warn] [Client Run/Thread]  [MakeArg] path client/HPC to extr/client/HPC
[16:15:43] [NewConsole/Warn] [Client Run/Thread]  [MakeArg] path server/SPC to extr/server/SPC
[16:15:43] [NewConsole/Warn] [Client Run/Thread]  [MakeArg] path cw to extr/cw
[16:15:44] [NewConsole/Info] [Client Run/Thread] load[
[16:15:44] [NewConsole/Info] [Client Run/Thread] [System plug-in unit] The package extr/mo is sucess load to return 0 at load
[16:15:44] [NewConsole/Info] [Client Run/Thread] [System plug-in unit] The package extr/sr is sucess load to return 0 at load
[16:15:44] [NewConsole/Info] [Client Run/Thread] [System plug-in unit] The package extr/cmd is sucess load to return 0 at load
[16:15:44] [NewConsole/Info] [Client Run/Thread] [System plug-in unit] The package extr/cw is sucess load to return 0 at load
[16:15:44] [NewConsole/Info] [Client Run/Thread] [System plug-in unit] The package extr/client/HPC is sucess load to return 0 at load
[16:15:44] [NewConsole/Info] [Client Run/Thread] [System plug-in unit] The package extr/server/SPC is sucess load to return 0 at load
[16:15:44] [NewConsole/Info] [Client Run/Thread] [System plug-in unit] The package SystemCmdExtr/Shell is sucess load to return 0 at load
[16:15:44] [NewConsole/Info] [Client Run/Thread] ] * load
[16:15:44] [NewConsole/Info] [Client Run/Thread] load[
[16:15:44] [NewConsole/Info] [Client Run/Thread] [System plug-in unit] The package SystemCmdExtr/Helper is sucess load to return 0 at load
[16:15:44] [NewConsole/Info] [Client Run/Thread] [System plug-in unit] The package SystemCmdExtr/LoadRun is sucess load to return 0 at load
[16:15:45] [NewConsole/Info] [Client Run/Thread] [System plug-in unit] The package extr/cw is sucess load to return 0 at load
[16:15:45] [NewConsole/Info] [Client Run/Thread] ] * load
[16:15:45] [NewConsole/Info] [Client Run/Thread] 启动窗体，加载程序
[16:15:45] [NewConsole/Info] [Client Run/Thread] loading[
[16:15:45] [NewConsole/Info] [Client Run/Thread] [System plug-in unit] The package extr/mo is sucess load to return 0 at loading
[16:15:45] [NewConsole/Info] [Client Run/Thread] [System plug-in unit] The package extr/cmd is sucess load to return 0 at getcmd
[16:15:45] [NewConsole/Info] [Client Run/Thread] [System plug-in unit] The package extr/cw is sucess load to return 0 at getcmd
[16:15:45] [NewConsole/Info] [Client Run/Thread] [System plug-in unit] The package extr/client/HPC is sucess load to return 0 at getcmd
[16:15:45] [NewConsole/Info] [Client Run/Thread] [System plug-in unit] The package extr/server/SPC is sucess load to return 0 at getcmd
[16:15:46] [NewConsole/Info] [Client Run/Thread] [System plug-in unit] The package SystemCmdExtr/Shell is sucess load to return 0 at getcmd
[16:15:46] [NewConsole/Info] [Client Run/Thread] [System plug-in unit] The package extr/cmd is sucess load to return 0 at runload
[16:15:46] [NewConsole/Info] [Client Run/Thread] [System plug-in unit] The package extr/sr is sucess load to return 0 at loading
[16:15:46] [NewConsole/Info] [Client Run/Thread] [System plug-in unit] The package extr/cmd is sucess load to return 0 at loading
[16:15:46] [NewConsole/Info] [Client Run/Thread] [System plug-in unit] The package extr/cw is sucess load to return 0 at loading
[16:15:46] [NewConsole/Info] [Client Run/Thread] [System plug-in unit] The package extr/client/HPC is sucess load to return 0 at loading
[16:15:46] [NewConsole/Info] [Client Run/Thread] [System plug-in unit] The package extr/server/SPC is sucess load to return 0 at loading
[16:15:46] [NewConsole/Info] [Client Run/Thread] [System plug-in unit] The package SystemCmdExtr/Shell is sucess load to return 0 at loading
[16:15:46] [NewConsole/Info] [Client Run/Thread] ] * loading

[16:15:55] [NewConsole/Info] [/Thread] [System plug-in unit] The package extr/cmd is sucess load to return 0 at run

[16:48:42] [NewConsole/Info] [Client Run/Thread] 加载启动
[16:48:44] [NewConsole/Info] [Client Run/Thread] [Memory] 成功创建分配
[16:48:44] [NewConsole/Warn] [Client Run/Thread] [Menory] About creat memory
name LoadSmPro
Bytes(MB) 1024
[16:48:44] [NewConsole/Info] [Client Run/Thread] [Memory] 正在解析数据...请稍后
[16:48:44] [NewConsole/Info] [Client Run/Thread] [LC] 标签解析完毕，正在传递给内存中...
[16:48:44] [NewConsole/Info] [Client Run/Thread] 成功
[16:48:50] [NewConsole/Warn] [Client Run/Thread] 创建From大小为 x:800 y:600
[16:48:50] [NewConsole/Warn] [Client Run/Thread] 使用这个语言在加载时或完毕时 zh-cn
[16:48:50] [NewConsole/Warn] [Client Run/Thread] 是否放大在加载窗体True
[16:48:51] [NewConsole/Warn] [Client Run/Thread]  [MakeArg] path mo to extr/mo
[16:48:51] [NewConsole/Warn] [Client Run/Thread]  [MakeArg] path sr to extr/sr
[16:48:51] [NewConsole/Warn] [Client Run/Thread]  [MakeArg] path cmd to extr/cmd
[16:48:51] [NewConsole/Warn] [Client Run/Thread]  [MakeArg] path cw to extr/cw
[16:48:51] [NewConsole/Warn] [Client Run/Thread]  [MakeArg] path client/HPC to extr/client/HPC
[16:48:51] [NewConsole/Warn] [Client Run/Thread]  [MakeArg] path server/SPC to extr/server/SPC
[16:48:51] [NewConsole/Warn] [Client Run/Thread]  [MakeArg] path cw to extr/cw
[16:48:52] [NewConsole/Info] [Client Run/Thread] load[
[16:48:52] [NewConsole/Info] [Client Run/Thread] [System plug-in unit] The package extr/mo is sucess load to return 0 at load
[16:48:52] [NewConsole/Info] [Client Run/Thread] [System plug-in unit] The package extr/sr is sucess load to return 0 at load
[16:48:52] [NewConsole/Info] [Client Run/Thread] [System plug-in unit] The package extr/cmd is sucess load to return 0 at load
[16:48:53] [NewConsole/Info] [Client Run/Thread] [System plug-in unit] The package extr/cw is sucess load to return 0 at load
[16:48:53] [NewConsole/Info] [Client Run/Thread] [System plug-in unit] The package extr/client/HPC is sucess load to return 0 at load
[16:48:53] [NewConsole/Info] [Client Run/Thread] [System plug-in unit] The package extr/server/SPC is sucess load to return 0 at load
[16:48:53] [NewConsole/Info] [Client Run/Thread] [System plug-in unit] The package SystemCmdExtr/Shell is sucess load to return 0 at load
[16:48:53] [NewConsole/Info] [Client Run/Thread] ] * load
[16:48:53] [NewConsole/Info] [Client Run/Thread] load[
[16:48:53] [NewConsole/Info] [Client Run/Thread] [System plug-in unit] The package SystemCmdExtr/Helper is sucess load to return 0 at load
[16:48:53] [NewConsole/Info] [Client Run/Thread] [System plug-in unit] The package SystemCmdExtr/LoadRun is sucess load to return 0 at load
[16:48:53] [NewConsole/Info] [Client Run/Thread] [System plug-in unit] The package extr/cw is sucess load to return 0 at load
[16:48:53] [NewConsole/Info] [Client Run/Thread] ] * load
[16:48:53] [NewConsole/Info] [Client Run/Thread] 启动窗体，加载程序
[16:48:53] [NewConsole/Info] [Client Run/Thread] loading[
[16:48:53] [NewConsole/Info] [Client Run/Thread] [System plug-in unit] The package extr/mo is sucess load to return 0 at loading

[16:48:54] [NewConsole/Info] [Client Run/Thread] [System plug-in unit] The package extr/cmd is sucess load to return 0 at getcmd
[16:48:54] [NewConsole/Info] [Client Run/Thread] [System plug-in unit] The package extr/cw is sucess load to return 0 at getcmd
[16:48:54] [NewConsole/Info] [Client Run/Thread] [System plug-in unit] The package extr/client/HPC is sucess load to return 0 at getcmd
[16:48:54] [NewConsole/Info] [Client Run/Thread] [System plug-in unit] The package extr/server/SPC is sucess load to return 0 at getcmd
[16:48:54] [NewConsole/Info] [Client Run/Thread] [System plug-in unit] The package SystemCmdExtr/Shell is sucess load to return 0 at getcmd
[16:48:54] [NewConsole/Info] [Client Run/Thread] [System plug-in unit] The package extr/cmd is sucess load to return 0 at runload
[16:48:55] [NewConsole/Info] [Client Run/Thread] [System plug-in unit] The package extr/sr is sucess load to return 0 at loading
[16:48:55] [NewConsole/Info] [Client Run/Thread] [System plug-in unit] The package extr/cmd is sucess load to return 0 at loading
[16:48:55] [NewConsole/Info] [Client Run/Thread] [System plug-in unit] The package extr/cw is sucess load to return 0 at loading
[16:48:55] [NewConsole/Info] [Client Run/Thread] [System plug-in unit] The package extr/client/HPC is sucess load to return 0 at loading
[16:48:55] [NewConsole/Info] [Client Run/Thread] [System plug-in unit] The package extr/server/SPC is sucess load to return 0 at loading
[16:48:55] [NewConsole/Info] [Client Run/Thread] [System plug-in unit] The package SystemCmdExtr/Shell is sucess load to return 0 at loading
[16:48:55] [NewConsole/Info] [Client Run/Thread] ] * loading
[16:49:4] [NewConsole/Info] [/Thread] [System plug-in unit] The package extr/cmd is sucess load to return 0 at run

[16:49:14] [NewConsole/Info] [Main Window System/Thread] close[
[16:49:14] [NewConsole/Info] [Main Window System/Thread] [System plug-in unit] The package extr/mo is sucess load to return 0 at close
[16:49:14] [NewConsole/Info] [Main Window System/Thread] [System plug-in unit] The package extr/sr is sucess load to return 0 at close
[16:49:14] [NewConsole/Info] [Main Window System/Thread] [System plug-in unit] The package extr/cmd is sucess load to return 0 at close
[16:49:14] [NewConsole/Info] [Main Window System/Thread] [System plug-in unit] The package extr/cw is sucess load to return 0 at close
[16:49:14] [NewConsole/Info] [Main Window System/Thread] [System plug-in unit] The package extr/client/HPC is sucess load to return 0 at close
[16:49:14] [NewConsole/Info] [Main Window System/Thread] [System plug-in unit] The package extr/server/SPC is sucess load to return 0 at close
[16:49:14] [NewConsole/Info] [Main Window System/Thread] [System plug-in unit] The package SystemCmdExtr/Shell is sucess load to return 0 at close
[16:49:14] [NewConsole/Info] [Main Window System/Thread] ] * close

[16:53:50] [NewConsole/Info] [Client Run/Thread] 加载启动
[16:53:50] [NewConsole/Info] [Client Run/Thread] [Memory] 成功创建分配
[16:53:50] [NewConsole/Warn] [Client Run/Thread] [Menory] About creat memory
name LoadSmPro
Bytes(MB) 1024
[16:53:50] [NewConsole/Info] [Client Run/Thread] [Memory] 正在解析数据...请稍后
[16:53:50] [NewConsole/Info] [Client Run/Thread] [LC] 标签解析完毕，正在传递给内存中...
[16:53:50] [NewConsole/Info] [Client Run/Thread] 成功
[16:53:53] [NewConsole/Warn] [Client Run/Thread] 创建From大小为 x:800 y:600
[16:53:53] [NewConsole/Warn] [Client Run/Thread] 使用这个语言在加载时或完毕时 zh-cn
[16:53:53] [NewConsole/Warn] [Client Run/Thread] 是否放大在加载窗体True
[16:53:53] [NewConsole/Warn] [Client Run/Thread]  [MakeArg] path mo to extr/mo
[16:53:53] [NewConsole/Warn] [Client Run/Thread]  [MakeArg] path sr to extr/sr
[16:53:53] [NewConsole/Warn] [Client Run/Thread]  [MakeArg] path cmd to extr/cmd
[16:53:53] [NewConsole/Warn] [Client Run/Thread]  [MakeArg] path cw to extr/cw
[16:53:53] [NewConsole/Warn] [Client Run/Thread]  [MakeArg] path client/HPC to extr/client/HPC
[16:53:53] [NewConsole/Warn] [Client Run/Thread]  [MakeArg] path server/SPC to extr/server/SPC
[16:53:53] [NewConsole/Warn] [Client Run/Thread]  [MakeArg] path cw to extr/cw
[16:53:55] [NewConsole/Info] [Client Run/Thread] load[
[16:53:55] [NewConsole/Info] [Client Run/Thread] [System plug-in unit] The package extr/mo is sucess load to return 0 at load
[16:53:55] [NewConsole/Info] [Client Run/Thread] [System plug-in unit] The package extr/sr is sucess load to return 0 at load
[16:53:55] [NewConsole/Info] [Client Run/Thread] [System plug-in unit] The package extr/cmd is sucess load to return 0 at load
[16:53:55] [NewConsole/Info] [Client Run/Thread] [System plug-in unit] The package extr/cw is sucess load to return 0 at load
[16:53:55] [NewConsole/Info] [Client Run/Thread] [System plug-in unit] The package extr/client/HPC is sucess load to return 0 at load
[16:53:55] [NewConsole/Info] [Client Run/Thread] [System plug-in unit] The package extr/server/SPC is sucess load to return 0 at load
[16:53:55] [NewConsole/Info] [Client Run/Thread] [System plug-in unit] The package SystemCmdExtr/Shell is sucess load to return 0 at load
[16:53:55] [NewConsole/Info] [Client Run/Thread] ] * load
[16:53:55] [NewConsole/Info] [Client Run/Thread] load[
[16:53:55] [NewConsole/Info] [Client Run/Thread] [System plug-in unit] The package SystemCmdExtr/Helper is sucess load to return 0 at load
[16:53:55] [NewConsole/Info] [Client Run/Thread] [System plug-in unit] The package SystemCmdExtr/LoadRun is sucess load to return 0 at load
[16:53:55] [NewConsole/Info] [Client Run/Thread] [System plug-in unit] The package extr/cw is sucess load to return 0 at load
[16:53:55] [NewConsole/Info] [Client Run/Thread] ] * load
[16:53:55] [NewConsole/Info] [Client Run/Thread] 启动窗体，加载程序
[16:53:56] [NewConsole/Info] [Client Run/Thread] loading[
[16:53:56] [NewConsole/Info] [Client Run/Thread] [System plug-in unit] The package extr/mo is sucess load to return 0 at loading
[16:53:56] [NewConsole/Info] [Client Run/Thread] [System plug-in unit] The package extr/cmd is sucess load to return 0 at getcmd
[16:53:56] [NewConsole/Info] [Client Run/Thread] [System plug-in unit] The package extr/cw is sucess load to return 0 at getcmd
[16:53:56] [NewConsole/Info] [Client Run/Thread] [System plug-in unit] The package extr/client/HPC is sucess load to return 0 at getcmd
[16:53:56] [NewConsole/Info] [Client Run/Thread] [System plug-in unit] The package extr/server/SPC is sucess load to return 0 at getcmd
[16:53:56] [NewConsole/Info] [Client Run/Thread] [System plug-in unit] The package SystemCmdExtr/Shell is sucess load to return 0 at getcmd
[16:53:56] [NewConsole/Info] [Client Run/Thread] [System plug-in unit] The package extr/cmd is sucess load to return 0 at runload
[16:53:57] [NewConsole/Info] [Client Run/Thread] [System plug-in unit] The package extr/sr is sucess load to return 0 at loading
[16:53:57] [NewConsole/Info] [Client Run/Thread] [System plug-in unit] The package extr/cmd is sucess load to return 0 at loading
[16:53:57] [NewConsole/Info] [Client Run/Thread] [System plug-in unit] The package extr/cw is sucess load to return 0 at loading
[16:53:57] [NewConsole/Info] [Client Run/Thread] [System plug-in unit] The package extr/client/HPC is sucess load to return 0 at loading
[16:53:57] [NewConsole/Info] [Client Run/Thread] [System plug-in unit] The package extr/server/SPC is sucess load to return 0 at loading
[16:53:57] [NewConsole/Info] [Client Run/Thread] [System plug-in unit] The package SystemCmdExtr/Shell is sucess load to return 0 at loading
[16:53:57] [NewConsole/Info] [Client Run/Thread] ] * loading

[16:54:7] [NewConsole/Info] [/Thread] [System plug-in unit] The package extr/cmd is sucess load to return 0 at run






[16:55:20] [NewConsole/Info] [Main Window System/Thread] close[
[16:55:20] [NewConsole/Info] [Main Window System/Thread] [System plug-in unit] The package extr/mo is sucess load to return 0 at close
[16:55:20] [NewConsole/Info] [Main Window System/Thread] [System plug-in unit] The package extr/sr is sucess load to return 0 at close
[16:55:20] [NewConsole/Info] [Main Window System/Thread] [System plug-in unit] The package extr/cmd is sucess load to return 0 at close
[16:55:20] [NewConsole/Info] [Main Window System/Thread] [System plug-in unit] The package extr/cw is sucess load to return 0 at close
[16:55:20] [NewConsole/Info] [Main Window System/Thread] [System plug-in unit] The package extr/client/HPC is sucess load to return 0 at close
[16:55:20] [NewConsole/Info] [Main Window System/Thread] [System plug-in unit] The package extr/server/SPC is sucess load to return 0 at close
[16:55:20] [NewConsole/Info] [Main Window System/Thread] [System plug-in unit] The package SystemCmdExtr/Shell is sucess load to return 0 at close
[16:55:20] [NewConsole/Info] [Main Window System/Thread] ] * close

[16:56:7] [NewConsole/Info] [Client Run/Thread] 加载启动
[16:56:8] [NewConsole/Info] [Client Run/Thread] [Memory] 成功创建分配
[16:56:8] [NewConsole/Warn] [Client Run/Thread] [Menory] About creat memory
name LoadSmPro
Bytes(MB) 1024
[16:56:8] [NewConsole/Info] [Client Run/Thread] [Memory] 正在解析数据...请稍后
[16:56:8] [NewConsole/Info] [Client Run/Thread] [LC] 标签解析完毕，正在传递给内存中...
[16:56:8] [NewConsole/Info] [Client Run/Thread] 成功
[16:56:14] [NewConsole/Warn] [Client Run/Thread] 创建From大小为 x:800 y:600
[16:56:14] [NewConsole/Warn] [Client Run/Thread] 使用这个语言在加载时或完毕时 zh-cn
[16:56:14] [NewConsole/Warn] [Client Run/Thread] 是否放大在加载窗体True
[16:56:14] [NewConsole/Warn] [Client Run/Thread]  [MakeArg] path mo to extr/mo
[16:56:14] [NewConsole/Warn] [Client Run/Thread]  [MakeArg] path sr to extr/sr
[16:56:14] [NewConsole/Warn] [Client Run/Thread]  [MakeArg] path cmd to extr/cmd
[16:56:14] [NewConsole/Warn] [Client Run/Thread]  [MakeArg] path cw to extr/cw
[16:56:14] [NewConsole/Warn] [Client Run/Thread]  [MakeArg] path client/HPC to extr/client/HPC
[16:56:14] [NewConsole/Warn] [Client Run/Thread]  [MakeArg] path server/SPC to extr/server/SPC
[16:56:14] [NewConsole/Warn] [Client Run/Thread]  [MakeArg] path cw to extr/cw
[16:56:15] [NewConsole/Info] [Client Run/Thread] load[
[16:56:15] [NewConsole/Info] [Client Run/Thread] [System plug-in unit] The package extr/mo is sucess load to return 0 at load
[16:56:16] [NewConsole/Info] [Client Run/Thread] [System plug-in unit] The package extr/sr is sucess load to return 0 at load
[16:56:16] [NewConsole/Info] [Client Run/Thread] [System plug-in unit] The package extr/cmd is sucess load to return 0 at load
[16:56:16] [NewConsole/Info] [Client Run/Thread] [System plug-in unit] The package extr/cw is sucess load to return 0 at load
[16:56:16] [NewConsole/Info] [Client Run/Thread] [System plug-in unit] The package extr/client/HPC is sucess load to return 0 at load
[16:56:16] [NewConsole/Info] [Client Run/Thread] [System plug-in unit] The package extr/server/SPC is sucess load to return 0 at load
[16:56:16] [NewConsole/Info] [Client Run/Thread] [System plug-in unit] The package SystemCmdExtr/Shell is sucess load to return 0 at load
[16:56:16] [NewConsole/Info] [Client Run/Thread] ] * load
[16:56:16] [NewConsole/Info] [Client Run/Thread] load[
[16:56:16] [NewConsole/Info] [Client Run/Thread] [System plug-in unit] The package SystemCmdExtr/Helper is sucess load to return 0 at load
[16:56:16] [NewConsole/Info] [Client Run/Thread] [System plug-in unit] The package SystemCmdExtr/LoadRun is sucess load to return 0 at load
[16:56:16] [NewConsole/Info] [Client Run/Thread] [System plug-in unit] The package extr/cw is sucess load to return 0 at load
[16:56:16] [NewConsole/Info] [Client Run/Thread] ] * load
[16:56:16] [NewConsole/Info] [Client Run/Thread] 启动窗体，加载程序
[16:56:17] [NewConsole/Info] [Client Run/Thread] loading[
[16:56:17] [NewConsole/Info] [Client Run/Thread] [System plug-in unit] The package extr/mo is sucess load to return 0 at loading
[16:56:17] [NewConsole/Info] [Client Run/Thread] [System plug-in unit] The package extr/cmd is sucess load to return 0 at getcmd
[16:56:17] [NewConsole/Info] [Client Run/Thread] [System plug-in unit] The package extr/cw is sucess load to return 0 at getcmd
[16:56:17] [NewConsole/Info] [Client Run/Thread] [System plug-in unit] The package extr/client/HPC is sucess load to return 0 at getcmd
[16:56:17] [NewConsole/Info] [Client Run/Thread] [System plug-in unit] The package extr/server/SPC is sucess load to return 0 at getcmd
[16:56:17] [NewConsole/Info] [Client Run/Thread] [System plug-in unit] The package SystemCmdExtr/Shell is sucess load to return 0 at getcmd
[16:56:17] [NewConsole/Info] [Client Run/Thread] [System plug-in unit] The package extr/cmd is sucess load to return 0 at runload
[16:56:17] [NewConsole/Info] [Client Run/Thread] [System plug-in unit] The package extr/sr is sucess load to return 0 at loading
[16:56:17] [NewConsole/Info] [Client Run/Thread] [System plug-in unit] The package extr/cmd is sucess load to return 0 at loading
[16:56:17] [NewConsole/Info] [Client Run/Thread] [System plug-in unit] The package extr/cw is sucess load to return 0 at loading
[16:56:17] [NewConsole/Info] [Client Run/Thread] [System plug-in unit] The package extr/client/HPC is sucess load to return 0 at loading
[16:56:18] [NewConsole/Info] [Client Run/Thread] [System plug-in unit] The package extr/server/SPC is sucess load to return 0 at loading
[16:56:18] [NewConsole/Info] [Client Run/Thread] [System plug-in unit] The package SystemCmdExtr/Shell is sucess load to return 0 at loading
[16:56:18] [NewConsole/Info] [Client Run/Thread] ] * loading


[16:56:38] [NewConsole/Info] [/Thread] [System plug-in unit] The package extr/cmd is sucess load to return 0 at run











[16:58:44] [NewConsole/Info] [Main Window System/Thread] close[
[16:58:44] [NewConsole/Info] [Main Window System/Thread] [System plug-in unit] The package extr/mo is sucess load to return 0 at close
[16:58:44] [NewConsole/Info] [Main Window System/Thread] [System plug-in unit] The package extr/sr is sucess load to return 0 at close
[16:58:44] [NewConsole/Info] [Main Window System/Thread] [System plug-in unit] The package extr/cmd is sucess load to return 0 at close
[16:58:44] [NewConsole/Info] [Main Window System/Thread] [System plug-in unit] The package extr/cw is sucess load to return 0 at close
[16:58:44] [NewConsole/Info] [Main Window System/Thread] [System plug-in unit] The package extr/client/HPC is sucess load to return 0 at close
[16:58:44] [NewConsole/Info] [Main Window System/Thread] [System plug-in unit] The package extr/server/SPC is sucess load to return 0 at close
[16:58:44] [NewConsole/Info] [Main Window System/Thread] [System plug-in unit] The package SystemCmdExtr/Shell is sucess load to return 0 at close
[16:58:44] [NewConsole/Info] [Main Window System/Thread] ] * close

