#Console Printf about side
#       Code Memory this...
#       WriteTime about (s)18
#
#Endl
[19:17:6] [NewConsole/Info] [Client Run/Thread] 加载启动
[19:17:8] [NewConsole/Info] [Client Run/Thread] [Memory] 成功创建分配
[19:17:8] [NewConsole/Warn] [Client Run/Thread] [Menory] About creat memory
name LoadSmPro
Bytes(MB) 1024
[19:17:8] [NewConsole/Info] [Client Run/Thread] [Memory] 正在解析数据...请稍后
[19:17:8] [NewConsole/Info] [Client Run/Thread] [LC] 标签解析完毕，正在传递给内存中...
[19:17:8] [NewConsole/Info] [Client Run/Thread] 成功
[19:17:14] [NewConsole/Warn] [Client Run/Thread] 创建From大小为 x:800 y:600
[19:17:14] [NewConsole/Warn] [Client Run/Thread] 使用这个语言在加载时或完毕时 zh-cn
[19:17:14] [NewConsole/Warn] [Client Run/Thread] 是否放大在加载窗体True
[19:17:14] [NewConsole/Warn] [Client Run/Thread]  [MakeArg] path mo to extr/mo
[19:17:14] [NewConsole/Warn] [Client Run/Thread]  [MakeArg] path sr to extr/sr
[19:17:14] [NewConsole/Warn] [Client Run/Thread]  [MakeArg] path cmd to extr/cmd
[19:17:14] [NewConsole/Warn] [Client Run/Thread]  [MakeArg] path cw to extr/cw
[19:17:14] [NewConsole/Warn] [Client Run/Thread]  [MakeArg] path client/HPC to extr/client/HPC
[19:17:14] [NewConsole/Warn] [Client Run/Thread]  [MakeArg] path server/SPC to extr/server/SPC
[19:17:14] [NewConsole/Warn] [Client Run/Thread]  [MakeArg] path cw to extr/cw
[19:17:15] [NewConsole/Info] [Client Run/Thread] load[
[19:17:16] [NewConsole/Info] [Client Run/Thread] [System plug-in unit] The package extr/mo is sucess load to return 0 at load
[19:17:16] [NewConsole/Info] [Client Run/Thread] [System plug-in unit] The package extr/sr is sucess load to return 0 at load
[19:17:16] [NewConsole/Info] [Client Run/Thread] [System plug-in unit] The package extr/cmd is sucess load to return 0 at load
[19:17:16] [NewConsole/Info] [Client Run/Thread] [System plug-in unit] The package extr/cw is sucess load to return 0 at load
[19:17:16] [NewConsole/Info] [Client Run/Thread] [System plug-in unit] The package extr/client/HPC is sucess load to return 0 at load
[19:17:16] [NewConsole/Info] [Client Run/Thread] [System plug-in unit] The package extr/server/SPC is sucess load to return 0 at load
[19:17:16] [NewConsole/Info] [Client Run/Thread] [System plug-in unit] The package SystemCmdExtr/Shell is sucess load to return 0 at load
[19:17:16] [NewConsole/Info] [Client Run/Thread] ] * load
[19:17:16] [NewConsole/Info] [Client Run/Thread] load[
[19:17:16] [NewConsole/Info] [Client Run/Thread] [System plug-in unit] The package SystemCmdExtr/Helper is sucess load to return 0 at load
[19:17:16] [NewConsole/Info] [Client Run/Thread] [System plug-in unit] The package SystemCmdExtr/LoadRun is sucess load to return 0 at load
[19:17:16] [NewConsole/Info] [Client Run/Thread] [System plug-in unit] The package extr/cw is sucess load to return 0 at load
[19:17:16] [NewConsole/Info] [Client Run/Thread] ] * load
[19:17:16] [NewConsole/Info] [Client Run/Thread] 启动窗体，加载程序
[19:17:17] [NewConsole/Info] [Client Run/Thread] loading[
[19:17:17] [NewConsole/Info] [Client Run/Thread] [System plug-in unit] The package extr/mo is sucess load to return 0 at loading
[19:17:17] [NewConsole/Info] [Client Run/Thread] [System plug-in unit] The package extr/sr is sucess load to return 0 at loading
[19:17:17] [NewConsole/Info] [Client Run/Thread] [System plug-in unit] The package extr/cmd is sucess load to return 0 at loading
[19:17:17] [NewConsole/Info] [Client Run/Thread] [System plug-in unit] The package extr/cw is sucess load to return 0 at loading
[19:17:17] [NewConsole/Info] [Client Run/Thread] [System plug-in unit] The package extr/client/HPC is sucess load to return 0 at loading
[19:17:18] [NewConsole/Info] [Client Run/Thread] [System plug-in unit] The package extr/server/SPC is sucess load to return 0 at loading
[19:17:18] [NewConsole/Info] [Client Run/Thread] [System plug-in unit] The package SystemCmdExtr/Shell is sucess load to return 0 at loading
[19:17:18] [NewConsole/Info] [Client Run/Thread] ] * loading

[19:17:35] [NewConsole/Info] [Main Window System/Thread] close[
[19:17:35] [NewConsole/Info] [Main Window System/Thread] [System plug-in unit] The package extr/mo is sucess load to return 0 at close
[19:17:35] [NewConsole/Info] [Main Window System/Thread] [System plug-in unit] The package extr/sr is sucess load to return 0 at close
[19:17:35] [NewConsole/Info] [Main Window System/Thread] [System plug-in unit] The package extr/cmd is sucess load to return 0 at close
[19:17:35] [NewConsole/Info] [Main Window System/Thread] [System plug-in unit] The package extr/cw is sucess load to return 0 at close
[19:17:35] [NewConsole/Info] [Main Window System/Thread] [System plug-in unit] The package extr/client/HPC is sucess load to return 0 at close
[19:17:35] [NewConsole/Info] [Main Window System/Thread] [System plug-in unit] The package extr/server/SPC is sucess load to return 0 at close
[19:17:35] [NewConsole/Info] [Main Window System/Thread] [System plug-in unit] The package SystemCmdExtr/Shell is sucess load to return 0 at close
[19:17:35] [NewConsole/Info] [Main Window System/Thread] ] * close

[19:18:39] [NewConsole/Info] [Client Run/Thread] 加载启动
[19:18:39] [NewConsole/Info] [Client Run/Thread] [Memory] 成功创建分配
[19:18:39] [NewConsole/Warn] [Client Run/Thread] [Menory] About creat memory
name LoadSmPro
Bytes(MB) 1024
[19:18:39] [NewConsole/Info] [Client Run/Thread] [Memory] 正在解析数据...请稍后
[19:18:39] [NewConsole/Info] [Client Run/Thread] [LC] 标签解析完毕，正在传递给内存中...
[19:18:40] [NewConsole/Info] [Client Run/Thread] 成功
[19:18:43] [NewConsole/Warn] [Client Run/Thread] 创建From大小为 x:800 y:600
[19:18:43] [NewConsole/Warn] [Client Run/Thread] 使用这个语言在加载时或完毕时 zh-cn
[19:18:43] [NewConsole/Warn] [Client Run/Thread] 是否放大在加载窗体True
[19:18:43] [NewConsole/Warn] [Client Run/Thread]  [MakeArg] path mo to extr/mo
[19:18:43] [NewConsole/Warn] [Client Run/Thread]  [MakeArg] path sr to extr/sr
[19:18:43] [NewConsole/Warn] [Client Run/Thread]  [MakeArg] path cmd to extr/cmd
[19:18:43] [NewConsole/Warn] [Client Run/Thread]  [MakeArg] path cw to extr/cw
[19:18:43] [NewConsole/Warn] [Client Run/Thread]  [MakeArg] path client/HPC to extr/client/HPC
[19:18:43] [NewConsole/Warn] [Client Run/Thread]  [MakeArg] path server/SPC to extr/server/SPC
[19:18:43] [NewConsole/Warn] [Client Run/Thread]  [MakeArg] path cw to extr/cw
[19:18:44] [NewConsole/Info] [Client Run/Thread] load[
[19:18:44] [NewConsole/Info] [Client Run/Thread] [System plug-in unit] The package extr/mo is sucess load to return 0 at load
[19:18:44] [NewConsole/Info] [Client Run/Thread] [System plug-in unit] The package extr/sr is sucess load to return 0 at load
[19:18:44] [NewConsole/Info] [Client Run/Thread] [System plug-in unit] The package extr/cmd is sucess load to return 0 at load
[19:18:44] [NewConsole/Info] [Client Run/Thread] [System plug-in unit] The package extr/cw is sucess load to return 0 at load
[19:18:44] [NewConsole/Info] [Client Run/Thread] [System plug-in unit] The package extr/client/HPC is sucess load to return 0 at load
[19:18:44] [NewConsole/Info] [Client Run/Thread] [System plug-in unit] The package extr/server/SPC is sucess load to return 0 at load
[19:18:44] [NewConsole/Info] [Client Run/Thread] [System plug-in unit] The package SystemCmdExtr/Shell is sucess load to return 0 at load
[19:18:44] [NewConsole/Info] [Client Run/Thread] ] * load
[19:18:44] [NewConsole/Info] [Client Run/Thread] load[
[19:18:44] [NewConsole/Info] [Client Run/Thread] [System plug-in unit] The package SystemCmdExtr/Helper is sucess load to return 0 at load
[19:18:44] [NewConsole/Info] [Client Run/Thread] [System plug-in unit] The package SystemCmdExtr/LoadRun is sucess load to return 0 at load
[19:18:44] [NewConsole/Info] [Client Run/Thread] [System plug-in unit] The package extr/cw is sucess load to return 0 at load
[19:18:44] [NewConsole/Info] [Client Run/Thread] ] * load
[19:18:44] [NewConsole/Info] [Client Run/Thread] 启动窗体，加载程序
[19:18:45] [NewConsole/Info] [Client Run/Thread] loading[
[19:18:45] [NewConsole/Info] [Client Run/Thread] [System plug-in unit] The package extr/mo is sucess load to return 0 at loading
[19:18:45] [NewConsole/Info] [Client Run/Thread] [System plug-in unit] The package extr/sr is sucess load to return 0 at loading
[19:18:45] [NewConsole/Info] [Client Run/Thread] [System plug-in unit] The package extr/cmd is sucess load to return 0 at loading
[19:18:45] [NewConsole/Info] [Client Run/Thread] [System plug-in unit] The package extr/cw is sucess load to return 0 at loading
[19:18:45] [NewConsole/Info] [Client Run/Thread] [System plug-in unit] The package extr/client/HPC is sucess load to return 0 at loading
[19:18:45] [NewConsole/Info] [Client Run/Thread] [System plug-in unit] The package extr/server/SPC is sucess load to return 0 at loading
[19:18:45] [NewConsole/Info] [Client Run/Thread] [System plug-in unit] The package SystemCmdExtr/Shell is sucess load to return 0 at loading
[19:18:45] [NewConsole/Info] [Client Run/Thread] ] * loading

[19:18:53] [NewConsole/Info] [Main Window System/Thread] close[
[19:18:53] [NewConsole/Info] [Main Window System/Thread] [System plug-in unit] The package extr/mo is sucess load to return 0 at close
[19:18:53] [NewConsole/Info] [Main Window System/Thread] [System plug-in unit] The package extr/sr is sucess load to return 0 at close
[19:18:53] [NewConsole/Info] [Main Window System/Thread] [System plug-in unit] The package extr/cmd is sucess load to return 0 at close
[19:18:53] [NewConsole/Info] [Main Window System/Thread] [System plug-in unit] The package extr/cw is sucess load to return 0 at close
[19:18:53] [NewConsole/Info] [Main Window System/Thread] [System plug-in unit] The package extr/client/HPC is sucess load to return 0 at close
[19:18:53] [NewConsole/Info] [Main Window System/Thread] [System plug-in unit] The package extr/server/SPC is sucess load to return 0 at close
[19:18:53] [NewConsole/Info] [Main Window System/Thread] [System plug-in unit] The package SystemCmdExtr/Shell is sucess load to return 0 at close
[19:18:53] [NewConsole/Info] [Main Window System/Thread] ] * close

[19:19:35] [NewConsole/Info] [Client Run/Thread] 加载启动
[19:19:35] [NewConsole/Info] [Client Run/Thread] [Memory] 成功创建分配
[19:19:35] [NewConsole/Warn] [Client Run/Thread] [Menory] About creat memory
name LoadSmPro
Bytes(MB) 1024
[19:19:35] [NewConsole/Info] [Client Run/Thread] [Memory] 正在解析数据...请稍后
[19:19:35] [NewConsole/Info] [Client Run/Thread] [LC] 标签解析完毕，正在传递给内存中...
[19:19:35] [NewConsole/Info] [Client Run/Thread] 成功
[19:19:38] [NewConsole/Warn] [Client Run/Thread] 创建From大小为 x:800 y:600
[19:19:38] [NewConsole/Warn] [Client Run/Thread] 使用这个语言在加载时或完毕时 zh-cn
[19:19:38] [NewConsole/Warn] [Client Run/Thread] 是否放大在加载窗体True
[19:19:38] [NewConsole/Warn] [Client Run/Thread]  [MakeArg] path mo to extr/mo
[19:19:38] [NewConsole/Warn] [Client Run/Thread]  [MakeArg] path sr to extr/sr
[19:19:38] [NewConsole/Warn] [Client Run/Thread]  [MakeArg] path cmd to extr/cmd
[19:19:38] [NewConsole/Warn] [Client Run/Thread]  [MakeArg] path cw to extr/cw
[19:19:38] [NewConsole/Warn] [Client Run/Thread]  [MakeArg] path client/HPC to extr/client/HPC
[19:19:38] [NewConsole/Warn] [Client Run/Thread]  [MakeArg] path server/SPC to extr/server/SPC
[19:19:38] [NewConsole/Warn] [Client Run/Thread]  [MakeArg] path cw to extr/cw
[19:19:40] [NewConsole/Info] [Client Run/Thread] load[
[19:19:40] [NewConsole/Info] [Client Run/Thread] [System plug-in unit] The package extr/mo is sucess load to return 0 at load
[19:19:40] [NewConsole/Info] [Client Run/Thread] [System plug-in unit] The package extr/sr is sucess load to return 0 at load
[19:19:40] [NewConsole/Info] [Client Run/Thread] [System plug-in unit] The package extr/cmd is sucess load to return 0 at load
[19:19:40] [NewConsole/Info] [Client Run/Thread] [System plug-in unit] The package extr/cw is sucess load to return 0 at load
[19:19:40] [NewConsole/Info] [Client Run/Thread] [System plug-in unit] The package extr/client/HPC is sucess load to return 0 at load
[19:19:40] [NewConsole/Info] [Client Run/Thread] [System plug-in unit] The package extr/server/SPC is sucess load to return 0 at load
[19:19:40] [NewConsole/Info] [Client Run/Thread] [System plug-in unit] The package SystemCmdExtr/Shell is sucess load to return 0 at load
[19:19:40] [NewConsole/Info] [Client Run/Thread] ] * load
[19:19:40] [NewConsole/Info] [Client Run/Thread] load[
[19:19:40] [NewConsole/Info] [Client Run/Thread] [System plug-in unit] The package SystemCmdExtr/Helper is sucess load to return 0 at load
[19:19:40] [NewConsole/Info] [Client Run/Thread] [System plug-in unit] The package SystemCmdExtr/LoadRun is sucess load to return 0 at load
[19:19:40] [NewConsole/Info] [Client Run/Thread] [System plug-in unit] The package extr/cw is sucess load to return 0 at load
[19:19:40] [NewConsole/Info] [Client Run/Thread] ] * load
[19:19:40] [NewConsole/Info] [Client Run/Thread] 启动窗体，加载程序
[19:19:40] [NewConsole/Info] [Client Run/Thread] loading[
[19:19:40] [NewConsole/Info] [Client Run/Thread] [System plug-in unit] The package extr/mo is sucess load to return 0 at loading
[19:19:41] [NewConsole/Info] [Client Run/Thread] [System plug-in unit] The package extr/cmd is sucess load to return 0 at getcmd
[19:19:41] [NewConsole/Info] [Client Run/Thread] [System plug-in unit] The package extr/cw is sucess load to return 0 at getcmd
[19:19:41] [NewConsole/Info] [Client Run/Thread] [System plug-in unit] The package extr/client/HPC is sucess load to return 0 at getcmd
[19:19:41] [NewConsole/Info] [Client Run/Thread] [System plug-in unit] The package extr/server/SPC is sucess load to return 0 at getcmd
[19:19:41] [NewConsole/Info] [Client Run/Thread] [System plug-in unit] The package SystemCmdExtr/Shell is sucess load to return 0 at getcmd
[19:19:41] [NewConsole/Info] [Client Run/Thread] [System plug-in unit] The package extr/cmd is sucess load to return 0 at runload
[19:19:41] [NewConsole/Info] [Client Run/Thread] [System plug-in unit] The package extr/sr is sucess load to return 0 at loading
[19:19:41] [NewConsole/Info] [Client Run/Thread] [System plug-in unit] The package extr/cmd is sucess load to return 0 at loading
[19:19:41] [NewConsole/Info] [Client Run/Thread] [System plug-in unit] The package extr/cw is sucess load to return 0 at loading
[19:19:41] [NewConsole/Info] [Client Run/Thread] [System plug-in unit] The package extr/client/HPC is sucess load to return 0 at loading
[19:19:41] [NewConsole/Info] [Client Run/Thread] [System plug-in unit] The package extr/server/SPC is sucess load to return 0 at loading
[19:19:41] [NewConsole/Info] [Client Run/Thread] [System plug-in unit] The package SystemCmdExtr/Shell is sucess load to return 0 at loading
[19:19:41] [NewConsole/Info] [Client Run/Thread] ] * loading

[19:19:53] [NewConsole/Info] [Main Window System/Thread] close[
[19:19:53] [NewConsole/Info] [Main Window System/Thread] [System plug-in unit] The package extr/mo is sucess load to return 0 at close
[19:19:53] [NewConsole/Info] [Main Window System/Thread] [System plug-in unit] The package extr/sr is sucess load to return 0 at close
[19:19:53] [NewConsole/Info] [Main Window System/Thread] [System plug-in unit] The package extr/cmd is sucess load to return 0 at close
[19:19:53] [NewConsole/Info] [Main Window System/Thread] [System plug-in unit] The package extr/cw is sucess load to return 0 at close
[19:19:53] [NewConsole/Info] [Main Window System/Thread] [System plug-in unit] The package extr/client/HPC is sucess load to return 0 at close
[19:19:53] [NewConsole/Info] [Main Window System/Thread] [System plug-in unit] The package extr/server/SPC is sucess load to return 0 at close
[19:19:53] [NewConsole/Info] [Main Window System/Thread] [System plug-in unit] The package SystemCmdExtr/Shell is sucess load to return 0 at close
[19:19:53] [NewConsole/Info] [Main Window System/Thread] ] * close

[19:21:49] [NewConsole/Info] [Client Run/Thread] 加载启动
[19:21:49] [NewConsole/Info] [Client Run/Thread] [Memory] 成功创建分配
[19:21:49] [NewConsole/Warn] [Client Run/Thread] [Menory] About creat memory
name LoadSmPro
Bytes(MB) 1024
[19:21:49] [NewConsole/Info] [Client Run/Thread] [Memory] 正在解析数据...请稍后
[19:21:49] [NewConsole/Info] [Client Run/Thread] [LC] 标签解析完毕，正在传递给内存中...
[19:21:49] [NewConsole/Info] [Client Run/Thread] 成功
[19:21:52] [NewConsole/Warn] [Client Run/Thread] 创建From大小为 x:800 y:600
[19:21:52] [NewConsole/Warn] [Client Run/Thread] 使用这个语言在加载时或完毕时 zh-cn
[19:21:52] [NewConsole/Warn] [Client Run/Thread] 是否放大在加载窗体True
[19:21:52] [NewConsole/Warn] [Client Run/Thread]  [MakeArg] path mo to extr/mo
[19:21:52] [NewConsole/Warn] [Client Run/Thread]  [MakeArg] path sr to extr/sr
[19:21:52] [NewConsole/Warn] [Client Run/Thread]  [MakeArg] path cmd to extr/cmd
[19:21:52] [NewConsole/Warn] [Client Run/Thread]  [MakeArg] path cw to extr/cw
[19:21:52] [NewConsole/Warn] [Client Run/Thread]  [MakeArg] path client/HPC to extr/client/HPC
[19:21:52] [NewConsole/Warn] [Client Run/Thread]  [MakeArg] path server/SPC to extr/server/SPC
[19:21:52] [NewConsole/Warn] [Client Run/Thread]  [MakeArg] path cw to extr/cw
[19:21:53] [NewConsole/Info] [Client Run/Thread] load[
[19:21:53] [NewConsole/Info] [Client Run/Thread] [System plug-in unit] The package extr/mo is sucess load to return 0 at load
[19:21:54] [NewConsole/Info] [Client Run/Thread] [System plug-in unit] The package extr/sr is sucess load to return 0 at load
[19:21:54] [NewConsole/Info] [Client Run/Thread] [System plug-in unit] The package extr/cmd is sucess load to return 0 at load
[19:21:54] [NewConsole/Info] [Client Run/Thread] [System plug-in unit] The package extr/cw is sucess load to return 0 at load
[19:21:54] [NewConsole/Info] [Client Run/Thread] [System plug-in unit] The package extr/client/HPC is sucess load to return 0 at load
[19:21:54] [NewConsole/Info] [Client Run/Thread] [System plug-in unit] The package extr/server/SPC is sucess load to return 0 at load
[19:21:54] [NewConsole/Info] [Client Run/Thread] [System plug-in unit] The package SystemCmdExtr/Shell is sucess load to return 0 at load
[19:21:54] [NewConsole/Info] [Client Run/Thread] ] * load
[19:21:54] [NewConsole/Info] [Client Run/Thread] load[
[19:21:54] [NewConsole/Info] [Client Run/Thread] [System plug-in unit] The package SystemCmdExtr/Helper is sucess load to return 0 at load
[19:21:54] [NewConsole/Info] [Client Run/Thread] [System plug-in unit] The package SystemCmdExtr/LoadRun is sucess load to return 0 at load
[19:21:54] [NewConsole/Info] [Client Run/Thread] [System plug-in unit] The package extr/cw is sucess load to return 0 at load
[19:21:54] [NewConsole/Info] [Client Run/Thread] ] * load
[19:21:54] [NewConsole/Info] [Client Run/Thread] 启动窗体，加载程序
[19:21:54] [NewConsole/Info] [Client Run/Thread] loading[
[19:21:54] [NewConsole/Info] [Client Run/Thread] [System plug-in unit] The package extr/mo is sucess load to return 0 at loading
[19:21:54] [NewConsole/Info] [Client Run/Thread] [System plug-in unit] The package extr/cmd is sucess load to return 0 at getcmd
[19:21:54] [NewConsole/Info] [Client Run/Thread] [System plug-in unit] The package extr/cw is sucess load to return 0 at getcmd
[19:21:54] [NewConsole/Info] [Client Run/Thread] [System plug-in unit] The package extr/client/HPC is sucess load to return 0 at getcmd
[19:21:54] [NewConsole/Info] [Client Run/Thread] [System plug-in unit] The package extr/server/SPC is sucess load to return 0 at getcmd
[19:21:54] [NewConsole/Info] [Client Run/Thread] [System plug-in unit] The package SystemCmdExtr/Shell is sucess load to return 0 at getcmd
[19:21:54] [NewConsole/Info] [Client Run/Thread] [System plug-in unit] The package extr/cmd is sucess load to return 0 at runload
[19:21:54] [NewConsole/Info] [Client Run/Thread] [System plug-in unit] The package extr/sr is sucess load to return 0 at loading
[19:21:54] [NewConsole/Info] [Client Run/Thread] [System plug-in unit] The package extr/cmd is sucess load to return 0 at loading
[19:21:54] [NewConsole/Info] [Client Run/Thread] [System plug-in unit] The package extr/cw is sucess load to return 0 at loading
[19:21:54] [NewConsole/Info] [Client Run/Thread] [System plug-in unit] The package extr/client/HPC is sucess load to return 0 at loading
[19:21:54] [NewConsole/Info] [Client Run/Thread] [System plug-in unit] The package extr/server/SPC is sucess load to return 0 at loading
[19:21:54] [NewConsole/Info] [Client Run/Thread] [System plug-in unit] The package SystemCmdExtr/Shell is sucess load to return 0 at loading
[19:21:54] [NewConsole/Info] [Client Run/Thread] ] * loading

[19:22:3] [NewConsole/Info] [Main Window System/Thread] close[
[19:22:3] [NewConsole/Info] [Main Window System/Thread] [System plug-in unit] The package extr/mo is sucess load to return 0 at close
[19:22:3] [NewConsole/Info] [Main Window System/Thread] [System plug-in unit] The package extr/sr is sucess load to return 0 at close
[19:22:3] [NewConsole/Info] [Main Window System/Thread] [System plug-in unit] The package extr/cmd is sucess load to return 0 at close
[19:22:3] [NewConsole/Info] [Main Window System/Thread] [System plug-in unit] The package extr/cw is sucess load to return 0 at close
[19:22:3] [NewConsole/Info] [Main Window System/Thread] [System plug-in unit] The package extr/client/HPC is sucess load to return 0 at close
[19:22:3] [NewConsole/Info] [Main Window System/Thread] [System plug-in unit] The package extr/server/SPC is sucess load to return 0 at close
[19:22:3] [NewConsole/Info] [Main Window System/Thread] [System plug-in unit] The package SystemCmdExtr/Shell is sucess load to return 0 at close
[19:22:3] [NewConsole/Info] [Main Window System/Thread] ] * close

[19:22:28] [NewConsole/Info] [Client Run/Thread] 加载启动
[19:22:28] [NewConsole/Info] [Client Run/Thread] [Memory] 成功创建分配
[19:22:28] [NewConsole/Warn] [Client Run/Thread] [Menory] About creat memory
name LoadSmPro
Bytes(MB) 1024
[19:22:28] [NewConsole/Info] [Client Run/Thread] [Memory] 正在解析数据...请稍后
[19:22:28] [NewConsole/Info] [Client Run/Thread] [LC] 标签解析完毕，正在传递给内存中...
[19:22:28] [NewConsole/Info] [Client Run/Thread] 成功
[19:22:32] [NewConsole/Warn] [Client Run/Thread] 创建From大小为 x:800 y:600
[19:22:32] [NewConsole/Warn] [Client Run/Thread] 使用这个语言在加载时或完毕时 zh-cn
[19:22:32] [NewConsole/Warn] [Client Run/Thread] 是否放大在加载窗体True
[19:22:32] [NewConsole/Warn] [Client Run/Thread]  [MakeArg] path mo to extr/mo
[19:22:32] [NewConsole/Warn] [Client Run/Thread]  [MakeArg] path sr to extr/sr
[19:22:32] [NewConsole/Warn] [Client Run/Thread]  [MakeArg] path cmd to extr/cmd
[19:22:32] [NewConsole/Warn] [Client Run/Thread]  [MakeArg] path cw to extr/cw
[19:22:32] [NewConsole/Warn] [Client Run/Thread]  [MakeArg] path client/HPC to extr/client/HPC
[19:22:32] [NewConsole/Warn] [Client Run/Thread]  [MakeArg] path server/SPC to extr/server/SPC
[19:22:32] [NewConsole/Warn] [Client Run/Thread]  [MakeArg] path cw to extr/cw
[19:22:33] [NewConsole/Info] [Client Run/Thread] load[
[19:22:33] [NewConsole/Info] [Client Run/Thread] [System plug-in unit] The package extr/mo is sucess load to return 0 at load
[19:22:33] [NewConsole/Info] [Client Run/Thread] [System plug-in unit] The package extr/sr is sucess load to return 0 at load
[19:22:33] [NewConsole/Info] [Client Run/Thread] [System plug-in unit] The package extr/cmd is sucess load to return 0 at load
[19:22:33] [NewConsole/Info] [Client Run/Thread] [System plug-in unit] The package extr/cw is sucess load to return 0 at load
[19:22:33] [NewConsole/Info] [Client Run/Thread] [System plug-in unit] The package extr/client/HPC is sucess load to return 0 at load
[19:22:33] [NewConsole/Info] [Client Run/Thread] [System plug-in unit] The package extr/server/SPC is sucess load to return 0 at load
[19:22:33] [NewConsole/Info] [Client Run/Thread] [System plug-in unit] The package SystemCmdExtr/Shell is sucess load to return 0 at load
[19:22:33] [NewConsole/Info] [Client Run/Thread] ] * load
[19:22:33] [NewConsole/Info] [Client Run/Thread] load[
[19:22:33] [NewConsole/Info] [Client Run/Thread] [System plug-in unit] The package SystemCmdExtr/Helper is sucess load to return 0 at load
[19:22:33] [NewConsole/Info] [Client Run/Thread] [System plug-in unit] The package SystemCmdExtr/LoadRun is sucess load to return 0 at load
[19:22:33] [NewConsole/Info] [Client Run/Thread] [System plug-in unit] The package extr/cw is sucess load to return 0 at load
[19:22:33] [NewConsole/Info] [Client Run/Thread] ] * load
[19:22:33] [NewConsole/Info] [Client Run/Thread] 启动窗体，加载程序
[19:22:34] [NewConsole/Info] [Client Run/Thread] loading[
[19:22:34] [NewConsole/Info] [Client Run/Thread] [System plug-in unit] The package extr/mo is sucess load to return 0 at loading
[19:22:34] [NewConsole/Info] [Client Run/Thread] [System plug-in unit] The package extr/cmd is sucess load to return 0 at getcmd
[19:22:34] [NewConsole/Info] [Client Run/Thread] [System plug-in unit] The package extr/cw is sucess load to return 0 at getcmd
[19:22:34] [NewConsole/Info] [Client Run/Thread] [System plug-in unit] The package extr/client/HPC is sucess load to return 0 at getcmd
[19:22:34] [NewConsole/Info] [Client Run/Thread] [System plug-in unit] The package extr/server/SPC is sucess load to return 0 at getcmd
[19:22:34] [NewConsole/Info] [Client Run/Thread] [System plug-in unit] The package SystemCmdExtr/Shell is sucess load to return 0 at getcmd
[19:22:34] [NewConsole/Info] [Client Run/Thread] [System plug-in unit] The package extr/cmd is sucess load to return 0 at runload
[19:22:34] [NewConsole/Info] [Client Run/Thread] [System plug-in unit] The package extr/sr is sucess load to return 0 at loading
[19:22:34] [NewConsole/Info] [Client Run/Thread] [System plug-in unit] The package extr/cmd is sucess load to return 0 at loading
[19:22:34] [NewConsole/Info] [Client Run/Thread] [System plug-in unit] The package extr/cw is sucess load to return 0 at loading
[19:22:34] [NewConsole/Info] [Client Run/Thread] [System plug-in unit] The package extr/client/HPC is sucess load to return 0 at loading
[19:22:34] [NewConsole/Info] [Client Run/Thread] [System plug-in unit] The package extr/server/SPC is sucess load to return 0 at loading
[19:22:34] [NewConsole/Info] [Client Run/Thread] [System plug-in unit] The package SystemCmdExtr/Shell is sucess load to return 0 at loading
[19:22:34] [NewConsole/Info] [Client Run/Thread] ] * loading
[19:22:37] [NewConsole/Info] [Main Window System/Thread] close[
[19:22:37] [NewConsole/Info] [Main Window System/Thread] [System plug-in unit] The package extr/mo is sucess load to return 0 at close
[19:22:37] [NewConsole/Info] [Main Window System/Thread] [System plug-in unit] The package extr/sr is sucess load to return 0 at close
[19:22:37] [NewConsole/Info] [Main Window System/Thread] [System plug-in unit] The package extr/cmd is sucess load to return 0 at close
[19:22:37] [NewConsole/Info] [Main Window System/Thread] [System plug-in unit] The package extr/cw is sucess load to return 0 at close
[19:22:37] [NewConsole/Info] [Main Window System/Thread] [System plug-in unit] The package extr/client/HPC is sucess load to return 0 at close
[19:22:37] [NewConsole/Info] [Main Window System/Thread] [System plug-in unit] The package extr/server/SPC is sucess load to return 0 at close
[19:22:37] [NewConsole/Info] [Main Window System/Thread] [System plug-in unit] The package SystemCmdExtr/Shell is sucess load to return 0 at close
[19:22:37] [NewConsole/Info] [Main Window System/Thread] ] * close

[19:28:8] [NewConsole/Info] [Client Run/Thread] 加载启动
[19:28:8] [NewConsole/Info] [Client Run/Thread] [Memory] 成功创建分配
[19:28:8] [NewConsole/Warn] [Client Run/Thread] [Menory] About creat memory
name LoadSmPro
Bytes(MB) 1024
[19:28:8] [NewConsole/Info] [Client Run/Thread] [Memory] 正在解析数据...请稍后
[19:28:8] [NewConsole/Info] [Client Run/Thread] [LC] 标签解析完毕，正在传递给内存中...
[19:28:8] [NewConsole/Info] [Client Run/Thread] 成功
[19:28:12] [NewConsole/Warn] [Client Run/Thread] 创建From大小为 x:800 y:600
[19:28:12] [NewConsole/Warn] [Client Run/Thread] 使用这个语言在加载时或完毕时 zh-cn
[19:28:12] [NewConsole/Warn] [Client Run/Thread] 是否放大在加载窗体True
[19:28:12] [NewConsole/Warn] [Client Run/Thread]  [MakeArg] path mo to extr/mo
[19:28:12] [NewConsole/Warn] [Client Run/Thread]  [MakeArg] path sr to extr/sr
[19:28:12] [NewConsole/Warn] [Client Run/Thread]  [MakeArg] path cmd to extr/cmd
[19:28:12] [NewConsole/Warn] [Client Run/Thread]  [MakeArg] path cw to extr/cw
[19:28:12] [NewConsole/Warn] [Client Run/Thread]  [MakeArg] path client/HPC to extr/client/HPC
[19:28:12] [NewConsole/Warn] [Client Run/Thread]  [MakeArg] path server/SPC to extr/server/SPC
[19:28:12] [NewConsole/Warn] [Client Run/Thread]  [MakeArg] path cw to extr/cw
[19:28:13] [NewConsole/Info] [Client Run/Thread] load[
[19:28:13] [NewConsole/Info] [Client Run/Thread] [System plug-in unit] The package extr/mo is sucess load to return 0 at load
[19:28:13] [NewConsole/Info] [Client Run/Thread] [System plug-in unit] The package extr/sr is sucess load to return 0 at load
[19:28:13] [NewConsole/Info] [Client Run/Thread] [System plug-in unit] The package extr/cmd is sucess load to return 0 at load
[19:28:13] [NewConsole/Info] [Client Run/Thread] [System plug-in unit] The package extr/cw is sucess load to return 0 at load
[19:28:13] [NewConsole/Info] [Client Run/Thread] [System plug-in unit] The package extr/client/HPC is sucess load to return 0 at load
[19:28:13] [NewConsole/Info] [Client Run/Thread] [System plug-in unit] The package extr/server/SPC is sucess load to return 0 at load
[19:28:13] [NewConsole/Info] [Client Run/Thread] [System plug-in unit] The package SystemCmdExtr/Shell is sucess load to return 0 at load
[19:28:13] [NewConsole/Info] [Client Run/Thread] ] * load
[19:28:13] [NewConsole/Info] [Client Run/Thread] load[
[19:28:13] [NewConsole/Info] [Client Run/Thread] [System plug-in unit] The package SystemCmdExtr/Helper is sucess load to return 0 at load
[19:28:13] [NewConsole/Info] [Client Run/Thread] [System plug-in unit] The package SystemCmdExtr/LoadRun is sucess load to return 0 at load
[19:28:13] [NewConsole/Info] [Client Run/Thread] [System plug-in unit] The package extr/cw is sucess load to return 0 at load
[19:28:13] [NewConsole/Info] [Client Run/Thread] ] * load
[19:28:13] [NewConsole/Info] [Client Run/Thread] 启动窗体，加载程序
[19:28:14] [NewConsole/Info] [Client Run/Thread] loading[
[19:28:14] [NewConsole/Info] [Client Run/Thread] [System plug-in unit] The package extr/mo is sucess load to return 0 at loading
[19:28:14] [NewConsole/Error] [Client Run/Thread] 
======Exception======
#       This plug-in unit is fail to run
#       What happen?# 输入字符串的格式不正确。
#
#
#       This Lg ac System Convent
[19:28:14] [NewConsole/Info] [Client Run/Thread] [System plug-in unit] The package extr/cmd is sucess load to return 0 at loading
[19:28:14] [NewConsole/Info] [Client Run/Thread] [System plug-in unit] The package extr/cw is sucess load to return 0 at loading
[19:28:14] [NewConsole/Info] [Client Run/Thread] [System plug-in unit] The package extr/client/HPC is sucess load to return 0 at loading
[19:28:14] [NewConsole/Info] [Client Run/Thread] [System plug-in unit] The package extr/server/SPC is sucess load to return 0 at loading
[19:28:14] [NewConsole/Info] [Client Run/Thread] [System plug-in unit] The package SystemCmdExtr/Shell is sucess load to return 0 at loading
[19:28:14] [NewConsole/Info] [Client Run/Thread] ] * loading


[19:28:33] [NewConsole/Info] [Main Window System/Thread] close[
[19:28:33] [NewConsole/Info] [Main Window System/Thread] [System plug-in unit] The package extr/mo is sucess load to return 0 at close
[19:28:33] [NewConsole/Info] [Main Window System/Thread] [System plug-in unit] The package extr/sr is sucess load to return 0 at close
[19:28:33] [NewConsole/Info] [Main Window System/Thread] [System plug-in unit] The package extr/cmd is sucess load to return 0 at close
[19:28:33] [NewConsole/Info] [Main Window System/Thread] [System plug-in unit] The package extr/cw is sucess load to return 0 at close
[19:28:33] [NewConsole/Info] [Main Window System/Thread] [System plug-in unit] The package extr/client/HPC is sucess load to return 0 at close
[19:28:33] [NewConsole/Info] [Main Window System/Thread] [System plug-in unit] The package extr/server/SPC is sucess load to return 0 at close
[19:28:33] [NewConsole/Info] [Main Window System/Thread] [System plug-in unit] The package SystemCmdExtr/Shell is sucess load to return 0 at close
[19:28:33] [NewConsole/Info] [Main Window System/Thread] ] * close

[19:29:8] [NewConsole/Info] [Client Run/Thread] 加载启动
[19:29:8] [NewConsole/Info] [Client Run/Thread] [Memory] 成功创建分配
[19:29:8] [NewConsole/Warn] [Client Run/Thread] [Menory] About creat memory
name LoadSmPro
Bytes(MB) 1024
[19:29:8] [NewConsole/Info] [Client Run/Thread] [Memory] 正在解析数据...请稍后
[19:29:8] [NewConsole/Info] [Client Run/Thread] [LC] 标签解析完毕，正在传递给内存中...
[19:29:8] [NewConsole/Info] [Client Run/Thread] 成功
[19:29:12] [NewConsole/Warn] [Client Run/Thread] 创建From大小为 x:800 y:600
[19:29:12] [NewConsole/Warn] [Client Run/Thread] 使用这个语言在加载时或完毕时 zh-cn
[19:29:12] [NewConsole/Warn] [Client Run/Thread] 是否放大在加载窗体True
[19:29:12] [NewConsole/Warn] [Client Run/Thread]  [MakeArg] path mo to extr/mo
[19:29:12] [NewConsole/Warn] [Client Run/Thread]  [MakeArg] path sr to extr/sr
[19:29:12] [NewConsole/Warn] [Client Run/Thread]  [MakeArg] path cmd to extr/cmd
[19:29:12] [NewConsole/Warn] [Client Run/Thread]  [MakeArg] path cw to extr/cw
[19:29:12] [NewConsole/Warn] [Client Run/Thread]  [MakeArg] path client/HPC to extr/client/HPC
[19:29:12] [NewConsole/Warn] [Client Run/Thread]  [MakeArg] path server/SPC to extr/server/SPC
[19:29:12] [NewConsole/Warn] [Client Run/Thread]  [MakeArg] path cw to extr/cw
[19:29:13] [NewConsole/Info] [Client Run/Thread] load[
[19:29:13] [NewConsole/Info] [Client Run/Thread] [System plug-in unit] The package extr/mo is sucess load to return 0 at load
[19:29:13] [NewConsole/Info] [Client Run/Thread] [System plug-in unit] The package extr/sr is sucess load to return 0 at load
[19:29:13] [NewConsole/Info] [Client Run/Thread] [System plug-in unit] The package extr/cmd is sucess load to return 0 at load
[19:29:13] [NewConsole/Info] [Client Run/Thread] [System plug-in unit] The package extr/cw is sucess load to return 0 at load
[19:29:13] [NewConsole/Info] [Client Run/Thread] [System plug-in unit] The package extr/client/HPC is sucess load to return 0 at load
[19:29:13] [NewConsole/Info] [Client Run/Thread] [System plug-in unit] The package extr/server/SPC is sucess load to return 0 at load
[19:29:13] [NewConsole/Info] [Client Run/Thread] [System plug-in unit] The package SystemCmdExtr/Shell is sucess load to return 0 at load
[19:29:13] [NewConsole/Info] [Client Run/Thread] ] * load
[19:29:13] [NewConsole/Info] [Client Run/Thread] load[
[19:29:13] [NewConsole/Info] [Client Run/Thread] [System plug-in unit] The package SystemCmdExtr/Helper is sucess load to return 0 at load
[19:29:13] [NewConsole/Info] [Client Run/Thread] [System plug-in unit] The package SystemCmdExtr/LoadRun is sucess load to return 0 at load
[19:29:13] [NewConsole/Info] [Client Run/Thread] [System plug-in unit] The package extr/cw is sucess load to return 0 at load
[19:29:13] [NewConsole/Info] [Client Run/Thread] ] * load
[19:29:13] [NewConsole/Info] [Client Run/Thread] 启动窗体，加载程序
[19:29:13] [NewConsole/Info] [Client Run/Thread] loading[
[19:29:14] [NewConsole/Info] [Client Run/Thread] [System plug-in unit] The package extr/mo is sucess load to return 0 at loading
[19:29:14] [NewConsole/Error] [Client Run/Thread] 
======Exception======
#       This plug-in unit is fail to run
#       What happen?# 输入字符串的格式不正确。
#
#
#       This Lg ac System Convent
[19:29:14] [NewConsole/Info] [Client Run/Thread] [System plug-in unit] The package extr/cmd is sucess load to return 0 at loading
[19:29:14] [NewConsole/Info] [Client Run/Thread] [System plug-in unit] The package extr/cw is sucess load to return 0 at loading
[19:29:14] [NewConsole/Info] [Client Run/Thread] [System plug-in unit] The package extr/client/HPC is sucess load to return 0 at loading
[19:29:14] [NewConsole/Info] [Client Run/Thread] [System plug-in unit] The package extr/server/SPC is sucess load to return 0 at loading
[19:29:14] [NewConsole/Info] [Client Run/Thread] [System plug-in unit] The package SystemCmdExtr/Shell is sucess load to return 0 at loading
[19:29:14] [NewConsole/Info] [Client Run/Thread] ] * loading


[19:29:43] [NewConsole/Info] [Main Window System/Thread] close[
[19:29:43] [NewConsole/Info] [Main Window System/Thread] [System plug-in unit] The package extr/mo is sucess load to return 0 at close
[19:29:43] [NewConsole/Info] [Main Window System/Thread] [System plug-in unit] The package extr/sr is sucess load to return 0 at close
[19:29:43] [NewConsole/Info] [Main Window System/Thread] [System plug-in unit] The package extr/cmd is sucess load to return 0 at close
[19:29:43] [NewConsole/Info] [Main Window System/Thread] [System plug-in unit] The package extr/cw is sucess load to return 0 at close
[19:29:43] [NewConsole/Info] [Main Window System/Thread] [System plug-in unit] The package extr/client/HPC is sucess load to return 0 at close
[19:29:43] [NewConsole/Info] [Main Window System/Thread] [System plug-in unit] The package extr/server/SPC is sucess load to return 0 at close
[19:29:43] [NewConsole/Info] [Main Window System/Thread] [System plug-in unit] The package SystemCmdExtr/Shell is sucess load to return 0 at close
[19:29:43] [NewConsole/Info] [Main Window System/Thread] ] * close

[19:30:44] [NewConsole/Info] [Client Run/Thread] 加载启动
[19:30:45] [NewConsole/Info] [Client Run/Thread] [Memory] 成功创建分配
[19:30:45] [NewConsole/Warn] [Client Run/Thread] [Menory] About creat memory
name LoadSmPro
Bytes(MB) 1024
[19:30:45] [NewConsole/Info] [Client Run/Thread] [Memory] 正在解析数据...请稍后
[19:30:45] [NewConsole/Info] [Client Run/Thread] [LC] 标签解析完毕，正在传递给内存中...
[19:30:45] [NewConsole/Info] [Client Run/Thread] 成功
[19:30:48] [NewConsole/Warn] [Client Run/Thread] 创建From大小为 x:800 y:600
[19:30:48] [NewConsole/Warn] [Client Run/Thread] 使用这个语言在加载时或完毕时 zh-cn
[19:30:48] [NewConsole/Warn] [Client Run/Thread] 是否放大在加载窗体True
[19:30:48] [NewConsole/Warn] [Client Run/Thread]  [MakeArg] path mo to extr/mo
[19:30:48] [NewConsole/Warn] [Client Run/Thread]  [MakeArg] path sr to extr/sr
[19:30:48] [NewConsole/Warn] [Client Run/Thread]  [MakeArg] path cmd to extr/cmd
[19:30:48] [NewConsole/Warn] [Client Run/Thread]  [MakeArg] path cw to extr/cw
[19:30:48] [NewConsole/Warn] [Client Run/Thread]  [MakeArg] path client/HPC to extr/client/HPC
[19:30:48] [NewConsole/Warn] [Client Run/Thread]  [MakeArg] path server/SPC to extr/server/SPC
[19:30:48] [NewConsole/Warn] [Client Run/Thread]  [MakeArg] path cw to extr/cw
[19:30:49] [NewConsole/Info] [Client Run/Thread] load[
[19:30:49] [NewConsole/Info] [Client Run/Thread] [System plug-in unit] The package extr/mo is sucess load to return 0 at load
[19:30:49] [NewConsole/Info] [Client Run/Thread] [System plug-in unit] The package extr/sr is sucess load to return 0 at load
[19:30:49] [NewConsole/Info] [Client Run/Thread] [System plug-in unit] The package extr/cmd is sucess load to return 0 at load
[19:30:49] [NewConsole/Info] [Client Run/Thread] [System plug-in unit] The package extr/cw is sucess load to return 0 at load
[19:30:49] [NewConsole/Info] [Client Run/Thread] [System plug-in unit] The package extr/client/HPC is sucess load to return 0 at load
[19:30:49] [NewConsole/Info] [Client Run/Thread] [System plug-in unit] The package extr/server/SPC is sucess load to return 0 at load
[19:30:49] [NewConsole/Info] [Client Run/Thread] [System plug-in unit] The package SystemCmdExtr/Shell is sucess load to return 0 at load
[19:30:49] [NewConsole/Info] [Client Run/Thread] ] * load
[19:30:49] [NewConsole/Info] [Client Run/Thread] load[
[19:30:49] [NewConsole/Info] [Client Run/Thread] [System plug-in unit] The package SystemCmdExtr/Helper is sucess load to return 0 at load
[19:30:49] [NewConsole/Info] [Client Run/Thread] [System plug-in unit] The package SystemCmdExtr/LoadRun is sucess load to return 0 at load
[19:30:49] [NewConsole/Info] [Client Run/Thread] [System plug-in unit] The package extr/cw is sucess load to return 0 at load
[19:30:49] [NewConsole/Info] [Client Run/Thread] ] * load
[19:30:49] [NewConsole/Info] [Client Run/Thread] 启动窗体，加载程序
[19:30:50] [NewConsole/Info] [Client Run/Thread] loading[
[19:30:50] [NewConsole/Info] [Client Run/Thread] [System plug-in unit] The package extr/mo is sucess load to return 0 at loading
[19:30:50] [NewConsole/Info] [Client Run/Thread] [System plug-in unit] The package extr/cmd is sucess load to return 0 at getcmd
[19:30:50] [NewConsole/Info] [Client Run/Thread] [System plug-in unit] The package extr/cw is sucess load to return 0 at getcmd
[19:30:50] [NewConsole/Info] [Client Run/Thread] [System plug-in unit] The package extr/client/HPC is sucess load to return 0 at getcmd
[19:30:50] [NewConsole/Info] [Client Run/Thread] [System plug-in unit] The package extr/server/SPC is sucess load to return 0 at getcmd
[19:30:50] [NewConsole/Info] [Client Run/Thread] [System plug-in unit] The package SystemCmdExtr/Shell is sucess load to return 0 at getcmd
[19:30:50] [NewConsole/Info] [Client Run/Thread] [System plug-in unit] The package extr/cmd is sucess load to return 0 at runload
[19:30:50] [NewConsole/Info] [Client Run/Thread] [System plug-in unit] The package extr/sr is sucess load to return 0 at loading
[19:30:50] [NewConsole/Info] [Client Run/Thread] [System plug-in unit] The package extr/cmd is sucess load to return 0 at loading
[19:30:50] [NewConsole/Info] [Client Run/Thread] [System plug-in unit] The package extr/cw is sucess load to return 0 at loading
[19:30:50] [NewConsole/Info] [Client Run/Thread] [System plug-in unit] The package extr/client/HPC is sucess load to return 0 at loading
[19:30:50] [NewConsole/Info] [Client Run/Thread] [System plug-in unit] The package extr/server/SPC is sucess load to return 0 at loading
[19:30:50] [NewConsole/Info] [Client Run/Thread] [System plug-in unit] The package SystemCmdExtr/Shell is sucess load to return 0 at loading
[19:30:50] [NewConsole/Info] [Client Run/Thread] ] * loading
[19:30:55] [NewConsole/Info] [Main Window System/Thread] close[
[19:30:55] [NewConsole/Info] [Main Window System/Thread] [System plug-in unit] The package extr/mo is sucess load to return 0 at close
[19:30:55] [NewConsole/Info] [Main Window System/Thread] [System plug-in unit] The package extr/sr is sucess load to return 0 at close
[19:30:55] [NewConsole/Info] [Main Window System/Thread] [System plug-in unit] The package extr/cmd is sucess load to return 0 at close
[19:30:55] [NewConsole/Info] [Main Window System/Thread] [System plug-in unit] The package extr/cw is sucess load to return 0 at close
[19:30:55] [NewConsole/Info] [Main Window System/Thread] [System plug-in unit] The package extr/client/HPC is sucess load to return 0 at close
[19:30:55] [NewConsole/Info] [Main Window System/Thread] [System plug-in unit] The package extr/server/SPC is sucess load to return 0 at close
[19:30:55] [NewConsole/Info] [Main Window System/Thread] [System plug-in unit] The package SystemCmdExtr/Shell is sucess load to return 0 at close
[19:30:55] [NewConsole/Info] [Main Window System/Thread] ] * close

[19:34:25] [NewConsole/Info] [Client Run/Thread] 加载启动
[19:34:26] [NewConsole/Info] [Client Run/Thread] [Memory] 成功创建分配
[19:34:26] [NewConsole/Warn] [Client Run/Thread] [Menory] About creat memory
name LoadSmPro
Bytes(MB) 1024
[19:34:26] [NewConsole/Info] [Client Run/Thread] [Memory] 正在解析数据...请稍后
[19:34:26] [NewConsole/Info] [Client Run/Thread] [LC] 标签解析完毕，正在传递给内存中...
[19:34:26] [NewConsole/Info] [Client Run/Thread] 成功
[19:34:29] [NewConsole/Warn] [Client Run/Thread] 创建From大小为 x:800 y:600
[19:34:29] [NewConsole/Warn] [Client Run/Thread] 使用这个语言在加载时或完毕时 zh-cn
[19:34:29] [NewConsole/Warn] [Client Run/Thread] 是否放大在加载窗体True
[19:34:29] [NewConsole/Warn] [Client Run/Thread]  [MakeArg] path mo to extr/mo
[19:34:29] [NewConsole/Warn] [Client Run/Thread]  [MakeArg] path sr to extr/sr
[19:34:29] [NewConsole/Warn] [Client Run/Thread]  [MakeArg] path cmd to extr/cmd
[19:34:29] [NewConsole/Warn] [Client Run/Thread]  [MakeArg] path cw to extr/cw
[19:34:29] [NewConsole/Warn] [Client Run/Thread]  [MakeArg] path client/HPC to extr/client/HPC
[19:34:29] [NewConsole/Warn] [Client Run/Thread]  [MakeArg] path server/SPC to extr/server/SPC
[19:34:29] [NewConsole/Warn] [Client Run/Thread]  [MakeArg] path cw to extr/cw
[19:34:30] [NewConsole/Info] [Client Run/Thread] load[
[19:34:30] [NewConsole/Info] [Client Run/Thread] [System plug-in unit] The package extr/mo is sucess load to return 0 at load
[19:34:30] [NewConsole/Info] [Client Run/Thread] [System plug-in unit] The package extr/sr is sucess load to return 0 at load
[19:34:30] [NewConsole/Info] [Client Run/Thread] [System plug-in unit] The package extr/cmd is sucess load to return 0 at load
[19:34:30] [NewConsole/Info] [Client Run/Thread] [System plug-in unit] The package extr/cw is sucess load to return 0 at load
[19:34:30] [NewConsole/Info] [Client Run/Thread] [System plug-in unit] The package extr/client/HPC is sucess load to return 0 at load
[19:34:30] [NewConsole/Info] [Client Run/Thread] [System plug-in unit] The package extr/server/SPC is sucess load to return 0 at load
[19:34:30] [NewConsole/Info] [Client Run/Thread] [System plug-in unit] The package SystemCmdExtr/Shell is sucess load to return 0 at load
[19:34:30] [NewConsole/Info] [Client Run/Thread] ] * load
[19:34:30] [NewConsole/Info] [Client Run/Thread] load[
[19:34:30] [NewConsole/Info] [Client Run/Thread] [System plug-in unit] The package SystemCmdExtr/Helper is sucess load to return 0 at load
[19:34:30] [NewConsole/Info] [Client Run/Thread] [System plug-in unit] The package SystemCmdExtr/LoadRun is sucess load to return 0 at load
[19:34:30] [NewConsole/Info] [Client Run/Thread] [System plug-in unit] The package extr/cw is sucess load to return 0 at load
[19:34:30] [NewConsole/Info] [Client Run/Thread] ] * load
[19:34:30] [NewConsole/Info] [Client Run/Thread] 启动窗体，加载程序
[19:34:31] [NewConsole/Info] [Client Run/Thread] loading[
[19:34:31] [NewConsole/Info] [Client Run/Thread] [System plug-in unit] The package extr/mo is sucess load to return 0 at loading
[19:34:31] [NewConsole/Info] [Client Run/Thread] [System plug-in unit] The package extr/cmd is sucess load to return 0 at getcmd
[19:34:31] [NewConsole/Info] [Client Run/Thread] [System plug-in unit] The package extr/cw is sucess load to return 0 at getcmd
[19:34:31] [NewConsole/Info] [Client Run/Thread] [System plug-in unit] The package extr/client/HPC is sucess load to return 0 at getcmd
[19:34:31] [NewConsole/Info] [Client Run/Thread] [System plug-in unit] The package extr/server/SPC is sucess load to return 0 at getcmd
[19:34:31] [NewConsole/Info] [Client Run/Thread] [System plug-in unit] The package SystemCmdExtr/Shell is sucess load to return 0 at getcmd
[19:34:31] [NewConsole/Info] [Client Run/Thread] [System plug-in unit] The package extr/cmd is sucess load to return 0 at runload
[19:34:31] [NewConsole/Info] [Client Run/Thread] [System plug-in unit] The package extr/sr is sucess load to return 0 at loading
[19:34:31] [NewConsole/Info] [Client Run/Thread] [System plug-in unit] The package extr/cmd is sucess load to return 0 at loading
[19:34:31] [NewConsole/Info] [Client Run/Thread] [System plug-in unit] The package extr/cw is sucess load to return 0 at loading
[19:34:31] [NewConsole/Info] [Client Run/Thread] [System plug-in unit] The package extr/client/HPC is sucess load to return 0 at loading
[19:34:31] [NewConsole/Info] [Client Run/Thread] [System plug-in unit] The package extr/server/SPC is sucess load to return 0 at loading
[19:34:31] [NewConsole/Info] [Client Run/Thread] [System plug-in unit] The package SystemCmdExtr/Shell is sucess load to return 0 at loading
[19:34:31] [NewConsole/Info] [Client Run/Thread] ] * loading

[19:34:39] [NewConsole/Info] [Main Window System/Thread] close[
[19:34:39] [NewConsole/Info] [Main Window System/Thread] [System plug-in unit] The package extr/mo is sucess load to return 0 at close
[19:34:39] [NewConsole/Info] [Main Window System/Thread] [System plug-in unit] The package extr/sr is sucess load to return 0 at close
[19:34:39] [NewConsole/Info] [Main Window System/Thread] [System plug-in unit] The package extr/cmd is sucess load to return 0 at close
[19:34:39] [NewConsole/Info] [Main Window System/Thread] [System plug-in unit] The package extr/cw is sucess load to return 0 at close
[19:34:39] [NewConsole/Info] [Main Window System/Thread] [System plug-in unit] The package extr/client/HPC is sucess load to return 0 at close
[19:34:39] [NewConsole/Info] [Main Window System/Thread] [System plug-in unit] The package extr/server/SPC is sucess load to return 0 at close
[19:34:39] [NewConsole/Info] [Main Window System/Thread] [System plug-in unit] The package SystemCmdExtr/Shell is sucess load to return 0 at close
[19:34:39] [NewConsole/Info] [Main Window System/Thread] ] * close

[19:35:16] [NewConsole/Info] [Client Run/Thread] 加载启动
[19:35:17] [NewConsole/Info] [Client Run/Thread] [Memory] 成功创建分配
[19:35:17] [NewConsole/Warn] [Client Run/Thread] [Menory] About creat memory
name LoadSmPro
Bytes(MB) 1024
[19:35:17] [NewConsole/Info] [Client Run/Thread] [Memory] 正在解析数据...请稍后
[19:35:17] [NewConsole/Info] [Client Run/Thread] [LC] 标签解析完毕，正在传递给内存中...
[19:35:17] [NewConsole/Info] [Client Run/Thread] 成功
[19:35:20] [NewConsole/Warn] [Client Run/Thread] 创建From大小为 x:800 y:600
[19:35:20] [NewConsole/Warn] [Client Run/Thread] 使用这个语言在加载时或完毕时 zh-cn
[19:35:20] [NewConsole/Warn] [Client Run/Thread] 是否放大在加载窗体True
[19:35:20] [NewConsole/Warn] [Client Run/Thread]  [MakeArg] path mo to extr/mo
[19:35:20] [NewConsole/Warn] [Client Run/Thread]  [MakeArg] path sr to extr/sr
[19:35:20] [NewConsole/Warn] [Client Run/Thread]  [MakeArg] path cmd to extr/cmd
[19:35:20] [NewConsole/Warn] [Client Run/Thread]  [MakeArg] path cw to extr/cw
[19:35:20] [NewConsole/Warn] [Client Run/Thread]  [MakeArg] path client/HPC to extr/client/HPC
[19:35:20] [NewConsole/Warn] [Client Run/Thread]  [MakeArg] path server/SPC to extr/server/SPC
[19:35:20] [NewConsole/Warn] [Client Run/Thread]  [MakeArg] path cw to extr/cw
[19:35:21] [NewConsole/Info] [Client Run/Thread] load[
[19:35:21] [NewConsole/Info] [Client Run/Thread] [System plug-in unit] The package extr/mo is sucess load to return 0 at load
[19:35:21] [NewConsole/Info] [Client Run/Thread] [System plug-in unit] The package extr/sr is sucess load to return 0 at load
[19:35:21] [NewConsole/Info] [Client Run/Thread] [System plug-in unit] The package extr/cmd is sucess load to return 0 at load
[19:35:21] [NewConsole/Info] [Client Run/Thread] [System plug-in unit] The package extr/cw is sucess load to return 0 at load
[19:35:21] [NewConsole/Info] [Client Run/Thread] [System plug-in unit] The package extr/client/HPC is sucess load to return 0 at load
[19:35:21] [NewConsole/Info] [Client Run/Thread] [System plug-in unit] The package extr/server/SPC is sucess load to return 0 at load
[19:35:21] [NewConsole/Info] [Client Run/Thread] [System plug-in unit] The package SystemCmdExtr/Shell is sucess load to return 0 at load
[19:35:21] [NewConsole/Info] [Client Run/Thread] ] * load
[19:35:21] [NewConsole/Info] [Client Run/Thread] load[
[19:35:21] [NewConsole/Info] [Client Run/Thread] [System plug-in unit] The package SystemCmdExtr/Helper is sucess load to return 0 at load
[19:35:21] [NewConsole/Info] [Client Run/Thread] [System plug-in unit] The package SystemCmdExtr/LoadRun is sucess load to return 0 at load
[19:35:21] [NewConsole/Info] [Client Run/Thread] [System plug-in unit] The package extr/cw is sucess load to return 0 at load
[19:35:21] [NewConsole/Info] [Client Run/Thread] ] * load
[19:35:21] [NewConsole/Info] [Client Run/Thread] 启动窗体，加载程序
[19:35:22] [NewConsole/Info] [Client Run/Thread] loading[
[19:35:22] [NewConsole/Info] [Client Run/Thread] [System plug-in unit] The package extr/mo is sucess load to return 0 at loading
[19:35:22] [NewConsole/Info] [Client Run/Thread] [System plug-in unit] The package extr/cmd is sucess load to return 0 at getcmd
[19:35:22] [NewConsole/Info] [Client Run/Thread] [System plug-in unit] The package extr/cw is sucess load to return 0 at getcmd
[19:35:22] [NewConsole/Info] [Client Run/Thread] [System plug-in unit] The package extr/client/HPC is sucess load to return 0 at getcmd
[19:35:22] [NewConsole/Info] [Client Run/Thread] [System plug-in unit] The package extr/server/SPC is sucess load to return 0 at getcmd
[19:35:22] [NewConsole/Info] [Client Run/Thread] [System plug-in unit] The package SystemCmdExtr/Shell is sucess load to return 0 at getcmd
[19:35:22] [NewConsole/Info] [Client Run/Thread] [System plug-in unit] The package extr/cmd is sucess load to return 0 at runload
[19:35:22] [NewConsole/Info] [Client Run/Thread] [System plug-in unit] The package extr/sr is sucess load to return 0 at loading
[19:35:22] [NewConsole/Info] [Client Run/Thread] [System plug-in unit] The package extr/cmd is sucess load to return 0 at loading
[19:35:22] [NewConsole/Info] [Client Run/Thread] [System plug-in unit] The package extr/cw is sucess load to return 0 at loading
[19:35:22] [NewConsole/Info] [Client Run/Thread] [System plug-in unit] The package extr/client/HPC is sucess load to return 0 at loading
[19:35:22] [NewConsole/Info] [Client Run/Thread] [System plug-in unit] The package extr/server/SPC is sucess load to return 0 at loading
[19:35:22] [NewConsole/Info] [Client Run/Thread] [System plug-in unit] The package SystemCmdExtr/Shell is sucess load to return 0 at loading
[19:35:22] [NewConsole/Info] [Client Run/Thread] ] * loading



[19:54:21] [NewConsole/Info] [Client Run/Thread] 加载启动
[19:54:23] [NewConsole/Info] [Client Run/Thread] [Memory] 成功创建分配
[19:54:23] [NewConsole/Warn] [Client Run/Thread] [Menory] About creat memory
name LoadSmPro
Bytes(MB) 1024
[19:54:23] [NewConsole/Info] [Client Run/Thread] [Memory] 正在解析数据...请稍后
[19:54:23] [NewConsole/Info] [Client Run/Thread] [LC] 标签解析完毕，正在传递给内存中...
[19:54:23] [NewConsole/Info] [Client Run/Thread] 成功
[19:54:27] [NewConsole/Warn] [Client Run/Thread] 创建From大小为 x:800 y:600
[19:54:27] [NewConsole/Warn] [Client Run/Thread] 使用这个语言在加载时或完毕时 zh-cn
[19:54:27] [NewConsole/Warn] [Client Run/Thread] 是否放大在加载窗体True
[19:54:28] [NewConsole/Warn] [Client Run/Thread]  [MakeArg] path mo to extr/mo
[19:54:28] [NewConsole/Warn] [Client Run/Thread]  [MakeArg] path sr to extr/sr
[19:54:28] [NewConsole/Warn] [Client Run/Thread]  [MakeArg] path cmd to extr/cmd
[19:54:28] [NewConsole/Warn] [Client Run/Thread]  [MakeArg] path cw to extr/cw
[19:54:28] [NewConsole/Warn] [Client Run/Thread]  [MakeArg] path client/HPC to extr/client/HPC
[19:54:28] [NewConsole/Warn] [Client Run/Thread]  [MakeArg] path server/SPC to extr/server/SPC
[19:54:28] [NewConsole/Warn] [Client Run/Thread]  [MakeArg] path cw to extr/cw
[19:54:29] [NewConsole/Info] [Client Run/Thread] load[
[19:54:29] [NewConsole/Info] [Client Run/Thread] [System plug-in unit] The package extr/mo is sucess load to return 0 at load
[19:54:29] [NewConsole/Info] [Client Run/Thread] [System plug-in unit] The package extr/sr is sucess load to return 0 at load
[19:54:29] [NewConsole/Info] [Client Run/Thread] [System plug-in unit] The package extr/cmd is sucess load to return 0 at load
[19:54:29] [NewConsole/Info] [Client Run/Thread] [System plug-in unit] The package extr/cw is sucess load to return 0 at load
[19:54:29] [NewConsole/Info] [Client Run/Thread] [System plug-in unit] The package extr/client/HPC is sucess load to return 0 at load
[19:54:29] [NewConsole/Info] [Client Run/Thread] [System plug-in unit] The package extr/server/SPC is sucess load to return 0 at load
[19:54:29] [NewConsole/Info] [Client Run/Thread] [System plug-in unit] The package SystemCmdExtr/Shell is sucess load to return 0 at load
[19:54:29] [NewConsole/Info] [Client Run/Thread] ] * load
[19:54:29] [NewConsole/Info] [Client Run/Thread] load[
[19:54:29] [NewConsole/Info] [Client Run/Thread] [System plug-in unit] The package SystemCmdExtr/Helper is sucess load to return 0 at load
[19:54:29] [NewConsole/Info] [Client Run/Thread] [System plug-in unit] The package SystemCmdExtr/LoadRun is sucess load to return 0 at load
[19:54:29] [NewConsole/Info] [Client Run/Thread] [System plug-in unit] The package extr/cw is sucess load to return 0 at load
[19:54:29] [NewConsole/Info] [Client Run/Thread] ] * load
[19:54:29] [NewConsole/Info] [Client Run/Thread] 启动窗体，加载程序
[19:54:30] [NewConsole/Info] [Client Run/Thread] loading[
[19:54:30] [NewConsole/Info] [Client Run/Thread] [System plug-in unit] The package extr/mo is sucess load to return 0 at loading
[19:54:31] [NewConsole/Info] [Client Run/Thread] [System plug-in unit] The package extr/cmd is sucess load to return 0 at getcmd
[19:54:31] [NewConsole/Info] [Client Run/Thread] [System plug-in unit] The package extr/cw is sucess load to return 0 at getcmd
[19:54:31] [NewConsole/Info] [Client Run/Thread] [System plug-in unit] The package extr/client/HPC is sucess load to return 0 at getcmd
[19:54:31] [NewConsole/Info] [Client Run/Thread] [System plug-in unit] The package extr/server/SPC is sucess load to return 0 at getcmd
[19:54:31] [NewConsole/Info] [Client Run/Thread] [System plug-in unit] The package SystemCmdExtr/Shell is sucess load to return 0 at getcmd
[19:54:31] [NewConsole/Info] [Client Run/Thread] [System plug-in unit] The package extr/cmd is sucess load to return 0 at runload
[19:54:31] [NewConsole/Info] [Client Run/Thread] [System plug-in unit] The package extr/sr is sucess load to return 0 at loading
[19:54:31] [NewConsole/Info] [Client Run/Thread] [System plug-in unit] The package extr/cmd is sucess load to return 0 at loading
[19:54:31] [NewConsole/Info] [Client Run/Thread] [System plug-in unit] The package extr/cw is sucess load to return 0 at loading
[19:54:31] [NewConsole/Info] [Client Run/Thread] [System plug-in unit] The package extr/client/HPC is sucess load to return 0 at loading
[19:54:31] [NewConsole/Info] [Client Run/Thread] [System plug-in unit] The package extr/server/SPC is sucess load to return 0 at loading
[19:54:31] [NewConsole/Info] [Client Run/Thread] [System plug-in unit] The package SystemCmdExtr/Shell is sucess load to return 0 at loading
[19:54:31] [NewConsole/Info] [Client Run/Thread] ] * loading





