#Console Printf about side
#       Code Memory this...
#       WriteTime about (s)48
#
#Endl
[22:19:36] [ServerNewConsole/Info] [Client Run/Thread] 加载启动
[22:19:36] [ServerNewConsole/Info] [Client Run/Thread] [Memory] 成功创建分配
[22:19:36] [ServerNewConsole/Warn] [Client Run/Thread] [Menory] About creat memory
name LoadSmPro
Bytes(MB) 1024
[22:19:36] [ServerNewConsole/Info] [Client Run/Thread] [Memory] 正在解析数据...请稍后
[22:19:36] [ServerNewConsole/Info] [Client Run/Thread] [LC] 标签解析完毕，正在传递给内存中...
[22:19:36] [ServerNewConsole/Info] [Client Run/Thread] 成功
[22:19:37] [ServerNewConsole/Warn] [Client Run/Thread] [Sever] Sever Start
[22:19:39] [ServerNewConsole/Warn] [Client Run/Thread] 使用这个语言在加载时或完毕时 zh-cn
[22:19:39] [ServerNewConsole/Warn] [Client Run/Thread]  [MakeArg] path cmd to extr/cmd
[22:19:39] [ServerNewConsole/Warn] [Client Run/Thread]  [MakeArg] path runcmd to extr/runcmd
[22:19:39] [ServerNewConsole/Warn] [Client Run/Thread]  [MakeArg] path server/SPC to extr/server/SPC
[22:19:40] [ServerNewConsole/Info] [Client Run/Thread] load[
[22:19:40] [ServerNewConsole/Info] [Client Run/Thread] [System plug-in unit] The package extr/cmd is sucess load to return 0 at load
[22:19:40] [ServerNewConsole/Info] [Client Run/Thread] [System plug-in unit] The package extr/runcmd is sucess load to return 0 at load
[22:19:40] [ServerNewConsole/Info] [Client Run/Thread] [System plug-in unit] The package extr/server/SPC is sucess load to return 0 at load
[22:19:40] [ServerNewConsole/Info] [Client Run/Thread] ] * load
[22:19:40] [ServerNewConsole/Info] [Client Run/Thread] load[
[22:19:40] [ServerNewConsole/Info] [Client Run/Thread] [System plug-in unit] The package SystemCmdExtr/Helper is sucess load to return 0 at load
[22:19:40] [ServerNewConsole/Info] [Client Run/Thread] [System plug-in unit] The package SystemCmdExtr/LoadRun is sucess load to return 0 at load
[22:19:40] [ServerNewConsole/Info] [Client Run/Thread] ] * load
[22:19:40] [ServerNewConsole/Info] [Client Run/Thread] 启动窗体，加载程序
[22:19:41] [ServerNewConsole/Info] [Client Run/Thread] sever-loading[
[22:19:41] [ServerNewConsole/Info] [Client Run/Thread] ] * sever-loading

[22:21:34] [ServerNewConsole/Info] [Client Run/Thread] 加载启动
[22:21:34] [ServerNewConsole/Info] [Client Run/Thread] [Memory] 成功创建分配
[22:21:34] [ServerNewConsole/Warn] [Client Run/Thread] [Menory] About creat memory
name LoadSmPro
Bytes(MB) 1024
[22:21:34] [ServerNewConsole/Info] [Client Run/Thread] [Memory] 正在解析数据...请稍后
[22:21:34] [ServerNewConsole/Info] [Client Run/Thread] [LC] 标签解析完毕，正在传递给内存中...
[22:21:34] [ServerNewConsole/Info] [Client Run/Thread] 成功
[22:21:35] [ServerNewConsole/Warn] [Client Run/Thread] [Sever] Sever Start
[22:21:37] [ServerNewConsole/Warn] [Client Run/Thread] 使用这个语言在加载时或完毕时 zh-cn
[22:21:37] [ServerNewConsole/Warn] [Client Run/Thread]  [MakeArg] path cmd to extr/cmd
[22:21:37] [ServerNewConsole/Warn] [Client Run/Thread]  [MakeArg] path runcmd to extr/runcmd
[22:21:37] [ServerNewConsole/Warn] [Client Run/Thread]  [MakeArg] path server/SPC to extr/server/SPC
[22:21:38] [ServerNewConsole/Info] [Client Run/Thread] load[
[22:21:38] [ServerNewConsole/Info] [Client Run/Thread] [System plug-in unit] The package extr/cmd is sucess load to return 0 at load
[22:21:38] [ServerNewConsole/Info] [Client Run/Thread] [System plug-in unit] The package extr/runcmd is sucess load to return 0 at load
[22:21:38] [ServerNewConsole/Info] [Client Run/Thread] [System plug-in unit] The package extr/server/SPC is sucess load to return 0 at load
[22:21:38] [ServerNewConsole/Info] [Client Run/Thread] ] * load
[22:21:38] [ServerNewConsole/Info] [Client Run/Thread] load[
[22:21:38] [ServerNewConsole/Info] [Client Run/Thread] [System plug-in unit] The package SystemCmdExtr/Helper is sucess load to return 0 at load
[22:21:39] [ServerNewConsole/Info] [Client Run/Thread] [System plug-in unit] The package SystemCmdExtr/LoadRun is sucess load to return 0 at load
[22:21:39] [ServerNewConsole/Info] [Client Run/Thread] ] * load
[22:21:39] [ServerNewConsole/Info] [Client Run/Thread] 启动窗体，加载程序
[22:21:39] [ServerNewConsole/Info] [Client Run/Thread] sever-loading[
[22:21:39] [ServerNewConsole/Info] [Client Run/Thread] ] * sever-loading






