#Console Printf about side
#       Code Memory this...
#       WriteTime about (s)8
#
#Endl
[21:33:56] [ServerNewConsole/Info] [Client Run/Thread] 加载启动
[21:33:56] [ServerNewConsole/Info] [Client Run/Thread] [Memory] 成功创建分配
[21:33:56] [ServerNewConsole/Warn] [Client Run/Thread] [Menory] About creat memory
name LoadSmPro
Bytes(MB) 1024
[21:33:56] [ServerNewConsole/Info] [Client Run/Thread] [Memory] 正在解析数据...请稍后
[21:33:56] [ServerNewConsole/Info] [Client Run/Thread] [LC] 标签解析完毕，正在传递给内存中...
[21:33:56] [ServerNewConsole/Info] [Client Run/Thread] 成功
[21:33:57] [ServerNewConsole/Warn] [Client Run/Thread] [Sever] Sever Start
[21:33:59] [ServerNewConsole/Warn] [Client Run/Thread] 使用这个语言在加载时或完毕时 zh-cn
[21:33:59] [ServerNewConsole/Warn] [Client Run/Thread]  [MakeArg] path cmd to extr/cmd
[21:33:59] [ServerNewConsole/Warn] [Client Run/Thread]  [MakeArg] path runcmd to extr/runcmd
[21:33:59] [ServerNewConsole/Warn] [Client Run/Thread]  [MakeArg] path server/SPC to extr/server/SPC
[21:34:0] [ServerNewConsole/Info] [Client Run/Thread] load[
[21:34:0] [ServerNewConsole/Info] [Client Run/Thread] [System plug-in unit] The package extr/cmd is sucess load to return 0 at load
[21:34:0] [ServerNewConsole/Info] [Client Run/Thread] [System plug-in unit] The package extr/runcmd is sucess load to return 0 at load
[21:34:0] [ServerNewConsole/Info] [Client Run/Thread] [System plug-in unit] The package extr/server/SPC is sucess load to return 0 at load
[21:34:0] [ServerNewConsole/Info] [Client Run/Thread] ] * load
[21:34:0] [ServerNewConsole/Info] [Client Run/Thread] load[
[21:34:0] [ServerNewConsole/Info] [Client Run/Thread] [System plug-in unit] The package SystemCmdExtr/Helper is sucess load to return 0 at load
[21:34:0] [ServerNewConsole/Info] [Client Run/Thread] [System plug-in unit] The package SystemCmdExtr/LoadRun is sucess load to return 0 at load
[21:34:0] [ServerNewConsole/Info] [Client Run/Thread] ] * load
[21:34:0] [ServerNewConsole/Info] [Client Run/Thread] 启动窗体，加载程序
[21:34:1] [ServerNewConsole/Info] [Client Run/Thread] sever-loading[
[21:34:1] [ServerNewConsole/Info] [Client Run/Thread] ] * sever-loading

[21:39:30] [ServerNewConsole/Info] [Client Run/Thread] 加载启动
[21:39:30] [ServerNewConsole/Info] [Client Run/Thread] [Memory] 成功创建分配
[21:39:30] [ServerNewConsole/Warn] [Client Run/Thread] [Menory] About creat memory
name LoadSmPro
Bytes(MB) 1024
[21:39:30] [ServerNewConsole/Info] [Client Run/Thread] [Memory] 正在解析数据...请稍后
[21:39:30] [ServerNewConsole/Info] [Client Run/Thread] [LC] 标签解析完毕，正在传递给内存中...
[21:39:30] [ServerNewConsole/Info] [Client Run/Thread] 成功
[21:39:31] [ServerNewConsole/Warn] [Client Run/Thread] [Sever] Sever Start
[21:39:33] [ServerNewConsole/Warn] [Client Run/Thread] 使用这个语言在加载时或完毕时 zh-cn
[21:39:33] [ServerNewConsole/Warn] [Client Run/Thread]  [MakeArg] path cmd to extr/cmd
[21:39:33] [ServerNewConsole/Warn] [Client Run/Thread]  [MakeArg] path runcmd to extr/runcmd
[21:39:33] [ServerNewConsole/Warn] [Client Run/Thread]  [MakeArg] path server/SPC to extr/server/SPC
[21:39:34] [ServerNewConsole/Info] [Client Run/Thread] load[
[21:39:35] [ServerNewConsole/Info] [Client Run/Thread] [System plug-in unit] The package extr/cmd is sucess load to return 0 at load
[21:39:35] [ServerNewConsole/Info] [Client Run/Thread] [System plug-in unit] The package extr/runcmd is sucess load to return 0 at load
[21:39:35] [ServerNewConsole/Info] [Client Run/Thread] [System plug-in unit] The package extr/server/SPC is sucess load to return 0 at load
[21:39:35] [ServerNewConsole/Info] [Client Run/Thread] ] * load
[21:39:35] [ServerNewConsole/Info] [Client Run/Thread] load[
[21:39:35] [ServerNewConsole/Info] [Client Run/Thread] [System plug-in unit] The package SystemCmdExtr/Helper is sucess load to return 0 at load
[21:39:35] [ServerNewConsole/Info] [Client Run/Thread] [System plug-in unit] The package SystemCmdExtr/LoadRun is sucess load to return 0 at load
[21:39:35] [ServerNewConsole/Info] [Client Run/Thread] ] * load
[21:39:35] [ServerNewConsole/Info] [Client Run/Thread] 启动窗体，加载程序
[21:39:35] [ServerNewConsole/Info] [Client Run/Thread] sever-loading[
[21:39:35] [ServerNewConsole/Info] [Client Run/Thread] ] * sever-loading



[21:54:28] [ServerNewConsole/Info] [Client Run/Thread] 加载启动
[21:54:28] [ServerNewConsole/Info] [Client Run/Thread] [Memory] 成功创建分配
[21:54:28] [ServerNewConsole/Warn] [Client Run/Thread] [Menory] About creat memory
name LoadSmPro
Bytes(MB) 1024
[21:54:28] [ServerNewConsole/Info] [Client Run/Thread] [Memory] 正在解析数据...请稍后
[21:54:28] [ServerNewConsole/Info] [Client Run/Thread] [LC] 标签解析完毕，正在传递给内存中...
[21:54:28] [ServerNewConsole/Info] [Client Run/Thread] 成功
[21:54:29] [ServerNewConsole/Warn] [Client Run/Thread] [Sever] Sever Start
[21:54:31] [ServerNewConsole/Warn] [Client Run/Thread] 使用这个语言在加载时或完毕时 zh-cn
[21:54:31] [ServerNewConsole/Warn] [Client Run/Thread]  [MakeArg] path cmd to extr/cmd
[21:54:31] [ServerNewConsole/Warn] [Client Run/Thread]  [MakeArg] path runcmd to extr/runcmd
[21:54:31] [ServerNewConsole/Warn] [Client Run/Thread]  [MakeArg] path server/SPC to extr/server/SPC
[21:54:32] [ServerNewConsole/Info] [Client Run/Thread] load[
[21:54:32] [ServerNewConsole/Info] [Client Run/Thread] [System plug-in unit] The package extr/cmd is sucess load to return 0 at load
[21:54:32] [ServerNewConsole/Info] [Client Run/Thread] [System plug-in unit] The package extr/runcmd is sucess load to return 0 at load
[21:54:32] [ServerNewConsole/Info] [Client Run/Thread] [System plug-in unit] The package extr/server/SPC is sucess load to return 0 at load
[21:54:32] [ServerNewConsole/Info] [Client Run/Thread] ] * load
[21:54:32] [ServerNewConsole/Info] [Client Run/Thread] load[
[21:54:32] [ServerNewConsole/Info] [Client Run/Thread] [System plug-in unit] The package SystemCmdExtr/Helper is sucess load to return 0 at load
[21:54:32] [ServerNewConsole/Info] [Client Run/Thread] [System plug-in unit] The package SystemCmdExtr/LoadRun is sucess load to return 0 at load
[21:54:32] [ServerNewConsole/Info] [Client Run/Thread] ] * load
[21:54:32] [ServerNewConsole/Info] [Client Run/Thread] 启动窗体，加载程序
[21:54:32] [ServerNewConsole/Info] [Client Run/Thread] sever-loading[
[21:54:33] [ServerNewConsole/Info] [Client Run/Thread] ] * sever-loading




