#Console Printf about side
#       Code Memory this...
#       WriteTime about (s)18
#
#Endl
[0:20:6] [ServerNewConsole/Info] [Client Run/Thread] Load Start
[0:20:9] [ServerNewConsole/Info] [Client Run/Thread] [Memory] success creat memory
[0:20:9] [ServerNewConsole/Warn] [Client Run/Thread] [Menory] About creat memory
name LoadSmPro
Bytes(MB) 1024
[0:20:9] [ServerNewConsole/Info] [Client Run/Thread] [Memory] Load about make arg data...
[0:20:9] [ServerNewConsole/Info] [Client Run/Thread] [LC] NBT make success,load to write memory...
[0:20:9] [ServerNewConsole/Info] [Client Run/Thread] Win Load
[0:20:10] [ServerNewConsole/Warn] [Client Run/Thread] [Sever] Sever Start
[0:20:12] [ServerNewConsole/Warn] [Client Run/Thread] Use this lauge while loading or loaded zh-cn
[0:20:12] [ServerNewConsole/Warn] [Client Run/Thread]  [MakeArg] path cmd to extr/cmd
[0:20:12] [ServerNewConsole/Warn] [Client Run/Thread]  [MakeArg] path runcmd to extr/runcmd
[0:20:12] [ServerNewConsole/Warn] [Client Run/Thread]  [MakeArg] path server/SPC to extr/server/SPC
[0:20:13] [ServerNewConsole/Info] [Client Run/Thread] load[
[0:20:13] [ServerNewConsole/Info] [Client Run/Thread] [System plug-in unit] The package extr/cmd is sucess load to return 0 at load
[0:20:13] [ServerNewConsole/Info] [Client Run/Thread] [System plug-in unit] The package extr/runcmd is sucess load to return 0 at load
[0:20:13] [ServerNewConsole/Info] [Client Run/Thread] [System plug-in unit] The package extr/server/SPC is sucess load to return 0 at load
[0:20:13] [ServerNewConsole/Info] [Client Run/Thread] ] * load
[0:20:13] [ServerNewConsole/Info] [Client Run/Thread] load[
[0:20:13] [ServerNewConsole/Info] [Client Run/Thread] [System plug-in unit] The package SystemCmdExtr/Helper is sucess load to return 0 at load
[0:20:13] [ServerNewConsole/Info] [Client Run/Thread] [System plug-in unit] The package SystemCmdExtr/LoadRun is sucess load to return 0 at load
[0:20:13] [ServerNewConsole/Info] [Client Run/Thread] ] * load
[0:20:13] [ServerNewConsole/Info] [Client Run/Thread] Open The Window,and load program
[0:20:14] [ServerNewConsole/Info] [Client Run/Thread] sever-loading[
[0:20:14] [ServerNewConsole/Info] [Client Run/Thread] [System plug-in unit] The package extr/cmd is sucess load to return 0 at getcmd
[0:20:14] [ServerNewConsole/Info] [Client Run/Thread] [System plug-in unit] The package extr/runcmd is sucess load to return 0 at getcmd
[0:20:14] [ServerNewConsole/Info] [Client Run/Thread] [System plug-in unit] The package extr/server/SPC is sucess load to return 0 at getcmd
[0:20:14] [ServerNewConsole/Info] [Client Run/Thread] [System plug-in unit] The package extr/cmd is sucess load to return 0 at sever-loading
[0:20:14] [ServerNewConsole/Info] [Client Run/Thread] [System plug-in unit] The package extr/runcmd is sucess load to return 0 at sever-loading
[0:20:15] [ServerNewConsole/Info] [Client Run/Thread] [System plug-in unit] The package extr/server/SPC is sucess load to return 0 at sever-loading
[0:20:15] [ServerNewConsole/Info] [Client Run/Thread] ] * sever-loading
[0:20:20] [ServerNewConsole/Info] [/Thread] [System plug-in unit] The package extr/cmd is sucess load to return 0 at run
[0:20:23] [ServerNewConsole/Info] [/Thread] [System plug-in unit] The package extr/cmd is sucess load to return 0 at run

[0:20:32] [ServerNewConsole/Info] [/Thread] [System plug-in unit] The package extr/cmd is sucess load to return 0 at run

[0:20:46] [ServerNewConsole/Info] [/Thread] [System plug-in unit] The package extr/cmd is sucess load to return 0 at run

[0:21:3] [ServerNewConsole/Info] [/Thread] [System plug-in unit] The package extr/cmd is sucess load to return 0 at run





[0:21:57] [ServerNewConsole/Warn] [/Thread] 正在运行Close插件方法
[0:21:57] [ServerNewConsole/Info] [/Thread] close[
[0:21:57] [ServerNewConsole/Info] [/Thread] [System plug-in unit] The package extr/cmd is sucess load to return 0 at close
[0:21:57] [ServerNewConsole/Info] [/Thread] [System plug-in unit] The package extr/runcmd is sucess load to return 0 at close
[0:21:57] [ServerNewConsole/Info] [/Thread] [System plug-in unit] The package extr/server/SPC is sucess load to return 0 at close
[0:21:57] [ServerNewConsole/Info] [/Thread] ] * close
[0:21:57] [ServerNewConsole/Warn] [/Thread] Close Object

