#Console Printf about side
#       Code Memory this...
#       WriteTime about (s)10
#
#Endl
[20:36:59] [ServerNewConsole/Info] [Client Run/Thread] 加载启动
[20:37:1] [ServerNewConsole/Info] [Client Run/Thread] [Memory] 成功创建分配
[20:37:1] [ServerNewConsole/Warn] [Client Run/Thread] [Menory] About creat memory
name LoadSmPro
Bytes(MB) 1024
[20:37:1] [ServerNewConsole/Info] [Client Run/Thread] [Memory] 正在解析数据...请稍后
[20:37:1] [ServerNewConsole/Info] [Client Run/Thread] [LC] 标签解析完毕，正在传递给内存中...
[20:37:1] [ServerNewConsole/Info] [Client Run/Thread] 成功
[20:37:2] [ServerNewConsole/Warn] [Client Run/Thread] [Sever] Sever Start
[20:37:4] [ServerNewConsole/Warn] [Client Run/Thread] 使用这个语言在加载时或完毕时 zh-cn
[20:37:4] [ServerNewConsole/Warn] [Client Run/Thread]  [MakeArg] path cmd to extr/cmd
[20:37:4] [ServerNewConsole/Warn] [Client Run/Thread]  [MakeArg] path runcmd to extr/runcmd
[20:37:4] [ServerNewConsole/Warn] [Client Run/Thread]  [MakeArg] path server/SPC to extr/server/SPC
[20:37:5] [ServerNewConsole/Info] [Client Run/Thread] load[
[20:37:6] [ServerNewConsole/Info] [Client Run/Thread] [System plug-in unit] The package extr/cmd is sucess load to return 0 at load
[20:37:6] [ServerNewConsole/Info] [Client Run/Thread] [System plug-in unit] The package extr/runcmd is sucess load to return 0 at load
[20:37:6] [ServerNewConsole/Info] [Client Run/Thread] [System plug-in unit] The package extr/server/SPC is sucess load to return 0 at load
[20:37:6] [ServerNewConsole/Info] [Client Run/Thread] ] * load
[20:37:6] [ServerNewConsole/Info] [Client Run/Thread] load[
[20:37:6] [ServerNewConsole/Info] [Client Run/Thread] [System plug-in unit] The package SystemCmdExtr/Helper is sucess load to return 0 at load
[20:37:6] [ServerNewConsole/Info] [Client Run/Thread] [System plug-in unit] The package SystemCmdExtr/LoadRun is sucess load to return 0 at load
[20:37:6] [ServerNewConsole/Info] [Client Run/Thread] ] * load
[20:37:6] [ServerNewConsole/Info] [Client Run/Thread] 启动窗体，加载程序
[20:37:7] [ServerNewConsole/Info] [Client Run/Thread] sever-loading[
[20:37:7] [ServerNewConsole/Info] [Client Run/Thread] [System plug-in unit] The package extr/cmd is sucess load to return 0 at getcmd
[20:37:7] [ServerNewConsole/Info] [Client Run/Thread] [System plug-in unit] The package extr/runcmd is sucess load to return 0 at getcmd
[20:37:7] [ServerNewConsole/Info] [Client Run/Thread] [System plug-in unit] The package extr/server/SPC is sucess load to return 0 at getcmd
[20:37:7] [ServerNewConsole/Info] [Client Run/Thread] [System plug-in unit] The package extr/cmd is sucess load to return 0 at sever-loading
[20:37:7] [ServerNewConsole/Info] [Client Run/Thread] [System plug-in unit] The package extr/runcmd is sucess load to return 0 at sever-loading
[20:37:7] [ServerNewConsole/Info] [Client Run/Thread] [System plug-in unit] The package extr/server/SPC is sucess load to return 0 at sever-loading
[20:37:7] [ServerNewConsole/Info] [Client Run/Thread] ] * sever-loading
[20:37:20] [ServerNewConsole/Warn] [/Thread] 正在运行Close插件方法
[20:37:20] [ServerNewConsole/Info] [/Thread] close[
[20:37:20] [ServerNewConsole/Info] [/Thread] [System plug-in unit] The package extr/cmd is sucess load to return 0 at close
[20:37:20] [ServerNewConsole/Info] [/Thread] [System plug-in unit] The package extr/runcmd is sucess load to return 0 at close
[20:37:20] [ServerNewConsole/Info] [/Thread] [System plug-in unit] The package extr/server/SPC is sucess load to return 0 at close
[20:37:20] [ServerNewConsole/Info] [/Thread] ] * close
[20:37:20] [ServerNewConsole/Warn] [/Thread] Close Object

[20:42:44] [ServerNewConsole/Info] [Client Run/Thread] 加载启动
[20:42:45] [ServerNewConsole/Info] [Client Run/Thread] [Memory] 成功创建分配
[20:42:45] [ServerNewConsole/Warn] [Client Run/Thread] [Menory] About creat memory
name LoadSmPro
Bytes(MB) 1024
[20:42:45] [ServerNewConsole/Info] [Client Run/Thread] [Memory] 正在解析数据...请稍后
[20:42:45] [ServerNewConsole/Info] [Client Run/Thread] [LC] 标签解析完毕，正在传递给内存中...
[20:42:45] [ServerNewConsole/Info] [Client Run/Thread] 成功
[20:42:46] [ServerNewConsole/Warn] [Client Run/Thread] [Sever] Sever Start
[20:42:48] [ServerNewConsole/Warn] [Client Run/Thread] 使用这个语言在加载时或完毕时 zh-cn
[20:42:48] [ServerNewConsole/Warn] [Client Run/Thread]  [MakeArg] path cmd to extr/cmd
[20:42:48] [ServerNewConsole/Warn] [Client Run/Thread]  [MakeArg] path runcmd to extr/runcmd
[20:42:48] [ServerNewConsole/Warn] [Client Run/Thread]  [MakeArg] path server/SPC to extr/server/SPC
[20:42:49] [ServerNewConsole/Info] [Client Run/Thread] load[
[20:42:49] [ServerNewConsole/Info] [Client Run/Thread] [System plug-in unit] The package extr/cmd is sucess load to return 0 at load
[20:42:49] [ServerNewConsole/Info] [Client Run/Thread] [System plug-in unit] The package extr/runcmd is sucess load to return 0 at load
[20:42:49] [ServerNewConsole/Info] [Client Run/Thread] [System plug-in unit] The package extr/server/SPC is sucess load to return 0 at load
[20:42:49] [ServerNewConsole/Info] [Client Run/Thread] ] * load
[20:42:49] [ServerNewConsole/Info] [Client Run/Thread] load[
[20:42:49] [ServerNewConsole/Info] [Client Run/Thread] [System plug-in unit] The package SystemCmdExtr/Helper is sucess load to return 0 at load
[20:42:49] [ServerNewConsole/Info] [Client Run/Thread] [System plug-in unit] The package SystemCmdExtr/LoadRun is sucess load to return 0 at load
[20:42:49] [ServerNewConsole/Info] [Client Run/Thread] ] * load
[20:42:49] [ServerNewConsole/Info] [Client Run/Thread] 启动窗体，加载程序
[20:42:50] [ServerNewConsole/Info] [Client Run/Thread] sever-loading[
[20:42:50] [ServerNewConsole/Info] [Client Run/Thread] [System plug-in unit] The package extr/cmd is sucess load to return 0 at getcmd
[20:42:50] [ServerNewConsole/Info] [Client Run/Thread] [System plug-in unit] The package extr/runcmd is sucess load to return 0 at getcmd
[20:42:50] [ServerNewConsole/Info] [Client Run/Thread] [System plug-in unit] The package extr/server/SPC is sucess load to return 0 at getcmd
[20:42:50] [ServerNewConsole/Info] [Client Run/Thread] [System plug-in unit] The package extr/cmd is sucess load to return 0 at sever-loading
[20:42:50] [ServerNewConsole/Info] [Client Run/Thread] [System plug-in unit] The package extr/runcmd is sucess load to return 0 at sever-loading
[20:42:50] [ServerNewConsole/Info] [Client Run/Thread] [System plug-in unit] The package extr/server/SPC is sucess load to return 0 at sever-loading
[20:42:50] [ServerNewConsole/Info] [Client Run/Thread] ] * sever-loading

[20:43:47] [ServerNewConsole/Info] [Client Run/Thread] 加载启动
[20:43:47] [ServerNewConsole/Info] [Client Run/Thread] [Memory] 成功创建分配
[20:43:47] [ServerNewConsole/Warn] [Client Run/Thread] [Menory] About creat memory
name LoadSmPro
Bytes(MB) 1024
[20:43:47] [ServerNewConsole/Info] [Client Run/Thread] [Memory] 正在解析数据...请稍后
[20:43:47] [ServerNewConsole/Info] [Client Run/Thread] [LC] 标签解析完毕，正在传递给内存中...
[20:43:47] [ServerNewConsole/Info] [Client Run/Thread] 成功
[20:43:48] [ServerNewConsole/Warn] [Client Run/Thread] [Sever] Sever Start
[20:43:50] [ServerNewConsole/Warn] [Client Run/Thread] 使用这个语言在加载时或完毕时 zh-cn
[20:43:50] [ServerNewConsole/Warn] [Client Run/Thread]  [MakeArg] path cmd to extr/cmd
[20:43:50] [ServerNewConsole/Warn] [Client Run/Thread]  [MakeArg] path runcmd to extr/runcmd
[20:43:50] [ServerNewConsole/Warn] [Client Run/Thread]  [MakeArg] path server/SPC to extr/server/SPC
[20:43:51] [ServerNewConsole/Info] [Client Run/Thread] load[
[20:43:51] [ServerNewConsole/Info] [Client Run/Thread] [System plug-in unit] The package extr/cmd is sucess load to return 0 at load
[20:43:51] [ServerNewConsole/Info] [Client Run/Thread] [System plug-in unit] The package extr/runcmd is sucess load to return 0 at load
[20:43:51] [ServerNewConsole/Info] [Client Run/Thread] [System plug-in unit] The package extr/server/SPC is sucess load to return 0 at load
[20:43:51] [ServerNewConsole/Info] [Client Run/Thread] ] * load
[20:43:51] [ServerNewConsole/Info] [Client Run/Thread] load[
[20:43:51] [ServerNewConsole/Info] [Client Run/Thread] [System plug-in unit] The package SystemCmdExtr/Helper is sucess load to return 0 at load
[20:43:51] [ServerNewConsole/Info] [Client Run/Thread] [System plug-in unit] The package SystemCmdExtr/LoadRun is sucess load to return 0 at load
[20:43:51] [ServerNewConsole/Info] [Client Run/Thread] ] * load
[20:43:51] [ServerNewConsole/Info] [Client Run/Thread] 启动窗体，加载程序
[20:43:52] [ServerNewConsole/Info] [Client Run/Thread] sever-loading[
[20:43:52] [ServerNewConsole/Info] [Client Run/Thread] [System plug-in unit] The package extr/cmd is sucess load to return 0 at getcmd
[20:43:52] [ServerNewConsole/Info] [Client Run/Thread] [System plug-in unit] The package extr/runcmd is sucess load to return 0 at getcmd
[20:43:52] [ServerNewConsole/Info] [Client Run/Thread] [System plug-in unit] The package extr/server/SPC is sucess load to return 0 at getcmd
[20:43:52] [ServerNewConsole/Info] [Client Run/Thread] [System plug-in unit] The package extr/cmd is sucess load to return 0 at sever-loading
[20:43:52] [ServerNewConsole/Info] [Client Run/Thread] [System plug-in unit] The package extr/runcmd is sucess load to return 0 at sever-loading
[20:43:52] [ServerNewConsole/Info] [Client Run/Thread] [System plug-in unit] The package extr/server/SPC is sucess load to return 0 at sever-loading
[20:43:52] [ServerNewConsole/Info] [Client Run/Thread] ] * sever-loading








[20:45:28] [ServerNewConsole/Warn] [/Thread] 正在运行Close插件方法
[20:45:28] [ServerNewConsole/Info] [/Thread] close[
[20:45:28] [ServerNewConsole/Info] [/Thread] [System plug-in unit] The package extr/cmd is sucess load to return 0 at close
[20:45:28] [ServerNewConsole/Info] [/Thread] [System plug-in unit] The package extr/runcmd is sucess load to return 0 at close
[20:45:28] [ServerNewConsole/Info] [/Thread] [System plug-in unit] The package extr/server/SPC is sucess load to return 0 at close
[20:45:28] [ServerNewConsole/Info] [/Thread] ] * close
[20:45:28] [ServerNewConsole/Warn] [/Thread] Close Object

[20:46:6] [ServerNewConsole/Info] [Client Run/Thread] 加载启动
[20:46:7] [ServerNewConsole/Info] [Client Run/Thread] [Memory] 成功创建分配
[20:46:7] [ServerNewConsole/Warn] [Client Run/Thread] [Menory] About creat memory
name LoadSmPro
Bytes(MB) 1024
[20:46:7] [ServerNewConsole/Info] [Client Run/Thread] [Memory] 正在解析数据...请稍后
[20:46:7] [ServerNewConsole/Info] [Client Run/Thread] [LC] 标签解析完毕，正在传递给内存中...
[20:46:7] [ServerNewConsole/Info] [Client Run/Thread] 成功
[20:46:8] [ServerNewConsole/Warn] [Client Run/Thread] [Sever] Sever Start
[20:46:10] [ServerNewConsole/Warn] [Client Run/Thread] 使用这个语言在加载时或完毕时 zh-cn
[20:46:10] [ServerNewConsole/Warn] [Client Run/Thread]  [MakeArg] path cmd to extr/cmd
[20:46:10] [ServerNewConsole/Warn] [Client Run/Thread]  [MakeArg] path runcmd to extr/runcmd
[20:46:10] [ServerNewConsole/Warn] [Client Run/Thread]  [MakeArg] path server/SPC to extr/server/SPC
[20:46:11] [ServerNewConsole/Info] [Client Run/Thread] load[
[20:46:11] [ServerNewConsole/Info] [Client Run/Thread] [System plug-in unit] The package extr/cmd is sucess load to return 0 at load
[20:46:11] [ServerNewConsole/Info] [Client Run/Thread] [System plug-in unit] The package extr/runcmd is sucess load to return 0 at load
[20:46:11] [ServerNewConsole/Info] [Client Run/Thread] [System plug-in unit] The package extr/server/SPC is sucess load to return 0 at load
[20:46:11] [ServerNewConsole/Info] [Client Run/Thread] ] * load
[20:46:11] [ServerNewConsole/Info] [Client Run/Thread] load[
[20:46:11] [ServerNewConsole/Info] [Client Run/Thread] [System plug-in unit] The package SystemCmdExtr/Helper is sucess load to return 0 at load
[20:46:11] [ServerNewConsole/Info] [Client Run/Thread] [System plug-in unit] The package SystemCmdExtr/LoadRun is sucess load to return 0 at load
[20:46:11] [ServerNewConsole/Info] [Client Run/Thread] ] * load
[20:46:11] [ServerNewConsole/Info] [Client Run/Thread] 启动窗体，加载程序
[20:46:11] [ServerNewConsole/Info] [Client Run/Thread] sever-loading[
[20:46:11] [ServerNewConsole/Info] [Client Run/Thread] [System plug-in unit] The package extr/cmd is sucess load to return 0 at getcmd
[20:46:11] [ServerNewConsole/Info] [Client Run/Thread] [System plug-in unit] The package extr/runcmd is sucess load to return 0 at getcmd
[20:46:11] [ServerNewConsole/Info] [Client Run/Thread] [System plug-in unit] The package extr/server/SPC is sucess load to return 0 at getcmd
[20:46:11] [ServerNewConsole/Info] [Client Run/Thread] [System plug-in unit] The package extr/cmd is sucess load to return 0 at sever-loading
[20:46:11] [ServerNewConsole/Info] [Client Run/Thread] [System plug-in unit] The package extr/runcmd is sucess load to return 0 at sever-loading
[20:46:12] [ServerNewConsole/Info] [Client Run/Thread] [System plug-in unit] The package extr/server/SPC is sucess load to return 0 at sever-loading
[20:46:12] [ServerNewConsole/Info] [Client Run/Thread] ] * sever-loading

