#Console Printf about side
#       Code Memory this...
#       WriteTime about (s)31
#
#Endl
[18:4:19] [NewConsole/Info] [Client Run/Thread] 加载启动
[18:4:21] [NewConsole/Info] [Client Run/Thread] [Memory] 成功创建分配
[18:4:21] [NewConsole/Warn] [Client Run/Thread] [Menory] About creat memory
name LoadSmPro
Bytes(MB) 1024
[18:4:21] [NewConsole/Info] [Client Run/Thread] [Memory] 正在解析数据...请稍后
[18:4:21] [NewConsole/Info] [Client Run/Thread] [LC] 标签解析完毕，正在传递给内存中...
[18:4:21] [NewConsole/Info] [Client Run/Thread] 成功
[18:4:29] [NewConsole/Warn] [Client Run/Thread] 创建From大小为 x:800 y:600
[18:4:29] [NewConsole/Warn] [Client Run/Thread] 使用这个语言在加载时或完毕时 zh-cn
[18:4:29] [NewConsole/Warn] [Client Run/Thread] 是否放大在加载窗体True
[18:4:29] [NewConsole/Warn] [Client Run/Thread]  [MakeArg] path mo to extr/mo
[18:4:29] [NewConsole/Warn] [Client Run/Thread]  [MakeArg] path sr to extr/sr
[18:4:29] [NewConsole/Warn] [Client Run/Thread]  [MakeArg] path cmd to extr/cmd
[18:4:29] [NewConsole/Warn] [Client Run/Thread]  [MakeArg] path cw to extr/cw
[18:4:29] [NewConsole/Warn] [Client Run/Thread]  [MakeArg] path client/HPC to extr/client/HPC
[18:4:29] [NewConsole/Warn] [Client Run/Thread]  [MakeArg] path server/SPC to extr/server/SPC
[18:4:29] [NewConsole/Warn] [Client Run/Thread]  [MakeArg] path cw to extr/cw
[18:4:30] [NewConsole/Info] [Client Run/Thread] load[
[18:4:31] [NewConsole/Info] [Client Run/Thread] [System plug-in unit] The package extr/mo is sucess load to return 0 at load
[18:4:32] [NewConsole/Info] [Client Run/Thread] [System plug-in unit] The package extr/sr is sucess load to return 0 at load
[18:4:32] [NewConsole/Info] [Client Run/Thread] [System plug-in unit] The package extr/cmd is sucess load to return 0 at load
[18:4:32] [NewConsole/Info] [Client Run/Thread] [System plug-in unit] The package extr/cw is sucess load to return 0 at load
[18:4:32] [NewConsole/Info] [Client Run/Thread] [System plug-in unit] The package extr/client/HPC is sucess load to return 0 at load
[18:4:32] [NewConsole/Info] [Client Run/Thread] [System plug-in unit] The package extr/server/SPC is sucess load to return 0 at load
[18:4:32] [NewConsole/Info] [Client Run/Thread] [System plug-in unit] The package SystemCmdExtr/Shell is sucess load to return 0 at load
[18:4:32] [NewConsole/Info] [Client Run/Thread] ] * load
[18:4:32] [NewConsole/Info] [Client Run/Thread] load[
[18:4:32] [NewConsole/Info] [Client Run/Thread] [System plug-in unit] The package SystemCmdExtr/Helper is sucess load to return 0 at load
[18:4:32] [NewConsole/Info] [Client Run/Thread] [System plug-in unit] The package SystemCmdExtr/LoadRun is sucess load to return 0 at load
[18:4:32] [NewConsole/Info] [Client Run/Thread] [System plug-in unit] The package extr/cw is sucess load to return 0 at load
[18:4:32] [NewConsole/Info] [Client Run/Thread] ] * load
[18:4:32] [NewConsole/Info] [Client Run/Thread] 启动窗体，加载程序
[18:4:33] [NewConsole/Info] [Client Run/Thread] loading[
[18:4:33] [NewConsole/Info] [Client Run/Thread] [System plug-in unit] The package extr/mo is sucess load to return 0 at loading
[18:4:34] [NewConsole/Info] [Client Run/Thread] [System plug-in unit] The package extr/cmd is sucess load to return 0 at getcmd
[18:4:34] [NewConsole/Info] [Client Run/Thread] [System plug-in unit] The package extr/cw is sucess load to return 0 at getcmd
[18:4:34] [NewConsole/Info] [Client Run/Thread] [System plug-in unit] The package extr/client/HPC is sucess load to return 0 at getcmd
[18:4:34] [NewConsole/Info] [Client Run/Thread] [System plug-in unit] The package extr/server/SPC is sucess load to return 0 at getcmd
[18:4:34] [NewConsole/Info] [Client Run/Thread] [System plug-in unit] The package SystemCmdExtr/Shell is sucess load to return 0 at getcmd
[18:4:34] [NewConsole/Info] [Client Run/Thread] [System plug-in unit] The package extr/cmd is sucess load to return 0 at runload
[18:4:34] [NewConsole/Info] [Client Run/Thread] [System plug-in unit] The package extr/sr is sucess load to return 0 at loading
[18:4:34] [NewConsole/Info] [Client Run/Thread] [System plug-in unit] The package extr/cmd is sucess load to return 0 at loading
[18:4:34] [NewConsole/Info] [Client Run/Thread] [System plug-in unit] The package extr/cw is sucess load to return 0 at loading
[18:4:34] [NewConsole/Info] [Client Run/Thread] [System plug-in unit] The package extr/client/HPC is sucess load to return 0 at loading
[18:4:35] [NewConsole/Info] [Client Run/Thread] [System plug-in unit] The package extr/server/SPC is sucess load to return 0 at loading
[18:4:35] [NewConsole/Info] [Client Run/Thread] [System plug-in unit] The package SystemCmdExtr/Shell is sucess load to return 0 at loading
[18:4:35] [NewConsole/Info] [Client Run/Thread] ] * loading

[18:6:3] [NewConsole/Info] [Client Run/Thread] 加载启动
[18:6:5] [NewConsole/Info] [Client Run/Thread] [Memory] 成功创建分配
[18:6:5] [NewConsole/Warn] [Client Run/Thread] [Menory] About creat memory
name LoadSmPro
Bytes(MB) 1024
[18:6:5] [NewConsole/Info] [Client Run/Thread] [Memory] 正在解析数据...请稍后
[18:6:5] [NewConsole/Info] [Client Run/Thread] [LC] 标签解析完毕，正在传递给内存中...
[18:6:5] [NewConsole/Info] [Client Run/Thread] 成功
[18:6:13] [NewConsole/Warn] [Client Run/Thread] 创建From大小为 x:800 y:600
[18:6:13] [NewConsole/Warn] [Client Run/Thread] 使用这个语言在加载时或完毕时 zh-cn
[18:6:13] [NewConsole/Warn] [Client Run/Thread] 是否放大在加载窗体True
[18:6:14] [NewConsole/Warn] [Client Run/Thread]  [MakeArg] path mo to extr/mo
[18:6:14] [NewConsole/Warn] [Client Run/Thread]  [MakeArg] path sr to extr/sr
[18:6:14] [NewConsole/Warn] [Client Run/Thread]  [MakeArg] path cmd to extr/cmd
[18:6:14] [NewConsole/Warn] [Client Run/Thread]  [MakeArg] path cw to extr/cw
[18:6:14] [NewConsole/Warn] [Client Run/Thread]  [MakeArg] path client/HPC to extr/client/HPC
[18:6:14] [NewConsole/Warn] [Client Run/Thread]  [MakeArg] path server/SPC to extr/server/SPC
[18:6:14] [NewConsole/Warn] [Client Run/Thread]  [MakeArg] path cw to extr/cw

[18:6:16] [NewConsole/Info] [Client Run/Thread] load[
[18:6:16] [NewConsole/Info] [Client Run/Thread] [System plug-in unit] The package extr/mo is sucess load to return 0 at load
[18:6:16] [NewConsole/Info] [Client Run/Thread] [System plug-in unit] The package extr/sr is sucess load to return 0 at load
[18:6:16] [NewConsole/Info] [Client Run/Thread] [System plug-in unit] The package extr/cmd is sucess load to return 0 at load
[18:6:16] [NewConsole/Info] [Client Run/Thread] [System plug-in unit] The package extr/cw is sucess load to return 0 at load
[18:6:17] [NewConsole/Info] [Client Run/Thread] [System plug-in unit] The package extr/client/HPC is sucess load to return 0 at load
[18:6:17] [NewConsole/Info] [Client Run/Thread] [System plug-in unit] The package extr/server/SPC is sucess load to return 0 at load
[18:6:17] [NewConsole/Info] [Client Run/Thread] [System plug-in unit] The package SystemCmdExtr/Shell is sucess load to return 0 at load
[18:6:17] [NewConsole/Info] [Client Run/Thread] ] * load
[18:6:17] [NewConsole/Info] [Client Run/Thread] load[
[18:6:17] [NewConsole/Info] [Client Run/Thread] [System plug-in unit] The package SystemCmdExtr/Helper is sucess load to return 0 at load
[18:6:17] [NewConsole/Info] [Client Run/Thread] [System plug-in unit] The package SystemCmdExtr/LoadRun is sucess load to return 0 at load
[18:6:17] [NewConsole/Info] [Client Run/Thread] [System plug-in unit] The package extr/cw is sucess load to return 0 at load
[18:6:17] [NewConsole/Info] [Client Run/Thread] ] * load
[18:6:17] [NewConsole/Info] [Client Run/Thread] 启动窗体，加载程序
[18:6:18] [NewConsole/Info] [Client Run/Thread] loading[
[18:6:18] [NewConsole/Info] [Client Run/Thread] [System plug-in unit] The package extr/mo is sucess load to return 0 at loading
[18:6:19] [NewConsole/Info] [Client Run/Thread] [System plug-in unit] The package extr/cmd is sucess load to return 0 at getcmd
[18:6:19] [NewConsole/Info] [Client Run/Thread] [System plug-in unit] The package extr/cw is sucess load to return 0 at getcmd
[18:6:19] [NewConsole/Info] [Client Run/Thread] [System plug-in unit] The package extr/client/HPC is sucess load to return 0 at getcmd
[18:6:19] [NewConsole/Info] [Client Run/Thread] [System plug-in unit] The package extr/server/SPC is sucess load to return 0 at getcmd
[18:6:19] [NewConsole/Info] [Client Run/Thread] [System plug-in unit] The package SystemCmdExtr/Shell is sucess load to return 0 at getcmd
[18:6:19] [NewConsole/Info] [Client Run/Thread] [System plug-in unit] The package extr/cmd is sucess load to return 0 at runload
[18:6:20] [NewConsole/Info] [Client Run/Thread] [System plug-in unit] The package extr/sr is sucess load to return 0 at loading
[18:6:20] [NewConsole/Info] [Client Run/Thread] [System plug-in unit] The package extr/cmd is sucess load to return 0 at loading
[18:6:20] [NewConsole/Info] [Client Run/Thread] [System plug-in unit] The package extr/cw is sucess load to return 0 at loading
[18:6:20] [NewConsole/Info] [Client Run/Thread] [System plug-in unit] The package extr/client/HPC is sucess load to return 0 at loading
[18:6:20] [NewConsole/Info] [Client Run/Thread] [System plug-in unit] The package extr/server/SPC is sucess load to return 0 at loading
[18:6:20] [NewConsole/Info] [Client Run/Thread] [System plug-in unit] The package SystemCmdExtr/Shell is sucess load to return 0 at loading
[18:6:20] [NewConsole/Info] [Client Run/Thread] ] * loading



[18:6:53] [NewConsole/Info] [/Thread] [System plug-in unit] The package extr/cmd is sucess load to return 0 at run



[18:7:33] [NewConsole/Info] [/Thread] [System plug-in unit] The package extr/cmd is sucess load to return 0 at run





[18:8:30] [NewConsole/Info] [Main Window System/Thread] close[
[18:8:30] [NewConsole/Info] [Main Window System/Thread] [System plug-in unit] The package extr/mo is sucess load to return 0 at close
[18:8:30] [NewConsole/Info] [Main Window System/Thread] [System plug-in unit] The package extr/sr is sucess load to return 0 at close
[18:8:30] [NewConsole/Info] [Main Window System/Thread] [System plug-in unit] The package extr/cmd is sucess load to return 0 at close
[18:8:30] [NewConsole/Info] [Main Window System/Thread] [System plug-in unit] The package extr/cw is sucess load to return 0 at close
[18:8:30] [NewConsole/Info] [Main Window System/Thread] [System plug-in unit] The package extr/client/HPC is sucess load to return 0 at close
[18:8:30] [NewConsole/Info] [Main Window System/Thread] [System plug-in unit] The package extr/server/SPC is sucess load to return 0 at close
[18:8:31] [NewConsole/Info] [Main Window System/Thread] [System plug-in unit] The package SystemCmdExtr/Shell is sucess load to return 0 at close
[18:8:31] [NewConsole/Info] [Main Window System/Thread] ] * close

[18:9:30] [NewConsole/Info] [Client Run/Thread] 加载启动
[18:9:31] [NewConsole/Info] [Client Run/Thread] [Memory] 成功创建分配
[18:9:31] [NewConsole/Warn] [Client Run/Thread] [Menory] About creat memory
name LoadSmPro
Bytes(MB) 1024
[18:9:31] [NewConsole/Info] [Client Run/Thread] [Memory] 正在解析数据...请稍后
[18:9:31] [NewConsole/Info] [Client Run/Thread] [LC] 标签解析完毕，正在传递给内存中...
[18:9:31] [NewConsole/Info] [Client Run/Thread] 成功
[18:9:37] [NewConsole/Warn] [Client Run/Thread] 创建From大小为 x:800 y:600
[18:9:37] [NewConsole/Warn] [Client Run/Thread] 使用这个语言在加载时或完毕时 zh-cn
[18:9:37] [NewConsole/Warn] [Client Run/Thread] 是否放大在加载窗体True
[18:9:38] [NewConsole/Warn] [Client Run/Thread]  [MakeArg] path mo to extr/mo
[18:9:38] [NewConsole/Warn] [Client Run/Thread]  [MakeArg] path sr to extr/sr
[18:9:38] [NewConsole/Warn] [Client Run/Thread]  [MakeArg] path cmd to extr/cmd
[18:9:38] [NewConsole/Warn] [Client Run/Thread]  [MakeArg] path cw to extr/cw
[18:9:38] [NewConsole/Warn] [Client Run/Thread]  [MakeArg] path client/HPC to extr/client/HPC
[18:9:38] [NewConsole/Warn] [Client Run/Thread]  [MakeArg] path server/SPC to extr/server/SPC
[18:9:38] [NewConsole/Warn] [Client Run/Thread]  [MakeArg] path cw to extr/cw
[18:9:39] [NewConsole/Info] [Client Run/Thread] load[
[18:9:39] [NewConsole/Info] [Client Run/Thread] [System plug-in unit] The package extr/mo is sucess load to return 0 at load
[18:9:39] [NewConsole/Info] [Client Run/Thread] [System plug-in unit] The package extr/sr is sucess load to return 0 at load
[18:9:39] [NewConsole/Info] [Client Run/Thread] [System plug-in unit] The package extr/cmd is sucess load to return 0 at load
[18:9:39] [NewConsole/Info] [Client Run/Thread] [System plug-in unit] The package extr/cw is sucess load to return 0 at load
[18:9:39] [NewConsole/Info] [Client Run/Thread] [System plug-in unit] The package extr/client/HPC is sucess load to return 0 at load
[18:9:39] [NewConsole/Info] [Client Run/Thread] [System plug-in unit] The package extr/server/SPC is sucess load to return 0 at load
[18:9:39] [NewConsole/Info] [Client Run/Thread] [System plug-in unit] The package SystemCmdExtr/Shell is sucess load to return 0 at load
[18:9:39] [NewConsole/Info] [Client Run/Thread] ] * load
[18:9:39] [NewConsole/Info] [Client Run/Thread] load[
[18:9:39] [NewConsole/Info] [Client Run/Thread] [System plug-in unit] The package SystemCmdExtr/Helper is sucess load to return 0 at load
[18:9:39] [NewConsole/Info] [Client Run/Thread] [System plug-in unit] The package SystemCmdExtr/LoadRun is sucess load to return 0 at load
[18:9:39] [NewConsole/Info] [Client Run/Thread] [System plug-in unit] The package extr/cw is sucess load to return 0 at load
[18:9:39] [NewConsole/Info] [Client Run/Thread] ] * load
[18:9:39] [NewConsole/Info] [Client Run/Thread] 启动窗体，加载程序
[18:9:40] [NewConsole/Info] [Client Run/Thread] loading[
[18:9:40] [NewConsole/Info] [Client Run/Thread] [System plug-in unit] The package extr/mo is sucess load to return 0 at loading
[18:9:40] [NewConsole/Info] [Client Run/Thread] [System plug-in unit] The package extr/cmd is sucess load to return 0 at getcmd
[18:9:40] [NewConsole/Info] [Client Run/Thread] [System plug-in unit] The package extr/cw is sucess load to return 0 at getcmd
[18:9:40] [NewConsole/Info] [Client Run/Thread] [System plug-in unit] The package extr/client/HPC is sucess load to return 0 at getcmd
[18:9:40] [NewConsole/Info] [Client Run/Thread] [System plug-in unit] The package extr/server/SPC is sucess load to return 0 at getcmd
[18:9:40] [NewConsole/Info] [Client Run/Thread] [System plug-in unit] The package SystemCmdExtr/Shell is sucess load to return 0 at getcmd
[18:9:40] [NewConsole/Info] [Client Run/Thread] [System plug-in unit] The package extr/cmd is sucess load to return 0 at runload
[18:9:41] [NewConsole/Info] [Client Run/Thread] [System plug-in unit] The package extr/sr is sucess load to return 0 at loading
[18:9:41] [NewConsole/Info] [Client Run/Thread] [System plug-in unit] The package extr/cmd is sucess load to return 0 at loading
[18:9:41] [NewConsole/Info] [Client Run/Thread] [System plug-in unit] The package extr/cw is sucess load to return 0 at loading
[18:9:41] [NewConsole/Info] [Client Run/Thread] [System plug-in unit] The package extr/client/HPC is sucess load to return 0 at loading
[18:9:41] [NewConsole/Info] [Client Run/Thread] [System plug-in unit] The package extr/server/SPC is sucess load to return 0 at loading
[18:9:41] [NewConsole/Info] [Client Run/Thread] [System plug-in unit] The package SystemCmdExtr/Shell is sucess load to return 0 at loading
[18:9:41] [NewConsole/Info] [Client Run/Thread] ] * loading




[18:10:20] [NewConsole/Info] [/Thread] [System plug-in unit] The package extr/cmd is sucess load to return 0 at run




[18:11:12] [NewConsole/Info] [Main Window System/Thread] close[
[18:11:12] [NewConsole/Info] [Main Window System/Thread] [System plug-in unit] The package extr/mo is sucess load to return 0 at close
[18:11:12] [NewConsole/Info] [Main Window System/Thread] [System plug-in unit] The package extr/sr is sucess load to return 0 at close
[18:11:12] [NewConsole/Info] [Main Window System/Thread] [System plug-in unit] The package extr/cmd is sucess load to return 0 at close
[18:11:12] [NewConsole/Info] [Main Window System/Thread] [System plug-in unit] The package extr/cw is sucess load to return 0 at close
[18:11:12] [NewConsole/Info] [Main Window System/Thread] [System plug-in unit] The package extr/client/HPC is sucess load to return 0 at close
[18:11:12] [NewConsole/Info] [Main Window System/Thread] [System plug-in unit] The package extr/server/SPC is sucess load to return 0 at close
[18:11:12] [NewConsole/Info] [Main Window System/Thread] [System plug-in unit] The package SystemCmdExtr/Shell is sucess load to return 0 at close
[18:11:12] [NewConsole/Info] [Main Window System/Thread] ] * close

[18:11:45] [NewConsole/Info] [Client Run/Thread] 加载启动
[18:11:46] [NewConsole/Info] [Client Run/Thread] [Memory] 成功创建分配
[18:11:46] [NewConsole/Warn] [Client Run/Thread] [Menory] About creat memory
name LoadSmPro
Bytes(MB) 1024
[18:11:46] [NewConsole/Info] [Client Run/Thread] [Memory] 正在解析数据...请稍后
[18:11:46] [NewConsole/Info] [Client Run/Thread] [LC] 标签解析完毕，正在传递给内存中...
[18:11:46] [NewConsole/Info] [Client Run/Thread] 成功
[18:11:50] [NewConsole/Warn] [Client Run/Thread] 创建From大小为 x:800 y:600
[18:11:50] [NewConsole/Warn] [Client Run/Thread] 使用这个语言在加载时或完毕时 zh-cn
[18:11:50] [NewConsole/Warn] [Client Run/Thread] 是否放大在加载窗体True
[18:11:50] [NewConsole/Warn] [Client Run/Thread]  [MakeArg] path mo to extr/mo
[18:11:50] [NewConsole/Warn] [Client Run/Thread]  [MakeArg] path sr to extr/sr
[18:11:50] [NewConsole/Warn] [Client Run/Thread]  [MakeArg] path cmd to extr/cmd
[18:11:50] [NewConsole/Warn] [Client Run/Thread]  [MakeArg] path cw to extr/cw
[18:11:50] [NewConsole/Warn] [Client Run/Thread]  [MakeArg] path client/HPC to extr/client/HPC
[18:11:50] [NewConsole/Warn] [Client Run/Thread]  [MakeArg] path server/SPC to extr/server/SPC
[18:11:50] [NewConsole/Warn] [Client Run/Thread]  [MakeArg] path cw to extr/cw
[18:11:51] [NewConsole/Info] [Client Run/Thread] load[
[18:11:52] [NewConsole/Info] [Client Run/Thread] [System plug-in unit] The package extr/mo is sucess load to return 0 at load
[18:11:52] [NewConsole/Info] [Client Run/Thread] [System plug-in unit] The package extr/sr is sucess load to return 0 at load
[18:11:52] [NewConsole/Info] [Client Run/Thread] [System plug-in unit] The package extr/cmd is sucess load to return 0 at load
[18:11:52] [NewConsole/Info] [Client Run/Thread] [System plug-in unit] The package extr/cw is sucess load to return 0 at load
[18:11:52] [NewConsole/Info] [Client Run/Thread] [System plug-in unit] The package extr/client/HPC is sucess load to return 0 at load
[18:11:52] [NewConsole/Info] [Client Run/Thread] [System plug-in unit] The package extr/server/SPC is sucess load to return 0 at load
[18:11:52] [NewConsole/Info] [Client Run/Thread] [System plug-in unit] The package SystemCmdExtr/Shell is sucess load to return 0 at load
[18:11:52] [NewConsole/Info] [Client Run/Thread] ] * load
[18:11:52] [NewConsole/Info] [Client Run/Thread] load[
[18:11:52] [NewConsole/Info] [Client Run/Thread] [System plug-in unit] The package SystemCmdExtr/Helper is sucess load to return 0 at load
[18:11:52] [NewConsole/Info] [Client Run/Thread] [System plug-in unit] The package SystemCmdExtr/LoadRun is sucess load to return 0 at load
[18:11:52] [NewConsole/Info] [Client Run/Thread] [System plug-in unit] The package extr/cw is sucess load to return 0 at load
[18:11:52] [NewConsole/Info] [Client Run/Thread] ] * load
[18:11:52] [NewConsole/Info] [Client Run/Thread] 启动窗体，加载程序
[18:11:53] [NewConsole/Info] [Client Run/Thread] loading[
[18:11:53] [NewConsole/Info] [Client Run/Thread] [System plug-in unit] The package extr/mo is sucess load to return 0 at loading
[18:11:53] [NewConsole/Info] [Client Run/Thread] [System plug-in unit] The package extr/cmd is sucess load to return 0 at getcmd
[18:11:53] [NewConsole/Info] [Client Run/Thread] [System plug-in unit] The package extr/cw is sucess load to return 0 at getcmd
[18:11:53] [NewConsole/Info] [Client Run/Thread] [System plug-in unit] The package extr/client/HPC is sucess load to return 0 at getcmd
[18:11:53] [NewConsole/Info] [Client Run/Thread] [System plug-in unit] The package extr/server/SPC is sucess load to return 0 at getcmd
[18:11:53] [NewConsole/Info] [Client Run/Thread] [System plug-in unit] The package SystemCmdExtr/Shell is sucess load to return 0 at getcmd
[18:11:53] [NewConsole/Info] [Client Run/Thread] [System plug-in unit] The package extr/cmd is sucess load to return 0 at runload
[18:11:53] [NewConsole/Info] [Client Run/Thread] [System plug-in unit] The package extr/sr is sucess load to return 0 at loading
[18:11:53] [NewConsole/Info] [Client Run/Thread] [System plug-in unit] The package extr/cmd is sucess load to return 0 at loading
[18:11:54] [NewConsole/Info] [Client Run/Thread] [System plug-in unit] The package extr/cw is sucess load to return 0 at loading
[18:11:54] [NewConsole/Info] [Client Run/Thread] [System plug-in unit] The package extr/client/HPC is sucess load to return 0 at loading
[18:11:54] [NewConsole/Info] [Client Run/Thread] [System plug-in unit] The package extr/server/SPC is sucess load to return 0 at loading
[18:11:54] [NewConsole/Info] [Client Run/Thread] [System plug-in unit] The package SystemCmdExtr/Shell is sucess load to return 0 at loading
[18:11:54] [NewConsole/Info] [Client Run/Thread] ] * loading

[18:12:8] [NewConsole/Info] [/Thread] [System plug-in unit] The package extr/cmd is sucess load to return 0 at run









[18:13:56] [NewConsole/Info] [Main Window System/Thread] close[
[18:13:56] [NewConsole/Info] [Main Window System/Thread] [System plug-in unit] The package extr/mo is sucess load to return 0 at close
[18:13:56] [NewConsole/Info] [Main Window System/Thread] [System plug-in unit] The package extr/sr is sucess load to return 0 at close
[18:13:56] [NewConsole/Info] [Main Window System/Thread] [System plug-in unit] The package extr/cmd is sucess load to return 0 at close
[18:13:56] [NewConsole/Info] [Main Window System/Thread] [System plug-in unit] The package extr/cw is sucess load to return 0 at close
[18:13:56] [NewConsole/Info] [Main Window System/Thread] [System plug-in unit] The package extr/client/HPC is sucess load to return 0 at close
[18:13:56] [NewConsole/Info] [Main Window System/Thread] [System plug-in unit] The package extr/server/SPC is sucess load to return 0 at close
[18:13:56] [NewConsole/Info] [Main Window System/Thread] [System plug-in unit] The package SystemCmdExtr/Shell is sucess load to return 0 at close
[18:13:56] [NewConsole/Info] [Main Window System/Thread] ] * close

[18:14:57] [NewConsole/Info] [Client Run/Thread] 加载启动
[18:14:57] [NewConsole/Info] [Client Run/Thread] [Memory] 成功创建分配
[18:14:57] [NewConsole/Warn] [Client Run/Thread] [Menory] About creat memory
name LoadSmPro
Bytes(MB) 1024
[18:14:57] [NewConsole/Info] [Client Run/Thread] [Memory] 正在解析数据...请稍后
[18:14:57] [NewConsole/Info] [Client Run/Thread] [LC] 标签解析完毕，正在传递给内存中...
[18:14:58] [NewConsole/Info] [Client Run/Thread] 成功
[18:15:5] [NewConsole/Warn] [Client Run/Thread] 创建From大小为 x:800 y:600
[18:15:5] [NewConsole/Warn] [Client Run/Thread] 使用这个语言在加载时或完毕时 zh-cn
[18:15:6] [NewConsole/Warn] [Client Run/Thread] 是否放大在加载窗体True
[18:15:6] [NewConsole/Warn] [Client Run/Thread]  [MakeArg] path mo to extr/mo
[18:15:6] [NewConsole/Warn] [Client Run/Thread]  [MakeArg] path sr to extr/sr
[18:15:6] [NewConsole/Warn] [Client Run/Thread]  [MakeArg] path cmd to extr/cmd
[18:15:6] [NewConsole/Warn] [Client Run/Thread]  [MakeArg] path cw to extr/cw
[18:15:6] [NewConsole/Warn] [Client Run/Thread]  [MakeArg] path client/HPC to extr/client/HPC
[18:15:6] [NewConsole/Warn] [Client Run/Thread]  [MakeArg] path server/SPC to extr/server/SPC
[18:15:6] [NewConsole/Warn] [Client Run/Thread]  [MakeArg] path cw to extr/cw
[18:15:7] [NewConsole/Info] [Client Run/Thread] load[
[18:15:8] [NewConsole/Info] [Client Run/Thread] [System plug-in unit] The package extr/mo is sucess load to return 0 at load
[18:15:8] [NewConsole/Info] [Client Run/Thread] [System plug-in unit] The package extr/sr is sucess load to return 0 at load
[18:15:8] [NewConsole/Info] [Client Run/Thread] [System plug-in unit] The package extr/cmd is sucess load to return 0 at load
[18:15:8] [NewConsole/Info] [Client Run/Thread] [System plug-in unit] The package extr/cw is sucess load to return 0 at load
[18:15:8] [NewConsole/Info] [Client Run/Thread] [System plug-in unit] The package extr/client/HPC is sucess load to return 0 at load
[18:15:8] [NewConsole/Info] [Client Run/Thread] [System plug-in unit] The package extr/server/SPC is sucess load to return 0 at load
[18:15:8] [NewConsole/Info] [Client Run/Thread] [System plug-in unit] The package SystemCmdExtr/Shell is sucess load to return 0 at load
[18:15:8] [NewConsole/Info] [Client Run/Thread] ] * load
[18:15:8] [NewConsole/Info] [Client Run/Thread] load[
[18:15:8] [NewConsole/Info] [Client Run/Thread] [System plug-in unit] The package SystemCmdExtr/Helper is sucess load to return 0 at load
[18:15:8] [NewConsole/Info] [Client Run/Thread] [System plug-in unit] The package SystemCmdExtr/LoadRun is sucess load to return 0 at load
[18:15:8] [NewConsole/Info] [Client Run/Thread] [System plug-in unit] The package extr/cw is sucess load to return 0 at load
[18:15:8] [NewConsole/Info] [Client Run/Thread] ] * load
[18:15:8] [NewConsole/Info] [Client Run/Thread] 启动窗体，加载程序

[18:15:9] [NewConsole/Info] [Client Run/Thread] loading[
[18:15:9] [NewConsole/Info] [Client Run/Thread] [System plug-in unit] The package extr/mo is sucess load to return 0 at loading
[18:15:10] [NewConsole/Info] [Client Run/Thread] [System plug-in unit] The package extr/cmd is sucess load to return 0 at getcmd
[18:15:10] [NewConsole/Info] [Client Run/Thread] [System plug-in unit] The package extr/cw is sucess load to return 0 at getcmd
[18:15:10] [NewConsole/Info] [Client Run/Thread] [System plug-in unit] The package extr/client/HPC is sucess load to return 0 at getcmd
[18:15:10] [NewConsole/Info] [Client Run/Thread] [System plug-in unit] The package extr/server/SPC is sucess load to return 0 at getcmd
[18:15:10] [NewConsole/Info] [Client Run/Thread] [System plug-in unit] The package SystemCmdExtr/Shell is sucess load to return 0 at getcmd
[18:15:11] [NewConsole/Info] [Client Run/Thread] [System plug-in unit] The package extr/cmd is sucess load to return 0 at runload
[18:15:11] [NewConsole/Info] [Client Run/Thread] [System plug-in unit] The package extr/sr is sucess load to return 0 at loading
[18:15:11] [NewConsole/Info] [Client Run/Thread] [System plug-in unit] The package extr/cmd is sucess load to return 0 at loading
[18:15:11] [NewConsole/Info] [Client Run/Thread] [System plug-in unit] The package extr/cw is sucess load to return 0 at loading
[18:15:11] [NewConsole/Info] [Client Run/Thread] [System plug-in unit] The package extr/client/HPC is sucess load to return 0 at loading
[18:15:11] [NewConsole/Info] [Client Run/Thread] [System plug-in unit] The package extr/server/SPC is sucess load to return 0 at loading
[18:15:11] [NewConsole/Info] [Client Run/Thread] [System plug-in unit] The package SystemCmdExtr/Shell is sucess load to return 0 at loading
[18:15:11] [NewConsole/Info] [Client Run/Thread] ] * loading


[18:15:35] [NewConsole/Info] [/Thread] [System plug-in unit] The package extr/cmd is sucess load to return 0 at run















[18:19:42] [NewConsole/Info] [Client Run/Thread] 加载启动
[18:19:42] [NewConsole/Info] [Client Run/Thread] [Memory] 成功创建分配
[18:19:42] [NewConsole/Warn] [Client Run/Thread] [Menory] About creat memory
name LoadSmPro
Bytes(MB) 1024
[18:19:42] [NewConsole/Info] [Client Run/Thread] [Memory] 正在解析数据...请稍后
[18:19:42] [NewConsole/Info] [Client Run/Thread] [LC] 标签解析完毕，正在传递给内存中...
[18:19:42] [NewConsole/Info] [Client Run/Thread] 成功
[18:19:46] [NewConsole/Warn] [Client Run/Thread] 创建From大小为 x:800 y:600
[18:19:46] [NewConsole/Warn] [Client Run/Thread] 使用这个语言在加载时或完毕时 zh-cn
[18:19:46] [NewConsole/Warn] [Client Run/Thread] 是否放大在加载窗体True
[18:19:46] [NewConsole/Warn] [Client Run/Thread]  [MakeArg] path mo to extr/mo
[18:19:46] [NewConsole/Warn] [Client Run/Thread]  [MakeArg] path sr to extr/sr
[18:19:46] [NewConsole/Warn] [Client Run/Thread]  [MakeArg] path cmd to extr/cmd
[18:19:46] [NewConsole/Warn] [Client Run/Thread]  [MakeArg] path cw to extr/cw
[18:19:46] [NewConsole/Warn] [Client Run/Thread]  [MakeArg] path client/HPC to extr/client/HPC
[18:19:46] [NewConsole/Warn] [Client Run/Thread]  [MakeArg] path server/SPC to extr/server/SPC
[18:19:46] [NewConsole/Warn] [Client Run/Thread]  [MakeArg] path cw to extr/cw
[18:19:47] [NewConsole/Info] [Client Run/Thread] load[
[18:19:47] [NewConsole/Info] [Client Run/Thread] [System plug-in unit] The package extr/mo is sucess load to return 0 at load
[18:19:48] [NewConsole/Info] [Client Run/Thread] [System plug-in unit] The package extr/sr is sucess load to return 0 at load
[18:19:48] [NewConsole/Info] [Client Run/Thread] [System plug-in unit] The package extr/cmd is sucess load to return 0 at load
[18:19:48] [NewConsole/Info] [Client Run/Thread] [System plug-in unit] The package extr/cw is sucess load to return 0 at load
[18:19:48] [NewConsole/Info] [Client Run/Thread] [System plug-in unit] The package extr/client/HPC is sucess load to return 0 at load
[18:19:48] [NewConsole/Info] [Client Run/Thread] [System plug-in unit] The package extr/server/SPC is sucess load to return 0 at load
[18:19:48] [NewConsole/Info] [Client Run/Thread] [System plug-in unit] The package SystemCmdExtr/Shell is sucess load to return 0 at load
[18:19:48] [NewConsole/Info] [Client Run/Thread] ] * load
[18:19:48] [NewConsole/Info] [Client Run/Thread] load[
[18:19:48] [NewConsole/Info] [Client Run/Thread] [System plug-in unit] The package SystemCmdExtr/Helper is sucess load to return 0 at load
[18:19:48] [NewConsole/Info] [Client Run/Thread] [System plug-in unit] The package SystemCmdExtr/LoadRun is sucess load to return 0 at load
[18:19:48] [NewConsole/Info] [Client Run/Thread] [System plug-in unit] The package extr/cw is sucess load to return 0 at load
[18:19:48] [NewConsole/Info] [Client Run/Thread] ] * load
[18:19:48] [NewConsole/Info] [Client Run/Thread] 启动窗体，加载程序
[18:19:48] [NewConsole/Info] [Client Run/Thread] loading[
[18:19:48] [NewConsole/Info] [Client Run/Thread] [System plug-in unit] The package extr/mo is sucess load to return 0 at loading
[18:19:49] [NewConsole/Info] [Client Run/Thread] [System plug-in unit] The package extr/cmd is sucess load to return 0 at getcmd
[18:19:49] [NewConsole/Info] [Client Run/Thread] [System plug-in unit] The package extr/cw is sucess load to return 0 at getcmd
[18:19:49] [NewConsole/Info] [Client Run/Thread] [System plug-in unit] The package extr/client/HPC is sucess load to return 0 at getcmd
[18:19:49] [NewConsole/Info] [Client Run/Thread] [System plug-in unit] The package extr/server/SPC is sucess load to return 0 at getcmd
[18:19:49] [NewConsole/Info] [Client Run/Thread] [System plug-in unit] The package SystemCmdExtr/Shell is sucess load to return 0 at getcmd
[18:19:49] [NewConsole/Info] [Client Run/Thread] [System plug-in unit] The package extr/cmd is sucess load to return 0 at runload
[18:19:49] [NewConsole/Info] [Client Run/Thread] [System plug-in unit] The package extr/sr is sucess load to return 0 at loading
[18:19:49] [NewConsole/Info] [Client Run/Thread] [System plug-in unit] The package extr/cmd is sucess load to return 0 at loading
[18:19:49] [NewConsole/Info] [Client Run/Thread] [System plug-in unit] The package extr/cw is sucess load to return 0 at loading
[18:19:49] [NewConsole/Info] [Client Run/Thread] [System plug-in unit] The package extr/client/HPC is sucess load to return 0 at loading
[18:19:49] [NewConsole/Info] [Client Run/Thread] [System plug-in unit] The package extr/server/SPC is sucess load to return 0 at loading
[18:19:49] [NewConsole/Info] [Client Run/Thread] [System plug-in unit] The package SystemCmdExtr/Shell is sucess load to return 0 at loading
[18:19:49] [NewConsole/Info] [Client Run/Thread] ] * loading




[18:20:31] [NewConsole/Info] [/Thread] [System plug-in unit] The package extr/cmd is sucess load to return 0 at run



[18:21:15] [NewConsole/Info] [Main Window System/Thread] close[
[18:21:15] [NewConsole/Info] [Main Window System/Thread] [System plug-in unit] The package extr/mo is sucess load to return 0 at close
[18:21:15] [NewConsole/Info] [Main Window System/Thread] [System plug-in unit] The package extr/sr is sucess load to return 0 at close
[18:21:15] [NewConsole/Info] [Main Window System/Thread] [System plug-in unit] The package extr/cmd is sucess load to return 0 at close
[18:21:15] [NewConsole/Info] [Main Window System/Thread] [System plug-in unit] The package extr/cw is sucess load to return 0 at close
[18:21:15] [NewConsole/Info] [Main Window System/Thread] [System plug-in unit] The package extr/client/HPC is sucess load to return 0 at close
[18:21:15] [NewConsole/Info] [Main Window System/Thread] [System plug-in unit] The package extr/server/SPC is sucess load to return 0 at close
[18:21:15] [NewConsole/Info] [Main Window System/Thread] [System plug-in unit] The package SystemCmdExtr/Shell is sucess load to return 0 at close
[18:21:15] [NewConsole/Info] [Main Window System/Thread] ] * close

[18:27:16] [NewConsole/Info] [Client Run/Thread] 加载启动
[18:27:17] [NewConsole/Info] [Client Run/Thread] [Memory] 成功创建分配
[18:27:17] [NewConsole/Warn] [Client Run/Thread] [Menory] About creat memory
name LoadSmPro
Bytes(MB) 1024
[18:27:17] [NewConsole/Info] [Client Run/Thread] [Memory] 正在解析数据...请稍后
[18:27:17] [NewConsole/Info] [Client Run/Thread] [LC] 标签解析完毕，正在传递给内存中...
[18:27:17] [NewConsole/Info] [Client Run/Thread] 成功
[18:27:21] [NewConsole/Warn] [Client Run/Thread] 创建From大小为 x:800 y:600
[18:27:21] [NewConsole/Warn] [Client Run/Thread] 使用这个语言在加载时或完毕时 zh-cn
[18:27:21] [NewConsole/Warn] [Client Run/Thread] 是否放大在加载窗体True
[18:27:21] [NewConsole/Warn] [Client Run/Thread]  [MakeArg] path mo to extr/mo
[18:27:21] [NewConsole/Warn] [Client Run/Thread]  [MakeArg] path sr to extr/sr
[18:27:21] [NewConsole/Warn] [Client Run/Thread]  [MakeArg] path cmd to extr/cmd
[18:27:21] [NewConsole/Warn] [Client Run/Thread]  [MakeArg] path cw to extr/cw
[18:27:21] [NewConsole/Warn] [Client Run/Thread]  [MakeArg] path client/HPC to extr/client/HPC
[18:27:21] [NewConsole/Warn] [Client Run/Thread]  [MakeArg] path server/SPC to extr/server/SPC
[18:27:21] [NewConsole/Warn] [Client Run/Thread]  [MakeArg] path cw to extr/cw
[18:27:22] [NewConsole/Info] [Client Run/Thread] load[
[18:27:23] [NewConsole/Info] [Client Run/Thread] [System plug-in unit] The package extr/mo is sucess load to return 0 at load
[18:27:23] [NewConsole/Info] [Client Run/Thread] [System plug-in unit] The package extr/sr is sucess load to return 0 at load
[18:27:23] [NewConsole/Info] [Client Run/Thread] [System plug-in unit] The package extr/cmd is sucess load to return 0 at load
[18:27:23] [NewConsole/Info] [Client Run/Thread] [System plug-in unit] The package extr/cw is sucess load to return 0 at load
[18:27:23] [NewConsole/Info] [Client Run/Thread] [System plug-in unit] The package extr/client/HPC is sucess load to return 0 at load
[18:27:23] [NewConsole/Info] [Client Run/Thread] [System plug-in unit] The package extr/server/SPC is sucess load to return 0 at load
[18:27:23] [NewConsole/Info] [Client Run/Thread] [System plug-in unit] The package SystemCmdExtr/Shell is sucess load to return 0 at load
[18:27:23] [NewConsole/Info] [Client Run/Thread] ] * load
[18:27:23] [NewConsole/Info] [Client Run/Thread] load[
[18:27:23] [NewConsole/Info] [Client Run/Thread] [System plug-in unit] The package SystemCmdExtr/Helper is sucess load to return 0 at load
[18:27:23] [NewConsole/Info] [Client Run/Thread] [System plug-in unit] The package SystemCmdExtr/LoadRun is sucess load to return 0 at load
[18:27:23] [NewConsole/Info] [Client Run/Thread] [System plug-in unit] The package extr/cw is sucess load to return 0 at load
[18:27:23] [NewConsole/Info] [Client Run/Thread] ] * load
[18:27:23] [NewConsole/Info] [Client Run/Thread] 启动窗体，加载程序
[18:27:24] [NewConsole/Info] [Client Run/Thread] loading[
[18:27:24] [NewConsole/Info] [Client Run/Thread] [System plug-in unit] The package extr/mo is sucess load to return 0 at loading
[18:27:24] [NewConsole/Info] [Client Run/Thread] [System plug-in unit] The package extr/cmd is sucess load to return 0 at getcmd
[18:27:24] [NewConsole/Info] [Client Run/Thread] [System plug-in unit] The package extr/cw is sucess load to return 0 at getcmd
[18:27:24] [NewConsole/Info] [Client Run/Thread] [System plug-in unit] The package extr/client/HPC is sucess load to return 0 at getcmd
[18:27:24] [NewConsole/Info] [Client Run/Thread] [System plug-in unit] The package extr/server/SPC is sucess load to return 0 at getcmd
[18:27:24] [NewConsole/Info] [Client Run/Thread] [System plug-in unit] The package SystemCmdExtr/Shell is sucess load to return 0 at getcmd
[18:27:24] [NewConsole/Info] [Client Run/Thread] [System plug-in unit] The package extr/cmd is sucess load to return 0 at runload
[18:27:24] [NewConsole/Info] [Client Run/Thread] [System plug-in unit] The package extr/sr is sucess load to return 0 at loading
[18:27:24] [NewConsole/Info] [Client Run/Thread] [System plug-in unit] The package extr/cmd is sucess load to return 0 at loading
[18:27:24] [NewConsole/Info] [Client Run/Thread] [System plug-in unit] The package extr/cw is sucess load to return 0 at loading
[18:27:24] [NewConsole/Info] [Client Run/Thread] [System plug-in unit] The package extr/client/HPC is sucess load to return 0 at loading
[18:27:25] [NewConsole/Info] [Client Run/Thread] [System plug-in unit] The package extr/server/SPC is sucess load to return 0 at loading
[18:27:25] [NewConsole/Info] [Client Run/Thread] [System plug-in unit] The package SystemCmdExtr/Shell is sucess load to return 0 at loading
[18:27:25] [NewConsole/Info] [Client Run/Thread] ] * loading

[18:27:39] [NewConsole/Info] [/Thread] [System plug-in unit] The package extr/cmd is sucess load to return 0 at run


[18:28:45] [NewConsole/Info] [Client Run/Thread] 加载启动
[18:28:46] [NewConsole/Info] [Client Run/Thread] [Memory] 成功创建分配
[18:28:46] [NewConsole/Warn] [Client Run/Thread] [Menory] About creat memory
name LoadSmPro
Bytes(MB) 1024
[18:28:46] [NewConsole/Info] [Client Run/Thread] [Memory] 正在解析数据...请稍后
[18:28:46] [NewConsole/Info] [Client Run/Thread] [LC] 标签解析完毕，正在传递给内存中...
[18:28:46] [NewConsole/Info] [Client Run/Thread] 成功
[18:28:50] [NewConsole/Warn] [Client Run/Thread] 创建From大小为 x:800 y:600
[18:28:50] [NewConsole/Warn] [Client Run/Thread] 使用这个语言在加载时或完毕时 zh-cn
[18:28:50] [NewConsole/Warn] [Client Run/Thread] 是否放大在加载窗体True
[18:28:50] [NewConsole/Warn] [Client Run/Thread]  [MakeArg] path mo to extr/mo
[18:28:50] [NewConsole/Warn] [Client Run/Thread]  [MakeArg] path sr to extr/sr
[18:28:50] [NewConsole/Warn] [Client Run/Thread]  [MakeArg] path cmd to extr/cmd
[18:28:50] [NewConsole/Warn] [Client Run/Thread]  [MakeArg] path cw to extr/cw
[18:28:50] [NewConsole/Warn] [Client Run/Thread]  [MakeArg] path client/HPC to extr/client/HPC
[18:28:50] [NewConsole/Warn] [Client Run/Thread]  [MakeArg] path server/SPC to extr/server/SPC
[18:28:50] [NewConsole/Warn] [Client Run/Thread]  [MakeArg] path cw to extr/cw
[18:28:51] [NewConsole/Info] [Client Run/Thread] load[
[18:28:51] [NewConsole/Info] [Client Run/Thread] [System plug-in unit] The package extr/mo is sucess load to return 0 at load
[18:28:51] [NewConsole/Info] [Client Run/Thread] [System plug-in unit] The package extr/sr is sucess load to return 0 at load
[18:28:51] [NewConsole/Info] [Client Run/Thread] [System plug-in unit] The package extr/cmd is sucess load to return 0 at load
[18:28:51] [NewConsole/Info] [Client Run/Thread] [System plug-in unit] The package extr/cw is sucess load to return 0 at load
[18:28:51] [NewConsole/Info] [Client Run/Thread] [System plug-in unit] The package extr/client/HPC is sucess load to return 0 at load
[18:28:52] [NewConsole/Info] [Client Run/Thread] [System plug-in unit] The package extr/server/SPC is sucess load to return 0 at load
[18:28:52] [NewConsole/Info] [Client Run/Thread] [System plug-in unit] The package SystemCmdExtr/Shell is sucess load to return 0 at load
[18:28:52] [NewConsole/Info] [Client Run/Thread] ] * load
[18:28:52] [NewConsole/Info] [Client Run/Thread] load[
[18:28:52] [NewConsole/Info] [Client Run/Thread] [System plug-in unit] The package SystemCmdExtr/Helper is sucess load to return 0 at load
[18:28:52] [NewConsole/Info] [Client Run/Thread] [System plug-in unit] The package SystemCmdExtr/LoadRun is sucess load to return 0 at load
[18:28:52] [NewConsole/Info] [Client Run/Thread] [System plug-in unit] The package extr/cw is sucess load to return 0 at load
[18:28:52] [NewConsole/Info] [Client Run/Thread] ] * load
[18:28:52] [NewConsole/Info] [Client Run/Thread] 启动窗体，加载程序
[18:28:52] [NewConsole/Info] [Client Run/Thread] loading[
[18:28:52] [NewConsole/Info] [Client Run/Thread] [System plug-in unit] The package extr/mo is sucess load to return 0 at loading
[18:28:52] [NewConsole/Info] [Client Run/Thread] [System plug-in unit] The package extr/cmd is sucess load to return 0 at getcmd
[18:28:52] [NewConsole/Info] [Client Run/Thread] [System plug-in unit] The package extr/cw is sucess load to return 0 at getcmd
[18:28:52] [NewConsole/Info] [Client Run/Thread] [System plug-in unit] The package extr/client/HPC is sucess load to return 0 at getcmd
[18:28:52] [NewConsole/Info] [Client Run/Thread] [System plug-in unit] The package extr/server/SPC is sucess load to return 0 at getcmd
[18:28:52] [NewConsole/Info] [Client Run/Thread] [System plug-in unit] The package SystemCmdExtr/Shell is sucess load to return 0 at getcmd
[18:28:52] [NewConsole/Info] [Client Run/Thread] [System plug-in unit] The package extr/cmd is sucess load to return 0 at runload
[18:28:53] [NewConsole/Info] [Client Run/Thread] [System plug-in unit] The package extr/sr is sucess load to return 0 at loading
[18:28:53] [NewConsole/Info] [Client Run/Thread] [System plug-in unit] The package extr/cmd is sucess load to return 0 at loading
[18:28:53] [NewConsole/Info] [Client Run/Thread] [System plug-in unit] The package extr/cw is sucess load to return 0 at loading
[18:28:53] [NewConsole/Info] [Client Run/Thread] [System plug-in unit] The package extr/client/HPC is sucess load to return 0 at loading
[18:28:53] [NewConsole/Info] [Client Run/Thread] [System plug-in unit] The package extr/server/SPC is sucess load to return 0 at loading
[18:28:53] [NewConsole/Info] [Client Run/Thread] [System plug-in unit] The package SystemCmdExtr/Shell is sucess load to return 0 at loading
[18:28:53] [NewConsole/Info] [Client Run/Thread] ] * loading

[18:29:4] [NewConsole/Info] [/Thread] [System plug-in unit] The package extr/cmd is sucess load to return 0 at run


[18:33:4] [NewConsole/Info] [Client Run/Thread] 加载启动
[18:33:6] [NewConsole/Info] [Client Run/Thread] [Memory] 成功创建分配
[18:33:6] [NewConsole/Warn] [Client Run/Thread] [Menory] About creat memory
name LoadSmPro
Bytes(MB) 1024
[18:33:6] [NewConsole/Info] [Client Run/Thread] [Memory] 正在解析数据...请稍后
[18:33:6] [NewConsole/Info] [Client Run/Thread] [LC] 标签解析完毕，正在传递给内存中...
[18:33:6] [NewConsole/Info] [Client Run/Thread] 成功

[18:33:17] [NewConsole/Warn] [Client Run/Thread] 创建From大小为 x:800 y:600
[18:33:17] [NewConsole/Warn] [Client Run/Thread] 使用这个语言在加载时或完毕时 zh-cn
[18:33:17] [NewConsole/Warn] [Client Run/Thread] 是否放大在加载窗体True
[18:33:17] [NewConsole/Warn] [Client Run/Thread]  [MakeArg] path mo to extr/mo
[18:33:17] [NewConsole/Warn] [Client Run/Thread]  [MakeArg] path sr to extr/sr
[18:33:17] [NewConsole/Warn] [Client Run/Thread]  [MakeArg] path cmd to extr/cmd
[18:33:17] [NewConsole/Warn] [Client Run/Thread]  [MakeArg] path cw to extr/cw
[18:33:17] [NewConsole/Warn] [Client Run/Thread]  [MakeArg] path client/HPC to extr/client/HPC
[18:33:17] [NewConsole/Warn] [Client Run/Thread]  [MakeArg] path server/SPC to extr/server/SPC
[18:33:17] [NewConsole/Warn] [Client Run/Thread]  [MakeArg] path cw to extr/cw
[18:33:19] [NewConsole/Info] [Client Run/Thread] load[
[18:33:19] [NewConsole/Info] [Client Run/Thread] [System plug-in unit] The package extr/mo is sucess load to return 0 at load
[18:33:19] [NewConsole/Info] [Client Run/Thread] [System plug-in unit] The package extr/sr is sucess load to return 0 at load
[18:33:19] [NewConsole/Info] [Client Run/Thread] [System plug-in unit] The package extr/cmd is sucess load to return 0 at load
[18:33:19] [NewConsole/Info] [Client Run/Thread] [System plug-in unit] The package extr/cw is sucess load to return 0 at load
[18:33:19] [NewConsole/Info] [Client Run/Thread] [System plug-in unit] The package extr/client/HPC is sucess load to return 0 at load
[18:33:19] [NewConsole/Info] [Client Run/Thread] [System plug-in unit] The package extr/server/SPC is sucess load to return 0 at load
[18:33:19] [NewConsole/Info] [Client Run/Thread] [System plug-in unit] The package SystemCmdExtr/Shell is sucess load to return 0 at load
[18:33:19] [NewConsole/Info] [Client Run/Thread] ] * load
[18:33:19] [NewConsole/Info] [Client Run/Thread] load[
[18:33:20] [NewConsole/Info] [Client Run/Thread] [System plug-in unit] The package SystemCmdExtr/Helper is sucess load to return 0 at load
[18:33:20] [NewConsole/Info] [Client Run/Thread] [System plug-in unit] The package SystemCmdExtr/LoadRun is sucess load to return 0 at load
[18:33:20] [NewConsole/Info] [Client Run/Thread] [System plug-in unit] The package extr/cw is sucess load to return 0 at load
[18:33:20] [NewConsole/Info] [Client Run/Thread] ] * load
[18:33:20] [NewConsole/Info] [Client Run/Thread] 启动窗体，加载程序
[18:33:21] [NewConsole/Info] [Client Run/Thread] loading[
[18:33:21] [NewConsole/Info] [Client Run/Thread] [System plug-in unit] The package extr/mo is sucess load to return 0 at loading
[18:33:22] [NewConsole/Info] [Client Run/Thread] [System plug-in unit] The package extr/cmd is sucess load to return 0 at getcmd
[18:33:22] [NewConsole/Info] [Client Run/Thread] [System plug-in unit] The package extr/cw is sucess load to return 0 at getcmd
[18:33:22] [NewConsole/Info] [Client Run/Thread] [System plug-in unit] The package extr/client/HPC is sucess load to return 0 at getcmd
[18:33:22] [NewConsole/Info] [Client Run/Thread] [System plug-in unit] The package extr/server/SPC is sucess load to return 0 at getcmd
[18:33:22] [NewConsole/Info] [Client Run/Thread] [System plug-in unit] The package SystemCmdExtr/Shell is sucess load to return 0 at getcmd
[18:33:22] [NewConsole/Info] [Client Run/Thread] [System plug-in unit] The package extr/cmd is sucess load to return 0 at runload
[18:33:23] [NewConsole/Info] [Client Run/Thread] [System plug-in unit] The package extr/sr is sucess load to return 0 at loading
[18:33:23] [NewConsole/Info] [Client Run/Thread] [System plug-in unit] The package extr/cmd is sucess load to return 0 at loading
[18:33:23] [NewConsole/Info] [Client Run/Thread] [System plug-in unit] The package extr/cw is sucess load to return 0 at loading
[18:33:23] [NewConsole/Info] [Client Run/Thread] [System plug-in unit] The package extr/client/HPC is sucess load to return 0 at loading
[18:33:23] [NewConsole/Info] [Client Run/Thread] [System plug-in unit] The package extr/server/SPC is sucess load to return 0 at loading
[18:33:23] [NewConsole/Info] [Client Run/Thread] [System plug-in unit] The package SystemCmdExtr/Shell is sucess load to return 0 at loading
[18:33:23] [NewConsole/Info] [Client Run/Thread] ] * loading

[18:33:34] [NewConsole/Info] [/Thread] [System plug-in unit] The package extr/cmd is sucess load to return 0 at run

[18:36:51] [NewConsole/Info] [Client Run/Thread] 加载启动
[18:36:52] [NewConsole/Info] [Client Run/Thread] [Memory] 成功创建分配
[18:36:52] [NewConsole/Warn] [Client Run/Thread] [Menory] About creat memory
name LoadSmPro
Bytes(MB) 1024
[18:36:52] [NewConsole/Info] [Client Run/Thread] [Memory] 正在解析数据...请稍后
[18:36:52] [NewConsole/Info] [Client Run/Thread] [LC] 标签解析完毕，正在传递给内存中...
[18:36:52] [NewConsole/Info] [Client Run/Thread] 成功
[18:36:56] [NewConsole/Warn] [Client Run/Thread] 创建From大小为 x:800 y:600
[18:36:56] [NewConsole/Warn] [Client Run/Thread] 使用这个语言在加载时或完毕时 zh-cn
[18:36:56] [NewConsole/Warn] [Client Run/Thread] 是否放大在加载窗体True
[18:36:56] [NewConsole/Warn] [Client Run/Thread]  [MakeArg] path mo to extr/mo
[18:36:56] [NewConsole/Warn] [Client Run/Thread]  [MakeArg] path sr to extr/sr
[18:36:56] [NewConsole/Warn] [Client Run/Thread]  [MakeArg] path cmd to extr/cmd
[18:36:56] [NewConsole/Warn] [Client Run/Thread]  [MakeArg] path cw to extr/cw
[18:36:56] [NewConsole/Warn] [Client Run/Thread]  [MakeArg] path client/HPC to extr/client/HPC
[18:36:56] [NewConsole/Warn] [Client Run/Thread]  [MakeArg] path server/SPC to extr/server/SPC
[18:36:56] [NewConsole/Warn] [Client Run/Thread]  [MakeArg] path cw to extr/cw
[18:36:57] [NewConsole/Info] [Client Run/Thread] load[
[18:36:57] [NewConsole/Info] [Client Run/Thread] [System plug-in unit] The package extr/mo is sucess load to return 0 at load
[18:36:57] [NewConsole/Info] [Client Run/Thread] [System plug-in unit] The package extr/sr is sucess load to return 0 at load
[18:36:57] [NewConsole/Info] [Client Run/Thread] [System plug-in unit] The package extr/cmd is sucess load to return 0 at load
[18:36:57] [NewConsole/Info] [Client Run/Thread] [System plug-in unit] The package extr/cw is sucess load to return 0 at load
[18:36:58] [NewConsole/Info] [Client Run/Thread] [System plug-in unit] The package extr/client/HPC is sucess load to return 0 at load
[18:36:58] [NewConsole/Info] [Client Run/Thread] [System plug-in unit] The package extr/server/SPC is sucess load to return 0 at load
[18:36:58] [NewConsole/Info] [Client Run/Thread] [System plug-in unit] The package SystemCmdExtr/Shell is sucess load to return 0 at load
[18:36:58] [NewConsole/Info] [Client Run/Thread] ] * load
[18:36:58] [NewConsole/Info] [Client Run/Thread] load[
[18:36:58] [NewConsole/Info] [Client Run/Thread] [System plug-in unit] The package SystemCmdExtr/Helper is sucess load to return 0 at load
[18:36:58] [NewConsole/Info] [Client Run/Thread] [System plug-in unit] The package SystemCmdExtr/LoadRun is sucess load to return 0 at load
[18:36:58] [NewConsole/Info] [Client Run/Thread] [System plug-in unit] The package extr/cw is sucess load to return 0 at load
[18:36:58] [NewConsole/Info] [Client Run/Thread] ] * load
[18:36:58] [NewConsole/Info] [Client Run/Thread] 启动窗体，加载程序
[18:36:58] [NewConsole/Info] [Client Run/Thread] loading[
[18:36:58] [NewConsole/Info] [Client Run/Thread] [System plug-in unit] The package extr/mo is sucess load to return 0 at loading
[18:36:59] [NewConsole/Info] [Client Run/Thread] [System plug-in unit] The package extr/cmd is sucess load to return 0 at getcmd
[18:36:59] [NewConsole/Info] [Client Run/Thread] [System plug-in unit] The package extr/cw is sucess load to return 0 at getcmd
[18:36:59] [NewConsole/Info] [Client Run/Thread] [System plug-in unit] The package extr/client/HPC is sucess load to return 0 at getcmd
[18:36:59] [NewConsole/Info] [Client Run/Thread] [System plug-in unit] The package extr/server/SPC is sucess load to return 0 at getcmd
[18:36:59] [NewConsole/Info] [Client Run/Thread] [System plug-in unit] The package SystemCmdExtr/Shell is sucess load to return 0 at getcmd
[18:36:59] [NewConsole/Info] [Client Run/Thread] [System plug-in unit] The package extr/cmd is sucess load to return 0 at runload
[18:36:59] [NewConsole/Info] [Client Run/Thread] [System plug-in unit] The package extr/sr is sucess load to return 0 at loading
[18:36:59] [NewConsole/Info] [Client Run/Thread] [System plug-in unit] The package extr/cmd is sucess load to return 0 at loading
[18:36:59] [NewConsole/Info] [Client Run/Thread] [System plug-in unit] The package extr/cw is sucess load to return 0 at loading
[18:36:59] [NewConsole/Info] [Client Run/Thread] [System plug-in unit] The package extr/client/HPC is sucess load to return 0 at loading
[18:36:59] [NewConsole/Info] [Client Run/Thread] [System plug-in unit] The package extr/server/SPC is sucess load to return 0 at loading
[18:36:59] [NewConsole/Info] [Client Run/Thread] [System plug-in unit] The package SystemCmdExtr/Shell is sucess load to return 0 at loading
[18:36:59] [NewConsole/Info] [Client Run/Thread] ] * loading

[18:37:10] [NewConsole/Info] [/Thread] [System plug-in unit] The package extr/cmd is sucess load to return 0 at run


[18:39:50] [NewConsole/Info] [Client Run/Thread] 加载启动
[18:39:50] [NewConsole/Info] [Client Run/Thread] [Memory] 成功创建分配
[18:39:50] [NewConsole/Warn] [Client Run/Thread] [Menory] About creat memory
name LoadSmPro
Bytes(MB) 1024
[18:39:50] [NewConsole/Info] [Client Run/Thread] [Memory] 正在解析数据...请稍后
[18:39:50] [NewConsole/Info] [Client Run/Thread] [LC] 标签解析完毕，正在传递给内存中...
[18:39:50] [NewConsole/Info] [Client Run/Thread] 成功
[18:39:54] [NewConsole/Warn] [Client Run/Thread] 创建From大小为 x:800 y:600
[18:39:54] [NewConsole/Warn] [Client Run/Thread] 使用这个语言在加载时或完毕时 zh-cn
[18:39:54] [NewConsole/Warn] [Client Run/Thread] 是否放大在加载窗体True
[18:39:54] [NewConsole/Warn] [Client Run/Thread]  [MakeArg] path mo to extr/mo
[18:39:54] [NewConsole/Warn] [Client Run/Thread]  [MakeArg] path sr to extr/sr
[18:39:54] [NewConsole/Warn] [Client Run/Thread]  [MakeArg] path cmd to extr/cmd
[18:39:54] [NewConsole/Warn] [Client Run/Thread]  [MakeArg] path cw to extr/cw
[18:39:54] [NewConsole/Warn] [Client Run/Thread]  [MakeArg] path client/HPC to extr/client/HPC
[18:39:54] [NewConsole/Warn] [Client Run/Thread]  [MakeArg] path server/SPC to extr/server/SPC
[18:39:54] [NewConsole/Warn] [Client Run/Thread]  [MakeArg] path cw to extr/cw
[18:39:55] [NewConsole/Info] [Client Run/Thread] load[
[18:39:55] [NewConsole/Info] [Client Run/Thread] [System plug-in unit] The package extr/mo is sucess load to return 0 at load
[18:39:55] [NewConsole/Info] [Client Run/Thread] [System plug-in unit] The package extr/sr is sucess load to return 0 at load
[18:39:55] [NewConsole/Info] [Client Run/Thread] [System plug-in unit] The package extr/cmd is sucess load to return 0 at load
[18:39:55] [NewConsole/Info] [Client Run/Thread] [System plug-in unit] The package extr/cw is sucess load to return 0 at load
[18:39:55] [NewConsole/Info] [Client Run/Thread] [System plug-in unit] The package extr/client/HPC is sucess load to return 0 at load
[18:39:55] [NewConsole/Info] [Client Run/Thread] [System plug-in unit] The package extr/server/SPC is sucess load to return 0 at load
[18:39:55] [NewConsole/Info] [Client Run/Thread] [System plug-in unit] The package SystemCmdExtr/Shell is sucess load to return 0 at load
[18:39:55] [NewConsole/Info] [Client Run/Thread] ] * load
[18:39:55] [NewConsole/Info] [Client Run/Thread] load[
[18:39:55] [NewConsole/Info] [Client Run/Thread] [System plug-in unit] The package SystemCmdExtr/Helper is sucess load to return 0 at load
[18:39:55] [NewConsole/Info] [Client Run/Thread] [System plug-in unit] The package SystemCmdExtr/LoadRun is sucess load to return 0 at load
[18:39:55] [NewConsole/Info] [Client Run/Thread] [System plug-in unit] The package extr/cw is sucess load to return 0 at load
[18:39:55] [NewConsole/Info] [Client Run/Thread] ] * load
[18:39:55] [NewConsole/Info] [Client Run/Thread] 启动窗体，加载程序
[18:39:56] [NewConsole/Info] [Client Run/Thread] loading[
[18:39:56] [NewConsole/Info] [Client Run/Thread] [System plug-in unit] The package extr/mo is sucess load to return 0 at loading
[18:39:56] [NewConsole/Info] [Client Run/Thread] [System plug-in unit] The package extr/cmd is sucess load to return 0 at getcmd
[18:39:56] [NewConsole/Info] [Client Run/Thread] [System plug-in unit] The package extr/cw is sucess load to return 0 at getcmd
[18:39:56] [NewConsole/Info] [Client Run/Thread] [System plug-in unit] The package extr/client/HPC is sucess load to return 0 at getcmd
[18:39:56] [NewConsole/Info] [Client Run/Thread] [System plug-in unit] The package extr/server/SPC is sucess load to return 0 at getcmd
[18:39:56] [NewConsole/Info] [Client Run/Thread] [System plug-in unit] The package SystemCmdExtr/Shell is sucess load to return 0 at getcmd
[18:39:56] [NewConsole/Info] [Client Run/Thread] [System plug-in unit] The package extr/cmd is sucess load to return 0 at runload
[18:39:56] [NewConsole/Info] [Client Run/Thread] [System plug-in unit] The package extr/sr is sucess load to return 0 at loading
[18:39:56] [NewConsole/Info] [Client Run/Thread] [System plug-in unit] The package extr/cmd is sucess load to return 0 at loading
[18:39:56] [NewConsole/Info] [Client Run/Thread] [System plug-in unit] The package extr/cw is sucess load to return 0 at loading
[18:39:56] [NewConsole/Info] [Client Run/Thread] [System plug-in unit] The package extr/client/HPC is sucess load to return 0 at loading
[18:39:56] [NewConsole/Info] [Client Run/Thread] [System plug-in unit] The package extr/server/SPC is sucess load to return 0 at loading
[18:39:56] [NewConsole/Info] [Client Run/Thread] [System plug-in unit] The package SystemCmdExtr/Shell is sucess load to return 0 at loading
[18:39:56] [NewConsole/Info] [Client Run/Thread] ] * loading


[18:40:16] [NewConsole/Info] [/Thread] [System plug-in unit] The package extr/cmd is sucess load to return 0 at run


[18:42:26] [NewConsole/Info] [Client Run/Thread] 加载启动
[18:42:27] [NewConsole/Info] [Client Run/Thread] [Memory] 成功创建分配
[18:42:27] [NewConsole/Warn] [Client Run/Thread] [Menory] About creat memory
name LoadSmPro
Bytes(MB) 1024
[18:42:27] [NewConsole/Info] [Client Run/Thread] [Memory] 正在解析数据...请稍后
[18:42:27] [NewConsole/Info] [Client Run/Thread] [LC] 标签解析完毕，正在传递给内存中...
[18:42:27] [NewConsole/Info] [Client Run/Thread] 成功
[18:42:30] [NewConsole/Warn] [Client Run/Thread] 创建From大小为 x:800 y:600
[18:42:30] [NewConsole/Warn] [Client Run/Thread] 使用这个语言在加载时或完毕时 zh-cn
[18:42:30] [NewConsole/Warn] [Client Run/Thread] 是否放大在加载窗体True
[18:42:30] [NewConsole/Warn] [Client Run/Thread]  [MakeArg] path mo to extr/mo
[18:42:30] [NewConsole/Warn] [Client Run/Thread]  [MakeArg] path sr to extr/sr
[18:42:30] [NewConsole/Warn] [Client Run/Thread]  [MakeArg] path cmd to extr/cmd
[18:42:30] [NewConsole/Warn] [Client Run/Thread]  [MakeArg] path cw to extr/cw
[18:42:30] [NewConsole/Warn] [Client Run/Thread]  [MakeArg] path client/HPC to extr/client/HPC
[18:42:30] [NewConsole/Warn] [Client Run/Thread]  [MakeArg] path server/SPC to extr/server/SPC
[18:42:30] [NewConsole/Warn] [Client Run/Thread]  [MakeArg] path cw to extr/cw
[18:42:31] [NewConsole/Info] [Client Run/Thread] load[
[18:42:32] [NewConsole/Info] [Client Run/Thread] [System plug-in unit] The package extr/mo is sucess load to return 0 at load
[18:42:32] [NewConsole/Info] [Client Run/Thread] [System plug-in unit] The package extr/sr is sucess load to return 0 at load
[18:42:32] [NewConsole/Info] [Client Run/Thread] [System plug-in unit] The package extr/cmd is sucess load to return 0 at load
[18:42:32] [NewConsole/Info] [Client Run/Thread] [System plug-in unit] The package extr/cw is sucess load to return 0 at load
[18:42:32] [NewConsole/Info] [Client Run/Thread] [System plug-in unit] The package extr/client/HPC is sucess load to return 0 at load
[18:42:32] [NewConsole/Info] [Client Run/Thread] [System plug-in unit] The package extr/server/SPC is sucess load to return 0 at load
[18:42:32] [NewConsole/Info] [Client Run/Thread] [System plug-in unit] The package SystemCmdExtr/Shell is sucess load to return 0 at load
[18:42:32] [NewConsole/Info] [Client Run/Thread] ] * load
[18:42:32] [NewConsole/Info] [Client Run/Thread] load[
[18:42:32] [NewConsole/Info] [Client Run/Thread] [System plug-in unit] The package SystemCmdExtr/Helper is sucess load to return 0 at load
[18:42:32] [NewConsole/Info] [Client Run/Thread] [System plug-in unit] The package SystemCmdExtr/LoadRun is sucess load to return 0 at load
[18:42:32] [NewConsole/Info] [Client Run/Thread] [System plug-in unit] The package extr/cw is sucess load to return 0 at load
[18:42:32] [NewConsole/Info] [Client Run/Thread] ] * load
[18:42:32] [NewConsole/Info] [Client Run/Thread] 启动窗体，加载程序
[18:42:33] [NewConsole/Info] [Client Run/Thread] loading[
[18:42:33] [NewConsole/Info] [Client Run/Thread] [System plug-in unit] The package extr/mo is sucess load to return 0 at loading
[18:42:33] [NewConsole/Info] [Client Run/Thread] [System plug-in unit] The package extr/cmd is sucess load to return 0 at getcmd
[18:42:33] [NewConsole/Info] [Client Run/Thread] [System plug-in unit] The package extr/cw is sucess load to return 0 at getcmd
[18:42:33] [NewConsole/Info] [Client Run/Thread] [System plug-in unit] The package extr/client/HPC is sucess load to return 0 at getcmd
[18:42:33] [NewConsole/Info] [Client Run/Thread] [System plug-in unit] The package extr/server/SPC is sucess load to return 0 at getcmd
[18:42:33] [NewConsole/Info] [Client Run/Thread] [System plug-in unit] The package SystemCmdExtr/Shell is sucess load to return 0 at getcmd
[18:42:33] [NewConsole/Info] [Client Run/Thread] [System plug-in unit] The package extr/cmd is sucess load to return 0 at runload
[18:42:34] [NewConsole/Info] [Client Run/Thread] [System plug-in unit] The package extr/sr is sucess load to return 0 at loading
[18:42:34] [NewConsole/Info] [Client Run/Thread] [System plug-in unit] The package extr/cmd is sucess load to return 0 at loading
[18:42:34] [NewConsole/Info] [Client Run/Thread] [System plug-in unit] The package extr/cw is sucess load to return 0 at loading
[18:42:34] [NewConsole/Info] [Client Run/Thread] [System plug-in unit] The package extr/client/HPC is sucess load to return 0 at loading
[18:42:34] [NewConsole/Info] [Client Run/Thread] [System plug-in unit] The package extr/server/SPC is sucess load to return 0 at loading
[18:42:34] [NewConsole/Info] [Client Run/Thread] [System plug-in unit] The package SystemCmdExtr/Shell is sucess load to return 0 at loading
[18:42:34] [NewConsole/Info] [Client Run/Thread] ] * loading

[18:42:48] [NewConsole/Info] [/Thread] [System plug-in unit] The package extr/cmd is sucess load to return 0 at run


[18:45:9] [NewConsole/Info] [Client Run/Thread] 加载启动
[18:45:10] [NewConsole/Info] [Client Run/Thread] [Memory] 成功创建分配
[18:45:10] [NewConsole/Warn] [Client Run/Thread] [Menory] About creat memory
name LoadSmPro
Bytes(MB) 1024
[18:45:10] [NewConsole/Info] [Client Run/Thread] [Memory] 正在解析数据...请稍后
[18:45:10] [NewConsole/Info] [Client Run/Thread] [LC] 标签解析完毕，正在传递给内存中...
[18:45:10] [NewConsole/Info] [Client Run/Thread] 成功
[18:45:17] [NewConsole/Warn] [Client Run/Thread] 创建From大小为 x:800 y:600
[18:45:17] [NewConsole/Warn] [Client Run/Thread] 使用这个语言在加载时或完毕时 zh-cn
[18:45:17] [NewConsole/Warn] [Client Run/Thread] 是否放大在加载窗体True
[18:45:18] [NewConsole/Warn] [Client Run/Thread]  [MakeArg] path mo to extr/mo
[18:45:18] [NewConsole/Warn] [Client Run/Thread]  [MakeArg] path sr to extr/sr
[18:45:18] [NewConsole/Warn] [Client Run/Thread]  [MakeArg] path cmd to extr/cmd
[18:45:18] [NewConsole/Warn] [Client Run/Thread]  [MakeArg] path cw to extr/cw
[18:45:18] [NewConsole/Warn] [Client Run/Thread]  [MakeArg] path client/HPC to extr/client/HPC
[18:45:18] [NewConsole/Warn] [Client Run/Thread]  [MakeArg] path server/SPC to extr/server/SPC
[18:45:18] [NewConsole/Warn] [Client Run/Thread]  [MakeArg] path cw to extr/cw
[18:45:19] [NewConsole/Info] [Client Run/Thread] load[
[18:45:19] [NewConsole/Info] [Client Run/Thread] [System plug-in unit] The package extr/mo is sucess load to return 0 at load
[18:45:19] [NewConsole/Info] [Client Run/Thread] [System plug-in unit] The package extr/sr is sucess load to return 0 at load
[18:45:19] [NewConsole/Info] [Client Run/Thread] [System plug-in unit] The package extr/cmd is sucess load to return 0 at load
[18:45:19] [NewConsole/Info] [Client Run/Thread] [System plug-in unit] The package extr/cw is sucess load to return 0 at load
[18:45:19] [NewConsole/Info] [Client Run/Thread] [System plug-in unit] The package extr/client/HPC is sucess load to return 0 at load
[18:45:19] [NewConsole/Info] [Client Run/Thread] [System plug-in unit] The package extr/server/SPC is sucess load to return 0 at load
[18:45:19] [NewConsole/Info] [Client Run/Thread] [System plug-in unit] The package SystemCmdExtr/Shell is sucess load to return 0 at load
[18:45:19] [NewConsole/Info] [Client Run/Thread] ] * load
[18:45:19] [NewConsole/Info] [Client Run/Thread] load[
[18:45:19] [NewConsole/Info] [Client Run/Thread] [System plug-in unit] The package SystemCmdExtr/Helper is sucess load to return 0 at load
[18:45:19] [NewConsole/Info] [Client Run/Thread] [System plug-in unit] The package SystemCmdExtr/LoadRun is sucess load to return 0 at load
[18:45:19] [NewConsole/Info] [Client Run/Thread] [System plug-in unit] The package extr/cw is sucess load to return 0 at load
[18:45:19] [NewConsole/Info] [Client Run/Thread] ] * load
[18:45:19] [NewConsole/Info] [Client Run/Thread] 启动窗体，加载程序
[18:45:20] [NewConsole/Info] [Client Run/Thread] loading[
[18:45:20] [NewConsole/Info] [Client Run/Thread] [System plug-in unit] The package extr/mo is sucess load to return 0 at loading
[18:45:20] [NewConsole/Info] [Client Run/Thread] [System plug-in unit] The package extr/cmd is sucess load to return 0 at getcmd
[18:45:20] [NewConsole/Info] [Client Run/Thread] [System plug-in unit] The package extr/cw is sucess load to return 0 at getcmd
[18:45:20] [NewConsole/Info] [Client Run/Thread] [System plug-in unit] The package extr/client/HPC is sucess load to return 0 at getcmd
[18:45:20] [NewConsole/Info] [Client Run/Thread] [System plug-in unit] The package extr/server/SPC is sucess load to return 0 at getcmd
[18:45:20] [NewConsole/Info] [Client Run/Thread] [System plug-in unit] The package SystemCmdExtr/Shell is sucess load to return 0 at getcmd
[18:45:20] [NewConsole/Info] [Client Run/Thread] [System plug-in unit] The package extr/cmd is sucess load to return 0 at runload
[18:45:21] [NewConsole/Info] [Client Run/Thread] [System plug-in unit] The package extr/sr is sucess load to return 0 at loading
[18:45:21] [NewConsole/Info] [Client Run/Thread] [System plug-in unit] The package extr/cmd is sucess load to return 0 at loading
[18:45:21] [NewConsole/Info] [Client Run/Thread] [System plug-in unit] The package extr/cw is sucess load to return 0 at loading
[18:45:21] [NewConsole/Info] [Client Run/Thread] [System plug-in unit] The package extr/client/HPC is sucess load to return 0 at loading
[18:45:21] [NewConsole/Info] [Client Run/Thread] [System plug-in unit] The package extr/server/SPC is sucess load to return 0 at loading
[18:45:21] [NewConsole/Info] [Client Run/Thread] [System plug-in unit] The package SystemCmdExtr/Shell is sucess load to return 0 at loading
[18:45:21] [NewConsole/Info] [Client Run/Thread] ] * loading


[18:45:38] [NewConsole/Info] [/Thread] [System plug-in unit] The package extr/cmd is sucess load to return 0 at run

[18:46:51] [NewConsole/Info] [Client Run/Thread] 加载启动
[18:46:51] [NewConsole/Info] [Client Run/Thread] [Memory] 成功创建分配
[18:46:51] [NewConsole/Warn] [Client Run/Thread] [Menory] About creat memory
name LoadSmPro
Bytes(MB) 1024
[18:46:51] [NewConsole/Info] [Client Run/Thread] [Memory] 正在解析数据...请稍后
[18:46:51] [NewConsole/Info] [Client Run/Thread] [LC] 标签解析完毕，正在传递给内存中...
[18:46:52] [NewConsole/Info] [Client Run/Thread] 成功
[18:46:56] [NewConsole/Warn] [Client Run/Thread] 创建From大小为 x:800 y:600
[18:46:56] [NewConsole/Warn] [Client Run/Thread] 使用这个语言在加载时或完毕时 zh-cn
[18:46:56] [NewConsole/Warn] [Client Run/Thread] 是否放大在加载窗体True
[18:46:56] [NewConsole/Warn] [Client Run/Thread]  [MakeArg] path mo to extr/mo
[18:46:56] [NewConsole/Warn] [Client Run/Thread]  [MakeArg] path sr to extr/sr
[18:46:56] [NewConsole/Warn] [Client Run/Thread]  [MakeArg] path cmd to extr/cmd
[18:46:56] [NewConsole/Warn] [Client Run/Thread]  [MakeArg] path cw to extr/cw
[18:46:56] [NewConsole/Warn] [Client Run/Thread]  [MakeArg] path client/HPC to extr/client/HPC
[18:46:56] [NewConsole/Warn] [Client Run/Thread]  [MakeArg] path server/SPC to extr/server/SPC
[18:46:56] [NewConsole/Warn] [Client Run/Thread]  [MakeArg] path cw to extr/cw
[18:46:57] [NewConsole/Info] [Client Run/Thread] load[
[18:46:57] [NewConsole/Info] [Client Run/Thread] [System plug-in unit] The package extr/mo is sucess load to return 0 at load
[18:46:58] [NewConsole/Info] [Client Run/Thread] [System plug-in unit] The package extr/sr is sucess load to return 0 at load
[18:46:58] [NewConsole/Info] [Client Run/Thread] [System plug-in unit] The package extr/cmd is sucess load to return 0 at load
[18:46:58] [NewConsole/Info] [Client Run/Thread] [System plug-in unit] The package extr/cw is sucess load to return 0 at load
[18:46:58] [NewConsole/Info] [Client Run/Thread] [System plug-in unit] The package extr/client/HPC is sucess load to return 0 at load
[18:46:58] [NewConsole/Info] [Client Run/Thread] [System plug-in unit] The package extr/server/SPC is sucess load to return 0 at load
[18:46:58] [NewConsole/Info] [Client Run/Thread] [System plug-in unit] The package SystemCmdExtr/Shell is sucess load to return 0 at load
[18:46:58] [NewConsole/Info] [Client Run/Thread] ] * load
[18:46:58] [NewConsole/Info] [Client Run/Thread] load[
[18:46:58] [NewConsole/Info] [Client Run/Thread] [System plug-in unit] The package SystemCmdExtr/Helper is sucess load to return 0 at load
[18:46:58] [NewConsole/Info] [Client Run/Thread] [System plug-in unit] The package SystemCmdExtr/LoadRun is sucess load to return 0 at load
[18:46:58] [NewConsole/Info] [Client Run/Thread] [System plug-in unit] The package extr/cw is sucess load to return 0 at load
[18:46:58] [NewConsole/Info] [Client Run/Thread] ] * load
[18:46:58] [NewConsole/Info] [Client Run/Thread] 启动窗体，加载程序
[18:46:59] [NewConsole/Info] [Client Run/Thread] loading[
[18:46:59] [NewConsole/Info] [Client Run/Thread] [System plug-in unit] The package extr/mo is sucess load to return 0 at loading
[18:46:59] [NewConsole/Info] [Client Run/Thread] [System plug-in unit] The package extr/cmd is sucess load to return 0 at getcmd
[18:46:59] [NewConsole/Info] [Client Run/Thread] [System plug-in unit] The package extr/cw is sucess load to return 0 at getcmd
[18:46:59] [NewConsole/Info] [Client Run/Thread] [System plug-in unit] The package extr/client/HPC is sucess load to return 0 at getcmd
[18:46:59] [NewConsole/Info] [Client Run/Thread] [System plug-in unit] The package extr/server/SPC is sucess load to return 0 at getcmd
[18:46:59] [NewConsole/Info] [Client Run/Thread] [System plug-in unit] The package SystemCmdExtr/Shell is sucess load to return 0 at getcmd
[18:46:59] [NewConsole/Info] [Client Run/Thread] [System plug-in unit] The package extr/cmd is sucess load to return 0 at runload
[18:46:59] [NewConsole/Info] [Client Run/Thread] [System plug-in unit] The package extr/sr is sucess load to return 0 at loading
[18:46:59] [NewConsole/Info] [Client Run/Thread] [System plug-in unit] The package extr/cmd is sucess load to return 0 at loading
[18:46:59] [NewConsole/Info] [Client Run/Thread] [System plug-in unit] The package extr/cw is sucess load to return 0 at loading
[18:46:59] [NewConsole/Info] [Client Run/Thread] [System plug-in unit] The package extr/client/HPC is sucess load to return 0 at loading
[18:47:0] [NewConsole/Info] [Client Run/Thread] [System plug-in unit] The package extr/server/SPC is sucess load to return 0 at loading
[18:47:0] [NewConsole/Info] [Client Run/Thread] [System plug-in unit] The package SystemCmdExtr/Shell is sucess load to return 0 at loading
[18:47:0] [NewConsole/Info] [Client Run/Thread] ] * loading

[18:47:10] [NewConsole/Info] [/Thread] [System plug-in unit] The package extr/cmd is sucess load to return 0 at run




[18:49:48] [NewConsole/Info] [Client Run/Thread] 加载启动
[18:49:49] [NewConsole/Info] [Client Run/Thread] [Memory] 成功创建分配
[18:49:49] [NewConsole/Warn] [Client Run/Thread] [Menory] About creat memory
name LoadSmPro
Bytes(MB) 1024
[18:49:49] [NewConsole/Info] [Client Run/Thread] [Memory] 正在解析数据...请稍后
[18:49:49] [NewConsole/Info] [Client Run/Thread] [LC] 标签解析完毕，正在传递给内存中...
[18:49:49] [NewConsole/Info] [Client Run/Thread] 成功
[18:49:53] [NewConsole/Warn] [Client Run/Thread] 创建From大小为 x:800 y:600
[18:49:53] [NewConsole/Warn] [Client Run/Thread] 使用这个语言在加载时或完毕时 zh-cn
[18:49:53] [NewConsole/Warn] [Client Run/Thread] 是否放大在加载窗体True
[18:49:53] [NewConsole/Warn] [Client Run/Thread]  [MakeArg] path mo to extr/mo
[18:49:53] [NewConsole/Warn] [Client Run/Thread]  [MakeArg] path sr to extr/sr
[18:49:53] [NewConsole/Warn] [Client Run/Thread]  [MakeArg] path cmd to extr/cmd
[18:49:53] [NewConsole/Warn] [Client Run/Thread]  [MakeArg] path cw to extr/cw
[18:49:53] [NewConsole/Warn] [Client Run/Thread]  [MakeArg] path client/HPC to extr/client/HPC
[18:49:53] [NewConsole/Warn] [Client Run/Thread]  [MakeArg] path server/SPC to extr/server/SPC
[18:49:53] [NewConsole/Warn] [Client Run/Thread]  [MakeArg] path cw to extr/cw
[18:49:54] [NewConsole/Info] [Client Run/Thread] load[
[18:49:54] [NewConsole/Info] [Client Run/Thread] [System plug-in unit] The package extr/mo is sucess load to return 0 at load
[18:49:54] [NewConsole/Info] [Client Run/Thread] [System plug-in unit] The package extr/sr is sucess load to return 0 at load
[18:49:54] [NewConsole/Info] [Client Run/Thread] [System plug-in unit] The package extr/cmd is sucess load to return 0 at load
[18:49:54] [NewConsole/Info] [Client Run/Thread] [System plug-in unit] The package extr/cw is sucess load to return 0 at load
[18:49:54] [NewConsole/Info] [Client Run/Thread] [System plug-in unit] The package extr/client/HPC is sucess load to return 0 at load
[18:49:54] [NewConsole/Info] [Client Run/Thread] [System plug-in unit] The package extr/server/SPC is sucess load to return 0 at load
[18:49:54] [NewConsole/Info] [Client Run/Thread] [System plug-in unit] The package SystemCmdExtr/Shell is sucess load to return 0 at load
[18:49:54] [NewConsole/Info] [Client Run/Thread] ] * load
[18:49:54] [NewConsole/Info] [Client Run/Thread] load[
[18:49:54] [NewConsole/Info] [Client Run/Thread] [System plug-in unit] The package SystemCmdExtr/Helper is sucess load to return 0 at load
[18:49:54] [NewConsole/Info] [Client Run/Thread] [System plug-in unit] The package SystemCmdExtr/LoadRun is sucess load to return 0 at load
[18:49:54] [NewConsole/Info] [Client Run/Thread] [System plug-in unit] The package extr/cw is sucess load to return 0 at load
[18:49:54] [NewConsole/Info] [Client Run/Thread] ] * load
[18:49:54] [NewConsole/Info] [Client Run/Thread] 启动窗体，加载程序
[18:49:55] [NewConsole/Info] [Client Run/Thread] loading[
[18:49:55] [NewConsole/Info] [Client Run/Thread] [System plug-in unit] The package extr/mo is sucess load to return 0 at loading
[18:49:55] [NewConsole/Info] [Client Run/Thread] [System plug-in unit] The package extr/cmd is sucess load to return 0 at getcmd
[18:49:55] [NewConsole/Info] [Client Run/Thread] [System plug-in unit] The package extr/cw is sucess load to return 0 at getcmd
[18:49:55] [NewConsole/Info] [Client Run/Thread] [System plug-in unit] The package extr/client/HPC is sucess load to return 0 at getcmd
[18:49:55] [NewConsole/Info] [Client Run/Thread] [System plug-in unit] The package extr/server/SPC is sucess load to return 0 at getcmd
[18:49:55] [NewConsole/Info] [Client Run/Thread] [System plug-in unit] The package SystemCmdExtr/Shell is sucess load to return 0 at getcmd
[18:49:55] [NewConsole/Info] [Client Run/Thread] [System plug-in unit] The package extr/cmd is sucess load to return 0 at runload
[18:49:55] [NewConsole/Info] [Client Run/Thread] [System plug-in unit] The package extr/sr is sucess load to return 0 at loading
[18:49:55] [NewConsole/Info] [Client Run/Thread] [System plug-in unit] The package extr/cmd is sucess load to return 0 at loading
[18:49:55] [NewConsole/Info] [Client Run/Thread] [System plug-in unit] The package extr/cw is sucess load to return 0 at loading
[18:49:55] [NewConsole/Info] [Client Run/Thread] [System plug-in unit] The package extr/client/HPC is sucess load to return 0 at loading
[18:49:55] [NewConsole/Info] [Client Run/Thread] [System plug-in unit] The package extr/server/SPC is sucess load to return 0 at loading
[18:49:55] [NewConsole/Info] [Client Run/Thread] [System plug-in unit] The package SystemCmdExtr/Shell is sucess load to return 0 at loading
[18:49:55] [NewConsole/Info] [Client Run/Thread] ] * loading

[18:50:9] [NewConsole/Info] [/Thread] [System plug-in unit] The package extr/cmd is sucess load to return 0 at run


[18:52:37] [NewConsole/Info] [Client Run/Thread] 加载启动
[18:52:38] [NewConsole/Info] [Client Run/Thread] [Memory] 成功创建分配
[18:52:38] [NewConsole/Warn] [Client Run/Thread] [Menory] About creat memory
name LoadSmPro
Bytes(MB) 1024
[18:52:38] [NewConsole/Info] [Client Run/Thread] [Memory] 正在解析数据...请稍后
[18:52:38] [NewConsole/Info] [Client Run/Thread] [LC] 标签解析完毕，正在传递给内存中...
[18:52:38] [NewConsole/Info] [Client Run/Thread] 成功
[18:52:42] [NewConsole/Warn] [Client Run/Thread] 创建From大小为 x:800 y:600
[18:52:42] [NewConsole/Warn] [Client Run/Thread] 使用这个语言在加载时或完毕时 zh-cn
[18:52:42] [NewConsole/Warn] [Client Run/Thread] 是否放大在加载窗体True
[18:52:42] [NewConsole/Warn] [Client Run/Thread]  [MakeArg] path mo to extr/mo
[18:52:42] [NewConsole/Warn] [Client Run/Thread]  [MakeArg] path sr to extr/sr
[18:52:42] [NewConsole/Warn] [Client Run/Thread]  [MakeArg] path cmd to extr/cmd
[18:52:42] [NewConsole/Warn] [Client Run/Thread]  [MakeArg] path cw to extr/cw
[18:52:42] [NewConsole/Warn] [Client Run/Thread]  [MakeArg] path client/HPC to extr/client/HPC
[18:52:42] [NewConsole/Warn] [Client Run/Thread]  [MakeArg] path server/SPC to extr/server/SPC
[18:52:42] [NewConsole/Warn] [Client Run/Thread]  [MakeArg] path cw to extr/cw
[18:52:43] [NewConsole/Info] [Client Run/Thread] load[
[18:52:43] [NewConsole/Info] [Client Run/Thread] [System plug-in unit] The package extr/mo is sucess load to return 0 at load
[18:52:43] [NewConsole/Info] [Client Run/Thread] [System plug-in unit] The package extr/sr is sucess load to return 0 at load
[18:52:43] [NewConsole/Info] [Client Run/Thread] [System plug-in unit] The package extr/cmd is sucess load to return 0 at load
[18:52:43] [NewConsole/Info] [Client Run/Thread] [System plug-in unit] The package extr/cw is sucess load to return 0 at load
[18:52:43] [NewConsole/Info] [Client Run/Thread] [System plug-in unit] The package extr/client/HPC is sucess load to return 0 at load
[18:52:43] [NewConsole/Info] [Client Run/Thread] [System plug-in unit] The package extr/server/SPC is sucess load to return 0 at load
[18:52:43] [NewConsole/Info] [Client Run/Thread] [System plug-in unit] The package SystemCmdExtr/Shell is sucess load to return 0 at load
[18:52:43] [NewConsole/Info] [Client Run/Thread] ] * load
[18:52:43] [NewConsole/Info] [Client Run/Thread] load[
[18:52:43] [NewConsole/Info] [Client Run/Thread] [System plug-in unit] The package SystemCmdExtr/Helper is sucess load to return 0 at load
[18:52:43] [NewConsole/Info] [Client Run/Thread] [System plug-in unit] The package SystemCmdExtr/LoadRun is sucess load to return 0 at load
[18:52:43] [NewConsole/Info] [Client Run/Thread] [System plug-in unit] The package extr/cw is sucess load to return 0 at load
[18:52:43] [NewConsole/Info] [Client Run/Thread] ] * load
[18:52:43] [NewConsole/Info] [Client Run/Thread] 启动窗体，加载程序
[18:52:44] [NewConsole/Info] [Client Run/Thread] loading[
[18:52:44] [NewConsole/Info] [Client Run/Thread] [System plug-in unit] The package extr/mo is sucess load to return 0 at loading
[18:52:44] [NewConsole/Info] [Client Run/Thread] [System plug-in unit] The package extr/cmd is sucess load to return 0 at getcmd
[18:52:44] [NewConsole/Info] [Client Run/Thread] [System plug-in unit] The package extr/cw is sucess load to return 0 at getcmd
[18:52:44] [NewConsole/Info] [Client Run/Thread] [System plug-in unit] The package extr/client/HPC is sucess load to return 0 at getcmd
[18:52:44] [NewConsole/Info] [Client Run/Thread] [System plug-in unit] The package extr/server/SPC is sucess load to return 0 at getcmd
[18:52:44] [NewConsole/Info] [Client Run/Thread] [System plug-in unit] The package SystemCmdExtr/Shell is sucess load to return 0 at getcmd
[18:52:44] [NewConsole/Info] [Client Run/Thread] [System plug-in unit] The package extr/cmd is sucess load to return 0 at runload
[18:52:44] [NewConsole/Info] [Client Run/Thread] [System plug-in unit] The package extr/sr is sucess load to return 0 at loading
[18:52:44] [NewConsole/Info] [Client Run/Thread] [System plug-in unit] The package extr/cmd is sucess load to return 0 at loading
[18:52:44] [NewConsole/Info] [Client Run/Thread] [System plug-in unit] The package extr/cw is sucess load to return 0 at loading
[18:52:44] [NewConsole/Info] [Client Run/Thread] [System plug-in unit] The package extr/client/HPC is sucess load to return 0 at loading
[18:52:45] [NewConsole/Info] [Client Run/Thread] [System plug-in unit] The package extr/server/SPC is sucess load to return 0 at loading
[18:52:45] [NewConsole/Info] [Client Run/Thread] [System plug-in unit] The package SystemCmdExtr/Shell is sucess load to return 0 at loading
[18:52:45] [NewConsole/Info] [Client Run/Thread] ] * loading


[18:53:12] [NewConsole/Info] [/Thread] [System plug-in unit] The package extr/cmd is sucess load to return 0 at run


[18:57:42] [NewConsole/Info] [Client Run/Thread] 加载启动
[18:57:43] [NewConsole/Info] [Client Run/Thread] [Memory] 成功创建分配
[18:57:43] [NewConsole/Warn] [Client Run/Thread] [Menory] About creat memory
name LoadSmPro
Bytes(MB) 1024
[18:57:43] [NewConsole/Info] [Client Run/Thread] [Memory] 正在解析数据...请稍后
[18:57:43] [NewConsole/Info] [Client Run/Thread] [LC] 标签解析完毕，正在传递给内存中...
[18:57:43] [NewConsole/Info] [Client Run/Thread] 成功
[18:57:46] [NewConsole/Warn] [Client Run/Thread] 创建From大小为 x:800 y:600
[18:57:46] [NewConsole/Warn] [Client Run/Thread] 使用这个语言在加载时或完毕时 zh-cn
[18:57:46] [NewConsole/Warn] [Client Run/Thread] 是否放大在加载窗体True
[18:57:46] [NewConsole/Warn] [Client Run/Thread]  [MakeArg] path mo to extr/mo
[18:57:46] [NewConsole/Warn] [Client Run/Thread]  [MakeArg] path sr to extr/sr
[18:57:46] [NewConsole/Warn] [Client Run/Thread]  [MakeArg] path cmd to extr/cmd
[18:57:46] [NewConsole/Warn] [Client Run/Thread]  [MakeArg] path cw to extr/cw
[18:57:46] [NewConsole/Warn] [Client Run/Thread]  [MakeArg] path client/HPC to extr/client/HPC
[18:57:46] [NewConsole/Warn] [Client Run/Thread]  [MakeArg] path server/SPC to extr/server/SPC
[18:57:46] [NewConsole/Warn] [Client Run/Thread]  [MakeArg] path cw to extr/cw
[18:57:47] [NewConsole/Info] [Client Run/Thread] load[
[18:57:48] [NewConsole/Info] [Client Run/Thread] [System plug-in unit] The package extr/mo is sucess load to return 0 at load
[18:57:48] [NewConsole/Info] [Client Run/Thread] [System plug-in unit] The package extr/sr is sucess load to return 0 at load
[18:57:48] [NewConsole/Info] [Client Run/Thread] [System plug-in unit] The package extr/cmd is sucess load to return 0 at load
[18:57:48] [NewConsole/Info] [Client Run/Thread] [System plug-in unit] The package extr/cw is sucess load to return 0 at load
[18:57:48] [NewConsole/Info] [Client Run/Thread] [System plug-in unit] The package extr/client/HPC is sucess load to return 0 at load
[18:57:48] [NewConsole/Info] [Client Run/Thread] [System plug-in unit] The package extr/server/SPC is sucess load to return 0 at load
[18:57:48] [NewConsole/Info] [Client Run/Thread] [System plug-in unit] The package SystemCmdExtr/Shell is sucess load to return 0 at load
[18:57:48] [NewConsole/Info] [Client Run/Thread] ] * load
[18:57:48] [NewConsole/Info] [Client Run/Thread] load[
[18:57:48] [NewConsole/Info] [Client Run/Thread] [System plug-in unit] The package SystemCmdExtr/Helper is sucess load to return 0 at load
[18:57:48] [NewConsole/Info] [Client Run/Thread] [System plug-in unit] The package SystemCmdExtr/LoadRun is sucess load to return 0 at load
[18:57:48] [NewConsole/Info] [Client Run/Thread] [System plug-in unit] The package extr/cw is sucess load to return 0 at load
[18:57:48] [NewConsole/Info] [Client Run/Thread] ] * load
[18:57:48] [NewConsole/Info] [Client Run/Thread] 启动窗体，加载程序
[18:57:48] [NewConsole/Info] [Client Run/Thread] loading[
[18:57:48] [NewConsole/Info] [Client Run/Thread] [System plug-in unit] The package extr/mo is sucess load to return 0 at loading
[18:57:49] [NewConsole/Info] [Client Run/Thread] [System plug-in unit] The package extr/cmd is sucess load to return 0 at getcmd
[18:57:49] [NewConsole/Info] [Client Run/Thread] [System plug-in unit] The package extr/cw is sucess load to return 0 at getcmd
[18:57:49] [NewConsole/Info] [Client Run/Thread] [System plug-in unit] The package extr/client/HPC is sucess load to return 0 at getcmd
[18:57:49] [NewConsole/Info] [Client Run/Thread] [System plug-in unit] The package extr/server/SPC is sucess load to return 0 at getcmd
[18:57:49] [NewConsole/Info] [Client Run/Thread] [System plug-in unit] The package SystemCmdExtr/Shell is sucess load to return 0 at getcmd
[18:57:49] [NewConsole/Info] [Client Run/Thread] [System plug-in unit] The package extr/cmd is sucess load to return 0 at runload
[18:57:49] [NewConsole/Info] [Client Run/Thread] [System plug-in unit] The package extr/sr is sucess load to return 0 at loading
[18:57:49] [NewConsole/Info] [Client Run/Thread] [System plug-in unit] The package extr/cmd is sucess load to return 0 at loading
[18:57:49] [NewConsole/Info] [Client Run/Thread] [System plug-in unit] The package extr/cw is sucess load to return 0 at loading
[18:57:49] [NewConsole/Info] [Client Run/Thread] [System plug-in unit] The package extr/client/HPC is sucess load to return 0 at loading
[18:57:49] [NewConsole/Info] [Client Run/Thread] [System plug-in unit] The package extr/server/SPC is sucess load to return 0 at loading
[18:57:49] [NewConsole/Info] [Client Run/Thread] [System plug-in unit] The package SystemCmdExtr/Shell is sucess load to return 0 at loading
[18:57:49] [NewConsole/Info] [Client Run/Thread] ] * loading

[18:58:0] [NewConsole/Info] [/Thread] [System plug-in unit] The package extr/cmd is sucess load to return 0 at run


