#Console Printf about side
#       Code Memory this...
#       WriteTime about (s)8
#
#Endl
[23:7:56] [ServerNewConsole/Info] [Client Run/Thread] 加载启动
[23:7:57] [ServerNewConsole/Info] [Client Run/Thread] [Memory] 成功创建分配
[23:7:57] [ServerNewConsole/Warn] [Client Run/Thread] [Menory] About creat memory
name LoadSmPro
Bytes(MB) 1024
[23:7:57] [ServerNewConsole/Info] [Client Run/Thread] [Memory] 正在解析数据...请稍后
[23:7:57] [ServerNewConsole/Info] [Client Run/Thread] [LC] 标签解析完毕，正在传递给内存中...
[23:7:57] [ServerNewConsole/Info] [Client Run/Thread] 成功
[23:7:58] [ServerNewConsole/Warn] [Client Run/Thread] [Sever] Sever Start
[23:8:0] [ServerNewConsole/Warn] [Client Run/Thread] 使用这个语言在加载时或完毕时 zh-cn
[23:8:0] [ServerNewConsole/Warn] [Client Run/Thread]  [MakeArg] path cmd to extr/cmd
[23:8:0] [ServerNewConsole/Warn] [Client Run/Thread]  [MakeArg] path runcmd to extr/runcmd
[23:8:0] [ServerNewConsole/Warn] [Client Run/Thread]  [MakeArg] path server/SPC to extr/server/SPC
[23:8:1] [ServerNewConsole/Info] [Client Run/Thread] load[
[23:8:2] [ServerNewConsole/Info] [Client Run/Thread] [System plug-in unit] The package extr/cmd is sucess load to return 0 at load
[23:8:2] [ServerNewConsole/Info] [Client Run/Thread] [System plug-in unit] The package extr/runcmd is sucess load to return 0 at load
[23:8:2] [ServerNewConsole/Info] [Client Run/Thread] [System plug-in unit] The package extr/server/SPC is sucess load to return 0 at load
[23:8:2] [ServerNewConsole/Info] [Client Run/Thread] ] * load
[23:8:2] [ServerNewConsole/Info] [Client Run/Thread] load[
[23:8:2] [ServerNewConsole/Info] [Client Run/Thread] [System plug-in unit] The package SystemCmdExtr/Helper is sucess load to return 0 at load
[23:8:2] [ServerNewConsole/Info] [Client Run/Thread] [System plug-in unit] The package SystemCmdExtr/LoadRun is sucess load to return 0 at load
[23:8:2] [ServerNewConsole/Info] [Client Run/Thread] ] * load
[23:8:2] [ServerNewConsole/Info] [Client Run/Thread] 启动窗体，加载程序
[23:8:2] [ServerNewConsole/Info] [Client Run/Thread] sever-loading[
[23:8:3] [ServerNewConsole/Info] [Client Run/Thread] ] * sever-loading

[23:8:22] [ServerNewConsole/Warn] [/Thread] 正在运行Close插件方法
[23:8:22] [ServerNewConsole/Info] [/Thread] close[
[23:8:22] [ServerNewConsole/Info] [/Thread] ] * close
[23:8:22] [ServerNewConsole/Warn] [/Thread] Close Object


[23:15:58] [ServerNewConsole/Info] [Client Run/Thread] 加载启动
[23:15:59] [ServerNewConsole/Info] [Client Run/Thread] [Memory] 成功创建分配
[23:15:59] [ServerNewConsole/Warn] [Client Run/Thread] [Menory] About creat memory
name LoadSmPro
Bytes(MB) 1024
[23:15:59] [ServerNewConsole/Info] [Client Run/Thread] [Memory] 正在解析数据...请稍后
[23:15:59] [ServerNewConsole/Info] [Client Run/Thread] [LC] 标签解析完毕，正在传递给内存中...
[23:15:59] [ServerNewConsole/Info] [Client Run/Thread] 成功
[23:16:0] [ServerNewConsole/Warn] [Client Run/Thread] [Sever] Sever Start
[23:16:2] [ServerNewConsole/Warn] [Client Run/Thread] 使用这个语言在加载时或完毕时 zh-cn
[23:16:2] [ServerNewConsole/Warn] [Client Run/Thread]  [MakeArg] path cmd to extr/cmd
[23:16:2] [ServerNewConsole/Warn] [Client Run/Thread]  [MakeArg] path runcmd to extr/runcmd
[23:16:2] [ServerNewConsole/Warn] [Client Run/Thread]  [MakeArg] path server/SPC to extr/server/SPC
[23:16:3] [ServerNewConsole/Info] [Client Run/Thread] load[
[23:16:4] [ServerNewConsole/Info] [Client Run/Thread] [System plug-in unit] The package extr/cmd is sucess load to return 0 at load
[23:16:4] [ServerNewConsole/Info] [Client Run/Thread] [System plug-in unit] The package extr/runcmd is sucess load to return 0 at load
[23:16:4] [ServerNewConsole/Info] [Client Run/Thread] [System plug-in unit] The package extr/server/SPC is sucess load to return 0 at load
[23:16:4] [ServerNewConsole/Info] [Client Run/Thread] ] * load
[23:16:4] [ServerNewConsole/Info] [Client Run/Thread] load[
[23:16:4] [ServerNewConsole/Info] [Client Run/Thread] [System plug-in unit] The package SystemCmdExtr/Helper is sucess load to return 0 at load
[23:16:4] [ServerNewConsole/Info] [Client Run/Thread] [System plug-in unit] The package SystemCmdExtr/LoadRun is sucess load to return 0 at load
[23:16:4] [ServerNewConsole/Info] [Client Run/Thread] ] * load
[23:16:4] [ServerNewConsole/Info] [Client Run/Thread] 启动窗体，加载程序
[23:16:5] [ServerNewConsole/Info] [Client Run/Thread] sever-loading[
[23:16:5] [ServerNewConsole/Info] [Client Run/Thread] ] * sever-loading

[23:45:6] [ServerNewConsole/Info] [Client Run/Thread] 加载启动
[23:45:9] [ServerNewConsole/Info] [Client Run/Thread] [Memory] 成功创建分配
[23:45:9] [ServerNewConsole/Warn] [Client Run/Thread] [Menory] About creat memory
name LoadSmPro
Bytes(MB) 1024
[23:45:9] [ServerNewConsole/Info] [Client Run/Thread] [Memory] 正在解析数据...请稍后
[23:45:9] [ServerNewConsole/Info] [Client Run/Thread] [LC] 标签解析完毕，正在传递给内存中...
[23:45:9] [ServerNewConsole/Info] [Client Run/Thread] 成功
[23:45:10] [ServerNewConsole/Warn] [Client Run/Thread] [Sever] Sever Start
[23:45:12] [ServerNewConsole/Warn] [Client Run/Thread] 使用这个语言在加载时或完毕时 zh-cn
[23:45:12] [ServerNewConsole/Warn] [Client Run/Thread]  [MakeArg] path cmd to extr/cmd
[23:45:12] [ServerNewConsole/Warn] [Client Run/Thread]  [MakeArg] path runcmd to extr/runcmd
[23:45:12] [ServerNewConsole/Warn] [Client Run/Thread]  [MakeArg] path server/SPC to extr/server/SPC
[23:45:13] [ServerNewConsole/Info] [Client Run/Thread] load[
[23:45:13] [ServerNewConsole/Info] [Client Run/Thread] [System plug-in unit] The package extr/cmd is sucess load to return 0 at load
[23:45:13] [ServerNewConsole/Info] [Client Run/Thread] [System plug-in unit] The package extr/runcmd is sucess load to return 0 at load
[23:45:13] [ServerNewConsole/Info] [Client Run/Thread] [System plug-in unit] The package extr/server/SPC is sucess load to return 0 at load
[23:45:13] [ServerNewConsole/Info] [Client Run/Thread] ] * load
[23:45:13] [ServerNewConsole/Info] [Client Run/Thread] load[
[23:45:13] [ServerNewConsole/Info] [Client Run/Thread] [System plug-in unit] The package SystemCmdExtr/Helper is sucess load to return 0 at load
[23:45:13] [ServerNewConsole/Info] [Client Run/Thread] [System plug-in unit] The package SystemCmdExtr/LoadRun is sucess load to return 0 at load
[23:45:13] [ServerNewConsole/Info] [Client Run/Thread] ] * load
[23:45:13] [ServerNewConsole/Info] [Client Run/Thread] 启动窗体，加载程序
[23:45:14] [ServerNewConsole/Info] [Client Run/Thread] sever-loading[
[23:45:15] [ServerNewConsole/Info] [Client Run/Thread] ] * sever-loading







[23:46:31] [ServerNewConsole/Warn] [/Thread] 正在运行Close插件方法
[23:46:31] [ServerNewConsole/Info] [/Thread] close[
[23:46:31] [ServerNewConsole/Info] [/Thread] ] * close
[23:46:31] [ServerNewConsole/Warn] [/Thread] Close Object

[23:50:30] [ServerNewConsole/Info] [Client Run/Thread] 加载启动
[23:50:31] [ServerNewConsole/Info] [Client Run/Thread] [Memory] 成功创建分配
[23:50:31] [ServerNewConsole/Warn] [Client Run/Thread] [Menory] About creat memory
name LoadSmPro
Bytes(MB) 1024
[23:50:31] [ServerNewConsole/Info] [Client Run/Thread] [Memory] 正在解析数据...请稍后
[23:50:31] [ServerNewConsole/Info] [Client Run/Thread] [LC] 标签解析完毕，正在传递给内存中...
[23:50:31] [ServerNewConsole/Info] [Client Run/Thread] 成功
[23:50:32] [ServerNewConsole/Warn] [Client Run/Thread] [Sever] Sever Start
[23:50:34] [ServerNewConsole/Warn] [Client Run/Thread] 使用这个语言在加载时或完毕时 zh-cn
[23:50:34] [ServerNewConsole/Warn] [Client Run/Thread]  [MakeArg] path cmd to extr/cmd
[23:50:34] [ServerNewConsole/Warn] [Client Run/Thread]  [MakeArg] path runcmd to extr/runcmd
[23:50:34] [ServerNewConsole/Warn] [Client Run/Thread]  [MakeArg] path server/SPC to extr/server/SPC
[23:50:35] [ServerNewConsole/Info] [Client Run/Thread] load[
[23:50:35] [ServerNewConsole/Info] [Client Run/Thread] [System plug-in unit] The package extr/cmd is sucess load to return 0 at load
[23:50:35] [ServerNewConsole/Info] [Client Run/Thread] [System plug-in unit] The package extr/runcmd is sucess load to return 0 at load
[23:50:35] [ServerNewConsole/Info] [Client Run/Thread] [System plug-in unit] The package extr/server/SPC is sucess load to return 0 at load
[23:50:35] [ServerNewConsole/Info] [Client Run/Thread] ] * load
[23:50:35] [ServerNewConsole/Info] [Client Run/Thread] load[
[23:50:35] [ServerNewConsole/Info] [Client Run/Thread] [System plug-in unit] The package SystemCmdExtr/Helper is sucess load to return 0 at load
[23:50:35] [ServerNewConsole/Info] [Client Run/Thread] [System plug-in unit] The package SystemCmdExtr/LoadRun is sucess load to return 0 at load
[23:50:35] [ServerNewConsole/Info] [Client Run/Thread] ] * load
[23:50:35] [ServerNewConsole/Info] [Client Run/Thread] 启动窗体，加载程序
[23:50:36] [ServerNewConsole/Info] [Client Run/Thread] sever-loading[
[23:50:36] [ServerNewConsole/Info] [Client Run/Thread] ] * sever-loading








[23:52:11] [ServerNewConsole/Warn] [/Thread] 正在运行Close插件方法
[23:52:11] [ServerNewConsole/Info] [/Thread] close[
[23:52:11] [ServerNewConsole/Info] [/Thread] ] * close
[23:52:11] [ServerNewConsole/Warn] [/Thread] Close Object


[23:56:40] [ServerNewConsole/Info] [Client Run/Thread] 加载启动
[23:56:41] [ServerNewConsole/Info] [Client Run/Thread] [Memory] 成功创建分配
[23:56:41] [ServerNewConsole/Warn] [Client Run/Thread] [Menory] About creat memory
name LoadSmPro
Bytes(MB) 1024
[23:56:41] [ServerNewConsole/Info] [Client Run/Thread] [Memory] 正在解析数据...请稍后
[23:56:41] [ServerNewConsole/Info] [Client Run/Thread] [LC] 标签解析完毕，正在传递给内存中...
[23:56:41] [ServerNewConsole/Info] [Client Run/Thread] 成功
[23:56:42] [ServerNewConsole/Warn] [Client Run/Thread] [Sever] Sever Start
[23:56:44] [ServerNewConsole/Warn] [Client Run/Thread] 使用这个语言在加载时或完毕时 zh-cn
[23:56:44] [ServerNewConsole/Warn] [Client Run/Thread]  [MakeArg] path cmd to extr/cmd
[23:56:44] [ServerNewConsole/Warn] [Client Run/Thread]  [MakeArg] path runcmd to extr/runcmd
[23:56:44] [ServerNewConsole/Warn] [Client Run/Thread]  [MakeArg] path server/SPC to extr/server/SPC
[23:56:45] [ServerNewConsole/Info] [Client Run/Thread] load[
[23:56:45] [ServerNewConsole/Info] [Client Run/Thread] [System plug-in unit] The package extr/cmd is sucess load to return 0 at load
[23:56:45] [ServerNewConsole/Info] [Client Run/Thread] [System plug-in unit] The package extr/runcmd is sucess load to return 0 at load
[23:56:45] [ServerNewConsole/Info] [Client Run/Thread] [System plug-in unit] The package extr/server/SPC is sucess load to return 0 at load
[23:56:45] [ServerNewConsole/Info] [Client Run/Thread] ] * load
[23:56:45] [ServerNewConsole/Info] [Client Run/Thread] load[
[23:56:45] [ServerNewConsole/Info] [Client Run/Thread] [System plug-in unit] The package SystemCmdExtr/Helper is sucess load to return 0 at load
[23:56:45] [ServerNewConsole/Info] [Client Run/Thread] [System plug-in unit] The package SystemCmdExtr/LoadRun is sucess load to return 0 at load
[23:56:45] [ServerNewConsole/Info] [Client Run/Thread] ] * load
[23:56:45] [ServerNewConsole/Info] [Client Run/Thread] 启动窗体，加载程序
[23:56:45] [ServerNewConsole/Info] [Client Run/Thread] sever-loading[
[23:56:46] [ServerNewConsole/Info] [Client Run/Thread] ] * sever-loading




