#Console Printf about side
#       Code Memory this...
#       WriteTime about (s)22
#
#Endl
[0:2:10] [ServerNewConsole/Info] [Client Run/Thread] 加载启动
[0:2:10] [ServerNewConsole/Info] [Client Run/Thread] [Memory] 成功创建分配
[0:2:10] [ServerNewConsole/Warn] [Client Run/Thread] [Menory] About creat memory
name LoadSmPro
Bytes(MB) 1024
[0:2:10] [ServerNewConsole/Info] [Client Run/Thread] [Memory] 正在解析数据...请稍后
[0:2:10] [ServerNewConsole/Info] [Client Run/Thread] [LC] 标签解析完毕，正在传递给内存中...
[0:2:10] [ServerNewConsole/Info] [Client Run/Thread] 成功
[0:2:11] [ServerNewConsole/Warn] [Client Run/Thread] [Sever] Sever Start
[0:2:13] [ServerNewConsole/Warn] [Client Run/Thread] 使用这个语言在加载时或完毕时 zh-cn
[0:2:13] [ServerNewConsole/Warn] [Client Run/Thread]  [MakeArg] path cmd to extr/cmd
[0:2:13] [ServerNewConsole/Warn] [Client Run/Thread]  [MakeArg] path runcmd to extr/runcmd
[0:2:13] [ServerNewConsole/Warn] [Client Run/Thread]  [MakeArg] path server/SPC to extr/server/SPC
[0:2:14] [ServerNewConsole/Info] [Client Run/Thread] load[
[0:2:14] [ServerNewConsole/Info] [Client Run/Thread] [System plug-in unit] The package extr/cmd is sucess load to return 0 at load
[0:2:14] [ServerNewConsole/Info] [Client Run/Thread] [System plug-in unit] The package extr/runcmd is sucess load to return 0 at load
[0:2:14] [ServerNewConsole/Info] [Client Run/Thread] [System plug-in unit] The package extr/server/SPC is sucess load to return 0 at load
[0:2:14] [ServerNewConsole/Info] [Client Run/Thread] ] * load
[0:2:14] [ServerNewConsole/Info] [Client Run/Thread] load[
[0:2:14] [ServerNewConsole/Info] [Client Run/Thread] [System plug-in unit] The package SystemCmdExtr/Helper is sucess load to return 0 at load
[0:2:14] [ServerNewConsole/Info] [Client Run/Thread] [System plug-in unit] The package SystemCmdExtr/LoadRun is sucess load to return 0 at load
[0:2:14] [ServerNewConsole/Info] [Client Run/Thread] ] * load
[0:2:14] [ServerNewConsole/Info] [Client Run/Thread] 启动窗体，加载程序
[0:2:15] [ServerNewConsole/Info] [Client Run/Thread] sever-loading[
[0:2:15] [ServerNewConsole/Info] [Client Run/Thread] ] * sever-loading






[0:3:41] [ServerNewConsole/Warn] [/Thread] 正在运行Close插件方法
[0:3:41] [ServerNewConsole/Info] [/Thread] close[
[0:3:41] [ServerNewConsole/Info] [/Thread] ] * close
[0:3:41] [ServerNewConsole/Warn] [/Thread] Close Object


[0:13:50] [ServerNewConsole/Info] [Client Run/Thread] 加载启动
[0:13:50] [ServerNewConsole/Info] [Client Run/Thread] [Memory] 成功创建分配
[0:13:50] [ServerNewConsole/Warn] [Client Run/Thread] [Menory] About creat memory
name LoadSmPro
Bytes(MB) 1024
[0:13:50] [ServerNewConsole/Info] [Client Run/Thread] [Memory] 正在解析数据...请稍后
[0:13:50] [ServerNewConsole/Info] [Client Run/Thread] [LC] 标签解析完毕，正在传递给内存中...
[0:13:51] [ServerNewConsole/Info] [Client Run/Thread] 成功
[0:13:52] [ServerNewConsole/Warn] [Client Run/Thread] [Sever] Sever Start
[0:13:54] [ServerNewConsole/Warn] [Client Run/Thread] 使用这个语言在加载时或完毕时 zh-cn
[0:13:54] [ServerNewConsole/Warn] [Client Run/Thread]  [MakeArg] path cmd to extr/cmd
[0:13:54] [ServerNewConsole/Warn] [Client Run/Thread]  [MakeArg] path runcmd to extr/runcmd
[0:13:54] [ServerNewConsole/Warn] [Client Run/Thread]  [MakeArg] path server/SPC to extr/server/SPC
[0:13:55] [ServerNewConsole/Info] [Client Run/Thread] load[
[0:13:55] [ServerNewConsole/Info] [Client Run/Thread] [System plug-in unit] The package extr/cmd is sucess load to return 0 at load
[0:13:55] [ServerNewConsole/Info] [Client Run/Thread] [System plug-in unit] The package extr/runcmd is sucess load to return 0 at load
[0:13:55] [ServerNewConsole/Info] [Client Run/Thread] [System plug-in unit] The package extr/server/SPC is sucess load to return 0 at load
[0:13:55] [ServerNewConsole/Info] [Client Run/Thread] ] * load
[0:13:55] [ServerNewConsole/Info] [Client Run/Thread] load[
[0:13:55] [ServerNewConsole/Info] [Client Run/Thread] [System plug-in unit] The package SystemCmdExtr/Helper is sucess load to return 0 at load
[0:13:55] [ServerNewConsole/Info] [Client Run/Thread] [System plug-in unit] The package SystemCmdExtr/LoadRun is sucess load to return 0 at load
[0:13:55] [ServerNewConsole/Info] [Client Run/Thread] ] * load
[0:13:55] [ServerNewConsole/Info] [Client Run/Thread] 启动窗体，加载程序
[0:13:55] [ServerNewConsole/Info] [Client Run/Thread] sever-loading[
[0:13:56] [ServerNewConsole/Info] [Client Run/Thread] ] * sever-loading


[0:19:37] [ServerNewConsole/Info] [Client Run/Thread] 加载启动
[0:19:38] [ServerNewConsole/Info] [Client Run/Thread] [Memory] 成功创建分配
[0:19:38] [ServerNewConsole/Warn] [Client Run/Thread] [Menory] About creat memory
name LoadSmPro
Bytes(MB) 1024
[0:19:38] [ServerNewConsole/Info] [Client Run/Thread] [Memory] 正在解析数据...请稍后
[0:19:38] [ServerNewConsole/Info] [Client Run/Thread] [LC] 标签解析完毕，正在传递给内存中...
[0:19:38] [ServerNewConsole/Info] [Client Run/Thread] 成功
[0:19:39] [ServerNewConsole/Warn] [Client Run/Thread] [Sever] Sever Start
[0:19:41] [ServerNewConsole/Warn] [Client Run/Thread] 使用这个语言在加载时或完毕时 zh-cn
[0:19:41] [ServerNewConsole/Warn] [Client Run/Thread]  [MakeArg] path cmd to extr/cmd
[0:19:41] [ServerNewConsole/Warn] [Client Run/Thread]  [MakeArg] path runcmd to extr/runcmd
[0:19:41] [ServerNewConsole/Warn] [Client Run/Thread]  [MakeArg] path server/SPC to extr/server/SPC
[0:19:42] [ServerNewConsole/Info] [Client Run/Thread] load[
[0:19:42] [ServerNewConsole/Info] [Client Run/Thread] [System plug-in unit] The package extr/cmd is sucess load to return 0 at load
[0:19:42] [ServerNewConsole/Info] [Client Run/Thread] [System plug-in unit] The package extr/runcmd is sucess load to return 0 at load
[0:19:42] [ServerNewConsole/Info] [Client Run/Thread] [System plug-in unit] The package extr/server/SPC is sucess load to return 0 at load
[0:19:42] [ServerNewConsole/Info] [Client Run/Thread] ] * load
[0:19:42] [ServerNewConsole/Info] [Client Run/Thread] load[
[0:19:42] [ServerNewConsole/Info] [Client Run/Thread] [System plug-in unit] The package SystemCmdExtr/Helper is sucess load to return 0 at load
[0:19:42] [ServerNewConsole/Info] [Client Run/Thread] [System plug-in unit] The package SystemCmdExtr/LoadRun is sucess load to return 0 at load
[0:19:42] [ServerNewConsole/Info] [Client Run/Thread] ] * load
[0:19:42] [ServerNewConsole/Info] [Client Run/Thread] 启动窗体，加载程序
[0:19:43] [ServerNewConsole/Info] [Client Run/Thread] sever-loading[
[0:19:43] [ServerNewConsole/Info] [Client Run/Thread] ] * sever-loading












[0:25:15] [ServerNewConsole/Info] [Client Run/Thread] 加载启动
[0:25:16] [ServerNewConsole/Info] [Client Run/Thread] [Memory] 成功创建分配
[0:25:16] [ServerNewConsole/Warn] [Client Run/Thread] [Menory] About creat memory
name LoadSmPro
Bytes(MB) 1024
[0:25:16] [ServerNewConsole/Info] [Client Run/Thread] [Memory] 正在解析数据...请稍后
[0:25:16] [ServerNewConsole/Info] [Client Run/Thread] [LC] 标签解析完毕，正在传递给内存中...
[0:25:16] [ServerNewConsole/Info] [Client Run/Thread] 成功
[0:25:17] [ServerNewConsole/Warn] [Client Run/Thread] [Sever] Sever Start
[0:25:19] [ServerNewConsole/Warn] [Client Run/Thread] 使用这个语言在加载时或完毕时 zh-cn
[0:25:19] [ServerNewConsole/Warn] [Client Run/Thread]  [MakeArg] path cmd to extr/cmd
[0:25:19] [ServerNewConsole/Warn] [Client Run/Thread]  [MakeArg] path runcmd to extr/runcmd
[0:25:19] [ServerNewConsole/Warn] [Client Run/Thread]  [MakeArg] path server/SPC to extr/server/SPC
[0:25:20] [ServerNewConsole/Info] [Client Run/Thread] load[
[0:25:20] [ServerNewConsole/Info] [Client Run/Thread] [System plug-in unit] The package extr/cmd is sucess load to return 0 at load
[0:25:20] [ServerNewConsole/Info] [Client Run/Thread] [System plug-in unit] The package extr/runcmd is sucess load to return 0 at load
[0:25:20] [ServerNewConsole/Info] [Client Run/Thread] [System plug-in unit] The package extr/server/SPC is sucess load to return 0 at load
[0:25:20] [ServerNewConsole/Info] [Client Run/Thread] ] * load
[0:25:20] [ServerNewConsole/Info] [Client Run/Thread] load[
[0:25:20] [ServerNewConsole/Info] [Client Run/Thread] [System plug-in unit] The package SystemCmdExtr/Helper is sucess load to return 0 at load
[0:25:20] [ServerNewConsole/Info] [Client Run/Thread] [System plug-in unit] The package SystemCmdExtr/LoadRun is sucess load to return 0 at load
[0:25:20] [ServerNewConsole/Info] [Client Run/Thread] ] * load
[0:25:20] [ServerNewConsole/Info] [Client Run/Thread] 启动窗体，加载程序
[0:25:21] [ServerNewConsole/Info] [Client Run/Thread] sever-loading[
[0:25:21] [ServerNewConsole/Info] [Client Run/Thread] ] * sever-loading


[0:26:45] [ServerNewConsole/Info] [Client Run/Thread] 加载启动
[0:26:46] [ServerNewConsole/Info] [Client Run/Thread] [Memory] 成功创建分配
[0:26:46] [ServerNewConsole/Warn] [Client Run/Thread] [Menory] About creat memory
name LoadSmPro
Bytes(MB) 1024
[0:26:46] [ServerNewConsole/Info] [Client Run/Thread] [Memory] 正在解析数据...请稍后
[0:26:46] [ServerNewConsole/Info] [Client Run/Thread] [LC] 标签解析完毕，正在传递给内存中...
[0:26:46] [ServerNewConsole/Info] [Client Run/Thread] 成功
[0:26:47] [ServerNewConsole/Warn] [Client Run/Thread] [Sever] Sever Start
[0:26:49] [ServerNewConsole/Warn] [Client Run/Thread] 使用这个语言在加载时或完毕时 zh-cn
[0:26:49] [ServerNewConsole/Warn] [Client Run/Thread]  [MakeArg] path cmd to extr/cmd
[0:26:49] [ServerNewConsole/Warn] [Client Run/Thread]  [MakeArg] path runcmd to extr/runcmd
[0:26:49] [ServerNewConsole/Warn] [Client Run/Thread]  [MakeArg] path server/SPC to extr/server/SPC
[0:26:50] [ServerNewConsole/Info] [Client Run/Thread] load[
[0:26:50] [ServerNewConsole/Info] [Client Run/Thread] [System plug-in unit] The package extr/cmd is sucess load to return 0 at load
[0:26:50] [ServerNewConsole/Info] [Client Run/Thread] [System plug-in unit] The package extr/runcmd is sucess load to return 0 at load
[0:26:50] [ServerNewConsole/Info] [Client Run/Thread] [System plug-in unit] The package extr/server/SPC is sucess load to return 0 at load
[0:26:50] [ServerNewConsole/Info] [Client Run/Thread] ] * load
[0:26:50] [ServerNewConsole/Info] [Client Run/Thread] load[
[0:26:50] [ServerNewConsole/Info] [Client Run/Thread] [System plug-in unit] The package SystemCmdExtr/Helper is sucess load to return 0 at load
[0:26:50] [ServerNewConsole/Info] [Client Run/Thread] [System plug-in unit] The package SystemCmdExtr/LoadRun is sucess load to return 0 at load
[0:26:50] [ServerNewConsole/Info] [Client Run/Thread] ] * load
[0:26:50] [ServerNewConsole/Info] [Client Run/Thread] 启动窗体，加载程序
[0:26:51] [ServerNewConsole/Info] [Client Run/Thread] sever-loading[
[0:26:51] [ServerNewConsole/Info] [Client Run/Thread] ] * sever-loading






[0:28:8] [ServerNewConsole/Warn] [/Thread] 正在运行Close插件方法
[0:28:8] [ServerNewConsole/Info] [/Thread] close[
[0:28:8] [ServerNewConsole/Info] [/Thread] ] * close
[0:28:8] [ServerNewConsole/Warn] [/Thread] Close Object


[0:31:9] [ServerNewConsole/Info] [Client Run/Thread] 加载启动
[0:31:10] [ServerNewConsole/Info] [Client Run/Thread] [Memory] 成功创建分配
[0:31:10] [ServerNewConsole/Warn] [Client Run/Thread] [Menory] About creat memory
name LoadSmPro
Bytes(MB) 1024
[0:31:10] [ServerNewConsole/Info] [Client Run/Thread] [Memory] 正在解析数据...请稍后
[0:31:10] [ServerNewConsole/Info] [Client Run/Thread] [LC] 标签解析完毕，正在传递给内存中...
[0:31:10] [ServerNewConsole/Info] [Client Run/Thread] 成功
[0:31:11] [ServerNewConsole/Warn] [Client Run/Thread] [Sever] Sever Start
[0:31:13] [ServerNewConsole/Warn] [Client Run/Thread] 使用这个语言在加载时或完毕时 zh-cn
[0:31:13] [ServerNewConsole/Warn] [Client Run/Thread]  [MakeArg] path cmd to extr/cmd
[0:31:13] [ServerNewConsole/Warn] [Client Run/Thread]  [MakeArg] path runcmd to extr/runcmd
[0:31:13] [ServerNewConsole/Warn] [Client Run/Thread]  [MakeArg] path server/SPC to extr/server/SPC
[0:31:14] [ServerNewConsole/Info] [Client Run/Thread] load[
[0:31:14] [ServerNewConsole/Info] [Client Run/Thread] [System plug-in unit] The package extr/cmd is sucess load to return 0 at load
[0:31:14] [ServerNewConsole/Info] [Client Run/Thread] [System plug-in unit] The package extr/runcmd is sucess load to return 0 at load
[0:31:14] [ServerNewConsole/Info] [Client Run/Thread] [System plug-in unit] The package extr/server/SPC is sucess load to return 0 at load
[0:31:14] [ServerNewConsole/Info] [Client Run/Thread] ] * load
[0:31:14] [ServerNewConsole/Info] [Client Run/Thread] load[
[0:31:14] [ServerNewConsole/Info] [Client Run/Thread] [System plug-in unit] The package SystemCmdExtr/Helper is sucess load to return 0 at load
[0:31:14] [ServerNewConsole/Info] [Client Run/Thread] [System plug-in unit] The package SystemCmdExtr/LoadRun is sucess load to return 0 at load
[0:31:14] [ServerNewConsole/Info] [Client Run/Thread] ] * load
[0:31:14] [ServerNewConsole/Info] [Client Run/Thread] 启动窗体，加载程序
[0:31:14] [ServerNewConsole/Info] [Client Run/Thread] sever-loading[
[0:31:15] [ServerNewConsole/Info] [Client Run/Thread] ] * sever-loading






[0:32:29] [ServerNewConsole/Warn] [/Thread] 正在运行Close插件方法
[0:32:29] [ServerNewConsole/Info] [/Thread] close[
[0:32:29] [ServerNewConsole/Info] [/Thread] ] * close
[0:32:29] [ServerNewConsole/Warn] [/Thread] Close Object


[0:35:40] [ServerNewConsole/Info] [Client Run/Thread] 加载启动
[0:35:45] [ServerNewConsole/Info] [Client Run/Thread] [Memory] 成功创建分配
[0:35:45] [ServerNewConsole/Warn] [Client Run/Thread] [Menory] About creat memory
name LoadSmPro
Bytes(MB) 1024
[0:35:45] [ServerNewConsole/Info] [Client Run/Thread] [Memory] 正在解析数据...请稍后
[0:35:45] [ServerNewConsole/Info] [Client Run/Thread] [LC] 标签解析完毕，正在传递给内存中...
[0:35:45] [ServerNewConsole/Info] [Client Run/Thread] 成功
[0:35:46] [ServerNewConsole/Warn] [Client Run/Thread] [Sever] Sever Start
[0:35:48] [ServerNewConsole/Warn] [Client Run/Thread] 使用这个语言在加载时或完毕时 zh-cn
[0:35:48] [ServerNewConsole/Warn] [Client Run/Thread]  [MakeArg] path cmd to extr/cmd
[0:35:48] [ServerNewConsole/Warn] [Client Run/Thread]  [MakeArg] path runcmd to extr/runcmd
[0:35:48] [ServerNewConsole/Warn] [Client Run/Thread]  [MakeArg] path server/SPC to extr/server/SPC
[0:35:50] [ServerNewConsole/Info] [Client Run/Thread] load[
[0:35:50] [ServerNewConsole/Info] [Client Run/Thread] [System plug-in unit] The package extr/cmd is sucess load to return 0 at load
[0:35:50] [ServerNewConsole/Info] [Client Run/Thread] [System plug-in unit] The package extr/runcmd is sucess load to return 0 at load
[0:35:50] [ServerNewConsole/Info] [Client Run/Thread] [System plug-in unit] The package extr/server/SPC is sucess load to return 0 at load
[0:35:50] [ServerNewConsole/Info] [Client Run/Thread] ] * load
[0:35:50] [ServerNewConsole/Info] [Client Run/Thread] load[
[0:35:50] [ServerNewConsole/Info] [Client Run/Thread] [System plug-in unit] The package SystemCmdExtr/Helper is sucess load to return 0 at load
[0:35:51] [ServerNewConsole/Info] [Client Run/Thread] [System plug-in unit] The package SystemCmdExtr/LoadRun is sucess load to return 0 at load
[0:35:51] [ServerNewConsole/Info] [Client Run/Thread] ] * load
[0:35:51] [ServerNewConsole/Info] [Client Run/Thread] 启动窗体，加载程序
[0:35:51] [ServerNewConsole/Info] [Client Run/Thread] sever-loading[

[0:35:52] [ServerNewConsole/Info] [Client Run/Thread] ] * sever-loading






[0:37:16] [ServerNewConsole/Warn] [/Thread] 正在运行Close插件方法
[0:37:16] [ServerNewConsole/Info] [/Thread] close[
[0:37:16] [ServerNewConsole/Info] [/Thread] ] * close
[0:37:16] [ServerNewConsole/Warn] [/Thread] Close Object

[0:41:3] [ServerNewConsole/Info] [Client Run/Thread] 加载启动
[0:41:4] [ServerNewConsole/Info] [Client Run/Thread] [Memory] 成功创建分配
[0:41:4] [ServerNewConsole/Warn] [Client Run/Thread] [Menory] About creat memory
name LoadSmPro
Bytes(MB) 1024
[0:41:4] [ServerNewConsole/Info] [Client Run/Thread] [Memory] 正在解析数据...请稍后
[0:41:4] [ServerNewConsole/Info] [Client Run/Thread] [LC] 标签解析完毕，正在传递给内存中...
[0:41:4] [ServerNewConsole/Info] [Client Run/Thread] 成功
[0:41:5] [ServerNewConsole/Warn] [Client Run/Thread] [Sever] Sever Start
[0:41:7] [ServerNewConsole/Warn] [Client Run/Thread] 使用这个语言在加载时或完毕时 zh-cn
[0:41:7] [ServerNewConsole/Warn] [Client Run/Thread]  [MakeArg] path cmd to extr/cmd
[0:41:7] [ServerNewConsole/Warn] [Client Run/Thread]  [MakeArg] path runcmd to extr/runcmd
[0:41:7] [ServerNewConsole/Warn] [Client Run/Thread]  [MakeArg] path server/SPC to extr/server/SPC
[0:41:8] [ServerNewConsole/Info] [Client Run/Thread] load[
[0:41:8] [ServerNewConsole/Info] [Client Run/Thread] [System plug-in unit] The package extr/cmd is sucess load to return 0 at load
[0:41:8] [ServerNewConsole/Info] [Client Run/Thread] [System plug-in unit] The package extr/runcmd is sucess load to return 0 at load
[0:41:9] [ServerNewConsole/Info] [Client Run/Thread] [System plug-in unit] The package extr/server/SPC is sucess load to return 0 at load
[0:41:9] [ServerNewConsole/Info] [Client Run/Thread] ] * load
[0:41:9] [ServerNewConsole/Info] [Client Run/Thread] load[
[0:41:9] [ServerNewConsole/Info] [Client Run/Thread] [System plug-in unit] The package SystemCmdExtr/Helper is sucess load to return 0 at load
[0:41:9] [ServerNewConsole/Info] [Client Run/Thread] [System plug-in unit] The package SystemCmdExtr/LoadRun is sucess load to return 0 at load
[0:41:9] [ServerNewConsole/Info] [Client Run/Thread] ] * load
[0:41:9] [ServerNewConsole/Info] [Client Run/Thread] 启动窗体，加载程序
[0:41:9] [ServerNewConsole/Info] [Client Run/Thread] sever-loading[
[0:41:9] [ServerNewConsole/Info] [Client Run/Thread] ] * sever-loading



































[0:48:15] [ServerNewConsole/Warn] [/Thread] 正在运行Close插件方法
[0:48:15] [ServerNewConsole/Info] [/Thread] close[
[0:48:15] [ServerNewConsole/Info] [/Thread] ] * close
[0:48:15] [ServerNewConsole/Warn] [/Thread] Close Object

