#Console Printf about side
#       Code Memory this...
#       WriteTime about (s)43
#
#Endl
[19:1:31] [NewConsole/Info] [Client Run/Thread] 加载启动
[19:1:31] [NewConsole/Info] [Client Run/Thread] [Memory] 成功创建分配
[19:1:31] [NewConsole/Warn] [Client Run/Thread] [Menory] About creat memory
name LoadSmPro
Bytes(MB) 1024
[19:1:31] [NewConsole/Info] [Client Run/Thread] [Memory] 正在解析数据...请稍后
[19:1:31] [NewConsole/Info] [Client Run/Thread] [LC] 标签解析完毕，正在传递给内存中...
[19:1:31] [NewConsole/Info] [Client Run/Thread] 成功
[19:1:35] [NewConsole/Warn] [Client Run/Thread] 创建From大小为 x:800 y:600
[19:1:35] [NewConsole/Warn] [Client Run/Thread] 使用这个语言在加载时或完毕时 zh-cn
[19:1:35] [NewConsole/Warn] [Client Run/Thread] 是否放大在加载窗体True
[19:1:35] [NewConsole/Warn] [Client Run/Thread]  [MakeArg] path mo to extr/mo
[19:1:35] [NewConsole/Warn] [Client Run/Thread]  [MakeArg] path sr to extr/sr
[19:1:35] [NewConsole/Warn] [Client Run/Thread]  [MakeArg] path cmd to extr/cmd
[19:1:35] [NewConsole/Warn] [Client Run/Thread]  [MakeArg] path cw to extr/cw
[19:1:35] [NewConsole/Warn] [Client Run/Thread]  [MakeArg] path client/HPC to extr/client/HPC
[19:1:35] [NewConsole/Warn] [Client Run/Thread]  [MakeArg] path server/SPC to extr/server/SPC
[19:1:35] [NewConsole/Warn] [Client Run/Thread]  [MakeArg] path cw to extr/cw
[19:1:36] [NewConsole/Info] [Client Run/Thread] load[
[19:1:36] [NewConsole/Info] [Client Run/Thread] [System plug-in unit] The package extr/mo is sucess load to return 0 at load
[19:1:36] [NewConsole/Info] [Client Run/Thread] [System plug-in unit] The package extr/sr is sucess load to return 0 at load
[19:1:36] [NewConsole/Info] [Client Run/Thread] [System plug-in unit] The package extr/cmd is sucess load to return 0 at load
[19:1:36] [NewConsole/Info] [Client Run/Thread] [System plug-in unit] The package extr/cw is sucess load to return 0 at load
[19:1:36] [NewConsole/Info] [Client Run/Thread] [System plug-in unit] The package extr/client/HPC is sucess load to return 0 at load
[19:1:36] [NewConsole/Info] [Client Run/Thread] [System plug-in unit] The package extr/server/SPC is sucess load to return 0 at load
[19:1:36] [NewConsole/Info] [Client Run/Thread] [System plug-in unit] The package SystemCmdExtr/Shell is sucess load to return 0 at load
[19:1:36] [NewConsole/Info] [Client Run/Thread] ] * load
[19:1:36] [NewConsole/Info] [Client Run/Thread] load[
[19:1:36] [NewConsole/Info] [Client Run/Thread] [System plug-in unit] The package SystemCmdExtr/Helper is sucess load to return 0 at load
[19:1:36] [NewConsole/Info] [Client Run/Thread] [System plug-in unit] The package SystemCmdExtr/LoadRun is sucess load to return 0 at load
[19:1:36] [NewConsole/Info] [Client Run/Thread] [System plug-in unit] The package extr/cw is sucess load to return 0 at load
[19:1:36] [NewConsole/Info] [Client Run/Thread] ] * load
[19:1:36] [NewConsole/Info] [Client Run/Thread] 启动窗体，加载程序
[19:1:37] [NewConsole/Info] [Client Run/Thread] loading[
[19:1:37] [NewConsole/Info] [Client Run/Thread] [System plug-in unit] The package extr/mo is sucess load to return 0 at loading
[19:1:37] [NewConsole/Info] [Client Run/Thread] [System plug-in unit] The package extr/cmd is sucess load to return 0 at getcmd
[19:1:37] [NewConsole/Info] [Client Run/Thread] [System plug-in unit] The package extr/cw is sucess load to return 0 at getcmd
[19:1:37] [NewConsole/Info] [Client Run/Thread] [System plug-in unit] The package extr/client/HPC is sucess load to return 0 at getcmd
[19:1:37] [NewConsole/Info] [Client Run/Thread] [System plug-in unit] The package extr/server/SPC is sucess load to return 0 at getcmd
[19:1:37] [NewConsole/Info] [Client Run/Thread] [System plug-in unit] The package SystemCmdExtr/Shell is sucess load to return 0 at getcmd
[19:1:37] [NewConsole/Info] [Client Run/Thread] [System plug-in unit] The package extr/cmd is sucess load to return 0 at runload
[19:1:37] [NewConsole/Info] [Client Run/Thread] [System plug-in unit] The package extr/sr is sucess load to return 0 at loading
[19:1:37] [NewConsole/Info] [Client Run/Thread] [System plug-in unit] The package extr/cmd is sucess load to return 0 at loading
[19:1:37] [NewConsole/Info] [Client Run/Thread] [System plug-in unit] The package extr/cw is sucess load to return 0 at loading
[19:1:37] [NewConsole/Info] [Client Run/Thread] [System plug-in unit] The package extr/client/HPC is sucess load to return 0 at loading
[19:1:37] [NewConsole/Info] [Client Run/Thread] [System plug-in unit] The package extr/server/SPC is sucess load to return 0 at loading
[19:1:37] [NewConsole/Info] [Client Run/Thread] [System plug-in unit] The package SystemCmdExtr/Shell is sucess load to return 0 at loading
[19:1:37] [NewConsole/Info] [Client Run/Thread] ] * loading


[19:2:11] [NewConsole/Info] [/Thread] [System plug-in unit] The package extr/cmd is sucess load to return 0 at run


















































[19:12:10] [NewConsole/Info] [/Thread] [System plug-in unit] The package extr/cmd is sucess load to return 0 at run
[19:12:11] [NewConsole/Info] [/Thread] close[
[19:12:12] [NewConsole/Info] [/Thread] [System plug-in unit] The package extr/mo is sucess load to return 0 at close
[19:12:12] [NewConsole/Info] [/Thread] [System plug-in unit] The package extr/sr is sucess load to return 0 at close
[19:12:12] [NewConsole/Info] [/Thread] [System plug-in unit] The package extr/cmd is sucess load to return 0 at close
[19:12:12] [NewConsole/Info] [/Thread] [System plug-in unit] The package extr/cw is sucess load to return 0 at close
[19:12:12] [NewConsole/Info] [/Thread] [System plug-in unit] The package extr/client/HPC is sucess load to return 0 at close
[19:12:12] [NewConsole/Info] [/Thread] [System plug-in unit] The package extr/server/SPC is sucess load to return 0 at close
[19:12:12] [NewConsole/Info] [/Thread] [System plug-in unit] The package SystemCmdExtr/Shell is sucess load to return 0 at close
[19:12:12] [NewConsole/Info] [/Thread] ] * close

