#Console Printf about side
#       Code Memory this...
#       WriteTime about (s)30
#
#Endl
[18:0:18] [NewConsole/Info] [Client Run/Thread] 加载启动
[18:0:18] [NewConsole/Info] [Client Run/Thread] [Memory] 成功创建分配
[18:0:18] [NewConsole/Warn] [Client Run/Thread] [Menory] About creat memory
name LoadSmPro
Bytes(MB) 1024
[18:0:18] [NewConsole/Info] [Client Run/Thread] [Memory] 正在解析数据...请稍后
[18:0:18] [NewConsole/Info] [Client Run/Thread] [LC] 标签解析完毕，正在传递给内存中...
[18:0:18] [NewConsole/Info] [Client Run/Thread] 成功
[18:0:22] [NewConsole/Warn] [Client Run/Thread] 创建From大小为 x:800 y:600
[18:0:22] [NewConsole/Warn] [Client Run/Thread] 使用这个语言在加载时或完毕时 zh-cn
[18:0:22] [NewConsole/Warn] [Client Run/Thread] 是否放大在加载窗体True
[18:0:22] [NewConsole/Warn] [Client Run/Thread]  [MakeArg] path mo to extr/mo
[18:0:22] [NewConsole/Warn] [Client Run/Thread]  [MakeArg] path sr to extr/sr
[18:0:22] [NewConsole/Warn] [Client Run/Thread]  [MakeArg] path cmd to extr/cmd
[18:0:22] [NewConsole/Warn] [Client Run/Thread]  [MakeArg] path cw to extr/cw
[18:0:22] [NewConsole/Warn] [Client Run/Thread]  [MakeArg] path client/HPC to extr/client/HPC
[18:0:22] [NewConsole/Warn] [Client Run/Thread]  [MakeArg] path server/SPC to extr/server/SPC
[18:0:22] [NewConsole/Warn] [Client Run/Thread]  [MakeArg] path cw to extr/cw
[18:0:23] [NewConsole/Info] [Client Run/Thread] load[
[18:0:23] [NewConsole/Info] [Client Run/Thread] [System plug-in unit] The package extr/mo is sucess load to return 0 at load
[18:0:23] [NewConsole/Info] [Client Run/Thread] [System plug-in unit] The package extr/sr is sucess load to return 0 at load
[18:0:23] [NewConsole/Info] [Client Run/Thread] [System plug-in unit] The package extr/cmd is sucess load to return 0 at load
[18:0:23] [NewConsole/Info] [Client Run/Thread] [System plug-in unit] The package extr/cw is sucess load to return 0 at load
[18:0:23] [NewConsole/Info] [Client Run/Thread] [System plug-in unit] The package extr/client/HPC is sucess load to return 0 at load
[18:0:23] [NewConsole/Info] [Client Run/Thread] [System plug-in unit] The package extr/server/SPC is sucess load to return 0 at load
[18:0:23] [NewConsole/Info] [Client Run/Thread] [System plug-in unit] The package SystemCmdExtr/Shell is sucess load to return 0 at load
[18:0:23] [NewConsole/Info] [Client Run/Thread] ] * load
[18:0:23] [NewConsole/Info] [Client Run/Thread] load[
[18:0:23] [NewConsole/Info] [Client Run/Thread] [System plug-in unit] The package SystemCmdExtr/Helper is sucess load to return 0 at load
[18:0:23] [NewConsole/Info] [Client Run/Thread] [System plug-in unit] The package SystemCmdExtr/LoadRun is sucess load to return 0 at load
[18:0:23] [NewConsole/Info] [Client Run/Thread] [System plug-in unit] The package extr/cw is sucess load to return 0 at load
[18:0:23] [NewConsole/Info] [Client Run/Thread] ] * load
[18:0:23] [NewConsole/Info] [Client Run/Thread] 启动窗体，加载程序
[18:0:24] [NewConsole/Info] [Client Run/Thread] loading[
[18:0:24] [NewConsole/Info] [Client Run/Thread] [System plug-in unit] The package extr/mo is sucess load to return 0 at loading
[18:0:24] [NewConsole/Info] [Client Run/Thread] [System plug-in unit] The package extr/cmd is sucess load to return 0 at getcmd
[18:0:24] [NewConsole/Info] [Client Run/Thread] [System plug-in unit] The package extr/cw is sucess load to return 0 at getcmd
[18:0:24] [NewConsole/Info] [Client Run/Thread] [System plug-in unit] The package extr/client/HPC is sucess load to return 0 at getcmd
[18:0:24] [NewConsole/Info] [Client Run/Thread] [System plug-in unit] The package extr/server/SPC is sucess load to return 0 at getcmd
[18:0:24] [NewConsole/Info] [Client Run/Thread] [System plug-in unit] The package SystemCmdExtr/Shell is sucess load to return 0 at getcmd
[18:0:24] [NewConsole/Info] [Client Run/Thread] [System plug-in unit] The package extr/cmd is sucess load to return 0 at runload
[18:0:24] [NewConsole/Info] [Client Run/Thread] [System plug-in unit] The package extr/sr is sucess load to return 0 at loading
[18:0:24] [NewConsole/Info] [Client Run/Thread] [System plug-in unit] The package extr/cmd is sucess load to return 0 at loading
[18:0:24] [NewConsole/Info] [Client Run/Thread] [System plug-in unit] The package extr/cw is sucess load to return 0 at loading
[18:0:24] [NewConsole/Info] [Client Run/Thread] [System plug-in unit] The package extr/client/HPC is sucess load to return 0 at loading
[18:0:24] [NewConsole/Info] [Client Run/Thread] [System plug-in unit] The package extr/server/SPC is sucess load to return 0 at loading
[18:0:24] [NewConsole/Info] [Client Run/Thread] [System plug-in unit] The package SystemCmdExtr/Shell is sucess load to return 0 at loading
[18:0:24] [NewConsole/Info] [Client Run/Thread] ] * loading

[18:0:49] [NewConsole/Info] [Main Window System/Thread] close[
[18:0:49] [NewConsole/Info] [Main Window System/Thread] [System plug-in unit] The package extr/mo is sucess load to return 0 at close
[18:0:49] [NewConsole/Info] [Main Window System/Thread] [System plug-in unit] The package extr/sr is sucess load to return 0 at close
[18:0:49] [NewConsole/Info] [Main Window System/Thread] [System plug-in unit] The package extr/cmd is sucess load to return 0 at close
[18:0:49] [NewConsole/Info] [Main Window System/Thread] [System plug-in unit] The package extr/cw is sucess load to return 0 at close
[18:0:49] [NewConsole/Info] [Main Window System/Thread] [System plug-in unit] The package extr/client/HPC is sucess load to return 0 at close
[18:0:49] [NewConsole/Info] [Main Window System/Thread] [System plug-in unit] The package extr/server/SPC is sucess load to return 0 at close
[18:0:49] [NewConsole/Info] [Main Window System/Thread] [System plug-in unit] The package SystemCmdExtr/Shell is sucess load to return 0 at close
[18:0:49] [NewConsole/Info] [Main Window System/Thread] ] * close

[18:3:37] [NewConsole/Info] [Client Run/Thread] 加载启动
[18:3:38] [NewConsole/Info] [Client Run/Thread] [Memory] 成功创建分配
[18:3:38] [NewConsole/Warn] [Client Run/Thread] [Menory] About creat memory
name LoadSmPro
Bytes(MB) 1024
[18:3:38] [NewConsole/Info] [Client Run/Thread] [Memory] 正在解析数据...请稍后
[18:3:38] [NewConsole/Info] [Client Run/Thread] [LC] 标签解析完毕，正在传递给内存中...
[18:3:38] [NewConsole/Info] [Client Run/Thread] 成功
[18:3:41] [NewConsole/Warn] [Client Run/Thread] 创建From大小为 x:800 y:600
[18:3:41] [NewConsole/Warn] [Client Run/Thread] 使用这个语言在加载时或完毕时 zh-cn
[18:3:41] [NewConsole/Warn] [Client Run/Thread] 是否放大在加载窗体True
[18:3:41] [NewConsole/Warn] [Client Run/Thread]  [MakeArg] path mo to extr/mo
[18:3:41] [NewConsole/Warn] [Client Run/Thread]  [MakeArg] path sr to extr/sr
[18:3:41] [NewConsole/Warn] [Client Run/Thread]  [MakeArg] path cmd to extr/cmd
[18:3:41] [NewConsole/Warn] [Client Run/Thread]  [MakeArg] path cw to extr/cw
[18:3:41] [NewConsole/Warn] [Client Run/Thread]  [MakeArg] path client/HPC to extr/client/HPC
[18:3:41] [NewConsole/Warn] [Client Run/Thread]  [MakeArg] path server/SPC to extr/server/SPC
[18:3:41] [NewConsole/Warn] [Client Run/Thread]  [MakeArg] path cw to extr/cw
[18:3:42] [NewConsole/Info] [Client Run/Thread] load[
[18:3:42] [NewConsole/Info] [Client Run/Thread] [System plug-in unit] The package extr/mo is sucess load to return 0 at load
[18:3:42] [NewConsole/Info] [Client Run/Thread] [System plug-in unit] The package extr/sr is sucess load to return 0 at load
[18:3:42] [NewConsole/Info] [Client Run/Thread] [System plug-in unit] The package extr/cmd is sucess load to return 0 at load
[18:3:42] [NewConsole/Info] [Client Run/Thread] [System plug-in unit] The package extr/cw is sucess load to return 0 at load
[18:3:42] [NewConsole/Info] [Client Run/Thread] [System plug-in unit] The package extr/client/HPC is sucess load to return 0 at load
[18:3:42] [NewConsole/Info] [Client Run/Thread] [System plug-in unit] The package extr/server/SPC is sucess load to return 0 at load
[18:3:42] [NewConsole/Info] [Client Run/Thread] [System plug-in unit] The package SystemCmdExtr/Shell is sucess load to return 0 at load
[18:3:42] [NewConsole/Info] [Client Run/Thread] ] * load
[18:3:42] [NewConsole/Info] [Client Run/Thread] load[
[18:3:42] [NewConsole/Info] [Client Run/Thread] [System plug-in unit] The package SystemCmdExtr/Helper is sucess load to return 0 at load
[18:3:42] [NewConsole/Info] [Client Run/Thread] [System plug-in unit] The package SystemCmdExtr/LoadRun is sucess load to return 0 at load
[18:3:42] [NewConsole/Info] [Client Run/Thread] [System plug-in unit] The package extr/cw is sucess load to return 0 at load
[18:3:42] [NewConsole/Info] [Client Run/Thread] ] * load
[18:3:42] [NewConsole/Info] [Client Run/Thread] 启动窗体，加载程序
[18:3:43] [NewConsole/Info] [Client Run/Thread] loading[
[18:3:43] [NewConsole/Info] [Client Run/Thread] [System plug-in unit] The package extr/mo is sucess load to return 0 at loading
[18:3:43] [NewConsole/Info] [Client Run/Thread] [System plug-in unit] The package extr/cmd is sucess load to return 0 at getcmd
[18:3:43] [NewConsole/Info] [Client Run/Thread] [System plug-in unit] The package extr/cw is sucess load to return 0 at getcmd
[18:3:43] [NewConsole/Info] [Client Run/Thread] [System plug-in unit] The package extr/client/HPC is sucess load to return 0 at getcmd
[18:3:43] [NewConsole/Info] [Client Run/Thread] [System plug-in unit] The package extr/server/SPC is sucess load to return 0 at getcmd
[18:3:43] [NewConsole/Info] [Client Run/Thread] [System plug-in unit] The package SystemCmdExtr/Shell is sucess load to return 0 at getcmd
[18:3:43] [NewConsole/Info] [Client Run/Thread] [System plug-in unit] The package extr/cmd is sucess load to return 0 at runload
[18:3:43] [NewConsole/Info] [Client Run/Thread] [System plug-in unit] The package extr/sr is sucess load to return 0 at loading
[18:3:43] [NewConsole/Info] [Client Run/Thread] [System plug-in unit] The package extr/cmd is sucess load to return 0 at loading
[18:3:43] [NewConsole/Info] [Client Run/Thread] [System plug-in unit] The package extr/cw is sucess load to return 0 at loading
[18:3:43] [NewConsole/Info] [Client Run/Thread] [System plug-in unit] The package extr/client/HPC is sucess load to return 0 at loading
[18:3:43] [NewConsole/Info] [Client Run/Thread] [System plug-in unit] The package extr/server/SPC is sucess load to return 0 at loading
[18:3:43] [NewConsole/Info] [Client Run/Thread] [System plug-in unit] The package SystemCmdExtr/Shell is sucess load to return 0 at loading
[18:3:43] [NewConsole/Info] [Client Run/Thread] ] * loading






[18:4:54] [NewConsole/Info] [/Thread] [System plug-in unit] The package extr/cmd is sucess load to return 0 at run
[18:4:55] [NewConsole/Info] [/Thread] close[
[18:4:55] [NewConsole/Info] [/Thread] [System plug-in unit] The package extr/mo is sucess load to return 0 at close
[18:4:55] [NewConsole/Info] [/Thread] [System plug-in unit] The package extr/sr is sucess load to return 0 at close
[18:4:55] [NewConsole/Info] [/Thread] [System plug-in unit] The package extr/cmd is sucess load to return 0 at close
[18:4:55] [NewConsole/Info] [/Thread] [System plug-in unit] The package extr/cw is sucess load to return 0 at close
[18:4:55] [NewConsole/Info] [/Thread] [System plug-in unit] The package extr/client/HPC is sucess load to return 0 at close
[18:4:55] [NewConsole/Info] [/Thread] [System plug-in unit] The package extr/server/SPC is sucess load to return 0 at close
[18:4:55] [NewConsole/Info] [/Thread] [System plug-in unit] The package SystemCmdExtr/Shell is sucess load to return 0 at close
[18:4:55] [NewConsole/Info] [/Thread] ] * close

[18:26:28] [NewConsole/Info] [Client Run/Thread] 加载启动
[18:26:30] [NewConsole/Info] [Client Run/Thread] [Memory] 成功创建分配
[18:26:30] [NewConsole/Warn] [Client Run/Thread] [Menory] About creat memory
name LoadSmPro
Bytes(MB) 1024
[18:26:30] [NewConsole/Info] [Client Run/Thread] [Memory] 正在解析数据...请稍后
[18:26:30] [NewConsole/Info] [Client Run/Thread] [LC] 标签解析完毕，正在传递给内存中...
[18:26:30] [NewConsole/Info] [Client Run/Thread] 成功
[18:26:35] [NewConsole/Warn] [Client Run/Thread] 创建From大小为 x:800 y:600
[18:26:35] [NewConsole/Warn] [Client Run/Thread] 使用这个语言在加载时或完毕时 zh-cn
[18:26:35] [NewConsole/Warn] [Client Run/Thread] 是否放大在加载窗体True
[18:26:36] [NewConsole/Warn] [Client Run/Thread]  [MakeArg] path mo to extr/mo
[18:26:36] [NewConsole/Warn] [Client Run/Thread]  [MakeArg] path sr to extr/sr
[18:26:36] [NewConsole/Warn] [Client Run/Thread]  [MakeArg] path cmd to extr/cmd
[18:26:36] [NewConsole/Warn] [Client Run/Thread]  [MakeArg] path cw to extr/cw
[18:26:36] [NewConsole/Warn] [Client Run/Thread]  [MakeArg] path client/HPC to extr/client/HPC
[18:26:36] [NewConsole/Warn] [Client Run/Thread]  [MakeArg] path server/SPC to extr/server/SPC
[18:26:36] [NewConsole/Warn] [Client Run/Thread]  [MakeArg] path cw to extr/cw
[18:26:37] [NewConsole/Info] [Client Run/Thread] load[
[18:26:37] [NewConsole/Info] [Client Run/Thread] [System plug-in unit] The package extr/mo is sucess load to return 0 at load
[18:26:37] [NewConsole/Info] [Client Run/Thread] [System plug-in unit] The package extr/sr is sucess load to return 0 at load
[18:26:37] [NewConsole/Info] [Client Run/Thread] [System plug-in unit] The package extr/cmd is sucess load to return 0 at load
[18:26:38] [NewConsole/Info] [Client Run/Thread] [System plug-in unit] The package extr/cw is sucess load to return 0 at load
[18:26:38] [NewConsole/Info] [Client Run/Thread] [System plug-in unit] The package extr/client/HPC is sucess load to return 0 at load
[18:26:38] [NewConsole/Info] [Client Run/Thread] [System plug-in unit] The package extr/server/SPC is sucess load to return 0 at load
[18:26:38] [NewConsole/Info] [Client Run/Thread] [System plug-in unit] The package SystemCmdExtr/Shell is sucess load to return 0 at load
[18:26:38] [NewConsole/Info] [Client Run/Thread] ] * load
[18:26:38] [NewConsole/Info] [Client Run/Thread] load[
[18:26:38] [NewConsole/Info] [Client Run/Thread] [System plug-in unit] The package SystemCmdExtr/Helper is sucess load to return 0 at load
[18:26:38] [NewConsole/Info] [Client Run/Thread] [System plug-in unit] The package SystemCmdExtr/LoadRun is sucess load to return 0 at load
[18:26:38] [NewConsole/Info] [Client Run/Thread] [System plug-in unit] The package extr/cw is sucess load to return 0 at load
[18:26:38] [NewConsole/Info] [Client Run/Thread] ] * load
[18:26:38] [NewConsole/Info] [Client Run/Thread] 启动窗体，加载程序
[18:26:38] [NewConsole/Info] [Client Run/Thread] loading[
[18:26:39] [NewConsole/Info] [Client Run/Thread] [System plug-in unit] The package extr/mo is sucess load to return 0 at loading
[18:26:39] [NewConsole/Info] [Client Run/Thread] [System plug-in unit] The package extr/cmd is sucess load to return 0 at getcmd
[18:26:39] [NewConsole/Info] [Client Run/Thread] [System plug-in unit] The package extr/cw is sucess load to return 0 at getcmd
[18:26:39] [NewConsole/Info] [Client Run/Thread] [System plug-in unit] The package extr/client/HPC is sucess load to return 0 at getcmd
[18:26:39] [NewConsole/Info] [Client Run/Thread] [System plug-in unit] The package extr/server/SPC is sucess load to return 0 at getcmd
[18:26:39] [NewConsole/Info] [Client Run/Thread] [System plug-in unit] The package SystemCmdExtr/Shell is sucess load to return 0 at getcmd
[18:26:39] [NewConsole/Info] [Client Run/Thread] [System plug-in unit] The package extr/cmd is sucess load to return 0 at runload

[18:26:40] [NewConsole/Info] [Client Run/Thread] [System plug-in unit] The package extr/sr is sucess load to return 0 at loading
[18:26:40] [NewConsole/Info] [Client Run/Thread] [System plug-in unit] The package extr/cmd is sucess load to return 0 at loading
[18:26:40] [NewConsole/Info] [Client Run/Thread] [System plug-in unit] The package extr/cw is sucess load to return 0 at loading
[18:26:40] [NewConsole/Info] [Client Run/Thread] [System plug-in unit] The package extr/client/HPC is sucess load to return 0 at loading
[18:26:40] [NewConsole/Info] [Client Run/Thread] [System plug-in unit] The package extr/server/SPC is sucess load to return 0 at loading
[18:26:40] [NewConsole/Info] [Client Run/Thread] [System plug-in unit] The package SystemCmdExtr/Shell is sucess load to return 0 at loading
[18:26:40] [NewConsole/Info] [Client Run/Thread] ] * loading

[18:26:55] [NewConsole/Info] [/Thread] [System plug-in unit] The package extr/cmd is sucess load to return 0 at run


[18:27:26] [NewConsole/Info] [Main Window System/Thread] close[
[18:27:26] [NewConsole/Info] [Main Window System/Thread] [System plug-in unit] The package extr/mo is sucess load to return 0 at close
[18:27:26] [NewConsole/Info] [Main Window System/Thread] [System plug-in unit] The package extr/sr is sucess load to return 0 at close
[18:27:26] [NewConsole/Info] [Main Window System/Thread] [System plug-in unit] The package extr/cmd is sucess load to return 0 at close
[18:27:26] [NewConsole/Info] [Main Window System/Thread] [System plug-in unit] The package extr/cw is sucess load to return 0 at close
[18:27:26] [NewConsole/Info] [Main Window System/Thread] [System plug-in unit] The package extr/client/HPC is sucess load to return 0 at close
[18:27:26] [NewConsole/Info] [Main Window System/Thread] [System plug-in unit] The package extr/server/SPC is sucess load to return 0 at close
[18:27:26] [NewConsole/Info] [Main Window System/Thread] [System plug-in unit] The package SystemCmdExtr/Shell is sucess load to return 0 at close
[18:27:26] [NewConsole/Info] [Main Window System/Thread] ] * close

[18:42:34] [NewConsole/Info] [Client Run/Thread] 加载启动
[18:42:34] [NewConsole/Info] [Client Run/Thread] [Memory] 成功创建分配
[18:42:34] [NewConsole/Warn] [Client Run/Thread] [Menory] About creat memory
name LoadSmPro
Bytes(MB) 1024
[18:42:34] [NewConsole/Info] [Client Run/Thread] [Memory] 正在解析数据...请稍后
[18:42:34] [NewConsole/Info] [Client Run/Thread] [LC] 标签解析完毕，正在传递给内存中...
[18:42:34] [NewConsole/Info] [Client Run/Thread] 成功
[18:42:38] [NewConsole/Warn] [Client Run/Thread] 创建From大小为 x:800 y:600
[18:42:38] [NewConsole/Warn] [Client Run/Thread] 使用这个语言在加载时或完毕时 zh-cn
[18:42:38] [NewConsole/Warn] [Client Run/Thread] 是否放大在加载窗体True
[18:42:38] [NewConsole/Warn] [Client Run/Thread]  [MakeArg] path mo to extr/mo
[18:42:38] [NewConsole/Warn] [Client Run/Thread]  [MakeArg] path sr to extr/sr
[18:42:38] [NewConsole/Warn] [Client Run/Thread]  [MakeArg] path cmd to extr/cmd
[18:42:38] [NewConsole/Warn] [Client Run/Thread]  [MakeArg] path cw to extr/cw
[18:42:38] [NewConsole/Warn] [Client Run/Thread]  [MakeArg] path client/HPC to extr/client/HPC
[18:42:38] [NewConsole/Warn] [Client Run/Thread]  [MakeArg] path server/SPC to extr/server/SPC
[18:42:38] [NewConsole/Warn] [Client Run/Thread]  [MakeArg] path cw to extr/cw
[18:42:39] [NewConsole/Info] [Client Run/Thread] load[
[18:42:39] [NewConsole/Info] [Client Run/Thread] [System plug-in unit] The package extr/mo is sucess load to return 0 at load
[18:42:39] [NewConsole/Info] [Client Run/Thread] [System plug-in unit] The package extr/sr is sucess load to return 0 at load
[18:42:39] [NewConsole/Info] [Client Run/Thread] [System plug-in unit] The package extr/cmd is sucess load to return 0 at load
[18:42:39] [NewConsole/Info] [Client Run/Thread] [System plug-in unit] The package extr/cw is sucess load to return 0 at load
[18:42:39] [NewConsole/Info] [Client Run/Thread] [System plug-in unit] The package extr/client/HPC is sucess load to return 0 at load
[18:42:39] [NewConsole/Info] [Client Run/Thread] [System plug-in unit] The package extr/server/SPC is sucess load to return 0 at load
[18:42:39] [NewConsole/Info] [Client Run/Thread] [System plug-in unit] The package SystemCmdExtr/Shell is sucess load to return 0 at load
[18:42:39] [NewConsole/Info] [Client Run/Thread] ] * load
[18:42:39] [NewConsole/Info] [Client Run/Thread] load[
[18:42:39] [NewConsole/Info] [Client Run/Thread] [System plug-in unit] The package SystemCmdExtr/Helper is sucess load to return 0 at load
[18:42:39] [NewConsole/Info] [Client Run/Thread] [System plug-in unit] The package SystemCmdExtr/LoadRun is sucess load to return 0 at load
[18:42:39] [NewConsole/Info] [Client Run/Thread] [System plug-in unit] The package extr/cw is sucess load to return 0 at load
[18:42:39] [NewConsole/Info] [Client Run/Thread] ] * load
[18:42:39] [NewConsole/Info] [Client Run/Thread] 启动窗体，加载程序
[18:42:40] [NewConsole/Info] [Client Run/Thread] loading[
[18:42:40] [NewConsole/Info] [Client Run/Thread] [System plug-in unit] The package extr/mo is sucess load to return 0 at loading
[18:42:41] [NewConsole/Info] [Client Run/Thread] [System plug-in unit] The package extr/cmd is sucess load to return 0 at getcmd
[18:42:41] [NewConsole/Info] [Client Run/Thread] [System plug-in unit] The package extr/cw is sucess load to return 0 at getcmd
[18:42:41] [NewConsole/Info] [Client Run/Thread] [System plug-in unit] The package extr/client/HPC is sucess load to return 0 at getcmd
[18:42:41] [NewConsole/Info] [Client Run/Thread] [System plug-in unit] The package extr/server/SPC is sucess load to return 0 at getcmd
[18:42:41] [NewConsole/Info] [Client Run/Thread] [System plug-in unit] The package SystemCmdExtr/Shell is sucess load to return 0 at getcmd
[18:42:41] [NewConsole/Info] [Client Run/Thread] [System plug-in unit] The package extr/cmd is sucess load to return 0 at runload
[18:42:41] [NewConsole/Info] [Client Run/Thread] [System plug-in unit] The package extr/sr is sucess load to return 0 at loading
[18:42:41] [NewConsole/Info] [Client Run/Thread] [System plug-in unit] The package extr/cmd is sucess load to return 0 at loading
[18:42:41] [NewConsole/Info] [Client Run/Thread] [System plug-in unit] The package extr/cw is sucess load to return 0 at loading
[18:42:41] [NewConsole/Info] [Client Run/Thread] [System plug-in unit] The package extr/client/HPC is sucess load to return 0 at loading
[18:42:41] [NewConsole/Info] [Client Run/Thread] [System plug-in unit] The package extr/server/SPC is sucess load to return 0 at loading
[18:42:41] [NewConsole/Info] [Client Run/Thread] [System plug-in unit] The package SystemCmdExtr/Shell is sucess load to return 0 at loading
[18:42:41] [NewConsole/Info] [Client Run/Thread] ] * loading

[18:43:26] [NewConsole/Info] [Client Run/Thread] 加载启动
[18:43:26] [NewConsole/Info] [Client Run/Thread] [Memory] 成功创建分配
[18:43:26] [NewConsole/Warn] [Client Run/Thread] [Menory] About creat memory
name LoadSmPro
Bytes(MB) 1024
[18:43:26] [NewConsole/Info] [Client Run/Thread] [Memory] 正在解析数据...请稍后
[18:43:27] [NewConsole/Info] [Client Run/Thread] [LC] 标签解析完毕，正在传递给内存中...
[18:43:27] [NewConsole/Info] [Client Run/Thread] 成功
[18:43:30] [NewConsole/Warn] [Client Run/Thread] 创建From大小为 x:800 y:600
[18:43:30] [NewConsole/Warn] [Client Run/Thread] 使用这个语言在加载时或完毕时 zh-cn
[18:43:30] [NewConsole/Warn] [Client Run/Thread] 是否放大在加载窗体True
[18:43:30] [NewConsole/Warn] [Client Run/Thread]  [MakeArg] path mo to extr/mo
[18:43:30] [NewConsole/Warn] [Client Run/Thread]  [MakeArg] path sr to extr/sr
[18:43:30] [NewConsole/Warn] [Client Run/Thread]  [MakeArg] path cmd to extr/cmd
[18:43:30] [NewConsole/Warn] [Client Run/Thread]  [MakeArg] path cw to extr/cw
[18:43:30] [NewConsole/Warn] [Client Run/Thread]  [MakeArg] path client/HPC to extr/client/HPC
[18:43:30] [NewConsole/Warn] [Client Run/Thread]  [MakeArg] path server/SPC to extr/server/SPC
[18:43:30] [NewConsole/Warn] [Client Run/Thread]  [MakeArg] path cw to extr/cw
[18:43:31] [NewConsole/Info] [Client Run/Thread] load[
[18:43:31] [NewConsole/Info] [Client Run/Thread] [System plug-in unit] The package extr/mo is sucess load to return 0 at load
[18:43:31] [NewConsole/Info] [Client Run/Thread] [System plug-in unit] The package extr/sr is sucess load to return 0 at load
[18:43:31] [NewConsole/Info] [Client Run/Thread] [System plug-in unit] The package extr/cmd is sucess load to return 0 at load
[18:43:31] [NewConsole/Info] [Client Run/Thread] [System plug-in unit] The package extr/cw is sucess load to return 0 at load
[18:43:31] [NewConsole/Info] [Client Run/Thread] [System plug-in unit] The package extr/client/HPC is sucess load to return 0 at load
[18:43:31] [NewConsole/Info] [Client Run/Thread] [System plug-in unit] The package extr/server/SPC is sucess load to return 0 at load
[18:43:31] [NewConsole/Info] [Client Run/Thread] [System plug-in unit] The package SystemCmdExtr/Shell is sucess load to return 0 at load
[18:43:31] [NewConsole/Info] [Client Run/Thread] ] * load
[18:43:31] [NewConsole/Info] [Client Run/Thread] load[
[18:43:31] [NewConsole/Info] [Client Run/Thread] [System plug-in unit] The package SystemCmdExtr/Helper is sucess load to return 0 at load
[18:43:31] [NewConsole/Info] [Client Run/Thread] [System plug-in unit] The package SystemCmdExtr/LoadRun is sucess load to return 0 at load
[18:43:31] [NewConsole/Info] [Client Run/Thread] [System plug-in unit] The package extr/cw is sucess load to return 0 at load
[18:43:31] [NewConsole/Info] [Client Run/Thread] ] * load
[18:43:31] [NewConsole/Info] [Client Run/Thread] 启动窗体，加载程序
[18:43:32] [NewConsole/Info] [Client Run/Thread] loading[
[18:43:32] [NewConsole/Info] [Client Run/Thread] [System plug-in unit] The package extr/mo is sucess load to return 0 at loading
[18:43:32] [NewConsole/Info] [Client Run/Thread] [System plug-in unit] The package extr/cmd is sucess load to return 0 at getcmd
[18:43:32] [NewConsole/Info] [Client Run/Thread] [System plug-in unit] The package extr/cw is sucess load to return 0 at getcmd
[18:43:32] [NewConsole/Info] [Client Run/Thread] [System plug-in unit] The package extr/client/HPC is sucess load to return 0 at getcmd
[18:43:32] [NewConsole/Info] [Client Run/Thread] [System plug-in unit] The package extr/server/SPC is sucess load to return 0 at getcmd
[18:43:32] [NewConsole/Info] [Client Run/Thread] [System plug-in unit] The package SystemCmdExtr/Shell is sucess load to return 0 at getcmd
[18:43:32] [NewConsole/Info] [Client Run/Thread] [System plug-in unit] The package extr/cmd is sucess load to return 0 at runload
[18:43:32] [NewConsole/Info] [Client Run/Thread] [System plug-in unit] The package extr/sr is sucess load to return 0 at loading
[18:43:32] [NewConsole/Info] [Client Run/Thread] [System plug-in unit] The package extr/cmd is sucess load to return 0 at loading
[18:43:32] [NewConsole/Info] [Client Run/Thread] [System plug-in unit] The package extr/cw is sucess load to return 0 at loading
[18:43:32] [NewConsole/Info] [Client Run/Thread] [System plug-in unit] The package extr/client/HPC is sucess load to return 0 at loading
[18:43:32] [NewConsole/Info] [Client Run/Thread] [System plug-in unit] The package extr/server/SPC is sucess load to return 0 at loading
[18:43:32] [NewConsole/Info] [Client Run/Thread] [System plug-in unit] The package SystemCmdExtr/Shell is sucess load to return 0 at loading
[18:43:32] [NewConsole/Info] [Client Run/Thread] ] * loading

[18:44:42] [NewConsole/Info] [Client Run/Thread] 加载启动
[18:44:42] [NewConsole/Info] [Client Run/Thread] [Memory] 成功创建分配
[18:44:42] [NewConsole/Warn] [Client Run/Thread] [Menory] About creat memory
name LoadSmPro
Bytes(MB) 1024
[18:44:42] [NewConsole/Info] [Client Run/Thread] [Memory] 正在解析数据...请稍后
[18:44:42] [NewConsole/Info] [Client Run/Thread] [LC] 标签解析完毕，正在传递给内存中...
[18:44:42] [NewConsole/Info] [Client Run/Thread] 成功
[18:44:45] [NewConsole/Warn] [Client Run/Thread] 创建From大小为 x:800 y:600
[18:44:45] [NewConsole/Warn] [Client Run/Thread] 使用这个语言在加载时或完毕时 zh-cn
[18:44:45] [NewConsole/Warn] [Client Run/Thread] 是否放大在加载窗体True
[18:44:45] [NewConsole/Warn] [Client Run/Thread]  [MakeArg] path mo to extr/mo
[18:44:45] [NewConsole/Warn] [Client Run/Thread]  [MakeArg] path sr to extr/sr
[18:44:45] [NewConsole/Warn] [Client Run/Thread]  [MakeArg] path cmd to extr/cmd
[18:44:45] [NewConsole/Warn] [Client Run/Thread]  [MakeArg] path cw to extr/cw
[18:44:45] [NewConsole/Warn] [Client Run/Thread]  [MakeArg] path client/HPC to extr/client/HPC
[18:44:45] [NewConsole/Warn] [Client Run/Thread]  [MakeArg] path server/SPC to extr/server/SPC
[18:44:45] [NewConsole/Warn] [Client Run/Thread]  [MakeArg] path cw to extr/cw
[18:44:46] [NewConsole/Info] [Client Run/Thread] load[
[18:44:46] [NewConsole/Info] [Client Run/Thread] [System plug-in unit] The package extr/mo is sucess load to return 0 at load
[18:44:46] [NewConsole/Info] [Client Run/Thread] [System plug-in unit] The package extr/sr is sucess load to return 0 at load
[18:44:46] [NewConsole/Info] [Client Run/Thread] [System plug-in unit] The package extr/cmd is sucess load to return 0 at load
[18:44:46] [NewConsole/Info] [Client Run/Thread] [System plug-in unit] The package extr/cw is sucess load to return 0 at load
[18:44:46] [NewConsole/Info] [Client Run/Thread] [System plug-in unit] The package extr/client/HPC is sucess load to return 0 at load
[18:44:46] [NewConsole/Info] [Client Run/Thread] [System plug-in unit] The package extr/server/SPC is sucess load to return 0 at load
[18:44:47] [NewConsole/Info] [Client Run/Thread] [System plug-in unit] The package SystemCmdExtr/Shell is sucess load to return 0 at load
[18:44:47] [NewConsole/Info] [Client Run/Thread] ] * load
[18:44:47] [NewConsole/Info] [Client Run/Thread] load[
[18:44:47] [NewConsole/Info] [Client Run/Thread] [System plug-in unit] The package SystemCmdExtr/Helper is sucess load to return 0 at load
[18:44:47] [NewConsole/Info] [Client Run/Thread] [System plug-in unit] The package SystemCmdExtr/LoadRun is sucess load to return 0 at load
[18:44:47] [NewConsole/Info] [Client Run/Thread] [System plug-in unit] The package extr/cw is sucess load to return 0 at load
[18:44:47] [NewConsole/Info] [Client Run/Thread] ] * load
[18:44:47] [NewConsole/Info] [Client Run/Thread] 启动窗体，加载程序
[18:44:47] [NewConsole/Info] [Client Run/Thread] loading[
[18:44:47] [NewConsole/Info] [Client Run/Thread] [System plug-in unit] The package extr/mo is sucess load to return 0 at loading
[18:44:47] [NewConsole/Info] [Client Run/Thread] [System plug-in unit] The package extr/cmd is sucess load to return 0 at getcmd
[18:44:47] [NewConsole/Info] [Client Run/Thread] [System plug-in unit] The package extr/cw is sucess load to return 0 at getcmd
[18:44:47] [NewConsole/Info] [Client Run/Thread] [System plug-in unit] The package extr/client/HPC is sucess load to return 0 at getcmd
[18:44:47] [NewConsole/Info] [Client Run/Thread] [System plug-in unit] The package extr/server/SPC is sucess load to return 0 at getcmd
[18:44:47] [NewConsole/Info] [Client Run/Thread] [System plug-in unit] The package SystemCmdExtr/Shell is sucess load to return 0 at getcmd
[18:44:47] [NewConsole/Info] [Client Run/Thread] [System plug-in unit] The package extr/cmd is sucess load to return 0 at runload
[18:44:47] [NewConsole/Info] [Client Run/Thread] [System plug-in unit] The package extr/sr is sucess load to return 0 at loading
[18:44:47] [NewConsole/Info] [Client Run/Thread] [System plug-in unit] The package extr/cmd is sucess load to return 0 at loading
[18:44:47] [NewConsole/Info] [Client Run/Thread] [System plug-in unit] The package extr/cw is sucess load to return 0 at loading
[18:44:47] [NewConsole/Info] [Client Run/Thread] [System plug-in unit] The package extr/client/HPC is sucess load to return 0 at loading
[18:44:47] [NewConsole/Info] [Client Run/Thread] [System plug-in unit] The package extr/server/SPC is sucess load to return 0 at loading
[18:44:47] [NewConsole/Info] [Client Run/Thread] [System plug-in unit] The package SystemCmdExtr/Shell is sucess load to return 0 at loading
[18:44:47] [NewConsole/Info] [Client Run/Thread] ] * loading

[18:46:36] [NewConsole/Info] [Client Run/Thread] 加载启动
[18:46:37] [NewConsole/Info] [Client Run/Thread] [Memory] 成功创建分配
[18:46:37] [NewConsole/Warn] [Client Run/Thread] [Menory] About creat memory
name LoadSmPro
Bytes(MB) 1024
[18:46:37] [NewConsole/Info] [Client Run/Thread] [Memory] 正在解析数据...请稍后
[18:46:37] [NewConsole/Info] [Client Run/Thread] [LC] 标签解析完毕，正在传递给内存中...
[18:46:37] [NewConsole/Info] [Client Run/Thread] 成功
[18:46:40] [NewConsole/Warn] [Client Run/Thread] 创建From大小为 x:800 y:600
[18:46:40] [NewConsole/Warn] [Client Run/Thread] 使用这个语言在加载时或完毕时 zh-cn
[18:46:40] [NewConsole/Warn] [Client Run/Thread] 是否放大在加载窗体True
[18:46:40] [NewConsole/Warn] [Client Run/Thread]  [MakeArg] path mo to extr/mo
[18:46:40] [NewConsole/Warn] [Client Run/Thread]  [MakeArg] path sr to extr/sr
[18:46:40] [NewConsole/Warn] [Client Run/Thread]  [MakeArg] path cmd to extr/cmd
[18:46:40] [NewConsole/Warn] [Client Run/Thread]  [MakeArg] path cw to extr/cw
[18:46:40] [NewConsole/Warn] [Client Run/Thread]  [MakeArg] path client/HPC to extr/client/HPC
[18:46:40] [NewConsole/Warn] [Client Run/Thread]  [MakeArg] path server/SPC to extr/server/SPC
[18:46:40] [NewConsole/Warn] [Client Run/Thread]  [MakeArg] path cw to extr/cw
[18:46:41] [NewConsole/Info] [Client Run/Thread] load[
[18:46:41] [NewConsole/Info] [Client Run/Thread] [System plug-in unit] The package extr/mo is sucess load to return 0 at load
[18:46:41] [NewConsole/Info] [Client Run/Thread] [System plug-in unit] The package extr/sr is sucess load to return 0 at load
[18:46:41] [NewConsole/Info] [Client Run/Thread] [System plug-in unit] The package extr/cmd is sucess load to return 0 at load
[18:46:41] [NewConsole/Info] [Client Run/Thread] [System plug-in unit] The package extr/cw is sucess load to return 0 at load
[18:46:41] [NewConsole/Info] [Client Run/Thread] [System plug-in unit] The package extr/client/HPC is sucess load to return 0 at load
[18:46:41] [NewConsole/Info] [Client Run/Thread] [System plug-in unit] The package extr/server/SPC is sucess load to return 0 at load
[18:46:41] [NewConsole/Info] [Client Run/Thread] [System plug-in unit] The package SystemCmdExtr/Shell is sucess load to return 0 at load
[18:46:41] [NewConsole/Info] [Client Run/Thread] ] * load
[18:46:41] [NewConsole/Info] [Client Run/Thread] load[
[18:46:41] [NewConsole/Info] [Client Run/Thread] [System plug-in unit] The package SystemCmdExtr/Helper is sucess load to return 0 at load
[18:46:41] [NewConsole/Info] [Client Run/Thread] [System plug-in unit] The package SystemCmdExtr/LoadRun is sucess load to return 0 at load
[18:46:41] [NewConsole/Info] [Client Run/Thread] [System plug-in unit] The package extr/cw is sucess load to return 0 at load
[18:46:41] [NewConsole/Info] [Client Run/Thread] ] * load
[18:46:41] [NewConsole/Info] [Client Run/Thread] 启动窗体，加载程序
[18:46:42] [NewConsole/Info] [Client Run/Thread] loading[
[18:46:42] [NewConsole/Info] [Client Run/Thread] [System plug-in unit] The package extr/mo is sucess load to return 0 at loading
[18:46:42] [NewConsole/Info] [Client Run/Thread] [System plug-in unit] The package extr/cmd is sucess load to return 0 at getcmd
[18:46:42] [NewConsole/Info] [Client Run/Thread] [System plug-in unit] The package extr/cw is sucess load to return 0 at getcmd
[18:46:42] [NewConsole/Info] [Client Run/Thread] [System plug-in unit] The package extr/client/HPC is sucess load to return 0 at getcmd
[18:46:42] [NewConsole/Info] [Client Run/Thread] [System plug-in unit] The package extr/server/SPC is sucess load to return 0 at getcmd
[18:46:42] [NewConsole/Info] [Client Run/Thread] [System plug-in unit] The package SystemCmdExtr/Shell is sucess load to return 0 at getcmd
[18:46:42] [NewConsole/Info] [Client Run/Thread] [System plug-in unit] The package extr/cmd is sucess load to return 0 at runload
[18:46:42] [NewConsole/Info] [Client Run/Thread] [System plug-in unit] The package extr/sr is sucess load to return 0 at loading
[18:46:42] [NewConsole/Info] [Client Run/Thread] [System plug-in unit] The package extr/cmd is sucess load to return 0 at loading
[18:46:42] [NewConsole/Info] [Client Run/Thread] [System plug-in unit] The package extr/cw is sucess load to return 0 at loading
[18:46:42] [NewConsole/Info] [Client Run/Thread] [System plug-in unit] The package extr/client/HPC is sucess load to return 0 at loading
[18:46:42] [NewConsole/Info] [Client Run/Thread] [System plug-in unit] The package extr/server/SPC is sucess load to return 0 at loading
[18:46:42] [NewConsole/Info] [Client Run/Thread] [System plug-in unit] The package SystemCmdExtr/Shell is sucess load to return 0 at loading
[18:46:42] [NewConsole/Info] [Client Run/Thread] ] * loading

[18:48:14] [NewConsole/Info] [Client Run/Thread] 加载启动
[18:48:14] [NewConsole/Info] [Client Run/Thread] [Memory] 成功创建分配
[18:48:14] [NewConsole/Warn] [Client Run/Thread] [Menory] About creat memory
name LoadSmPro
Bytes(MB) 1024
[18:48:14] [NewConsole/Info] [Client Run/Thread] [Memory] 正在解析数据...请稍后
[18:48:14] [NewConsole/Info] [Client Run/Thread] [LC] 标签解析完毕，正在传递给内存中...
[18:48:14] [NewConsole/Info] [Client Run/Thread] 成功
[18:48:18] [NewConsole/Warn] [Client Run/Thread] 创建From大小为 x:800 y:600
[18:48:18] [NewConsole/Warn] [Client Run/Thread] 使用这个语言在加载时或完毕时 zh-cn
[18:48:18] [NewConsole/Warn] [Client Run/Thread] 是否放大在加载窗体True
[18:48:18] [NewConsole/Warn] [Client Run/Thread]  [MakeArg] path mo to extr/mo
[18:48:18] [NewConsole/Warn] [Client Run/Thread]  [MakeArg] path sr to extr/sr
[18:48:18] [NewConsole/Warn] [Client Run/Thread]  [MakeArg] path cmd to extr/cmd
[18:48:18] [NewConsole/Warn] [Client Run/Thread]  [MakeArg] path cw to extr/cw
[18:48:18] [NewConsole/Warn] [Client Run/Thread]  [MakeArg] path client/HPC to extr/client/HPC
[18:48:18] [NewConsole/Warn] [Client Run/Thread]  [MakeArg] path server/SPC to extr/server/SPC
[18:48:18] [NewConsole/Warn] [Client Run/Thread]  [MakeArg] path cw to extr/cw
[18:48:19] [NewConsole/Info] [Client Run/Thread] load[
[18:48:19] [NewConsole/Info] [Client Run/Thread] [System plug-in unit] The package extr/mo is sucess load to return 0 at load
[18:48:19] [NewConsole/Info] [Client Run/Thread] [System plug-in unit] The package extr/sr is sucess load to return 0 at load
[18:48:19] [NewConsole/Info] [Client Run/Thread] [System plug-in unit] The package extr/cmd is sucess load to return 0 at load
[18:48:19] [NewConsole/Info] [Client Run/Thread] [System plug-in unit] The package extr/cw is sucess load to return 0 at load
[18:48:19] [NewConsole/Info] [Client Run/Thread] [System plug-in unit] The package extr/client/HPC is sucess load to return 0 at load
[18:48:19] [NewConsole/Info] [Client Run/Thread] [System plug-in unit] The package extr/server/SPC is sucess load to return 0 at load
[18:48:19] [NewConsole/Info] [Client Run/Thread] [System plug-in unit] The package SystemCmdExtr/Shell is sucess load to return 0 at load
[18:48:19] [NewConsole/Info] [Client Run/Thread] ] * load
[18:48:19] [NewConsole/Info] [Client Run/Thread] load[
[18:48:19] [NewConsole/Info] [Client Run/Thread] [System plug-in unit] The package SystemCmdExtr/Helper is sucess load to return 0 at load
[18:48:19] [NewConsole/Info] [Client Run/Thread] [System plug-in unit] The package SystemCmdExtr/LoadRun is sucess load to return 0 at load
[18:48:19] [NewConsole/Info] [Client Run/Thread] [System plug-in unit] The package extr/cw is sucess load to return 0 at load
[18:48:19] [NewConsole/Info] [Client Run/Thread] ] * load
[18:48:19] [NewConsole/Info] [Client Run/Thread] 启动窗体，加载程序
[18:48:19] [NewConsole/Info] [Client Run/Thread] loading[
[18:48:19] [NewConsole/Info] [Client Run/Thread] [System plug-in unit] The package extr/mo is sucess load to return 0 at loading
[18:48:20] [NewConsole/Info] [Client Run/Thread] [System plug-in unit] The package extr/cmd is sucess load to return 0 at getcmd
[18:48:20] [NewConsole/Info] [Client Run/Thread] [System plug-in unit] The package extr/cw is sucess load to return 0 at getcmd
[18:48:20] [NewConsole/Info] [Client Run/Thread] [System plug-in unit] The package extr/client/HPC is sucess load to return 0 at getcmd
[18:48:20] [NewConsole/Info] [Client Run/Thread] [System plug-in unit] The package extr/server/SPC is sucess load to return 0 at getcmd
[18:48:20] [NewConsole/Info] [Client Run/Thread] [System plug-in unit] The package SystemCmdExtr/Shell is sucess load to return 0 at getcmd
[18:48:20] [NewConsole/Info] [Client Run/Thread] [System plug-in unit] The package extr/cmd is sucess load to return 0 at runload
[18:48:20] [NewConsole/Info] [Client Run/Thread] [System plug-in unit] The package extr/sr is sucess load to return 0 at loading
[18:48:20] [NewConsole/Info] [Client Run/Thread] [System plug-in unit] The package extr/cmd is sucess load to return 0 at loading
[18:48:20] [NewConsole/Info] [Client Run/Thread] [System plug-in unit] The package extr/cw is sucess load to return 0 at loading
[18:48:20] [NewConsole/Info] [Client Run/Thread] [System plug-in unit] The package extr/client/HPC is sucess load to return 0 at loading
[18:48:20] [NewConsole/Info] [Client Run/Thread] [System plug-in unit] The package extr/server/SPC is sucess load to return 0 at loading
[18:48:20] [NewConsole/Info] [Client Run/Thread] [System plug-in unit] The package SystemCmdExtr/Shell is sucess load to return 0 at loading
[18:48:20] [NewConsole/Info] [Client Run/Thread] ] * loading

[18:49:6] [NewConsole/Info] [Client Run/Thread] 加载启动
[18:49:6] [NewConsole/Info] [Client Run/Thread] [Memory] 成功创建分配
[18:49:6] [NewConsole/Warn] [Client Run/Thread] [Menory] About creat memory
name LoadSmPro
Bytes(MB) 1024
[18:49:6] [NewConsole/Info] [Client Run/Thread] [Memory] 正在解析数据...请稍后
[18:49:6] [NewConsole/Info] [Client Run/Thread] [LC] 标签解析完毕，正在传递给内存中...
[18:49:6] [NewConsole/Info] [Client Run/Thread] 成功
[18:49:10] [NewConsole/Warn] [Client Run/Thread] 创建From大小为 x:800 y:600
[18:49:10] [NewConsole/Warn] [Client Run/Thread] 使用这个语言在加载时或完毕时 zh-cn
[18:49:10] [NewConsole/Warn] [Client Run/Thread] 是否放大在加载窗体True
[18:49:10] [NewConsole/Warn] [Client Run/Thread]  [MakeArg] path mo to extr/mo
[18:49:10] [NewConsole/Warn] [Client Run/Thread]  [MakeArg] path sr to extr/sr
[18:49:10] [NewConsole/Warn] [Client Run/Thread]  [MakeArg] path cmd to extr/cmd
[18:49:10] [NewConsole/Warn] [Client Run/Thread]  [MakeArg] path cw to extr/cw
[18:49:10] [NewConsole/Warn] [Client Run/Thread]  [MakeArg] path client/HPC to extr/client/HPC
[18:49:10] [NewConsole/Warn] [Client Run/Thread]  [MakeArg] path server/SPC to extr/server/SPC
[18:49:10] [NewConsole/Warn] [Client Run/Thread]  [MakeArg] path cw to extr/cw
[18:49:11] [NewConsole/Info] [Client Run/Thread] load[
[18:49:11] [NewConsole/Info] [Client Run/Thread] [System plug-in unit] The package extr/mo is sucess load to return 0 at load
[18:49:11] [NewConsole/Info] [Client Run/Thread] [System plug-in unit] The package extr/sr is sucess load to return 0 at load
[18:49:11] [NewConsole/Info] [Client Run/Thread] [System plug-in unit] The package extr/cmd is sucess load to return 0 at load
[18:49:11] [NewConsole/Info] [Client Run/Thread] [System plug-in unit] The package extr/cw is sucess load to return 0 at load
[18:49:11] [NewConsole/Info] [Client Run/Thread] [System plug-in unit] The package extr/client/HPC is sucess load to return 0 at load
[18:49:11] [NewConsole/Info] [Client Run/Thread] [System plug-in unit] The package extr/server/SPC is sucess load to return 0 at load
[18:49:11] [NewConsole/Info] [Client Run/Thread] [System plug-in unit] The package SystemCmdExtr/Shell is sucess load to return 0 at load
[18:49:11] [NewConsole/Info] [Client Run/Thread] ] * load
[18:49:11] [NewConsole/Info] [Client Run/Thread] load[
[18:49:11] [NewConsole/Info] [Client Run/Thread] [System plug-in unit] The package SystemCmdExtr/Helper is sucess load to return 0 at load
[18:49:11] [NewConsole/Info] [Client Run/Thread] [System plug-in unit] The package SystemCmdExtr/LoadRun is sucess load to return 0 at load
[18:49:11] [NewConsole/Info] [Client Run/Thread] [System plug-in unit] The package extr/cw is sucess load to return 0 at load
[18:49:11] [NewConsole/Info] [Client Run/Thread] ] * load
[18:49:11] [NewConsole/Info] [Client Run/Thread] 启动窗体，加载程序
[18:49:12] [NewConsole/Info] [Client Run/Thread] loading[
[18:49:12] [NewConsole/Info] [Client Run/Thread] [System plug-in unit] The package extr/mo is sucess load to return 0 at loading
[18:49:12] [NewConsole/Info] [Client Run/Thread] [System plug-in unit] The package extr/cmd is sucess load to return 0 at getcmd
[18:49:12] [NewConsole/Info] [Client Run/Thread] [System plug-in unit] The package extr/cw is sucess load to return 0 at getcmd
[18:49:12] [NewConsole/Info] [Client Run/Thread] [System plug-in unit] The package extr/client/HPC is sucess load to return 0 at getcmd
[18:49:12] [NewConsole/Info] [Client Run/Thread] [System plug-in unit] The package extr/server/SPC is sucess load to return 0 at getcmd
[18:49:12] [NewConsole/Info] [Client Run/Thread] [System plug-in unit] The package SystemCmdExtr/Shell is sucess load to return 0 at getcmd
[18:49:12] [NewConsole/Info] [Client Run/Thread] [System plug-in unit] The package extr/cmd is sucess load to return 0 at runload
[18:49:12] [NewConsole/Info] [Client Run/Thread] [System plug-in unit] The package extr/sr is sucess load to return 0 at loading
[18:49:12] [NewConsole/Info] [Client Run/Thread] [System plug-in unit] The package extr/cmd is sucess load to return 0 at loading
[18:49:12] [NewConsole/Info] [Client Run/Thread] [System plug-in unit] The package extr/cw is sucess load to return 0 at loading
[18:49:12] [NewConsole/Info] [Client Run/Thread] [System plug-in unit] The package extr/client/HPC is sucess load to return 0 at loading
[18:49:12] [NewConsole/Info] [Client Run/Thread] [System plug-in unit] The package extr/server/SPC is sucess load to return 0 at loading
[18:49:12] [NewConsole/Info] [Client Run/Thread] [System plug-in unit] The package SystemCmdExtr/Shell is sucess load to return 0 at loading
[18:49:12] [NewConsole/Info] [Client Run/Thread] ] * loading



[18:49:52] [NewConsole/Info] [/Thread] [System plug-in unit] The package extr/cmd is sucess load to return 0 at run




[18:52:9] [NewConsole/Info] [Client Run/Thread] 加载启动
[18:52:9] [NewConsole/Info] [Client Run/Thread] [Memory] 成功创建分配
[18:52:9] [NewConsole/Warn] [Client Run/Thread] [Menory] About creat memory
name LoadSmPro
Bytes(MB) 1024
[18:52:9] [NewConsole/Info] [Client Run/Thread] [Memory] 正在解析数据...请稍后
[18:52:9] [NewConsole/Info] [Client Run/Thread] [LC] 标签解析完毕，正在传递给内存中...
[18:52:10] [NewConsole/Info] [Client Run/Thread] 成功
[18:52:13] [NewConsole/Warn] [Client Run/Thread] 创建From大小为 x:800 y:600
[18:52:13] [NewConsole/Warn] [Client Run/Thread] 使用这个语言在加载时或完毕时 zh-cn
[18:52:13] [NewConsole/Warn] [Client Run/Thread] 是否放大在加载窗体True
[18:52:13] [NewConsole/Warn] [Client Run/Thread]  [MakeArg] path mo to extr/mo
[18:52:13] [NewConsole/Warn] [Client Run/Thread]  [MakeArg] path sr to extr/sr
[18:52:13] [NewConsole/Warn] [Client Run/Thread]  [MakeArg] path cmd to extr/cmd
[18:52:13] [NewConsole/Warn] [Client Run/Thread]  [MakeArg] path cw to extr/cw
[18:52:13] [NewConsole/Warn] [Client Run/Thread]  [MakeArg] path client/HPC to extr/client/HPC
[18:52:13] [NewConsole/Warn] [Client Run/Thread]  [MakeArg] path server/SPC to extr/server/SPC
[18:52:13] [NewConsole/Warn] [Client Run/Thread]  [MakeArg] path cw to extr/cw
[18:52:14] [NewConsole/Info] [Client Run/Thread] load[
[18:52:14] [NewConsole/Info] [Client Run/Thread] [System plug-in unit] The package extr/mo is sucess load to return 0 at load
[18:52:14] [NewConsole/Info] [Client Run/Thread] [System plug-in unit] The package extr/sr is sucess load to return 0 at load
[18:52:14] [NewConsole/Info] [Client Run/Thread] [System plug-in unit] The package extr/cmd is sucess load to return 0 at load
[18:52:14] [NewConsole/Info] [Client Run/Thread] [System plug-in unit] The package extr/cw is sucess load to return 0 at load
[18:52:14] [NewConsole/Info] [Client Run/Thread] [System plug-in unit] The package extr/client/HPC is sucess load to return 0 at load
[18:52:14] [NewConsole/Info] [Client Run/Thread] [System plug-in unit] The package extr/server/SPC is sucess load to return 0 at load
[18:52:14] [NewConsole/Info] [Client Run/Thread] [System plug-in unit] The package SystemCmdExtr/Shell is sucess load to return 0 at load
[18:52:14] [NewConsole/Info] [Client Run/Thread] ] * load
[18:52:14] [NewConsole/Info] [Client Run/Thread] load[
[18:52:14] [NewConsole/Info] [Client Run/Thread] [System plug-in unit] The package SystemCmdExtr/Helper is sucess load to return 0 at load
[18:52:14] [NewConsole/Info] [Client Run/Thread] [System plug-in unit] The package SystemCmdExtr/LoadRun is sucess load to return 0 at load
[18:52:14] [NewConsole/Info] [Client Run/Thread] [System plug-in unit] The package extr/cw is sucess load to return 0 at load
[18:52:14] [NewConsole/Info] [Client Run/Thread] ] * load
[18:52:14] [NewConsole/Info] [Client Run/Thread] 启动窗体，加载程序
[18:52:15] [NewConsole/Info] [Client Run/Thread] loading[
[18:52:15] [NewConsole/Info] [Client Run/Thread] [System plug-in unit] The package extr/mo is sucess load to return 0 at loading
[18:52:15] [NewConsole/Info] [Client Run/Thread] [System plug-in unit] The package extr/cmd is sucess load to return 0 at getcmd
[18:52:15] [NewConsole/Info] [Client Run/Thread] [System plug-in unit] The package extr/cw is sucess load to return 0 at getcmd
[18:52:15] [NewConsole/Info] [Client Run/Thread] [System plug-in unit] The package extr/client/HPC is sucess load to return 0 at getcmd
[18:52:15] [NewConsole/Info] [Client Run/Thread] [System plug-in unit] The package extr/server/SPC is sucess load to return 0 at getcmd
[18:52:15] [NewConsole/Info] [Client Run/Thread] [System plug-in unit] The package SystemCmdExtr/Shell is sucess load to return 0 at getcmd
[18:52:15] [NewConsole/Info] [Client Run/Thread] [System plug-in unit] The package extr/cmd is sucess load to return 0 at runload
[18:52:15] [NewConsole/Info] [Client Run/Thread] [System plug-in unit] The package extr/sr is sucess load to return 0 at loading
[18:52:15] [NewConsole/Info] [Client Run/Thread] [System plug-in unit] The package extr/cmd is sucess load to return 0 at loading
[18:52:15] [NewConsole/Info] [Client Run/Thread] [System plug-in unit] The package extr/cw is sucess load to return 0 at loading
[18:52:15] [NewConsole/Info] [Client Run/Thread] [System plug-in unit] The package extr/client/HPC is sucess load to return 0 at loading
[18:52:15] [NewConsole/Info] [Client Run/Thread] [System plug-in unit] The package extr/server/SPC is sucess load to return 0 at loading
[18:52:15] [NewConsole/Info] [Client Run/Thread] [System plug-in unit] The package SystemCmdExtr/Shell is sucess load to return 0 at loading
[18:52:15] [NewConsole/Info] [Client Run/Thread] ] * loading

[18:52:25] [NewConsole/Info] [/Thread] [System plug-in unit] The package extr/cmd is sucess load to return 0 at run




[18:53:20] [NewConsole/Info] [Main Window System/Thread] close[
[18:53:20] [NewConsole/Info] [Main Window System/Thread] [System plug-in unit] The package extr/mo is sucess load to return 0 at close
[18:53:20] [NewConsole/Info] [Main Window System/Thread] [System plug-in unit] The package extr/sr is sucess load to return 0 at close
[18:53:20] [NewConsole/Info] [Main Window System/Thread] [System plug-in unit] The package extr/cmd is sucess load to return 0 at close
[18:53:20] [NewConsole/Info] [Main Window System/Thread] [System plug-in unit] The package extr/cw is sucess load to return 0 at close
[18:53:20] [NewConsole/Info] [Main Window System/Thread] [System plug-in unit] The package extr/client/HPC is sucess load to return 0 at close
[18:53:20] [NewConsole/Info] [Main Window System/Thread] [System plug-in unit] The package extr/server/SPC is sucess load to return 0 at close
[18:53:20] [NewConsole/Info] [Main Window System/Thread] [System plug-in unit] The package SystemCmdExtr/Shell is sucess load to return 0 at close
[18:53:20] [NewConsole/Info] [Main Window System/Thread] ] * close

[18:55:32] [NewConsole/Info] [Client Run/Thread] 加载启动
[18:55:32] [NewConsole/Info] [Client Run/Thread] [Memory] 成功创建分配
[18:55:32] [NewConsole/Warn] [Client Run/Thread] [Menory] About creat memory
name LoadSmPro
Bytes(MB) 1024
[18:55:32] [NewConsole/Info] [Client Run/Thread] [Memory] 正在解析数据...请稍后
[18:55:32] [NewConsole/Info] [Client Run/Thread] [LC] 标签解析完毕，正在传递给内存中...
[18:55:33] [NewConsole/Info] [Client Run/Thread] 成功
[18:55:36] [NewConsole/Warn] [Client Run/Thread] 创建From大小为 x:800 y:600
[18:55:36] [NewConsole/Warn] [Client Run/Thread] 使用这个语言在加载时或完毕时 zh-cn
[18:55:36] [NewConsole/Warn] [Client Run/Thread] 是否放大在加载窗体True
[18:55:36] [NewConsole/Warn] [Client Run/Thread]  [MakeArg] path mo to extr/mo
[18:55:36] [NewConsole/Warn] [Client Run/Thread]  [MakeArg] path sr to extr/sr
[18:55:36] [NewConsole/Warn] [Client Run/Thread]  [MakeArg] path cmd to extr/cmd
[18:55:36] [NewConsole/Warn] [Client Run/Thread]  [MakeArg] path cw to extr/cw
[18:55:36] [NewConsole/Warn] [Client Run/Thread]  [MakeArg] path client/HPC to extr/client/HPC
[18:55:36] [NewConsole/Warn] [Client Run/Thread]  [MakeArg] path server/SPC to extr/server/SPC
[18:55:36] [NewConsole/Warn] [Client Run/Thread]  [MakeArg] path cw to extr/cw
[18:55:37] [NewConsole/Info] [Client Run/Thread] load[
[18:55:37] [NewConsole/Info] [Client Run/Thread] [System plug-in unit] The package extr/mo is sucess load to return 0 at load
[18:55:37] [NewConsole/Info] [Client Run/Thread] [System plug-in unit] The package extr/sr is sucess load to return 0 at load
[18:55:37] [NewConsole/Info] [Client Run/Thread] [System plug-in unit] The package extr/cmd is sucess load to return 0 at load
[18:55:37] [NewConsole/Info] [Client Run/Thread] [System plug-in unit] The package extr/cw is sucess load to return 0 at load
[18:55:37] [NewConsole/Info] [Client Run/Thread] [System plug-in unit] The package extr/client/HPC is sucess load to return 0 at load
[18:55:37] [NewConsole/Info] [Client Run/Thread] [System plug-in unit] The package extr/server/SPC is sucess load to return 0 at load
[18:55:37] [NewConsole/Info] [Client Run/Thread] [System plug-in unit] The package SystemCmdExtr/Shell is sucess load to return 0 at load
[18:55:37] [NewConsole/Info] [Client Run/Thread] ] * load
[18:55:37] [NewConsole/Info] [Client Run/Thread] load[
[18:55:37] [NewConsole/Info] [Client Run/Thread] [System plug-in unit] The package SystemCmdExtr/Helper is sucess load to return 0 at load
[18:55:37] [NewConsole/Info] [Client Run/Thread] [System plug-in unit] The package SystemCmdExtr/LoadRun is sucess load to return 0 at load
[18:55:37] [NewConsole/Info] [Client Run/Thread] [System plug-in unit] The package extr/cw is sucess load to return 0 at load
[18:55:37] [NewConsole/Info] [Client Run/Thread] ] * load
[18:55:37] [NewConsole/Info] [Client Run/Thread] 启动窗体，加载程序
[18:55:38] [NewConsole/Info] [Client Run/Thread] loading[
[18:55:38] [NewConsole/Info] [Client Run/Thread] [System plug-in unit] The package extr/mo is sucess load to return 0 at loading
[18:55:38] [NewConsole/Info] [Client Run/Thread] [System plug-in unit] The package extr/cmd is sucess load to return 0 at getcmd
[18:55:38] [NewConsole/Info] [Client Run/Thread] [System plug-in unit] The package extr/cw is sucess load to return 0 at getcmd
[18:55:38] [NewConsole/Info] [Client Run/Thread] [System plug-in unit] The package extr/client/HPC is sucess load to return 0 at getcmd
[18:55:38] [NewConsole/Info] [Client Run/Thread] [System plug-in unit] The package extr/server/SPC is sucess load to return 0 at getcmd
[18:55:38] [NewConsole/Info] [Client Run/Thread] [System plug-in unit] The package SystemCmdExtr/Shell is sucess load to return 0 at getcmd
[18:55:38] [NewConsole/Info] [Client Run/Thread] [System plug-in unit] The package extr/cmd is sucess load to return 0 at runload
[18:55:38] [NewConsole/Info] [Client Run/Thread] [System plug-in unit] The package extr/sr is sucess load to return 0 at loading
[18:55:38] [NewConsole/Info] [Client Run/Thread] [System plug-in unit] The package extr/cmd is sucess load to return 0 at loading
[18:55:38] [NewConsole/Info] [Client Run/Thread] [System plug-in unit] The package extr/cw is sucess load to return 0 at loading
[18:55:38] [NewConsole/Info] [Client Run/Thread] [System plug-in unit] The package extr/client/HPC is sucess load to return 0 at loading
[18:55:38] [NewConsole/Info] [Client Run/Thread] [System plug-in unit] The package extr/server/SPC is sucess load to return 0 at loading
[18:55:38] [NewConsole/Info] [Client Run/Thread] [System plug-in unit] The package SystemCmdExtr/Shell is sucess load to return 0 at loading
[18:55:38] [NewConsole/Info] [Client Run/Thread] ] * loading

[18:55:47] [NewConsole/Info] [/Thread] [System plug-in unit] The package extr/cmd is sucess load to return 0 at run






[18:57:1] [NewConsole/Info] [Main Window System/Thread] close[
[18:57:1] [NewConsole/Info] [Main Window System/Thread] [System plug-in unit] The package extr/mo is sucess load to return 0 at close
[18:57:1] [NewConsole/Info] [Main Window System/Thread] [System plug-in unit] The package extr/sr is sucess load to return 0 at close
[18:57:1] [NewConsole/Info] [Main Window System/Thread] [System plug-in unit] The package extr/cmd is sucess load to return 0 at close
[18:57:1] [NewConsole/Info] [Main Window System/Thread] [System plug-in unit] The package extr/cw is sucess load to return 0 at close
[18:57:1] [NewConsole/Info] [Main Window System/Thread] [System plug-in unit] The package extr/client/HPC is sucess load to return 0 at close
[18:57:1] [NewConsole/Info] [Main Window System/Thread] [System plug-in unit] The package extr/server/SPC is sucess load to return 0 at close
[18:57:1] [NewConsole/Info] [Main Window System/Thread] [System plug-in unit] The package SystemCmdExtr/Shell is sucess load to return 0 at close
[18:57:1] [NewConsole/Info] [Main Window System/Thread] ] * close

[18:57:40] [NewConsole/Info] [Client Run/Thread] 加载启动
[18:57:41] [NewConsole/Info] [Client Run/Thread] [Memory] 成功创建分配
[18:57:41] [NewConsole/Warn] [Client Run/Thread] [Menory] About creat memory
name LoadSmPro
Bytes(MB) 1024
[18:57:41] [NewConsole/Info] [Client Run/Thread] [Memory] 正在解析数据...请稍后
[18:57:41] [NewConsole/Info] [Client Run/Thread] [LC] 标签解析完毕，正在传递给内存中...
[18:57:41] [NewConsole/Info] [Client Run/Thread] 成功
[18:57:44] [NewConsole/Warn] [Client Run/Thread] 创建From大小为 x:800 y:600
[18:57:44] [NewConsole/Warn] [Client Run/Thread] 使用这个语言在加载时或完毕时 zh-cn
[18:57:44] [NewConsole/Warn] [Client Run/Thread] 是否放大在加载窗体True
[18:57:44] [NewConsole/Warn] [Client Run/Thread]  [MakeArg] path mo to extr/mo
[18:57:44] [NewConsole/Warn] [Client Run/Thread]  [MakeArg] path sr to extr/sr
[18:57:44] [NewConsole/Warn] [Client Run/Thread]  [MakeArg] path cmd to extr/cmd
[18:57:44] [NewConsole/Warn] [Client Run/Thread]  [MakeArg] path cw to extr/cw
[18:57:44] [NewConsole/Warn] [Client Run/Thread]  [MakeArg] path client/HPC to extr/client/HPC
[18:57:44] [NewConsole/Warn] [Client Run/Thread]  [MakeArg] path server/SPC to extr/server/SPC
[18:57:44] [NewConsole/Warn] [Client Run/Thread]  [MakeArg] path cw to extr/cw
[18:57:45] [NewConsole/Info] [Client Run/Thread] load[
[18:57:45] [NewConsole/Info] [Client Run/Thread] [System plug-in unit] The package extr/mo is sucess load to return 0 at load
[18:57:45] [NewConsole/Info] [Client Run/Thread] [System plug-in unit] The package extr/sr is sucess load to return 0 at load
[18:57:45] [NewConsole/Info] [Client Run/Thread] [System plug-in unit] The package extr/cmd is sucess load to return 0 at load
[18:57:45] [NewConsole/Info] [Client Run/Thread] [System plug-in unit] The package extr/cw is sucess load to return 0 at load
[18:57:45] [NewConsole/Info] [Client Run/Thread] [System plug-in unit] The package extr/client/HPC is sucess load to return 0 at load
[18:57:45] [NewConsole/Info] [Client Run/Thread] [System plug-in unit] The package extr/server/SPC is sucess load to return 0 at load
[18:57:45] [NewConsole/Info] [Client Run/Thread] [System plug-in unit] The package SystemCmdExtr/Shell is sucess load to return 0 at load
[18:57:45] [NewConsole/Info] [Client Run/Thread] ] * load
[18:57:45] [NewConsole/Info] [Client Run/Thread] load[
[18:57:45] [NewConsole/Info] [Client Run/Thread] [System plug-in unit] The package SystemCmdExtr/Helper is sucess load to return 0 at load
[18:57:45] [NewConsole/Info] [Client Run/Thread] [System plug-in unit] The package SystemCmdExtr/LoadRun is sucess load to return 0 at load
[18:57:45] [NewConsole/Info] [Client Run/Thread] [System plug-in unit] The package extr/cw is sucess load to return 0 at load
[18:57:45] [NewConsole/Info] [Client Run/Thread] ] * load
[18:57:45] [NewConsole/Info] [Client Run/Thread] 启动窗体，加载程序
[18:57:46] [NewConsole/Info] [Client Run/Thread] loading[
[18:57:46] [NewConsole/Info] [Client Run/Thread] [System plug-in unit] The package extr/mo is sucess load to return 0 at loading
[18:57:46] [NewConsole/Info] [Client Run/Thread] [System plug-in unit] The package extr/cmd is sucess load to return 0 at getcmd
[18:57:46] [NewConsole/Info] [Client Run/Thread] [System plug-in unit] The package extr/cw is sucess load to return 0 at getcmd
[18:57:46] [NewConsole/Info] [Client Run/Thread] [System plug-in unit] The package extr/client/HPC is sucess load to return 0 at getcmd
[18:57:46] [NewConsole/Info] [Client Run/Thread] [System plug-in unit] The package extr/server/SPC is sucess load to return 0 at getcmd
[18:57:46] [NewConsole/Info] [Client Run/Thread] [System plug-in unit] The package SystemCmdExtr/Shell is sucess load to return 0 at getcmd
[18:57:46] [NewConsole/Info] [Client Run/Thread] [System plug-in unit] The package extr/cmd is sucess load to return 0 at runload
[18:57:46] [NewConsole/Info] [Client Run/Thread] [System plug-in unit] The package extr/sr is sucess load to return 0 at loading
[18:57:46] [NewConsole/Info] [Client Run/Thread] [System plug-in unit] The package extr/cmd is sucess load to return 0 at loading
[18:57:46] [NewConsole/Info] [Client Run/Thread] [System plug-in unit] The package extr/cw is sucess load to return 0 at loading
[18:57:46] [NewConsole/Info] [Client Run/Thread] [System plug-in unit] The package extr/client/HPC is sucess load to return 0 at loading
[18:57:46] [NewConsole/Info] [Client Run/Thread] [System plug-in unit] The package extr/server/SPC is sucess load to return 0 at loading
[18:57:46] [NewConsole/Info] [Client Run/Thread] [System plug-in unit] The package SystemCmdExtr/Shell is sucess load to return 0 at loading
[18:57:46] [NewConsole/Info] [Client Run/Thread] ] * loading


[18:58:13] [NewConsole/Info] [/Thread] [System plug-in unit] The package extr/cmd is sucess load to return 0 at run









[19:0:0] [NewConsole/Info] [/Thread] [System plug-in unit] The package extr/cmd is sucess load to return 0 at run
[19:0:2] [NewConsole/Info] [/Thread] close[
[19:0:2] [NewConsole/Info] [/Thread] [System plug-in unit] The package extr/mo is sucess load to return 0 at close
[19:0:2] [NewConsole/Info] [/Thread] [System plug-in unit] The package extr/sr is sucess load to return 0 at close
[19:0:2] [NewConsole/Info] [/Thread] [System plug-in unit] The package extr/cmd is sucess load to return 0 at close
[19:0:2] [NewConsole/Info] [/Thread] [System plug-in unit] The package extr/cw is sucess load to return 0 at close
[19:0:2] [NewConsole/Info] [/Thread] [System plug-in unit] The package extr/client/HPC is sucess load to return 0 at close
[19:0:2] [NewConsole/Info] [/Thread] [System plug-in unit] The package extr/server/SPC is sucess load to return 0 at close
[19:0:2] [NewConsole/Info] [/Thread] [System plug-in unit] The package SystemCmdExtr/Shell is sucess load to return 0 at close
[19:0:2] [NewConsole/Info] [/Thread] ] * close

