#Console Printf about side
#       Code Memory this...
#       WriteTime about (s)55
#
#Endl
[0:6:43] [NewConsole/Info] [Client Run/Thread] 加载启动
[0:6:43] [NewConsole/Info] [Client Run/Thread] [Memory] 成功创建分配
[0:6:43] [NewConsole/Warn] [Client Run/Thread] [Menory] About creat memory
name LoadSmPro
Bytes(MB) 1024
[0:6:43] [NewConsole/Info] [Client Run/Thread] [Memory] 正在解析数据...请稍后
[0:6:43] [NewConsole/Info] [Client Run/Thread] [LC] 标签解析完毕，正在传递给内存中...
[0:6:43] [NewConsole/Info] [Client Run/Thread] 成功
[0:6:47] [NewConsole/Warn] [Client Run/Thread] 创建From大小为 x:800 y:600
[0:6:47] [NewConsole/Warn] [Client Run/Thread] 使用这个语言在加载时或完毕时 zh-cn
[0:6:47] [NewConsole/Warn] [Client Run/Thread] 是否放大在加载窗体True
[0:6:47] [NewConsole/Warn] [Client Run/Thread]  [MakeArg] path mo to extr/mo
[0:6:47] [NewConsole/Warn] [Client Run/Thread]  [MakeArg] path sr to extr/sr
[0:6:47] [NewConsole/Warn] [Client Run/Thread]  [MakeArg] path cmd to extr/cmd
[0:6:47] [NewConsole/Warn] [Client Run/Thread]  [MakeArg] path cw to extr/cw
[0:6:47] [NewConsole/Warn] [Client Run/Thread]  [MakeArg] path client/HPC to extr/client/HPC
[0:6:47] [NewConsole/Warn] [Client Run/Thread]  [MakeArg] path server/SPC to extr/server/SPC
[0:6:47] [NewConsole/Warn] [Client Run/Thread]  [MakeArg] path cw to extr/cw
[0:6:48] [NewConsole/Info] [Client Run/Thread] load[
[0:6:48] [NewConsole/Info] [Client Run/Thread] [System plug-in unit] The package extr/mo is sucess load to return 0 at load
[0:6:48] [NewConsole/Info] [Client Run/Thread] [System plug-in unit] The package extr/sr is sucess load to return 0 at load
[0:6:48] [NewConsole/Info] [Client Run/Thread] [System plug-in unit] The package extr/cmd is sucess load to return 0 at load
[0:6:48] [NewConsole/Info] [Client Run/Thread] [System plug-in unit] The package extr/cw is sucess load to return 0 at load
[0:6:48] [NewConsole/Info] [Client Run/Thread] [System plug-in unit] The package extr/client/HPC is sucess load to return 0 at load
[0:6:48] [NewConsole/Info] [Client Run/Thread] [System plug-in unit] The package extr/server/SPC is sucess load to return 0 at load
[0:6:48] [NewConsole/Info] [Client Run/Thread] [System plug-in unit] The package SystemCmdExtr/Shell is sucess load to return 0 at load
[0:6:48] [NewConsole/Info] [Client Run/Thread] ] * load
[0:6:48] [NewConsole/Info] [Client Run/Thread] load[
[0:6:48] [NewConsole/Info] [Client Run/Thread] [System plug-in unit] The package SystemCmdExtr/Helper is sucess load to return 0 at load
[0:6:48] [NewConsole/Info] [Client Run/Thread] [System plug-in unit] The package SystemCmdExtr/LoadRun is sucess load to return 0 at load
[0:6:48] [NewConsole/Info] [Client Run/Thread] [System plug-in unit] The package extr/cw is sucess load to return 0 at load
[0:6:48] [NewConsole/Info] [Client Run/Thread] ] * load
[0:6:48] [NewConsole/Info] [Client Run/Thread] 启动窗体，加载程序
[0:6:48] [NewConsole/Info] [Client Run/Thread] loading[
[0:6:49] [NewConsole/Info] [Client Run/Thread] [System plug-in unit] The package extr/mo is sucess load to return 0 at loading
[0:6:49] [NewConsole/Info] [Client Run/Thread] [System plug-in unit] The package extr/cmd is sucess load to return 0 at getcmd
[0:6:49] [NewConsole/Info] [Client Run/Thread] [System plug-in unit] The package extr/cw is sucess load to return 0 at getcmd
[0:6:49] [NewConsole/Info] [Client Run/Thread] [System plug-in unit] The package extr/client/HPC is sucess load to return 0 at getcmd
[0:6:49] [NewConsole/Info] [Client Run/Thread] [System plug-in unit] The package extr/server/SPC is sucess load to return 0 at getcmd
[0:6:49] [NewConsole/Info] [Client Run/Thread] [System plug-in unit] The package SystemCmdExtr/Shell is sucess load to return 0 at getcmd
[0:6:49] [NewConsole/Info] [Client Run/Thread] [System plug-in unit] The package extr/cmd is sucess load to return 0 at runload
[0:6:49] [NewConsole/Info] [Client Run/Thread] [System plug-in unit] The package extr/sr is sucess load to return 0 at loading
[0:6:49] [NewConsole/Info] [Client Run/Thread] [System plug-in unit] The package extr/cmd is sucess load to return 0 at loading
[0:6:49] [NewConsole/Info] [Client Run/Thread] [System plug-in unit] The package extr/cw is sucess load to return 0 at loading
[0:6:49] [NewConsole/Info] [Client Run/Thread] [System plug-in unit] The package extr/client/HPC is sucess load to return 0 at loading
[0:6:49] [NewConsole/Info] [Client Run/Thread] [System plug-in unit] The package extr/server/SPC is sucess load to return 0 at loading
[0:6:49] [NewConsole/Info] [Client Run/Thread] [System plug-in unit] The package SystemCmdExtr/Shell is sucess load to return 0 at loading
[0:6:49] [NewConsole/Info] [Client Run/Thread] ] * loading


[0:7:20] [NewConsole/Info] [/Thread] [System plug-in unit] The package extr/cmd is sucess load to return 0 at run


[0:7:45] [NewConsole/Info] [/Thread] [System plug-in unit] The package extr/cmd is sucess load to return 0 at run

[0:17:17] [NewConsole/Info] [Client Run/Thread] 加载启动
[0:17:17] [NewConsole/Info] [Client Run/Thread] [Memory] 成功创建分配
[0:17:17] [NewConsole/Warn] [Client Run/Thread] [Menory] About creat memory
name LoadSmPro
Bytes(MB) 1024
[0:17:17] [NewConsole/Info] [Client Run/Thread] [Memory] 正在解析数据...请稍后
[0:17:17] [NewConsole/Info] [Client Run/Thread] [LC] 标签解析完毕，正在传递给内存中...
[0:17:17] [NewConsole/Info] [Client Run/Thread] 成功
[0:17:21] [NewConsole/Warn] [Client Run/Thread] 创建From大小为 x:800 y:600
[0:17:21] [NewConsole/Warn] [Client Run/Thread] 使用这个语言在加载时或完毕时 zh-cn
[0:17:21] [NewConsole/Warn] [Client Run/Thread] 是否放大在加载窗体True
[0:17:22] [NewConsole/Warn] [Client Run/Thread]  [MakeArg] path mo to extr/mo
[0:17:22] [NewConsole/Warn] [Client Run/Thread]  [MakeArg] path sr to extr/sr
[0:17:22] [NewConsole/Warn] [Client Run/Thread]  [MakeArg] path cmd to extr/cmd
[0:17:22] [NewConsole/Warn] [Client Run/Thread]  [MakeArg] path cw to extr/cw
[0:17:22] [NewConsole/Warn] [Client Run/Thread]  [MakeArg] path client/HPC to extr/client/HPC
[0:17:22] [NewConsole/Warn] [Client Run/Thread]  [MakeArg] path server/SPC to extr/server/SPC
[0:17:22] [NewConsole/Warn] [Client Run/Thread]  [MakeArg] path cw to extr/cw
[0:17:23] [NewConsole/Info] [Client Run/Thread] load[
[0:17:23] [NewConsole/Info] [Client Run/Thread] [System plug-in unit] The package extr/mo is sucess load to return 0 at load
[0:17:23] [NewConsole/Info] [Client Run/Thread] [System plug-in unit] The package extr/sr is sucess load to return 0 at load
[0:17:23] [NewConsole/Info] [Client Run/Thread] [System plug-in unit] The package extr/cmd is sucess load to return 0 at load
[0:17:23] [NewConsole/Info] [Client Run/Thread] [System plug-in unit] The package extr/cw is sucess load to return 0 at load
[0:17:23] [NewConsole/Info] [Client Run/Thread] [System plug-in unit] The package extr/client/HPC is sucess load to return 0 at load
[0:17:23] [NewConsole/Info] [Client Run/Thread] [System plug-in unit] The package extr/server/SPC is sucess load to return 0 at load
[0:17:23] [NewConsole/Info] [Client Run/Thread] [System plug-in unit] The package SystemCmdExtr/Shell is sucess load to return 0 at load
[0:17:23] [NewConsole/Info] [Client Run/Thread] ] * load
[0:17:23] [NewConsole/Info] [Client Run/Thread] load[
[0:17:23] [NewConsole/Info] [Client Run/Thread] [System plug-in unit] The package SystemCmdExtr/Helper is sucess load to return 0 at load
[0:17:23] [NewConsole/Info] [Client Run/Thread] [System plug-in unit] The package SystemCmdExtr/LoadRun is sucess load to return 0 at load
[0:17:23] [NewConsole/Info] [Client Run/Thread] [System plug-in unit] The package extr/cw is sucess load to return 0 at load
[0:17:23] [NewConsole/Info] [Client Run/Thread] ] * load
[0:17:23] [NewConsole/Info] [Client Run/Thread] 启动窗体，加载程序
[0:17:24] [NewConsole/Info] [Client Run/Thread] loading[
[0:17:24] [NewConsole/Info] [Client Run/Thread] [System plug-in unit] The package extr/mo is sucess load to return 0 at loading
[0:17:25] [NewConsole/Info] [Client Run/Thread] [System plug-in unit] The package extr/cmd is sucess load to return 0 at getcmd
[0:17:25] [NewConsole/Info] [Client Run/Thread] [System plug-in unit] The package extr/cw is sucess load to return 0 at getcmd
[0:17:25] [NewConsole/Info] [Client Run/Thread] [System plug-in unit] The package extr/client/HPC is sucess load to return 0 at getcmd
[0:17:25] [NewConsole/Info] [Client Run/Thread] [System plug-in unit] The package extr/server/SPC is sucess load to return 0 at getcmd
[0:17:25] [NewConsole/Info] [Client Run/Thread] [System plug-in unit] The package SystemCmdExtr/Shell is sucess load to return 0 at getcmd
[0:17:25] [NewConsole/Info] [Client Run/Thread] [System plug-in unit] The package extr/cmd is sucess load to return 0 at runload
[0:17:25] [NewConsole/Info] [Client Run/Thread] [System plug-in unit] The package extr/sr is sucess load to return 0 at loading
[0:17:25] [NewConsole/Info] [Client Run/Thread] [System plug-in unit] The package extr/cmd is sucess load to return 0 at loading
[0:17:25] [NewConsole/Info] [Client Run/Thread] [System plug-in unit] The package extr/cw is sucess load to return 0 at loading
[0:17:25] [NewConsole/Info] [Client Run/Thread] [System plug-in unit] The package extr/client/HPC is sucess load to return 0 at loading
[0:17:25] [NewConsole/Info] [Client Run/Thread] [System plug-in unit] The package extr/server/SPC is sucess load to return 0 at loading
[0:17:25] [NewConsole/Info] [Client Run/Thread] [System plug-in unit] The package SystemCmdExtr/Shell is sucess load to return 0 at loading
[0:17:25] [NewConsole/Info] [Client Run/Thread] ] * loading

[0:17:30] [NewConsole/Info] [/Thread] [System plug-in unit] The package extr/cmd is sucess load to return 0 at run
[0:17:31] [NewConsole/Info] [/Thread] close[
[0:17:31] [NewConsole/Info] [/Thread] [System plug-in unit] The package extr/mo is sucess load to return 0 at close
[0:17:31] [NewConsole/Info] [/Thread] [System plug-in unit] The package extr/sr is sucess load to return 0 at close
[0:17:31] [NewConsole/Info] [/Thread] [System plug-in unit] The package extr/cmd is sucess load to return 0 at close
[0:17:31] [NewConsole/Info] [/Thread] [System plug-in unit] The package extr/cw is sucess load to return 0 at close
[0:17:32] [NewConsole/Info] [/Thread] [System plug-in unit] The package extr/client/HPC is sucess load to return 0 at close
[0:17:32] [NewConsole/Info] [/Thread] [System plug-in unit] The package extr/server/SPC is sucess load to return 0 at close
[0:17:32] [NewConsole/Info] [/Thread] [System plug-in unit] The package SystemCmdExtr/Shell is sucess load to return 0 at close
[0:17:32] [NewConsole/Info] [/Thread] ] * close

