#Console Printf about side
#       Code Memory this...
#       WriteTime about (s)42
#
#Endl
[13:0:30] [NewConsole/Info] [Client Run/Thread] 加载启动
[13:0:30] [NewConsole/Info] [Client Run/Thread] [Memory] 成功创建分配
[13:0:30] [NewConsole/Warn] [Client Run/Thread] [Menory] About creat memory
name LoadSmPro
Bytes(MB) 1024
[13:0:30] [NewConsole/Info] [Client Run/Thread] [Memory] 正在解析数据...请稍后
[13:0:30] [NewConsole/Info] [Client Run/Thread] [LC] 标签解析完毕，正在传递给内存中...
[13:0:30] [NewConsole/Info] [Client Run/Thread] 成功
[13:0:33] [NewConsole/Warn] [Client Run/Thread] 使用这个语言在加载时或完毕时 zh-cn
[13:0:33] [NewConsole/Warn] [Client Run/Thread]  [MakeArg] path mo to extr/mo
[13:0:33] [NewConsole/Warn] [Client Run/Thread]  [MakeArg] path sr to extr/sr
[13:0:33] [NewConsole/Warn] [Client Run/Thread]  [MakeArg] path cmd to extr/cmd
[13:0:33] [NewConsole/Warn] [Client Run/Thread]  [MakeArg] path cw to extr/cw
[13:0:33] [NewConsole/Warn] [Client Run/Thread]  [MakeArg] path client/HPC to extr/client/HPC
[13:0:33] [NewConsole/Warn] [Client Run/Thread]  [MakeArg] path cw to extr/cw
[13:0:34] [NewConsole/Info] [Client Run/Thread] load[
[13:0:34] [NewConsole/Info] [Client Run/Thread] ] * load
[13:0:34] [NewConsole/Info] [Client Run/Thread] load[
[13:0:34] [NewConsole/Info] [Client Run/Thread] ] * load
[13:0:34] [NewConsole/Info] [Client Run/Thread] 启动窗体，加载程序
[13:0:35] [NewConsole/Info] [Client Run/Thread] loading[
[13:0:35] [NewConsole/Info] [Client Run/Thread] ] * loading
[13:0:42] [NewConsole/Info] [Main Window System/Thread] close[
[13:0:42] [NewConsole/Info] [Main Window System/Thread] ] * close
[13:0:56] [NewConsole/Info] [Client Run/Thread] 加载启动
[13:0:56] [NewConsole/Info] [Client Run/Thread] [Memory] 成功创建分配
[13:0:56] [NewConsole/Warn] [Client Run/Thread] [Menory] About creat memory
name LoadSmPro
Bytes(MB) 1024
[13:0:56] [NewConsole/Info] [Client Run/Thread] [Memory] 正在解析数据...请稍后
[13:0:56] [NewConsole/Info] [Client Run/Thread] [LC] 标签解析完毕，正在传递给内存中...
[13:0:56] [NewConsole/Info] [Client Run/Thread] 成功
[13:0:59] [NewConsole/Warn] [Client Run/Thread] 使用这个语言在加载时或完毕时 zh-cn
[13:0:59] [NewConsole/Warn] [Client Run/Thread]  [MakeArg] path mo to extr/mo
[13:0:59] [NewConsole/Warn] [Client Run/Thread]  [MakeArg] path sr to extr/sr
[13:0:59] [NewConsole/Warn] [Client Run/Thread]  [MakeArg] path cmd to extr/cmd
[13:0:59] [NewConsole/Warn] [Client Run/Thread]  [MakeArg] path cw to extr/cw
[13:0:59] [NewConsole/Warn] [Client Run/Thread]  [MakeArg] path client/HPC to extr/client/HPC
[13:0:59] [NewConsole/Warn] [Client Run/Thread]  [MakeArg] path cw to extr/cw
[13:1:0] [NewConsole/Info] [Client Run/Thread] load[
[13:1:0] [NewConsole/Info] [Client Run/Thread] ] * load
[13:1:0] [NewConsole/Info] [Client Run/Thread] load[
[13:1:0] [NewConsole/Info] [Client Run/Thread] ] * load
[13:1:0] [NewConsole/Info] [Client Run/Thread] 启动窗体，加载程序
[13:1:1] [NewConsole/Info] [Client Run/Thread] loading[
[13:1:1] [NewConsole/Info] [Client Run/Thread] ] * loading
[13:1:7] [NewConsole/Info] [Main Window System/Thread] close[
[13:1:7] [NewConsole/Info] [Main Window System/Thread] ] * close

[13:1:41] [NewConsole/Info] [Client Run/Thread] 加载启动
[13:1:41] [NewConsole/Info] [Client Run/Thread] [Memory] 成功创建分配
[13:1:41] [NewConsole/Warn] [Client Run/Thread] [Menory] About creat memory
name LoadSmPro
Bytes(MB) 1024
[13:1:41] [NewConsole/Info] [Client Run/Thread] [Memory] 正在解析数据...请稍后
[13:1:41] [NewConsole/Info] [Client Run/Thread] [LC] 标签解析完毕，正在传递给内存中...
[13:1:41] [NewConsole/Info] [Client Run/Thread] 成功
[13:1:44] [NewConsole/Warn] [Client Run/Thread] 使用这个语言在加载时或完毕时 zh-cn
[13:1:44] [NewConsole/Warn] [Client Run/Thread]  [MakeArg] path mo to extr/mo
[13:1:44] [NewConsole/Warn] [Client Run/Thread]  [MakeArg] path sr to extr/sr
[13:1:44] [NewConsole/Warn] [Client Run/Thread]  [MakeArg] path cmd to extr/cmd
[13:1:44] [NewConsole/Warn] [Client Run/Thread]  [MakeArg] path cw to extr/cw
[13:1:44] [NewConsole/Warn] [Client Run/Thread]  [MakeArg] path client/HPC to extr/client/HPC
[13:1:44] [NewConsole/Warn] [Client Run/Thread]  [MakeArg] path cw to extr/cw
[13:1:45] [NewConsole/Info] [Client Run/Thread] load[
[13:1:45] [NewConsole/Info] [Client Run/Thread] ] * load
[13:1:45] [NewConsole/Info] [Client Run/Thread] load[
[13:1:46] [NewConsole/Info] [Client Run/Thread] ] * load
[13:1:46] [NewConsole/Info] [Client Run/Thread] 启动窗体，加载程序
[13:1:46] [NewConsole/Info] [Client Run/Thread] loading[
[13:1:46] [NewConsole/Info] [Client Run/Thread] ] * loading
[13:1:53] [NewConsole/Info] [Main Window System/Thread] close[
[13:1:53] [NewConsole/Info] [Main Window System/Thread] ] * close

[13:1:59] [NewConsole/Info] [Client Run/Thread] 加载启动
[13:1:59] [NewConsole/Info] [Client Run/Thread] [Memory] 成功创建分配
[13:1:59] [NewConsole/Warn] [Client Run/Thread] [Menory] About creat memory
name LoadSmPro
Bytes(MB) 1024
[13:1:59] [NewConsole/Info] [Client Run/Thread] [Memory] 正在解析数据...请稍后
[13:1:59] [NewConsole/Info] [Client Run/Thread] [LC] 标签解析完毕，正在传递给内存中...
[13:1:59] [NewConsole/Info] [Client Run/Thread] 成功
[13:2:2] [NewConsole/Warn] [Client Run/Thread] 使用这个语言在加载时或完毕时 zh-cn
[13:2:2] [NewConsole/Warn] [Client Run/Thread]  [MakeArg] path mo to extr/mo
[13:2:2] [NewConsole/Warn] [Client Run/Thread]  [MakeArg] path sr to extr/sr
[13:2:2] [NewConsole/Warn] [Client Run/Thread]  [MakeArg] path cmd to extr/cmd
[13:2:2] [NewConsole/Warn] [Client Run/Thread]  [MakeArg] path cw to extr/cw
[13:2:2] [NewConsole/Warn] [Client Run/Thread]  [MakeArg] path client/HPC to extr/client/HPC
[13:2:2] [NewConsole/Warn] [Client Run/Thread]  [MakeArg] path cw to extr/cw
[13:2:3] [NewConsole/Info] [Client Run/Thread] load[
[13:2:3] [NewConsole/Info] [Client Run/Thread] ] * load
[13:2:3] [NewConsole/Info] [Client Run/Thread] load[
[13:2:3] [NewConsole/Info] [Client Run/Thread] ] * load
[13:2:3] [NewConsole/Info] [Client Run/Thread] 启动窗体，加载程序
[13:2:4] [NewConsole/Info] [Client Run/Thread] loading[
[13:2:4] [NewConsole/Info] [Client Run/Thread] ] * loading

[13:2:55] [NewConsole/Info] [Client Run/Thread] 加载启动
[13:2:55] [NewConsole/Info] [Client Run/Thread] [Memory] 成功创建分配
[13:2:55] [NewConsole/Warn] [Client Run/Thread] [Menory] About creat memory
name LoadSmPro
Bytes(MB) 1024
[13:2:55] [NewConsole/Info] [Client Run/Thread] [Memory] 正在解析数据...请稍后
[13:2:55] [NewConsole/Info] [Client Run/Thread] [LC] 标签解析完毕，正在传递给内存中...
[13:2:55] [NewConsole/Info] [Client Run/Thread] 成功
[13:2:58] [NewConsole/Warn] [Client Run/Thread] 使用这个语言在加载时或完毕时 zh-cn
[13:2:58] [NewConsole/Warn] [Client Run/Thread]  [MakeArg] path mo to extr/mo
[13:2:58] [NewConsole/Warn] [Client Run/Thread]  [MakeArg] path sr to extr/sr
[13:2:58] [NewConsole/Warn] [Client Run/Thread]  [MakeArg] path cmd to extr/cmd
[13:2:58] [NewConsole/Warn] [Client Run/Thread]  [MakeArg] path cw to extr/cw
[13:2:58] [NewConsole/Warn] [Client Run/Thread]  [MakeArg] path client/HPC to extr/client/HPC
[13:2:58] [NewConsole/Warn] [Client Run/Thread]  [MakeArg] path cw to extr/cw
[13:2:59] [NewConsole/Info] [Client Run/Thread] load[
[13:2:59] [NewConsole/Info] [Client Run/Thread] ] * load
[13:2:59] [NewConsole/Info] [Client Run/Thread] load[
[13:2:59] [NewConsole/Info] [Client Run/Thread] ] * load
[13:2:59] [NewConsole/Info] [Client Run/Thread] 启动窗体，加载程序
[13:3:0] [NewConsole/Info] [Client Run/Thread] loading[
[13:3:0] [NewConsole/Info] [Client Run/Thread] ] * loading


[13:4:2] [NewConsole/Info] [Client Run/Thread] 加载启动
[13:4:2] [NewConsole/Info] [Client Run/Thread] [Memory] 成功创建分配
[13:4:2] [NewConsole/Warn] [Client Run/Thread] [Menory] About creat memory
name LoadSmPro
Bytes(MB) 1024
[13:4:2] [NewConsole/Info] [Client Run/Thread] [Memory] 正在解析数据...请稍后
[13:4:2] [NewConsole/Info] [Client Run/Thread] [LC] 标签解析完毕，正在传递给内存中...
[13:4:2] [NewConsole/Info] [Client Run/Thread] 成功
[13:4:6] [NewConsole/Warn] [Client Run/Thread] 使用这个语言在加载时或完毕时 zh-cn
[13:4:6] [NewConsole/Warn] [Client Run/Thread]  [MakeArg] path mo to extr/mo
[13:4:6] [NewConsole/Warn] [Client Run/Thread]  [MakeArg] path sr to extr/sr
[13:4:6] [NewConsole/Warn] [Client Run/Thread]  [MakeArg] path cmd to extr/cmd
[13:4:6] [NewConsole/Warn] [Client Run/Thread]  [MakeArg] path cw to extr/cw
[13:4:6] [NewConsole/Warn] [Client Run/Thread]  [MakeArg] path client/HPC to extr/client/HPC
[13:4:6] [NewConsole/Warn] [Client Run/Thread]  [MakeArg] path cw to extr/cw
[13:4:7] [NewConsole/Info] [Client Run/Thread] load[
[13:4:7] [NewConsole/Info] [Client Run/Thread] ] * load
[13:4:7] [NewConsole/Info] [Client Run/Thread] load[
[13:4:7] [NewConsole/Info] [Client Run/Thread] ] * load
[13:4:7] [NewConsole/Info] [Client Run/Thread] 启动窗体，加载程序
[13:4:8] [NewConsole/Info] [Client Run/Thread] loading[
[13:4:8] [NewConsole/Info] [Client Run/Thread] ] * loading

[13:5:49] [NewConsole/Info] [Client Run/Thread] 加载启动
[13:5:49] [NewConsole/Info] [Client Run/Thread] [Memory] 成功创建分配
[13:5:49] [NewConsole/Warn] [Client Run/Thread] [Menory] About creat memory
name LoadSmPro
Bytes(MB) 1024
[13:5:49] [NewConsole/Info] [Client Run/Thread] [Memory] 正在解析数据...请稍后
[13:5:49] [NewConsole/Info] [Client Run/Thread] [LC] 标签解析完毕，正在传递给内存中...
[13:5:49] [NewConsole/Info] [Client Run/Thread] 成功
[13:5:52] [NewConsole/Warn] [Client Run/Thread] 使用这个语言在加载时或完毕时 zh-cn
[13:5:52] [NewConsole/Warn] [Client Run/Thread]  [MakeArg] path mo to extr/mo
[13:5:52] [NewConsole/Warn] [Client Run/Thread]  [MakeArg] path sr to extr/sr
[13:5:52] [NewConsole/Warn] [Client Run/Thread]  [MakeArg] path cmd to extr/cmd
[13:5:52] [NewConsole/Warn] [Client Run/Thread]  [MakeArg] path cw to extr/cw
[13:5:52] [NewConsole/Warn] [Client Run/Thread]  [MakeArg] path client/HPC to extr/client/HPC
[13:5:52] [NewConsole/Warn] [Client Run/Thread]  [MakeArg] path cw to extr/cw
[13:5:53] [NewConsole/Info] [Client Run/Thread] load[
[13:5:53] [NewConsole/Info] [Client Run/Thread] ] * load
[13:5:53] [NewConsole/Info] [Client Run/Thread] load[
[13:5:54] [NewConsole/Info] [Client Run/Thread] ] * load
[13:5:54] [NewConsole/Info] [Client Run/Thread] 启动窗体，加载程序
[13:5:54] [NewConsole/Info] [Client Run/Thread] loading[
[13:5:54] [NewConsole/Info] [Client Run/Thread] ] * loading

[13:6:44] [NewConsole/Info] [Client Run/Thread] 加载启动
[13:6:44] [NewConsole/Info] [Client Run/Thread] [Memory] 成功创建分配
[13:6:44] [NewConsole/Warn] [Client Run/Thread] [Menory] About creat memory
name LoadSmPro
Bytes(MB) 1024
[13:6:44] [NewConsole/Info] [Client Run/Thread] [Memory] 正在解析数据...请稍后
[13:6:44] [NewConsole/Info] [Client Run/Thread] [LC] 标签解析完毕，正在传递给内存中...
[13:6:44] [NewConsole/Info] [Client Run/Thread] 成功
[13:6:47] [NewConsole/Warn] [Client Run/Thread] 使用这个语言在加载时或完毕时 zh-cn
[13:6:47] [NewConsole/Warn] [Client Run/Thread]  [MakeArg] path mo to extr/mo
[13:6:47] [NewConsole/Warn] [Client Run/Thread]  [MakeArg] path sr to extr/sr
[13:6:47] [NewConsole/Warn] [Client Run/Thread]  [MakeArg] path cmd to extr/cmd
[13:6:47] [NewConsole/Warn] [Client Run/Thread]  [MakeArg] path cw to extr/cw
[13:6:47] [NewConsole/Warn] [Client Run/Thread]  [MakeArg] path client/HPC to extr/client/HPC
[13:6:47] [NewConsole/Warn] [Client Run/Thread]  [MakeArg] path cw to extr/cw
[13:6:48] [NewConsole/Info] [Client Run/Thread] load[
[13:6:48] [NewConsole/Info] [Client Run/Thread] ] * load
[13:6:48] [NewConsole/Info] [Client Run/Thread] load[
[13:6:48] [NewConsole/Info] [Client Run/Thread] ] * load
[13:6:48] [NewConsole/Info] [Client Run/Thread] 启动窗体，加载程序
[13:6:49] [NewConsole/Info] [Client Run/Thread] loading[
[13:6:49] [NewConsole/Info] [Client Run/Thread] ] * loading

[13:7:17] [NewConsole/Info] [Client Run/Thread] 加载启动
[13:7:18] [NewConsole/Info] [Client Run/Thread] [Memory] 成功创建分配
[13:7:18] [NewConsole/Warn] [Client Run/Thread] [Menory] About creat memory
name LoadSmPro
Bytes(MB) 1024
[13:7:18] [NewConsole/Info] [Client Run/Thread] [Memory] 正在解析数据...请稍后
[13:7:18] [NewConsole/Info] [Client Run/Thread] [LC] 标签解析完毕，正在传递给内存中...
[13:7:18] [NewConsole/Info] [Client Run/Thread] 成功
[13:7:21] [NewConsole/Warn] [Client Run/Thread] 使用这个语言在加载时或完毕时 zh-cn
[13:7:21] [NewConsole/Warn] [Client Run/Thread]  [MakeArg] path mo to extr/mo
[13:7:21] [NewConsole/Warn] [Client Run/Thread]  [MakeArg] path sr to extr/sr
[13:7:21] [NewConsole/Warn] [Client Run/Thread]  [MakeArg] path cmd to extr/cmd
[13:7:21] [NewConsole/Warn] [Client Run/Thread]  [MakeArg] path cw to extr/cw
[13:7:21] [NewConsole/Warn] [Client Run/Thread]  [MakeArg] path client/HPC to extr/client/HPC
[13:7:21] [NewConsole/Warn] [Client Run/Thread]  [MakeArg] path cw to extr/cw
[13:7:22] [NewConsole/Info] [Client Run/Thread] load[
[13:7:22] [NewConsole/Info] [Client Run/Thread] ] * load
[13:7:22] [NewConsole/Info] [Client Run/Thread] load[
[13:7:22] [NewConsole/Info] [Client Run/Thread] ] * load
[13:7:22] [NewConsole/Info] [Client Run/Thread] 启动窗体，加载程序
[13:7:23] [NewConsole/Info] [Client Run/Thread] loading[
[13:7:23] [NewConsole/Info] [Client Run/Thread] ] * loading

[13:15:28] [NewConsole/Info] [Client Run/Thread] 加载启动
[13:15:28] [NewConsole/Info] [Client Run/Thread] [Memory] 成功创建分配
[13:15:28] [NewConsole/Warn] [Client Run/Thread] [Menory] About creat memory
name LoadSmPro
Bytes(MB) 1024
[13:15:28] [NewConsole/Info] [Client Run/Thread] [Memory] 正在解析数据...请稍后
[13:15:28] [NewConsole/Info] [Client Run/Thread] [LC] 标签解析完毕，正在传递给内存中...
[13:15:28] [NewConsole/Info] [Client Run/Thread] 成功
[13:15:31] [NewConsole/Warn] [Client Run/Thread] 使用这个语言在加载时或完毕时 zh-cn
[13:15:31] [NewConsole/Warn] [Client Run/Thread]  [MakeArg] path mo to extr/mo
[13:15:31] [NewConsole/Warn] [Client Run/Thread]  [MakeArg] path sr to extr/sr
[13:15:31] [NewConsole/Warn] [Client Run/Thread]  [MakeArg] path cmd to extr/cmd
[13:15:31] [NewConsole/Warn] [Client Run/Thread]  [MakeArg] path cw to extr/cw
[13:15:31] [NewConsole/Warn] [Client Run/Thread]  [MakeArg] path client/HPC to extr/client/HPC
[13:15:31] [NewConsole/Warn] [Client Run/Thread]  [MakeArg] path cw to extr/cw
[13:15:32] [NewConsole/Info] [Client Run/Thread] load[
[13:15:33] [NewConsole/Info] [Client Run/Thread] ] * load
[13:15:33] [NewConsole/Info] [Client Run/Thread] load[
[13:15:33] [NewConsole/Info] [Client Run/Thread] ] * load
[13:15:33] [NewConsole/Info] [Client Run/Thread] 启动窗体，加载程序
[13:15:33] [NewConsole/Info] [Client Run/Thread] loading[
[13:15:33] [NewConsole/Info] [Client Run/Thread] ] * loading

[13:16:12] [NewConsole/Info] [Client Run/Thread] 加载启动
[13:16:12] [NewConsole/Info] [Client Run/Thread] [Memory] 成功创建分配
[13:16:12] [NewConsole/Warn] [Client Run/Thread] [Menory] About creat memory
name LoadSmPro
Bytes(MB) 1024
[13:16:12] [NewConsole/Info] [Client Run/Thread] [Memory] 正在解析数据...请稍后
[13:16:12] [NewConsole/Info] [Client Run/Thread] [LC] 标签解析完毕，正在传递给内存中...
[13:16:12] [NewConsole/Info] [Client Run/Thread] 成功
[13:16:15] [NewConsole/Warn] [Client Run/Thread] 使用这个语言在加载时或完毕时 zh-cn
[13:16:15] [NewConsole/Warn] [Client Run/Thread]  [MakeArg] path mo to extr/mo
[13:16:15] [NewConsole/Warn] [Client Run/Thread]  [MakeArg] path sr to extr/sr
[13:16:15] [NewConsole/Warn] [Client Run/Thread]  [MakeArg] path cmd to extr/cmd
[13:16:15] [NewConsole/Warn] [Client Run/Thread]  [MakeArg] path cw to extr/cw
[13:16:15] [NewConsole/Warn] [Client Run/Thread]  [MakeArg] path client/HPC to extr/client/HPC
[13:16:15] [NewConsole/Warn] [Client Run/Thread]  [MakeArg] path cw to extr/cw
[13:16:16] [NewConsole/Info] [Client Run/Thread] load[
[13:16:17] [NewConsole/Info] [Client Run/Thread] ] * load
[13:16:17] [NewConsole/Info] [Client Run/Thread] load[
[13:16:17] [NewConsole/Info] [Client Run/Thread] ] * load
[13:16:17] [NewConsole/Info] [Client Run/Thread] 启动窗体，加载程序
[13:16:17] [NewConsole/Info] [Client Run/Thread] loading[
[13:16:17] [NewConsole/Info] [Client Run/Thread] ] * loading






[13:20:49] [NewConsole/Info] [Client Run/Thread] 加载启动
[13:20:49] [NewConsole/Info] [Client Run/Thread] [Memory] 成功创建分配
[13:20:49] [NewConsole/Warn] [Client Run/Thread] [Menory] About creat memory
name LoadSmPro
Bytes(MB) 1024
[13:20:49] [NewConsole/Info] [Client Run/Thread] [Memory] 正在解析数据...请稍后
[13:20:49] [NewConsole/Info] [Client Run/Thread] [LC] 标签解析完毕，正在传递给内存中...
[13:20:50] [NewConsole/Info] [Client Run/Thread] 成功
[13:20:53] [NewConsole/Warn] [Client Run/Thread] 使用这个语言在加载时或完毕时 zh-cn
[13:20:53] [NewConsole/Warn] [Client Run/Thread]  [MakeArg] path mo to extr/mo
[13:20:53] [NewConsole/Warn] [Client Run/Thread]  [MakeArg] path sr to extr/sr
[13:20:53] [NewConsole/Warn] [Client Run/Thread]  [MakeArg] path cmd to extr/cmd
[13:20:53] [NewConsole/Warn] [Client Run/Thread]  [MakeArg] path cw to extr/cw
[13:20:53] [NewConsole/Warn] [Client Run/Thread]  [MakeArg] path client/HPC to extr/client/HPC
[13:20:53] [NewConsole/Warn] [Client Run/Thread]  [MakeArg] path cw to extr/cw
[13:20:54] [NewConsole/Info] [Client Run/Thread] load[
[13:20:54] [NewConsole/Info] [Client Run/Thread] ] * load
[13:20:54] [NewConsole/Info] [Client Run/Thread] load[
[13:20:54] [NewConsole/Info] [Client Run/Thread] ] * load
[13:20:54] [NewConsole/Info] [Client Run/Thread] 启动窗体，加载程序
[13:20:54] [NewConsole/Info] [Client Run/Thread] loading[
[13:20:55] [NewConsole/Info] [Client Run/Thread] ] * loading



[13:21:32] [NewConsole/Info] [Main Window System/Thread] close[
[13:21:32] [NewConsole/Info] [Main Window System/Thread] ] * close

[13:36:13] [NewConsole/Info] [Client Run/Thread] 加载启动
[13:36:14] [NewConsole/Info] [Client Run/Thread] [Memory] 成功创建分配
[13:36:14] [NewConsole/Warn] [Client Run/Thread] [Menory] About creat memory
name LoadSmPro
Bytes(MB) 1024
[13:36:14] [NewConsole/Info] [Client Run/Thread] [Memory] 正在解析数据...请稍后
[13:36:14] [NewConsole/Info] [Client Run/Thread] [LC] 标签解析完毕，正在传递给内存中...
[13:36:14] [NewConsole/Info] [Client Run/Thread] 成功
[13:36:17] [NewConsole/Warn] [Client Run/Thread] 使用这个语言在加载时或完毕时 zh-cn
[13:36:17] [NewConsole/Warn] [Client Run/Thread]  [MakeArg] path mo to extr/mo
[13:36:17] [NewConsole/Warn] [Client Run/Thread]  [MakeArg] path sr to extr/sr
[13:36:17] [NewConsole/Warn] [Client Run/Thread]  [MakeArg] path cmd to extr/cmd
[13:36:17] [NewConsole/Warn] [Client Run/Thread]  [MakeArg] path cw to extr/cw
[13:36:17] [NewConsole/Warn] [Client Run/Thread]  [MakeArg] path client/HPC to extr/client/HPC
[13:36:17] [NewConsole/Warn] [Client Run/Thread]  [MakeArg] path cw to extr/cw
[13:36:18] [NewConsole/Info] [Client Run/Thread] load[
[13:36:18] [NewConsole/Info] [Client Run/Thread] ] * load
[13:36:18] [NewConsole/Info] [Client Run/Thread] load[
[13:36:18] [NewConsole/Info] [Client Run/Thread] ] * load
[13:36:18] [NewConsole/Info] [Client Run/Thread] 启动窗体，加载程序
[13:36:19] [NewConsole/Info] [Client Run/Thread] loading[
[13:36:19] [NewConsole/Info] [Client Run/Thread] ] * loading


[13:41:11] [NewConsole/Info] [Client Run/Thread] 加载启动
[13:41:11] [NewConsole/Info] [Client Run/Thread] [Memory] 成功创建分配
[13:41:11] [NewConsole/Warn] [Client Run/Thread] [Menory] About creat memory
name LoadSmPro
Bytes(MB) 1024
[13:41:11] [NewConsole/Info] [Client Run/Thread] [Memory] 正在解析数据...请稍后
[13:41:11] [NewConsole/Info] [Client Run/Thread] [LC] 标签解析完毕，正在传递给内存中...
[13:41:11] [NewConsole/Info] [Client Run/Thread] 成功
[13:41:14] [NewConsole/Warn] [Client Run/Thread] 使用这个语言在加载时或完毕时 zh-cn
[13:41:14] [NewConsole/Warn] [Client Run/Thread]  [MakeArg] path mo to extr/mo
[13:41:14] [NewConsole/Warn] [Client Run/Thread]  [MakeArg] path sr to extr/sr
[13:41:14] [NewConsole/Warn] [Client Run/Thread]  [MakeArg] path cmd to extr/cmd
[13:41:14] [NewConsole/Warn] [Client Run/Thread]  [MakeArg] path cw to extr/cw
[13:41:14] [NewConsole/Warn] [Client Run/Thread]  [MakeArg] path client/HPC to extr/client/HPC
[13:41:14] [NewConsole/Warn] [Client Run/Thread]  [MakeArg] path cw to extr/cw
[13:41:15] [NewConsole/Info] [Client Run/Thread] load[
[13:41:15] [NewConsole/Info] [Client Run/Thread] ] * load
[13:41:15] [NewConsole/Info] [Client Run/Thread] load[
[13:41:15] [NewConsole/Info] [Client Run/Thread] ] * load
[13:41:15] [NewConsole/Info] [Client Run/Thread] 启动窗体，加载程序
[13:41:16] [NewConsole/Info] [Client Run/Thread] loading[
[13:41:16] [NewConsole/Info] [Client Run/Thread] ] * loading














[13:44:4] [NewConsole/Info] [/Thread] close[
[13:44:4] [NewConsole/Info] [/Thread] ] * close

[13:55:56] [NewConsole/Info] [Client Run/Thread] 加载启动
[13:55:56] [NewConsole/Info] [Client Run/Thread] [Memory] 成功创建分配
[13:55:56] [NewConsole/Warn] [Client Run/Thread] [Menory] About creat memory
name LoadSmPro
Bytes(MB) 1024
[13:55:56] [NewConsole/Info] [Client Run/Thread] [Memory] 正在解析数据...请稍后
[13:55:56] [NewConsole/Info] [Client Run/Thread] [LC] 标签解析完毕，正在传递给内存中...
[13:55:56] [NewConsole/Info] [Client Run/Thread] 成功
[13:55:59] [NewConsole/Warn] [Client Run/Thread] 使用这个语言在加载时或完毕时 zh-cn
[13:55:59] [NewConsole/Warn] [Client Run/Thread]  [MakeArg] path mo to extr/mo
[13:55:59] [NewConsole/Warn] [Client Run/Thread]  [MakeArg] path sr to extr/sr
[13:55:59] [NewConsole/Warn] [Client Run/Thread]  [MakeArg] path cmd to extr/cmd
[13:55:59] [NewConsole/Warn] [Client Run/Thread]  [MakeArg] path cw to extr/cw
[13:55:59] [NewConsole/Warn] [Client Run/Thread]  [MakeArg] path client/HPC to extr/client/HPC
[13:55:59] [NewConsole/Warn] [Client Run/Thread]  [MakeArg] path cw to extr/cw
[13:56:0] [NewConsole/Info] [Client Run/Thread] load[
[13:56:0] [NewConsole/Info] [Client Run/Thread] ] * load
[13:56:0] [NewConsole/Info] [Client Run/Thread] load[
[13:56:0] [NewConsole/Info] [Client Run/Thread] ] * load
[13:56:0] [NewConsole/Info] [Client Run/Thread] 启动窗体，加载程序
[13:56:1] [NewConsole/Info] [Client Run/Thread] loading[
[13:56:1] [NewConsole/Info] [Client Run/Thread] ] * loading

[13:56:16] [NewConsole/Info] [Main Window System/Thread] close[
[13:56:16] [NewConsole/Info] [Main Window System/Thread] ] * close

[13:56:31] [NewConsole/Info] [Client Run/Thread] 加载启动
[13:56:31] [NewConsole/Info] [Client Run/Thread] [Memory] 成功创建分配
[13:56:31] [NewConsole/Warn] [Client Run/Thread] [Menory] About creat memory
name LoadSmPro
Bytes(MB) 1024
[13:56:31] [NewConsole/Info] [Client Run/Thread] [Memory] 正在解析数据...请稍后
[13:56:31] [NewConsole/Info] [Client Run/Thread] [LC] 标签解析完毕，正在传递给内存中...
[13:56:31] [NewConsole/Info] [Client Run/Thread] 成功
[13:56:34] [NewConsole/Warn] [Client Run/Thread] 使用这个语言在加载时或完毕时 zh-cn
[13:56:34] [NewConsole/Warn] [Client Run/Thread]  [MakeArg] path mo to extr/mo
[13:56:34] [NewConsole/Warn] [Client Run/Thread]  [MakeArg] path sr to extr/sr
[13:56:34] [NewConsole/Warn] [Client Run/Thread]  [MakeArg] path cmd to extr/cmd
[13:56:34] [NewConsole/Warn] [Client Run/Thread]  [MakeArg] path cw to extr/cw
[13:56:34] [NewConsole/Warn] [Client Run/Thread]  [MakeArg] path client/HPC to extr/client/HPC
[13:56:34] [NewConsole/Warn] [Client Run/Thread]  [MakeArg] path cw to extr/cw
[13:56:35] [NewConsole/Info] [Client Run/Thread] load[
[13:56:35] [NewConsole/Info] [Client Run/Thread] ] * load
[13:56:35] [NewConsole/Info] [Client Run/Thread] load[
[13:56:35] [NewConsole/Info] [Client Run/Thread] ] * load
[13:56:35] [NewConsole/Info] [Client Run/Thread] 启动窗体，加载程序
[13:56:36] [NewConsole/Info] [Client Run/Thread] loading[
[13:56:36] [NewConsole/Info] [Client Run/Thread] ] * loading








[13:58:15] [NewConsole/Info] [Main Window System/Thread] close[
[13:58:15] [NewConsole/Info] [Main Window System/Thread] ] * close

