#Console Printf about side
#       Code Memory this...
#       WriteTime about (s)18
#
#Endl
[22:0:6] [NewConsole/Info] [Client Run/Thread] 加载启动
[22:0:7] [NewConsole/Info] [Client Run/Thread] [Memory] 成功创建分配
[22:0:7] [NewConsole/Warn] [Client Run/Thread] [Menory] About creat memory
name LoadSmPro
Bytes(MB) 1024
[22:0:7] [NewConsole/Info] [Client Run/Thread] [Memory] 正在解析数据...请稍后
[22:0:7] [NewConsole/Info] [Client Run/Thread] [LC] 标签解析完毕，正在传递给内存中...
[22:0:7] [NewConsole/Info] [Client Run/Thread] 成功
[22:0:10] [NewConsole/Warn] [Client Run/Thread] 使用这个语言在加载时或完毕时 zh-cn
[22:0:10] [NewConsole/Warn] [Client Run/Thread]  [MakeArg] path mo to extr/mo
[22:0:10] [NewConsole/Warn] [Client Run/Thread]  [MakeArg] path sr to extr/sr
[22:0:10] [NewConsole/Warn] [Client Run/Thread]  [MakeArg] path cmd to extr/cmd
[22:0:10] [NewConsole/Warn] [Client Run/Thread]  [MakeArg] path cw to extr/cw
[22:0:10] [NewConsole/Warn] [Client Run/Thread]  [MakeArg] path client/HPC to extr/client/HPC
[22:0:10] [NewConsole/Warn] [Client Run/Thread]  [MakeArg] path cw to extr/cw
[22:0:11] [NewConsole/Info] [Client Run/Thread] load[
[22:0:11] [NewConsole/Info] [Client Run/Thread] ] * load
[22:0:11] [NewConsole/Info] [Client Run/Thread] load[
[22:0:11] [NewConsole/Info] [Client Run/Thread] ] * load
[22:0:11] [NewConsole/Info] [Client Run/Thread] 启动窗体，加载程序
[22:0:12] [NewConsole/Info] [Client Run/Thread] loading[
[22:0:12] [NewConsole/Info] [Client Run/Thread] ] * loading

[22:0:34] [NewConsole/Info] [Main Window System/Thread] close[
[22:0:34] [NewConsole/Info] [Main Window System/Thread] ] * close

[22:3:33] [NewConsole/Info] [Client Run/Thread] 加载启动
[22:3:33] [NewConsole/Info] [Client Run/Thread] [Memory] 成功创建分配
[22:3:33] [NewConsole/Warn] [Client Run/Thread] [Menory] About creat memory
name LoadSmPro
Bytes(MB) 1024
[22:3:33] [NewConsole/Info] [Client Run/Thread] [Memory] 正在解析数据...请稍后
[22:3:33] [NewConsole/Info] [Client Run/Thread] [LC] 标签解析完毕，正在传递给内存中...
[22:3:33] [NewConsole/Info] [Client Run/Thread] 成功
[22:3:36] [NewConsole/Warn] [Client Run/Thread] 使用这个语言在加载时或完毕时 zh-cn
[22:3:36] [NewConsole/Warn] [Client Run/Thread]  [MakeArg] path mo to extr/mo
[22:3:36] [NewConsole/Warn] [Client Run/Thread]  [MakeArg] path sr to extr/sr
[22:3:36] [NewConsole/Warn] [Client Run/Thread]  [MakeArg] path cmd to extr/cmd
[22:3:36] [NewConsole/Warn] [Client Run/Thread]  [MakeArg] path cw to extr/cw
[22:3:36] [NewConsole/Warn] [Client Run/Thread]  [MakeArg] path client/HPC to extr/client/HPC
[22:3:36] [NewConsole/Warn] [Client Run/Thread]  [MakeArg] path cw to extr/cw
[22:3:37] [NewConsole/Info] [Client Run/Thread] load[
[22:3:37] [NewConsole/Info] [Client Run/Thread] ] * load
[22:3:37] [NewConsole/Info] [Client Run/Thread] load[
[22:3:37] [NewConsole/Info] [Client Run/Thread] ] * load
[22:3:37] [NewConsole/Info] [Client Run/Thread] 启动窗体，加载程序
[22:3:38] [NewConsole/Info] [Client Run/Thread] loading[
[22:3:38] [NewConsole/Info] [Client Run/Thread] ] * loading




[22:4:25] [NewConsole/Info] [Main Window System/Thread] close[
[22:4:25] [NewConsole/Info] [Main Window System/Thread] ] * close

[22:10:59] [NewConsole/Info] [Client Run/Thread] 加载启动
[22:10:59] [NewConsole/Info] [Client Run/Thread] [Memory] 成功创建分配
[22:10:59] [NewConsole/Warn] [Client Run/Thread] [Menory] About creat memory
name LoadSmPro
Bytes(MB) 1024
[22:10:59] [NewConsole/Info] [Client Run/Thread] [Memory] 正在解析数据...请稍后
[22:10:59] [NewConsole/Info] [Client Run/Thread] [LC] 标签解析完毕，正在传递给内存中...
[22:10:59] [NewConsole/Info] [Client Run/Thread] 成功
[22:11:3] [NewConsole/Warn] [Client Run/Thread] 使用这个语言在加载时或完毕时 zh-cn
[22:11:3] [NewConsole/Warn] [Client Run/Thread]  [MakeArg] path mo to extr/mo
[22:11:3] [NewConsole/Warn] [Client Run/Thread]  [MakeArg] path sr to extr/sr
[22:11:3] [NewConsole/Warn] [Client Run/Thread]  [MakeArg] path cmd to extr/cmd
[22:11:3] [NewConsole/Warn] [Client Run/Thread]  [MakeArg] path cw to extr/cw
[22:11:3] [NewConsole/Warn] [Client Run/Thread]  [MakeArg] path client/HPC to extr/client/HPC
[22:11:3] [NewConsole/Warn] [Client Run/Thread]  [MakeArg] path cw to extr/cw
[22:11:4] [NewConsole/Info] [Client Run/Thread] load[
[22:11:4] [NewConsole/Info] [Client Run/Thread] ] * load
[22:11:4] [NewConsole/Info] [Client Run/Thread] load[
[22:11:4] [NewConsole/Info] [Client Run/Thread] ] * load
[22:11:4] [NewConsole/Info] [Client Run/Thread] 启动窗体，加载程序
[22:11:4] [NewConsole/Info] [Client Run/Thread] loading[
[22:11:5] [NewConsole/Info] [Client Run/Thread] ] * loading

[22:16:40] [NewConsole/Info] [Client Run/Thread] 加载启动
[22:16:40] [NewConsole/Info] [Client Run/Thread] [Memory] 成功创建分配
[22:16:40] [NewConsole/Warn] [Client Run/Thread] [Menory] About creat memory
name LoadSmPro
Bytes(MB) 1024
[22:16:40] [NewConsole/Info] [Client Run/Thread] [Memory] 正在解析数据...请稍后
[22:16:40] [NewConsole/Info] [Client Run/Thread] [LC] 标签解析完毕，正在传递给内存中...
[22:16:40] [NewConsole/Info] [Client Run/Thread] 成功
[22:16:44] [NewConsole/Warn] [Client Run/Thread] 使用这个语言在加载时或完毕时 zh-cn
[22:16:44] [NewConsole/Warn] [Client Run/Thread]  [MakeArg] path mo to extr/mo
[22:16:44] [NewConsole/Warn] [Client Run/Thread]  [MakeArg] path sr to extr/sr
[22:16:44] [NewConsole/Warn] [Client Run/Thread]  [MakeArg] path cmd to extr/cmd
[22:16:44] [NewConsole/Warn] [Client Run/Thread]  [MakeArg] path cw to extr/cw
[22:16:44] [NewConsole/Warn] [Client Run/Thread]  [MakeArg] path client/HPC to extr/client/HPC
[22:16:44] [NewConsole/Warn] [Client Run/Thread]  [MakeArg] path cw to extr/cw
[22:16:45] [NewConsole/Info] [Client Run/Thread] load[
[22:16:45] [NewConsole/Info] [Client Run/Thread] ] * load
[22:16:45] [NewConsole/Info] [Client Run/Thread] load[
[22:16:45] [NewConsole/Info] [Client Run/Thread] ] * load
[22:16:45] [NewConsole/Info] [Client Run/Thread] 启动窗体，加载程序
[22:16:45] [NewConsole/Info] [Client Run/Thread] loading[
[22:16:45] [NewConsole/Info] [Client Run/Thread] ] * loading

[22:20:56] [NewConsole/Info] [Client Run/Thread] 加载启动
[22:20:56] [NewConsole/Info] [Client Run/Thread] [Memory] 成功创建分配
[22:20:56] [NewConsole/Warn] [Client Run/Thread] [Menory] About creat memory
name LoadSmPro
Bytes(MB) 1024
[22:20:56] [NewConsole/Info] [Client Run/Thread] [Memory] 正在解析数据...请稍后
[22:20:56] [NewConsole/Info] [Client Run/Thread] [LC] 标签解析完毕，正在传递给内存中...
[22:20:56] [NewConsole/Info] [Client Run/Thread] 成功
[22:21:0] [NewConsole/Warn] [Client Run/Thread] 使用这个语言在加载时或完毕时 zh-cn
[22:21:0] [NewConsole/Warn] [Client Run/Thread]  [MakeArg] path mo to extr/mo
[22:21:0] [NewConsole/Warn] [Client Run/Thread]  [MakeArg] path sr to extr/sr
[22:21:0] [NewConsole/Warn] [Client Run/Thread]  [MakeArg] path cmd to extr/cmd
[22:21:0] [NewConsole/Warn] [Client Run/Thread]  [MakeArg] path cw to extr/cw
[22:21:0] [NewConsole/Warn] [Client Run/Thread]  [MakeArg] path client/HPC to extr/client/HPC
[22:21:0] [NewConsole/Warn] [Client Run/Thread]  [MakeArg] path cw to extr/cw
[22:21:1] [NewConsole/Info] [Client Run/Thread] load[
[22:21:1] [NewConsole/Info] [Client Run/Thread] ] * load
[22:21:1] [NewConsole/Info] [Client Run/Thread] load[
[22:21:1] [NewConsole/Info] [Client Run/Thread] ] * load
[22:21:1] [NewConsole/Info] [Client Run/Thread] 启动窗体，加载程序
[22:21:1] [NewConsole/Info] [Client Run/Thread] loading[
[22:21:1] [NewConsole/Info] [Client Run/Thread] ] * loading



[22:21:42] [NewConsole/Info] [Main Window System/Thread] close[
[22:21:42] [NewConsole/Info] [Main Window System/Thread] ] * close

[22:21:59] [NewConsole/Info] [Client Run/Thread] 加载启动
[22:21:59] [NewConsole/Info] [Client Run/Thread] [Memory] 成功创建分配
[22:21:59] [NewConsole/Warn] [Client Run/Thread] [Menory] About creat memory
name LoadSmPro
Bytes(MB) 1024
[22:21:59] [NewConsole/Info] [Client Run/Thread] [Memory] 正在解析数据...请稍后
[22:21:59] [NewConsole/Info] [Client Run/Thread] [LC] 标签解析完毕，正在传递给内存中...
[22:21:59] [NewConsole/Info] [Client Run/Thread] 成功
[22:22:3] [NewConsole/Warn] [Client Run/Thread] 使用这个语言在加载时或完毕时 zh-cn
[22:22:3] [NewConsole/Warn] [Client Run/Thread]  [MakeArg] path mo to extr/mo
[22:22:3] [NewConsole/Warn] [Client Run/Thread]  [MakeArg] path sr to extr/sr
[22:22:3] [NewConsole/Warn] [Client Run/Thread]  [MakeArg] path cmd to extr/cmd
[22:22:3] [NewConsole/Warn] [Client Run/Thread]  [MakeArg] path cw to extr/cw
[22:22:3] [NewConsole/Warn] [Client Run/Thread]  [MakeArg] path client/HPC to extr/client/HPC
[22:22:3] [NewConsole/Warn] [Client Run/Thread]  [MakeArg] path cw to extr/cw
[22:22:4] [NewConsole/Info] [Client Run/Thread] load[
[22:22:4] [NewConsole/Info] [Client Run/Thread] ] * load
[22:22:4] [NewConsole/Info] [Client Run/Thread] load[
[22:22:4] [NewConsole/Info] [Client Run/Thread] ] * load
[22:22:4] [NewConsole/Info] [Client Run/Thread] 启动窗体，加载程序
[22:22:5] [NewConsole/Info] [Client Run/Thread] loading[
[22:22:5] [NewConsole/Info] [Client Run/Thread] ] * loading

[22:24:20] [NewConsole/Info] [Client Run/Thread] 加载启动
[22:24:20] [NewConsole/Info] [Client Run/Thread] [Memory] 成功创建分配
[22:24:20] [NewConsole/Warn] [Client Run/Thread] [Menory] About creat memory
name LoadSmPro
Bytes(MB) 1024
[22:24:20] [NewConsole/Info] [Client Run/Thread] [Memory] 正在解析数据...请稍后
[22:24:20] [NewConsole/Info] [Client Run/Thread] [LC] 标签解析完毕，正在传递给内存中...
[22:24:20] [NewConsole/Info] [Client Run/Thread] 成功
[22:24:24] [NewConsole/Warn] [Client Run/Thread] 使用这个语言在加载时或完毕时 zh-cn
[22:24:24] [NewConsole/Warn] [Client Run/Thread]  [MakeArg] path mo to extr/mo
[22:24:24] [NewConsole/Warn] [Client Run/Thread]  [MakeArg] path sr to extr/sr
[22:24:24] [NewConsole/Warn] [Client Run/Thread]  [MakeArg] path cmd to extr/cmd
[22:24:24] [NewConsole/Warn] [Client Run/Thread]  [MakeArg] path cw to extr/cw
[22:24:24] [NewConsole/Warn] [Client Run/Thread]  [MakeArg] path client/HPC to extr/client/HPC
[22:24:24] [NewConsole/Warn] [Client Run/Thread]  [MakeArg] path cw to extr/cw
[22:24:25] [NewConsole/Info] [Client Run/Thread] load[
[22:24:25] [NewConsole/Info] [Client Run/Thread] ] * load
[22:24:25] [NewConsole/Info] [Client Run/Thread] load[
[22:24:25] [NewConsole/Info] [Client Run/Thread] ] * load
[22:24:25] [NewConsole/Info] [Client Run/Thread] 启动窗体，加载程序
[22:24:25] [NewConsole/Info] [Client Run/Thread] loading[
[22:24:26] [NewConsole/Info] [Client Run/Thread] ] * loading

[22:27:35] [NewConsole/Info] [Client Run/Thread] 加载启动
[22:27:35] [NewConsole/Info] [Client Run/Thread] [Memory] 成功创建分配
[22:27:35] [NewConsole/Warn] [Client Run/Thread] [Menory] About creat memory
name LoadSmPro
Bytes(MB) 1024
[22:27:35] [NewConsole/Info] [Client Run/Thread] [Memory] 正在解析数据...请稍后
[22:27:35] [NewConsole/Info] [Client Run/Thread] [LC] 标签解析完毕，正在传递给内存中...
[22:27:35] [NewConsole/Info] [Client Run/Thread] 成功
[22:27:38] [NewConsole/Warn] [Client Run/Thread] 使用这个语言在加载时或完毕时 zh-cn
[22:27:38] [NewConsole/Warn] [Client Run/Thread]  [MakeArg] path mo to extr/mo
[22:27:38] [NewConsole/Warn] [Client Run/Thread]  [MakeArg] path sr to extr/sr
[22:27:38] [NewConsole/Warn] [Client Run/Thread]  [MakeArg] path cmd to extr/cmd
[22:27:38] [NewConsole/Warn] [Client Run/Thread]  [MakeArg] path cw to extr/cw
[22:27:38] [NewConsole/Warn] [Client Run/Thread]  [MakeArg] path client/HPC to extr/client/HPC
[22:27:38] [NewConsole/Warn] [Client Run/Thread]  [MakeArg] path cw to extr/cw
[22:27:39] [NewConsole/Info] [Client Run/Thread] load[
[22:27:40] [NewConsole/Info] [Client Run/Thread] ] * load
[22:27:40] [NewConsole/Info] [Client Run/Thread] load[
[22:27:40] [NewConsole/Info] [Client Run/Thread] ] * load
[22:27:40] [NewConsole/Info] [Client Run/Thread] 启动窗体，加载程序
[22:27:40] [NewConsole/Info] [Client Run/Thread] loading[
[22:27:40] [NewConsole/Info] [Client Run/Thread] ] * loading









[22:58:10] [NewConsole/Info] [Client Run/Thread] 加载启动
[22:58:11] [NewConsole/Info] [Client Run/Thread] [Memory] 成功创建分配
[22:58:11] [NewConsole/Warn] [Client Run/Thread] [Menory] About creat memory
name LoadSmPro
Bytes(MB) 1024
[22:58:11] [NewConsole/Info] [Client Run/Thread] [Memory] 正在解析数据...请稍后
[22:58:11] [NewConsole/Info] [Client Run/Thread] [LC] 标签解析完毕，正在传递给内存中...
[22:58:11] [NewConsole/Info] [Client Run/Thread] 成功
[22:58:14] [NewConsole/Warn] [Client Run/Thread] 使用这个语言在加载时或完毕时 zh-cn
[22:58:14] [NewConsole/Warn] [Client Run/Thread]  [MakeArg] path mo to extr/mo
[22:58:14] [NewConsole/Warn] [Client Run/Thread]  [MakeArg] path sr to extr/sr
[22:58:14] [NewConsole/Warn] [Client Run/Thread]  [MakeArg] path cmd to extr/cmd
[22:58:14] [NewConsole/Warn] [Client Run/Thread]  [MakeArg] path cw to extr/cw
[22:58:14] [NewConsole/Warn] [Client Run/Thread]  [MakeArg] path client/HPC to extr/client/HPC
[22:58:14] [NewConsole/Warn] [Client Run/Thread]  [MakeArg] path cw to extr/cw
[22:58:15] [NewConsole/Info] [Client Run/Thread] load[
[22:58:15] [NewConsole/Info] [Client Run/Thread] ] * load
[22:58:15] [NewConsole/Info] [Client Run/Thread] load[
[22:58:15] [NewConsole/Info] [Client Run/Thread] ] * load
[22:58:15] [NewConsole/Info] [Client Run/Thread] 启动窗体，加载程序
[22:58:16] [NewConsole/Info] [Client Run/Thread] loading[
[22:58:16] [NewConsole/Info] [Client Run/Thread] ] * loading

