#Console Printf about side
#       Code Memory this...
#       WriteTime about (s)32
#
#Endl
[23:1:20] [NewConsole/Info] [Client Run/Thread] 加载启动
[23:1:21] [NewConsole/Info] [Client Run/Thread] [Memory] 成功创建分配
[23:1:21] [NewConsole/Warn] [Client Run/Thread] [Menory] About creat memory
name LoadSmPro
Bytes(MB) 1024
[23:1:21] [NewConsole/Info] [Client Run/Thread] [Memory] 正在解析数据...请稍后
[23:1:21] [NewConsole/Info] [Client Run/Thread] [LC] 标签解析完毕，正在传递给内存中...
[23:1:21] [NewConsole/Info] [Client Run/Thread] 成功
[23:1:24] [NewConsole/Warn] [Client Run/Thread] 使用这个语言在加载时或完毕时 zh-cn
[23:1:24] [NewConsole/Warn] [Client Run/Thread]  [MakeArg] path mo to extr/mo
[23:1:24] [NewConsole/Warn] [Client Run/Thread]  [MakeArg] path sr to extr/sr
[23:1:24] [NewConsole/Warn] [Client Run/Thread]  [MakeArg] path cmd to extr/cmd
[23:1:24] [NewConsole/Warn] [Client Run/Thread]  [MakeArg] path cw to extr/cw
[23:1:24] [NewConsole/Warn] [Client Run/Thread]  [MakeArg] path client/HPC to extr/client/HPC
[23:1:24] [NewConsole/Warn] [Client Run/Thread]  [MakeArg] path cw to extr/cw
[23:1:25] [NewConsole/Info] [Client Run/Thread] load[
[23:1:25] [NewConsole/Info] [Client Run/Thread] ] * load
[23:1:25] [NewConsole/Info] [Client Run/Thread] load[
[23:1:25] [NewConsole/Info] [Client Run/Thread] ] * load
[23:1:25] [NewConsole/Info] [Client Run/Thread] 启动窗体，加载程序
[23:1:25] [NewConsole/Info] [Client Run/Thread] loading[
[23:1:26] [NewConsole/Info] [Client Run/Thread] ] * loading
