#Console Printf about side
#       Code Memory this...
#       WriteTime about (s)7
#
#Endl
[21:42:55] [NewConsole/Info] [Client Run/Thread] 加载启动
[21:42:55] [NewConsole/Info] [Client Run/Thread] [Memory] 成功创建分配
[21:42:55] [NewConsole/Warn] [Client Run/Thread] [Menory] About creat memory
name LoadSmPro
Bytes(MB) 1024
[21:42:55] [NewConsole/Info] [Client Run/Thread] [Memory] 正在解析数据...请稍后
[21:42:55] [NewConsole/Info] [Client Run/Thread] [LC] 标签解析完毕，正在传递给内存中...
[21:42:55] [NewConsole/Info] [Client Run/Thread] 成功
[21:42:58] [NewConsole/Warn] [Client Run/Thread] 使用这个语言在加载时或完毕时 zh-cn
[21:42:58] [NewConsole/Warn] [Client Run/Thread]  [MakeArg] path mo to extr/mo
[21:42:58] [NewConsole/Warn] [Client Run/Thread]  [MakeArg] path sr to extr/sr
[21:42:58] [NewConsole/Warn] [Client Run/Thread]  [MakeArg] path cmd to extr/cmd
[21:42:58] [NewConsole/Warn] [Client Run/Thread]  [MakeArg] path cw to extr/cw
[21:42:58] [NewConsole/Warn] [Client Run/Thread]  [MakeArg] path client/HPC to extr/client/HPC
[21:42:58] [NewConsole/Warn] [Client Run/Thread]  [MakeArg] path cw to extr/cw
[21:42:59] [NewConsole/Info] [Client Run/Thread] load[
[21:42:59] [NewConsole/Info] [Client Run/Thread] ] * load
[21:42:59] [NewConsole/Info] [Client Run/Thread] load[
[21:42:59] [NewConsole/Info] [Client Run/Thread] ] * load
[21:42:59] [NewConsole/Info] [Client Run/Thread] 启动窗体，加载程序
[21:43:0] [NewConsole/Info] [Client Run/Thread] loading[
[21:43:0] [NewConsole/Info] [Client Run/Thread] ] * loading


[21:43:34] [NewConsole/Info] [/Thread] close[
[21:43:34] [NewConsole/Info] [/Thread] ] * close

