#Console Printf about side
#       Code Memory this...
#       WriteTime about (s)8
#
#Endl
[21:33:56] [NewConsole/Info] [Client Run/Thread] 加载启动
[21:33:56] [NewConsole/Info] [Client Run/Thread] [Memory] 成功创建分配
[21:33:56] [NewConsole/Warn] [Client Run/Thread] [Menory] About creat memory
name LoadSmPro
Bytes(MB) 1024
[21:33:56] [NewConsole/Info] [Client Run/Thread] [Memory] 正在解析数据...请稍后
[21:33:56] [NewConsole/Info] [Client Run/Thread] [LC] 标签解析完毕，正在传递给内存中...
[21:33:56] [NewConsole/Info] [Client Run/Thread] 成功
[21:33:59] [NewConsole/Warn] [Client Run/Thread] 使用这个语言在加载时或完毕时 zh-cn
[21:33:59] [NewConsole/Warn] [Client Run/Thread]  [MakeArg] path mo to extr/mo
[21:33:59] [NewConsole/Warn] [Client Run/Thread]  [MakeArg] path sr to extr/sr
[21:33:59] [NewConsole/Warn] [Client Run/Thread]  [MakeArg] path cmd to extr/cmd
[21:33:59] [NewConsole/Warn] [Client Run/Thread]  [MakeArg] path cw to extr/cw
[21:33:59] [NewConsole/Warn] [Client Run/Thread]  [MakeArg] path client/HPC to extr/client/HPC
[21:33:59] [NewConsole/Warn] [Client Run/Thread]  [MakeArg] path cw to extr/cw
[21:34:0] [NewConsole/Info] [Client Run/Thread] load[
[21:34:0] [NewConsole/Info] [Client Run/Thread] ] * load
[21:34:0] [NewConsole/Info] [Client Run/Thread] load[
[21:34:0] [NewConsole/Info] [Client Run/Thread] ] * load
[21:34:0] [NewConsole/Info] [Client Run/Thread] 启动窗体，加载程序
[21:34:1] [NewConsole/Info] [Client Run/Thread] loading[
[21:34:1] [NewConsole/Info] [Client Run/Thread] ] * loading

[21:39:30] [NewConsole/Info] [Client Run/Thread] 加载启动
[21:39:30] [NewConsole/Info] [Client Run/Thread] [Memory] 成功创建分配
[21:39:30] [NewConsole/Warn] [Client Run/Thread] [Menory] About creat memory
name LoadSmPro
Bytes(MB) 1024
[21:39:30] [NewConsole/Info] [Client Run/Thread] [Memory] 正在解析数据...请稍后
[21:39:30] [NewConsole/Info] [Client Run/Thread] [LC] 标签解析完毕，正在传递给内存中...
[21:39:30] [NewConsole/Info] [Client Run/Thread] 成功
[21:39:34] [NewConsole/Warn] [Client Run/Thread] 使用这个语言在加载时或完毕时 zh-cn
[21:39:34] [NewConsole/Warn] [Client Run/Thread]  [MakeArg] path mo to extr/mo
[21:39:34] [NewConsole/Warn] [Client Run/Thread]  [MakeArg] path sr to extr/sr
[21:39:34] [NewConsole/Warn] [Client Run/Thread]  [MakeArg] path cmd to extr/cmd
[21:39:34] [NewConsole/Warn] [Client Run/Thread]  [MakeArg] path cw to extr/cw
[21:39:34] [NewConsole/Warn] [Client Run/Thread]  [MakeArg] path client/HPC to extr/client/HPC
[21:39:34] [NewConsole/Warn] [Client Run/Thread]  [MakeArg] path cw to extr/cw
[21:39:35] [NewConsole/Info] [Client Run/Thread] load[
[21:39:35] [NewConsole/Info] [Client Run/Thread] ] * load
[21:39:35] [NewConsole/Info] [Client Run/Thread] load[
[21:39:35] [NewConsole/Info] [Client Run/Thread] ] * load
[21:39:35] [NewConsole/Info] [Client Run/Thread] 启动窗体，加载程序
[21:39:35] [NewConsole/Info] [Client Run/Thread] loading[
[21:39:35] [NewConsole/Info] [Client Run/Thread] ] * loading



[21:54:28] [NewConsole/Info] [Client Run/Thread] 加载启动
[21:54:28] [NewConsole/Info] [Client Run/Thread] [Memory] 成功创建分配
[21:54:28] [NewConsole/Warn] [Client Run/Thread] [Menory] About creat memory
name LoadSmPro
Bytes(MB) 1024
[21:54:28] [NewConsole/Info] [Client Run/Thread] [Memory] 正在解析数据...请稍后
[21:54:28] [NewConsole/Info] [Client Run/Thread] [LC] 标签解析完毕，正在传递给内存中...
[21:54:28] [NewConsole/Info] [Client Run/Thread] 成功
[21:54:31] [NewConsole/Warn] [Client Run/Thread] 使用这个语言在加载时或完毕时 zh-cn
[21:54:31] [NewConsole/Warn] [Client Run/Thread]  [MakeArg] path mo to extr/mo
[21:54:31] [NewConsole/Warn] [Client Run/Thread]  [MakeArg] path sr to extr/sr
[21:54:31] [NewConsole/Warn] [Client Run/Thread]  [MakeArg] path cmd to extr/cmd
[21:54:31] [NewConsole/Warn] [Client Run/Thread]  [MakeArg] path cw to extr/cw
[21:54:31] [NewConsole/Warn] [Client Run/Thread]  [MakeArg] path client/HPC to extr/client/HPC
[21:54:31] [NewConsole/Warn] [Client Run/Thread]  [MakeArg] path cw to extr/cw
[21:54:32] [NewConsole/Info] [Client Run/Thread] load[
[21:54:32] [NewConsole/Info] [Client Run/Thread] ] * load
[21:54:32] [NewConsole/Info] [Client Run/Thread] load[
[21:54:32] [NewConsole/Info] [Client Run/Thread] ] * load
[21:54:32] [NewConsole/Info] [Client Run/Thread] 启动窗体，加载程序
[21:54:33] [NewConsole/Info] [Client Run/Thread] loading[
[21:54:33] [NewConsole/Info] [Client Run/Thread] ] * loading




